Running job number  55
Start  55
End  56
outcome: 130656-0.0
Number of features: 5
0 Current Time = 01:33:37
10 Current Time = 01:34:09
20 Current Time = 01:34:40
30 Current Time = 01:35:10
40 Current Time = 01:35:40
50 Current Time = 01:36:11
60 Current Time = 01:36:42
70 Current Time = 01:37:13
80 Current Time = 01:37:43
90 Current Time = 01:38:13
Number of features: 50
0 Current Time = 01:38:45
10 Current Time = 01:40:34
20 Current Time = 01:42:26
30 Current Time = 01:44:18
40 Current Time = 01:46:07
50 Current Time = 01:47:57
60 Current Time = 01:49:49
70 Current Time = 01:51:40
80 Current Time = 01:53:32
90 Current Time = 01:55:22
Number of features: 100
0 Current Time = 01:57:15
10 Current Time = 02:00:41
20 Current Time = 02:04:10
30 Current Time = 02:07:43
40 Current Time = 02:11:13
50 Current Time = 02:14:44
60 Current Time = 02:18:11
70 Current Time = 02:21:44
80 Current Time = 02:25:10
90 Current Time = 02:28:45
Number of features: 500
0 Current Time = 02:32:18
10 Current Time = 02:51:34
20 Current Time = 03:10:22
30 Current Time = 03:29:35
40 Current Time = 03:48:35
50 Current Time = 04:07:40
60 Current Time = 04:27:05
70 Current Time = 04:46:33
80 Current Time = 05:05:35
90 Current Time = 05:24:30
Number of features: 1000
0 Current Time = 05:43:42
10 Current Time = 06:23:23
20 Current Time = 07:03:06
30 Current Time = 07:43:15
40 Current Time = 08:22:25
50 Current Time = 09:01:58
60 Current Time = 09:41:59
70 Current Time = 10:22:13
80 Current Time = 11:02:22
90 Current Time = 11:41:59
Number of features: 2923
Analyses complete. Current Time = 12:30:03
Results saved. All done. Current Time = 12:30:04
