Running job number  429
Start  429
End  430
outcome: 131824-0.0
Number of features: 5
0 Current Time = 02:24:11
10 Current Time = 02:24:53
20 Current Time = 02:25:36
30 Current Time = 02:26:15
40 Current Time = 02:26:55
50 Current Time = 02:27:35
60 Current Time = 02:28:15
70 Current Time = 02:28:55
80 Current Time = 02:29:35
90 Current Time = 02:30:15
Number of features: 50
0 Current Time = 02:30:55
10 Current Time = 02:33:25
20 Current Time = 02:35:54
30 Current Time = 02:38:24
40 Current Time = 02:40:52
50 Current Time = 02:43:20
60 Current Time = 02:45:36
70 Current Time = 02:47:53
80 Current Time = 02:50:07
90 Current Time = 02:52:23
Number of features: 100
0 Current Time = 02:54:40
10 Current Time = 02:59:29
20 Current Time = 03:04:17
30 Current Time = 03:09:05
40 Current Time = 03:13:52
50 Current Time = 03:18:40
60 Current Time = 03:23:29
70 Current Time = 03:28:15
80 Current Time = 03:32:59
90 Current Time = 03:37:46
Number of features: 500
0 Current Time = 03:42:32
10 Current Time = 04:07:17
20 Current Time = 04:32:10
30 Current Time = 04:56:57
40 Current Time = 05:21:53
50 Current Time = 05:46:53
60 Current Time = 06:12:51
70 Current Time = 06:37:48
80 Current Time = 07:02:47
90 Current Time = 07:27:46
Number of features: 1000
0 Current Time = 07:52:41
10 Current Time = 08:49:29
20 Current Time = 09:46:08
