Running job number  15
Start  15
End  16
outcome: 130148-0.0
Number of features: 5
0 Current Time = 01:32:28
10 Current Time = 01:32:56
20 Current Time = 01:33:24
30 Current Time = 01:33:52
40 Current Time = 01:34:21
50 Current Time = 01:34:49
60 Current Time = 01:35:17
70 Current Time = 01:35:46
80 Current Time = 01:36:14
90 Current Time = 01:36:42
Number of features: 50
0 Current Time = 01:37:10
10 Current Time = 01:38:52
20 Current Time = 01:40:34
30 Current Time = 01:42:14
40 Current Time = 01:43:56
50 Current Time = 01:45:37
60 Current Time = 01:47:18
70 Current Time = 01:49:00
80 Current Time = 01:50:40
90 Current Time = 01:52:21
Number of features: 100
0 Current Time = 01:54:01
10 Current Time = 01:57:23
20 Current Time = 02:00:42
30 Current Time = 02:04:02
40 Current Time = 02:07:23
50 Current Time = 02:10:41
60 Current Time = 02:14:00
70 Current Time = 02:17:21
80 Current Time = 02:20:41
90 Current Time = 02:23:59
Number of features: 500
0 Current Time = 02:27:21
10 Current Time = 02:47:26
20 Current Time = 03:06:00
30 Current Time = 03:24:09
40 Current Time = 03:42:09
50 Current Time = 04:00:12
60 Current Time = 04:18:17
70 Current Time = 04:36:17
80 Current Time = 04:54:17
90 Current Time = 05:12:21
Number of features: 1000
0 Current Time = 05:30:22
10 Current Time = 06:10:30
20 Current Time = 06:48:11
30 Current Time = 07:25:36
40 Current Time = 08:02:55
50 Current Time = 08:40:22
60 Current Time = 09:17:42
70 Current Time = 09:55:16
80 Current Time = 10:32:40
90 Current Time = 11:10:06
Number of features: 2923
Analyses complete. Current Time = 11:59:30
Results saved. All done. Current Time = 11:59:31
