Running job number  275
Start  275
End  276
outcome: 131404-0.0
Number of features: 5
0 Current Time = 01:53:26
10 Current Time = 01:54:04
20 Current Time = 01:54:42
30 Current Time = 01:55:19
40 Current Time = 01:55:57
50 Current Time = 01:56:34
60 Current Time = 01:57:12
70 Current Time = 01:57:50
80 Current Time = 01:58:27
90 Current Time = 01:59:04
Number of features: 50
0 Current Time = 01:59:40
10 Current Time = 02:01:53
20 Current Time = 02:04:03
30 Current Time = 02:06:14
40 Current Time = 02:08:19
50 Current Time = 02:10:30
60 Current Time = 02:12:43
70 Current Time = 02:14:57
80 Current Time = 02:17:09
90 Current Time = 02:19:19
Number of features: 100
0 Current Time = 02:21:33
10 Current Time = 02:25:42
20 Current Time = 02:30:01
30 Current Time = 02:34:18
40 Current Time = 02:38:26
50 Current Time = 02:42:37
60 Current Time = 02:46:54
70 Current Time = 02:51:48
80 Current Time = 02:56:46
90 Current Time = 03:01:31
Number of features: 500
0 Current Time = 03:06:08
10 Current Time = 03:31:01
20 Current Time = 03:56:00
30 Current Time = 04:20:42
40 Current Time = 04:46:04
50 Current Time = 05:10:25
60 Current Time = 05:35:00
70 Current Time = 05:59:42
80 Current Time = 06:23:37
90 Current Time = 06:47:58
Number of features: 1000
0 Current Time = 07:12:34
10 Current Time = 08:03:52
20 Current Time = 08:54:28
30 Current Time = 09:47:22
40 Current Time = 10:40:13
50 Current Time = 11:34:52
60 Current Time = 12:30:53
70 Current Time = 13:26:43
80 Current Time = 14:22:23
90 Current Time = 15:18:38
Number of features: 2923
Analyses complete. Current Time = 16:30:20
Results saved. All done. Current Time = 16:30:21
