Running job number  21
Start  21
End  22
outcome: 130188-0.0
Number of features: 5
0 Current Time = 01:32:36
10 Current Time = 01:33:18
20 Current Time = 01:33:58
30 Current Time = 01:34:37
40 Current Time = 01:35:17
50 Current Time = 01:35:57
60 Current Time = 01:36:37
70 Current Time = 01:37:17
80 Current Time = 01:37:57
90 Current Time = 01:38:37
Number of features: 50
0 Current Time = 01:39:18
10 Current Time = 01:41:45
20 Current Time = 01:44:12
30 Current Time = 01:46:39
40 Current Time = 01:49:03
50 Current Time = 01:51:29
60 Current Time = 01:53:55
70 Current Time = 01:56:18
80 Current Time = 01:58:46
90 Current Time = 02:01:13
Number of features: 100
0 Current Time = 02:03:38
10 Current Time = 02:08:36
20 Current Time = 02:13:20
30 Current Time = 02:17:57
40 Current Time = 02:22:40
50 Current Time = 02:27:23
60 Current Time = 02:31:59
70 Current Time = 02:36:40
80 Current Time = 02:41:13
90 Current Time = 02:45:48
Number of features: 500
0 Current Time = 02:50:25
10 Current Time = 03:14:43
20 Current Time = 03:38:42
30 Current Time = 04:03:09
40 Current Time = 04:27:43
50 Current Time = 04:53:05
60 Current Time = 05:18:08
70 Current Time = 05:43:27
80 Current Time = 06:08:37
90 Current Time = 06:33:17
Number of features: 1000
0 Current Time = 06:57:53
10 Current Time = 07:53:13
20 Current Time = 08:48:38
30 Current Time = 09:43:47
40 Current Time = 10:39:06
50 Current Time = 11:34:52
60 Current Time = 12:29:46
70 Current Time = 13:25:11
80 Current Time = 14:20:00
90 Current Time = 15:12:21
Number of features: 2923
Analyses complete. Current Time = 16:06:56
Results saved. All done. Current Time = 16:06:57
