Running job number  18
Start  18
End  19
outcome: 130178-0.0
Number of features: 5
0 Current Time = 23:04:57
10 Current Time = 23:05:42
20 Current Time = 23:06:27
30 Current Time = 23:07:11
40 Current Time = 23:07:56
50 Current Time = 23:08:39
60 Current Time = 23:09:24
70 Current Time = 23:10:07
80 Current Time = 23:10:51
90 Current Time = 23:11:36
Number of features: 50
0 Current Time = 23:12:21
10 Current Time = 23:14:50
20 Current Time = 23:17:25
30 Current Time = 23:19:57
40 Current Time = 23:22:33
50 Current Time = 23:25:07
60 Current Time = 23:27:40
70 Current Time = 23:30:09
80 Current Time = 23:32:37
90 Current Time = 23:35:07
Number of features: 100
0 Current Time = 23:37:41
10 Current Time = 23:42:43
20 Current Time = 23:47:54
30 Current Time = 23:53:10
40 Current Time = 23:58:22
50 Current Time = 00:03:39
60 Current Time = 00:09:02
70 Current Time = 00:14:24
80 Current Time = 00:19:50
90 Current Time = 00:25:17
Number of features: 500
0 Current Time = 00:30:38
10 Current Time = 00:57:22
20 Current Time = 01:21:08
30 Current Time = 01:44:26
40 Current Time = 02:09:44
50 Current Time = 02:35:07
60 Current Time = 03:00:18
70 Current Time = 03:25:09
80 Current Time = 03:49:45
90 Current Time = 04:15:17
Number of features: 1000
0 Current Time = 04:39:38
