Running job number  495
Start  495
End  496
outcome: 131994-0.0
Number of features: 5
0 Current Time = 02:33:44
10 Current Time = 02:34:18
20 Current Time = 02:34:52
30 Current Time = 02:35:26
40 Current Time = 02:36:00
50 Current Time = 02:36:34
60 Current Time = 02:37:07
70 Current Time = 02:37:41
80 Current Time = 02:38:15
90 Current Time = 02:38:49
Number of features: 50
0 Current Time = 02:39:23
10 Current Time = 02:41:35
20 Current Time = 02:43:47
30 Current Time = 02:45:59
40 Current Time = 02:48:09
50 Current Time = 02:50:17
60 Current Time = 02:52:19
70 Current Time = 02:54:25
80 Current Time = 02:56:30
90 Current Time = 02:58:33
Number of features: 100
0 Current Time = 03:00:39
10 Current Time = 03:04:52
20 Current Time = 03:09:06
30 Current Time = 03:13:22
40 Current Time = 03:17:40
50 Current Time = 03:21:55
60 Current Time = 03:26:06
70 Current Time = 03:30:11
80 Current Time = 03:34:20
90 Current Time = 03:38:33
Number of features: 500
0 Current Time = 03:42:46
10 Current Time = 04:04:18
20 Current Time = 04:25:45
30 Current Time = 04:47:09
40 Current Time = 05:08:17
50 Current Time = 05:29:44
60 Current Time = 05:51:05
70 Current Time = 06:12:18
80 Current Time = 06:33:35
90 Current Time = 06:54:48
Number of features: 1000
0 Current Time = 07:16:16
10 Current Time = 07:59:54
20 Current Time = 08:44:08
30 Current Time = 09:28:37
