Running job number  263
Start  263
End  264
outcome: 131374-0.0
Number of features: 5
0 Current Time = 01:25:48
10 Current Time = 01:26:38
20 Current Time = 01:27:27
30 Current Time = 01:28:17
40 Current Time = 01:29:06
50 Current Time = 01:29:56
60 Current Time = 01:30:46
70 Current Time = 01:31:36
80 Current Time = 01:32:28
90 Current Time = 01:33:17
Number of features: 50
0 Current Time = 01:34:07
10 Current Time = 01:36:58
20 Current Time = 01:39:50
30 Current Time = 01:42:38
40 Current Time = 01:45:28
50 Current Time = 01:48:15
60 Current Time = 01:51:05
70 Current Time = 01:53:53
80 Current Time = 01:56:46
90 Current Time = 01:59:37
Number of features: 100
0 Current Time = 02:02:30
10 Current Time = 02:08:09
20 Current Time = 02:13:46
30 Current Time = 02:19:14
40 Current Time = 02:24:41
50 Current Time = 02:29:57
60 Current Time = 02:35:23
70 Current Time = 02:40:56
80 Current Time = 02:46:33
90 Current Time = 02:52:11
Number of features: 500
0 Current Time = 02:57:48
10 Current Time = 03:26:37
20 Current Time = 03:55:13
30 Current Time = 04:23:33
40 Current Time = 04:52:06
50 Current Time = 05:20:34
60 Current Time = 05:49:08
70 Current Time = 06:17:24
80 Current Time = 06:45:17
90 Current Time = 07:12:34
Number of features: 1000
0 Current Time = 07:38:40
10 Current Time = 08:30:52
20 Current Time = 09:22:23
