Running job number  31
Start  31
End  32
outcome: 130224-0.0
Number of features: 5
0 Current Time = 23:05:05
10 Current Time = 23:05:45
20 Current Time = 23:06:25
30 Current Time = 23:07:04
40 Current Time = 23:07:44
50 Current Time = 23:08:24
60 Current Time = 23:09:04
70 Current Time = 23:09:44
80 Current Time = 23:10:22
90 Current Time = 23:11:01
Number of features: 50
0 Current Time = 23:11:40
10 Current Time = 23:14:18
20 Current Time = 23:16:53
30 Current Time = 23:19:31
40 Current Time = 23:22:03
50 Current Time = 23:24:36
60 Current Time = 23:27:00
70 Current Time = 23:29:26
80 Current Time = 23:31:46
90 Current Time = 23:34:00
Number of features: 100
0 Current Time = 23:36:14
10 Current Time = 23:41:19
20 Current Time = 23:45:50
30 Current Time = 23:50:17
40 Current Time = 23:54:58
50 Current Time = 23:59:48
60 Current Time = 00:04:28
70 Current Time = 00:09:12
80 Current Time = 00:13:51
90 Current Time = 00:18:41
Number of features: 500
0 Current Time = 00:23:22
10 Current Time = 00:47:48
20 Current Time = 01:11:40
30 Current Time = 01:35:30
40 Current Time = 01:59:29
50 Current Time = 02:23:11
60 Current Time = 02:47:05
70 Current Time = 03:10:52
80 Current Time = 03:34:43
90 Current Time = 03:58:14
Number of features: 1000
0 Current Time = 04:23:05
