Running job number  281
Start  281
End  282
outcome: 131420-0.0
Number of features: 5
0 Current Time = 01:54:51
10 Current Time = 01:55:29
20 Current Time = 01:56:06
30 Current Time = 01:56:43
40 Current Time = 01:57:19
50 Current Time = 01:57:56
60 Current Time = 01:58:33
70 Current Time = 01:59:11
80 Current Time = 01:59:48
90 Current Time = 02:00:24
Number of features: 50
0 Current Time = 02:01:00
10 Current Time = 02:03:31
20 Current Time = 02:06:02
30 Current Time = 02:08:30
40 Current Time = 02:10:59
50 Current Time = 02:13:24
60 Current Time = 02:15:49
70 Current Time = 02:18:15
80 Current Time = 02:20:39
90 Current Time = 02:23:04
Number of features: 100
0 Current Time = 02:25:31
10 Current Time = 02:30:15
20 Current Time = 02:35:04
30 Current Time = 02:39:40
40 Current Time = 02:44:23
50 Current Time = 02:49:06
60 Current Time = 02:53:55
70 Current Time = 02:58:42
80 Current Time = 03:03:26
90 Current Time = 03:08:03
Number of features: 500
0 Current Time = 03:12:43
10 Current Time = 03:37:01
20 Current Time = 04:00:59
30 Current Time = 04:24:35
40 Current Time = 04:48:40
50 Current Time = 05:12:07
60 Current Time = 05:35:38
70 Current Time = 05:59:15
80 Current Time = 06:22:59
90 Current Time = 06:46:34
Number of features: 1000
0 Current Time = 07:11:00
10 Current Time = 08:02:36
20 Current Time = 08:53:31
30 Current Time = 09:44:24
40 Current Time = 10:35:20
50 Current Time = 11:25:39
60 Current Time = 12:13:53
70 Current Time = 13:07:34
80 Current Time = 14:06:16
90 Current Time = 15:01:15
Number of features: 2923
Analyses complete. Current Time = 16:14:49
Results saved. All done. Current Time = 16:14:50
