Running job number  528
Start  528
End  529
outcome: 132088-0.0
Number of features: 5
0 Current Time = 02:38:28
10 Current Time = 02:39:14
20 Current Time = 02:39:57
30 Current Time = 02:40:38
40 Current Time = 02:41:25
50 Current Time = 02:42:11
60 Current Time = 02:42:54
70 Current Time = 02:43:38
80 Current Time = 02:44:24
90 Current Time = 02:45:07
Number of features: 50
0 Current Time = 02:45:52
10 Current Time = 02:49:24
20 Current Time = 02:52:53
30 Current Time = 02:56:13
40 Current Time = 02:59:47
50 Current Time = 03:03:23
60 Current Time = 03:06:57
70 Current Time = 03:10:33
80 Current Time = 03:14:06
90 Current Time = 03:17:26
Number of features: 100
0 Current Time = 03:20:56
10 Current Time = 03:28:04
20 Current Time = 03:34:49
30 Current Time = 03:41:49
40 Current Time = 03:48:40
50 Current Time = 03:55:32
60 Current Time = 04:02:14
70 Current Time = 04:09:08
80 Current Time = 04:16:00
90 Current Time = 04:22:33
Number of features: 500
0 Current Time = 04:29:15
10 Current Time = 05:01:08
20 Current Time = 05:30:01
30 Current Time = 05:59:19
40 Current Time = 06:28:15
50 Current Time = 06:56:25
60 Current Time = 07:24:13
70 Current Time = 07:51:32
80 Current Time = 08:18:49
90 Current Time = 08:46:34
Number of features: 1000
0 Current Time = 09:14:17
10 Current Time = 10:10:08
