Running job number  102
Start  102
End  103
outcome: 130848-0.0
Number of features: 5
0 Current Time = 01:47:41
10 Current Time = 01:48:15
20 Current Time = 01:48:49
30 Current Time = 01:49:23
40 Current Time = 01:49:59
50 Current Time = 01:50:34
60 Current Time = 01:51:08
70 Current Time = 01:51:44
80 Current Time = 01:52:18
90 Current Time = 01:52:53
Number of features: 50
0 Current Time = 01:53:26
10 Current Time = 01:55:19
20 Current Time = 01:57:15
30 Current Time = 01:59:12
40 Current Time = 02:01:08
50 Current Time = 02:03:05
60 Current Time = 02:05:03
70 Current Time = 02:06:59
80 Current Time = 02:08:56
90 Current Time = 02:10:53
Number of features: 100
0 Current Time = 02:12:50
10 Current Time = 02:16:25
20 Current Time = 02:20:03
30 Current Time = 02:23:41
40 Current Time = 02:27:21
50 Current Time = 02:31:00
60 Current Time = 02:34:39
70 Current Time = 02:38:21
80 Current Time = 02:42:02
90 Current Time = 02:45:43
Number of features: 500
0 Current Time = 02:49:26
10 Current Time = 03:08:25
20 Current Time = 03:28:13
30 Current Time = 03:47:47
40 Current Time = 04:07:24
50 Current Time = 04:27:05
60 Current Time = 04:46:43
70 Current Time = 05:06:16
80 Current Time = 05:25:55
90 Current Time = 05:45:30
Number of features: 1000
0 Current Time = 06:05:06
10 Current Time = 06:44:59
20 Current Time = 07:25:04
30 Current Time = 08:05:27
40 Current Time = 08:45:24
50 Current Time = 09:25:19
60 Current Time = 10:05:40
70 Current Time = 10:45:36
80 Current Time = 11:27:01
90 Current Time = 12:08:24
Number of features: 2923
Analyses complete. Current Time = 13:04:10
Results saved. All done. Current Time = 13:04:10
