Running job number  284
Start  284
End  285
outcome: 131426-0.0
Number of features: 5
0 Current Time = 01:37:50
10 Current Time = 01:38:46
20 Current Time = 01:39:41
30 Current Time = 01:40:36
40 Current Time = 01:41:33
50 Current Time = 01:42:28
60 Current Time = 01:43:21
70 Current Time = 01:44:16
80 Current Time = 01:45:11
90 Current Time = 01:46:04
Number of features: 50
0 Current Time = 01:46:59
10 Current Time = 01:50:26
20 Current Time = 01:53:54
30 Current Time = 01:57:17
40 Current Time = 02:00:34
50 Current Time = 02:03:55
60 Current Time = 02:07:06
70 Current Time = 02:10:28
80 Current Time = 02:13:53
90 Current Time = 02:17:13
Number of features: 100
0 Current Time = 02:20:23
10 Current Time = 02:27:14
20 Current Time = 02:33:58
30 Current Time = 02:40:30
40 Current Time = 02:47:11
50 Current Time = 02:53:35
60 Current Time = 03:00:01
70 Current Time = 03:06:30
80 Current Time = 03:13:05
90 Current Time = 03:19:40
Number of features: 500
0 Current Time = 03:26:10
10 Current Time = 03:58:09
20 Current Time = 04:29:26
30 Current Time = 04:58:40
40 Current Time = 05:28:01
50 Current Time = 05:57:18
60 Current Time = 06:24:45
70 Current Time = 06:51:39
80 Current Time = 07:18:38
90 Current Time = 07:45:41
Number of features: 1000
0 Current Time = 08:12:07
10 Current Time = 09:08:52
20 Current Time = 10:05:13
