Running job number  114
Start  114
End  115
outcome: 130898-0.0
Number of features: 5
0 Current Time = 21:33:01
10 Current Time = 21:33:32
20 Current Time = 21:34:01
30 Current Time = 21:34:31
40 Current Time = 21:35:01
50 Current Time = 21:35:31
60 Current Time = 21:36:00
70 Current Time = 21:36:31
80 Current Time = 21:37:00
90 Current Time = 21:37:30
Number of features: 50
0 Current Time = 21:38:00
10 Current Time = 21:39:48
20 Current Time = 21:41:34
30 Current Time = 21:43:20
40 Current Time = 21:45:06
50 Current Time = 21:46:52
60 Current Time = 21:48:37
70 Current Time = 21:50:23
80 Current Time = 21:52:11
90 Current Time = 21:53:56
Number of features: 100
0 Current Time = 21:55:44
10 Current Time = 21:59:34
20 Current Time = 22:03:21
30 Current Time = 22:07:13
40 Current Time = 22:11:01
50 Current Time = 22:14:52
60 Current Time = 22:18:41
70 Current Time = 22:22:32
80 Current Time = 22:26:14
90 Current Time = 22:29:46
Number of features: 500
0 Current Time = 22:33:14
10 Current Time = 22:53:48
20 Current Time = 23:11:34
30 Current Time = 23:29:58
40 Current Time = 23:47:56
50 Current Time = 00:05:58
60 Current Time = 00:24:04
70 Current Time = 00:42:22
80 Current Time = 01:00:40
90 Current Time = 01:18:53
Number of features: 1000
0 Current Time = 01:37:18
10 Current Time = 02:15:43
20 Current Time = 02:53:55
30 Current Time = 03:32:29
40 Current Time = 04:09:38
50 Current Time = 04:45:19
60 Current Time = 05:21:58
70 Current Time = 05:58:44
80 Current Time = 06:35:37
90 Current Time = 07:12:08
Number of features: 2923
Analyses complete. Current Time = 07:59:04
Results saved. All done. Current Time = 07:59:05
