Running job number  189
Start  189
End  190
outcome: 131168-0.0
Number of features: 5
0 Current Time = 01:49:00
10 Current Time = 01:49:32
20 Current Time = 01:50:04
30 Current Time = 01:50:36
40 Current Time = 01:51:08
50 Current Time = 01:51:40
60 Current Time = 01:52:12
70 Current Time = 01:52:43
80 Current Time = 01:53:16
90 Current Time = 01:53:48
Number of features: 50
0 Current Time = 01:54:19
10 Current Time = 01:56:18
20 Current Time = 01:58:13
30 Current Time = 02:00:10
40 Current Time = 02:02:10
50 Current Time = 02:04:10
60 Current Time = 02:06:09
70 Current Time = 02:08:08
80 Current Time = 02:10:07
90 Current Time = 02:12:06
Number of features: 100
0 Current Time = 02:14:06
10 Current Time = 02:18:14
20 Current Time = 02:22:38
30 Current Time = 02:27:08
40 Current Time = 02:31:39
50 Current Time = 02:36:10
60 Current Time = 02:40:45
70 Current Time = 02:45:17
80 Current Time = 02:49:49
90 Current Time = 02:54:22
Number of features: 500
0 Current Time = 02:58:58
10 Current Time = 03:25:01
20 Current Time = 03:54:05
30 Current Time = 04:23:36
40 Current Time = 04:53:24
50 Current Time = 05:22:05
60 Current Time = 05:49:15
70 Current Time = 06:14:44
80 Current Time = 06:39:37
90 Current Time = 07:04:48
Number of features: 1000
0 Current Time = 07:31:04
10 Current Time = 08:32:35
20 Current Time = 09:37:25
30 Current Time = 10:45:40
40 Current Time = 11:43:00
50 Current Time = 12:52:52
60 Current Time = 13:38:15
70 Current Time = 14:23:14
80 Current Time = 15:09:07
90 Current Time = 15:54:24
Number of features: 2923
Analyses complete. Current Time = 16:52:51
Results saved. All done. Current Time = 16:52:52
