Running job number  157
Start  157
End  158
outcome: 131082-0.0
Number of features: 5
0 Current Time = 23:12:41
10 Current Time = 23:13:13
20 Current Time = 23:13:45
30 Current Time = 23:14:18
40 Current Time = 23:14:51
50 Current Time = 23:15:23
60 Current Time = 23:15:55
70 Current Time = 23:16:28
80 Current Time = 23:17:01
90 Current Time = 23:17:34
Number of features: 50
0 Current Time = 23:18:06
10 Current Time = 23:20:13
20 Current Time = 23:22:19
30 Current Time = 23:24:26
40 Current Time = 23:26:33
50 Current Time = 23:28:41
60 Current Time = 23:30:49
70 Current Time = 23:32:59
80 Current Time = 23:35:09
90 Current Time = 23:37:20
Number of features: 100
0 Current Time = 23:39:32
10 Current Time = 23:43:52
20 Current Time = 23:48:02
30 Current Time = 23:52:15
40 Current Time = 23:56:29
50 Current Time = 00:00:42
60 Current Time = 00:05:01
70 Current Time = 00:09:15
80 Current Time = 00:13:27
90 Current Time = 00:17:36
Number of features: 500
0 Current Time = 00:21:42
10 Current Time = 00:42:58
20 Current Time = 01:04:31
30 Current Time = 01:25:59
40 Current Time = 01:47:45
50 Current Time = 02:09:34
60 Current Time = 02:31:23
70 Current Time = 02:53:09
80 Current Time = 03:14:57
90 Current Time = 03:36:49
Number of features: 1000
0 Current Time = 03:58:31
10 Current Time = 04:44:01
