Running job number  261
Start  261
End  262
outcome: 131368-0.0
Number of features: 5
0 Current Time = 01:23:46
10 Current Time = 01:24:29
20 Current Time = 01:25:12
30 Current Time = 01:25:55
40 Current Time = 01:26:40
50 Current Time = 01:27:25
60 Current Time = 01:28:08
70 Current Time = 01:28:51
80 Current Time = 01:29:34
90 Current Time = 01:30:16
Number of features: 50
0 Current Time = 01:31:00
10 Current Time = 01:33:38
20 Current Time = 01:36:14
30 Current Time = 01:38:50
40 Current Time = 01:41:24
50 Current Time = 01:44:04
60 Current Time = 01:46:40
70 Current Time = 01:49:20
80 Current Time = 01:51:54
90 Current Time = 01:54:34
Number of features: 100
0 Current Time = 01:57:11
10 Current Time = 02:02:08
20 Current Time = 02:07:02
30 Current Time = 02:11:57
40 Current Time = 02:16:49
50 Current Time = 02:21:51
60 Current Time = 02:26:45
70 Current Time = 02:31:48
80 Current Time = 02:36:46
90 Current Time = 02:41:45
Number of features: 500
0 Current Time = 02:46:48
10 Current Time = 03:12:19
20 Current Time = 03:37:54
30 Current Time = 04:03:26
40 Current Time = 04:29:11
50 Current Time = 04:55:09
60 Current Time = 05:21:07
70 Current Time = 05:46:43
80 Current Time = 06:12:30
90 Current Time = 06:38:08
Number of features: 1000
0 Current Time = 07:04:06
10 Current Time = 07:56:59
20 Current Time = 08:49:21
30 Current Time = 09:41:34
