Running job number  61
Start  61
End  62
outcome: 130676-0.0
Number of features: 5
0 Current Time = 01:33:24
10 Current Time = 01:33:52
20 Current Time = 01:34:21
30 Current Time = 01:34:50
40 Current Time = 01:35:19
50 Current Time = 01:35:47
60 Current Time = 01:36:16
70 Current Time = 01:36:45
80 Current Time = 01:37:13
90 Current Time = 01:37:41
Number of features: 50
0 Current Time = 01:38:10
10 Current Time = 01:39:53
20 Current Time = 01:41:37
30 Current Time = 01:43:20
40 Current Time = 01:45:05
50 Current Time = 01:46:49
60 Current Time = 01:48:34
70 Current Time = 01:50:19
80 Current Time = 01:52:03
90 Current Time = 01:53:47
Number of features: 100
0 Current Time = 01:55:31
10 Current Time = 01:58:57
20 Current Time = 02:02:49
30 Current Time = 02:06:42
40 Current Time = 02:10:35
50 Current Time = 02:14:28
60 Current Time = 02:18:24
70 Current Time = 02:22:18
80 Current Time = 02:26:13
90 Current Time = 02:29:45
Number of features: 500
0 Current Time = 02:33:13
10 Current Time = 02:52:24
20 Current Time = 03:10:38
30 Current Time = 03:28:33
40 Current Time = 03:46:18
50 Current Time = 04:04:34
60 Current Time = 04:22:46
70 Current Time = 04:41:05
80 Current Time = 04:59:15
90 Current Time = 05:17:29
Number of features: 1000
0 Current Time = 05:35:43
10 Current Time = 06:13:36
20 Current Time = 06:51:08
30 Current Time = 07:29:28
40 Current Time = 08:07:50
50 Current Time = 08:46:22
60 Current Time = 09:24:50
70 Current Time = 10:03:08
80 Current Time = 10:41:34
90 Current Time = 11:19:36
Number of features: 2923
Analyses complete. Current Time = 12:08:56
Results saved. All done. Current Time = 12:08:57
