Running job number  450
Start  450
End  451
outcome: 131880-0.0
Number of features: 5
0 Current Time = 02:32:29
10 Current Time = 02:33:09
20 Current Time = 02:33:48
30 Current Time = 02:34:28
40 Current Time = 02:35:07
50 Current Time = 02:35:46
60 Current Time = 02:36:24
70 Current Time = 02:37:02
80 Current Time = 02:37:40
90 Current Time = 02:38:19
Number of features: 50
0 Current Time = 02:38:57
10 Current Time = 02:41:29
20 Current Time = 02:43:56
30 Current Time = 02:46:25
40 Current Time = 02:49:15
50 Current Time = 02:51:52
60 Current Time = 02:54:25
70 Current Time = 02:57:00
80 Current Time = 02:59:31
90 Current Time = 03:02:00
Number of features: 100
0 Current Time = 03:04:36
10 Current Time = 03:09:35
20 Current Time = 03:14:34
30 Current Time = 03:19:42
40 Current Time = 03:24:38
50 Current Time = 03:29:40
60 Current Time = 03:34:45
70 Current Time = 03:39:52
80 Current Time = 03:45:04
90 Current Time = 03:50:08
Number of features: 500
0 Current Time = 03:55:11
10 Current Time = 04:21:49
20 Current Time = 04:47:59
30 Current Time = 05:13:46
40 Current Time = 05:40:01
50 Current Time = 06:06:52
60 Current Time = 06:32:42
70 Current Time = 06:58:41
80 Current Time = 07:24:34
90 Current Time = 07:49:47
Number of features: 1000
0 Current Time = 08:14:44
10 Current Time = 09:09:29
20 Current Time = 10:04:57
