Running job number  7
Start  7
End  8
outcome: 130062-0.0
Number of features: 5
0 Current Time = 23:05:10
10 Current Time = 23:05:49
20 Current Time = 23:06:28
30 Current Time = 23:07:05
40 Current Time = 23:07:42
50 Current Time = 23:08:20
60 Current Time = 23:08:59
70 Current Time = 23:09:37
80 Current Time = 23:10:15
90 Current Time = 23:10:52
Number of features: 50
0 Current Time = 23:11:30
10 Current Time = 23:13:52
20 Current Time = 23:16:14
30 Current Time = 23:18:36
40 Current Time = 23:20:56
50 Current Time = 23:23:17
60 Current Time = 23:25:37
70 Current Time = 23:28:02
80 Current Time = 23:30:22
90 Current Time = 23:32:42
Number of features: 100
0 Current Time = 23:35:03
10 Current Time = 23:39:47
20 Current Time = 23:44:34
30 Current Time = 23:49:17
40 Current Time = 23:53:46
50 Current Time = 23:58:17
60 Current Time = 00:03:03
70 Current Time = 00:07:49
80 Current Time = 00:12:30
90 Current Time = 00:17:18
Number of features: 500
0 Current Time = 00:22:06
10 Current Time = 00:46:45
20 Current Time = 01:11:13
30 Current Time = 01:34:45
40 Current Time = 01:58:05
50 Current Time = 02:22:41
60 Current Time = 02:45:57
70 Current Time = 03:10:22
80 Current Time = 03:33:01
90 Current Time = 03:54:44
Number of features: 1000
0 Current Time = 04:16:58
10 Current Time = 05:02:11
