Running job number  20
Start  20
End  21
outcome: 130186-0.0
Number of features: 5
0 Current Time = 01:32:37
10 Current Time = 01:33:21
20 Current Time = 01:34:02
30 Current Time = 01:34:45
40 Current Time = 01:35:26
50 Current Time = 01:36:11
60 Current Time = 01:36:55
70 Current Time = 01:37:38
80 Current Time = 01:38:23
90 Current Time = 01:39:07
Number of features: 50
0 Current Time = 01:39:51
10 Current Time = 01:42:30
20 Current Time = 01:45:07
30 Current Time = 01:47:51
40 Current Time = 01:50:39
50 Current Time = 01:53:26
60 Current Time = 01:56:14
70 Current Time = 01:59:03
80 Current Time = 02:01:53
90 Current Time = 02:04:41
Number of features: 100
0 Current Time = 02:07:29
10 Current Time = 02:12:50
20 Current Time = 02:17:54
30 Current Time = 02:22:58
40 Current Time = 02:28:06
50 Current Time = 02:33:08
60 Current Time = 02:38:20
70 Current Time = 02:43:24
80 Current Time = 02:48:28
90 Current Time = 02:53:33
Number of features: 500
0 Current Time = 02:58:35
10 Current Time = 03:25:19
20 Current Time = 03:53:08
30 Current Time = 04:21:38
40 Current Time = 04:50:19
50 Current Time = 05:18:43
60 Current Time = 05:47:12
70 Current Time = 06:15:36
80 Current Time = 06:42:47
90 Current Time = 07:10:54
Number of features: 1000
0 Current Time = 07:38:43
10 Current Time = 08:39:24
20 Current Time = 09:39:34
30 Current Time = 10:40:19
40 Current Time = 11:40:42
50 Current Time = 12:40:51
60 Current Time = 13:42:01
70 Current Time = 14:42:46
80 Current Time = 15:31:48
90 Current Time = 16:18:13
Number of features: 2923
Analyses complete. Current Time = 17:13:38
Results saved. All done. Current Time = 17:13:39
