Running job number  132
Start  132
End  133
outcome: 131016-0.0
Number of features: 5
0 Current Time = 01:47:54
10 Current Time = 01:48:26
20 Current Time = 01:48:57
30 Current Time = 01:49:29
40 Current Time = 01:50:01
50 Current Time = 01:50:32
60 Current Time = 01:51:03
70 Current Time = 01:51:35
80 Current Time = 01:52:07
90 Current Time = 01:52:39
Number of features: 50
0 Current Time = 01:53:09
10 Current Time = 01:54:58
20 Current Time = 01:56:43
30 Current Time = 01:58:33
40 Current Time = 02:00:17
50 Current Time = 02:02:02
60 Current Time = 02:03:47
70 Current Time = 02:05:34
80 Current Time = 02:07:22
90 Current Time = 02:09:07
Number of features: 100
0 Current Time = 02:10:55
10 Current Time = 02:14:14
20 Current Time = 02:17:32
30 Current Time = 02:20:49
40 Current Time = 02:24:08
50 Current Time = 02:27:30
60 Current Time = 02:30:50
70 Current Time = 02:34:11
80 Current Time = 02:37:29
90 Current Time = 02:40:48
Number of features: 500
0 Current Time = 02:44:10
10 Current Time = 03:01:31
20 Current Time = 03:18:53
30 Current Time = 03:36:30
40 Current Time = 03:53:49
50 Current Time = 04:11:17
60 Current Time = 04:28:35
70 Current Time = 04:46:04
80 Current Time = 05:03:23
90 Current Time = 05:21:05
Number of features: 1000
0 Current Time = 05:38:25
10 Current Time = 06:13:47
20 Current Time = 06:49:29
30 Current Time = 07:25:58
40 Current Time = 08:02:10
50 Current Time = 08:38:16
60 Current Time = 09:14:02
70 Current Time = 09:50:05
80 Current Time = 10:26:07
90 Current Time = 11:02:47
Number of features: 2923
Analyses complete. Current Time = 11:49:54
Results saved. All done. Current Time = 11:49:55
