Running job number  296
Start  296
End  297
outcome: 131458-0.0
Number of features: 5
0 Current Time = 01:57:35
10 Current Time = 01:58:13
20 Current Time = 01:58:51
30 Current Time = 01:59:30
40 Current Time = 02:00:08
50 Current Time = 02:00:47
60 Current Time = 02:01:24
70 Current Time = 02:02:02
80 Current Time = 02:02:41
90 Current Time = 02:03:19
Number of features: 50
0 Current Time = 02:03:57
10 Current Time = 02:06:05
20 Current Time = 02:08:15
30 Current Time = 02:10:25
40 Current Time = 02:12:32
50 Current Time = 02:14:42
60 Current Time = 02:16:50
70 Current Time = 02:18:58
80 Current Time = 02:21:09
90 Current Time = 02:23:17
Number of features: 100
0 Current Time = 02:25:26
10 Current Time = 02:29:29
20 Current Time = 02:33:35
30 Current Time = 02:37:41
40 Current Time = 02:41:44
50 Current Time = 02:45:48
60 Current Time = 02:49:52
70 Current Time = 02:53:52
80 Current Time = 02:57:58
90 Current Time = 03:02:03
Number of features: 500
0 Current Time = 03:06:07
10 Current Time = 03:27:15
20 Current Time = 03:48:33
30 Current Time = 04:10:07
40 Current Time = 04:31:03
50 Current Time = 04:52:16
60 Current Time = 05:13:29
70 Current Time = 05:34:36
80 Current Time = 05:56:00
90 Current Time = 06:17:17
Number of features: 1000
0 Current Time = 06:38:22
10 Current Time = 07:21:42
20 Current Time = 08:05:26
30 Current Time = 08:49:05
40 Current Time = 09:33:02
50 Current Time = 10:16:50
60 Current Time = 11:00:29
70 Current Time = 11:45:22
80 Current Time = 12:31:36
90 Current Time = 13:16:43
Number of features: 2923
Analyses complete. Current Time = 14:12:18
Results saved. All done. Current Time = 14:12:19
