Running job number  196
Start  196
End  197
outcome: 131190-0.0
Number of features: 5
0 Current Time = 21:33:08
10 Current Time = 21:33:51
20 Current Time = 21:34:33
30 Current Time = 21:35:15
40 Current Time = 21:35:59
50 Current Time = 21:36:42
60 Current Time = 21:37:24
70 Current Time = 21:38:05
80 Current Time = 21:38:46
90 Current Time = 21:39:27
Number of features: 50
0 Current Time = 21:40:10
10 Current Time = 21:42:38
20 Current Time = 21:44:52
30 Current Time = 21:47:10
40 Current Time = 21:49:29
50 Current Time = 21:51:45
60 Current Time = 21:53:58
70 Current Time = 21:56:14
80 Current Time = 21:58:32
90 Current Time = 22:00:48
Number of features: 100
0 Current Time = 22:03:02
10 Current Time = 22:07:12
20 Current Time = 22:11:26
30 Current Time = 22:15:53
40 Current Time = 22:20:05
50 Current Time = 22:24:16
60 Current Time = 22:28:21
70 Current Time = 22:32:27
80 Current Time = 22:36:46
90 Current Time = 22:40:57
Number of features: 500
0 Current Time = 22:45:03
10 Current Time = 23:05:53
20 Current Time = 23:26:55
30 Current Time = 23:47:54
40 Current Time = 00:09:18
50 Current Time = 00:30:19
60 Current Time = 00:51:19
70 Current Time = 01:12:20
80 Current Time = 01:33:12
90 Current Time = 01:54:15
Number of features: 1000
0 Current Time = 02:15:07
10 Current Time = 02:59:42
20 Current Time = 03:44:21
30 Current Time = 04:30:34
40 Current Time = 05:14:34
50 Current Time = 06:01:59
60 Current Time = 06:48:37
70 Current Time = 07:35:27
80 Current Time = 08:21:40
90 Current Time = 09:08:44
Number of features: 2923
Analyses complete. Current Time = 10:09:38
Results saved. All done. Current Time = 10:09:39
