Running job number  96
Start  96
End  97
outcome: 130832-0.0
Number of features: 5
0 Current Time = 01:33:39
10 Current Time = 01:34:11
20 Current Time = 01:34:43
30 Current Time = 01:35:15
40 Current Time = 01:35:47
50 Current Time = 01:36:19
60 Current Time = 01:36:52
70 Current Time = 01:37:24
80 Current Time = 01:37:57
90 Current Time = 01:38:29
Number of features: 50
0 Current Time = 01:39:01
10 Current Time = 01:41:02
20 Current Time = 01:43:02
30 Current Time = 01:45:02
40 Current Time = 01:47:06
50 Current Time = 01:49:07
60 Current Time = 01:51:05
70 Current Time = 01:53:01
80 Current Time = 01:55:09
90 Current Time = 01:57:04
Number of features: 100
0 Current Time = 01:58:59
10 Current Time = 02:02:39
20 Current Time = 02:06:20
30 Current Time = 02:10:06
40 Current Time = 02:13:51
50 Current Time = 02:17:35
60 Current Time = 02:21:17
70 Current Time = 02:25:01
80 Current Time = 02:28:42
90 Current Time = 02:32:23
Number of features: 500
0 Current Time = 02:36:00
10 Current Time = 02:56:38
20 Current Time = 03:16:49
30 Current Time = 03:37:23
40 Current Time = 03:58:08
50 Current Time = 04:18:47
60 Current Time = 04:39:53
70 Current Time = 05:00:50
80 Current Time = 05:20:52
90 Current Time = 05:41:36
Number of features: 1000
0 Current Time = 06:01:52
10 Current Time = 06:43:20
20 Current Time = 07:26:12
30 Current Time = 08:08:58
40 Current Time = 08:51:52
50 Current Time = 09:34:11
60 Current Time = 10:17:12
70 Current Time = 11:00:10
80 Current Time = 11:42:42
90 Current Time = 12:26:00
Number of features: 2923
Analyses complete. Current Time = 13:21:45
Results saved. All done. Current Time = 13:21:46
