Running job number  224
Start  224
End  225
outcome: 131264-0.0
Number of features: 5
0 Current Time = 01:50:10
10 Current Time = 01:50:48
20 Current Time = 01:51:27
30 Current Time = 01:52:07
40 Current Time = 01:52:46
50 Current Time = 01:53:27
60 Current Time = 01:54:05
70 Current Time = 01:54:43
80 Current Time = 01:55:24
90 Current Time = 01:56:03
Number of features: 50
0 Current Time = 01:56:41
10 Current Time = 01:59:03
20 Current Time = 02:01:25
30 Current Time = 02:03:43
40 Current Time = 02:06:02
50 Current Time = 02:08:24
60 Current Time = 02:10:52
70 Current Time = 02:13:31
80 Current Time = 02:16:06
90 Current Time = 02:18:42
Number of features: 100
0 Current Time = 02:21:10
10 Current Time = 02:25:58
20 Current Time = 02:30:55
30 Current Time = 02:35:59
40 Current Time = 02:40:57
50 Current Time = 02:45:45
60 Current Time = 02:50:38
70 Current Time = 02:55:44
80 Current Time = 03:00:43
90 Current Time = 03:05:29
Number of features: 500
0 Current Time = 03:10:15
10 Current Time = 03:35:06
20 Current Time = 03:59:41
30 Current Time = 04:24:47
40 Current Time = 04:49:22
50 Current Time = 05:14:18
60 Current Time = 05:40:12
70 Current Time = 06:08:18
80 Current Time = 06:36:10
90 Current Time = 07:04:18
Number of features: 1000
0 Current Time = 07:32:19
10 Current Time = 08:25:57
20 Current Time = 09:22:11
30 Current Time = 10:21:47
40 Current Time = 11:21:11
50 Current Time = 12:21:03
60 Current Time = 13:18:12
70 Current Time = 14:15:09
80 Current Time = 15:11:56
90 Current Time = 16:14:44
Number of features: 2923
Analyses complete. Current Time = 17:40:28
Results saved. All done. Current Time = 17:40:29
