Running job number  21
Start  21
End  22
outcome: 130188-0.0
Number of features: 5
0 Current Time = 23:05:07
10 Current Time = 23:05:52
20 Current Time = 23:06:35
30 Current Time = 23:07:17
40 Current Time = 23:08:01
50 Current Time = 23:08:44
60 Current Time = 23:09:28
70 Current Time = 23:10:11
80 Current Time = 23:10:54
90 Current Time = 23:11:38
Number of features: 50
0 Current Time = 23:12:22
10 Current Time = 23:15:04
20 Current Time = 23:17:34
30 Current Time = 23:20:04
40 Current Time = 23:22:32
50 Current Time = 23:24:59
60 Current Time = 23:27:26
70 Current Time = 23:29:52
80 Current Time = 23:32:26
90 Current Time = 23:35:01
Number of features: 100
0 Current Time = 23:37:29
10 Current Time = 23:42:40
20 Current Time = 23:47:45
30 Current Time = 23:52:57
40 Current Time = 23:58:09
50 Current Time = 00:03:26
60 Current Time = 00:08:32
70 Current Time = 00:13:42
80 Current Time = 00:18:44
90 Current Time = 00:23:52
Number of features: 500
0 Current Time = 00:29:01
10 Current Time = 00:56:30
20 Current Time = 01:23:07
30 Current Time = 01:49:23
40 Current Time = 02:14:45
50 Current Time = 02:41:05
60 Current Time = 03:07:13
70 Current Time = 03:33:09
80 Current Time = 04:00:51
90 Current Time = 04:29:10
Number of features: 1000
0 Current Time = 04:58:15
