Running job number  153
Start  153
End  154
outcome: 131074-0.0
Number of features: 5
0 Current Time = 23:12:44
10 Current Time = 23:13:25
20 Current Time = 23:14:08
30 Current Time = 23:14:50
40 Current Time = 23:15:32
50 Current Time = 23:16:14
60 Current Time = 23:16:56
70 Current Time = 23:17:39
80 Current Time = 23:18:19
90 Current Time = 23:18:59
Number of features: 50
0 Current Time = 23:19:43
10 Current Time = 23:22:41
20 Current Time = 23:25:41
30 Current Time = 23:28:41
40 Current Time = 23:31:37
50 Current Time = 23:34:38
60 Current Time = 23:37:35
70 Current Time = 23:40:36
80 Current Time = 23:43:34
90 Current Time = 23:46:31
Number of features: 100
0 Current Time = 23:49:24
10 Current Time = 23:55:29
20 Current Time = 00:01:35
30 Current Time = 00:07:42
40 Current Time = 00:13:33
50 Current Time = 00:19:25
60 Current Time = 00:25:21
70 Current Time = 00:31:31
80 Current Time = 00:37:35
90 Current Time = 00:43:39
Number of features: 500
0 Current Time = 00:49:36
10 Current Time = 01:21:19
20 Current Time = 01:53:03
30 Current Time = 02:24:35
40 Current Time = 02:56:44
50 Current Time = 03:28:17
60 Current Time = 03:59:47
70 Current Time = 04:31:02
80 Current Time = 05:02:22
