Running job number  86
Start  86
End  87
outcome: 130804-0.0
Number of features: 5
0 Current Time = 23:08:02
10 Current Time = 23:08:36
20 Current Time = 23:09:09
30 Current Time = 23:09:42
40 Current Time = 23:10:15
50 Current Time = 23:10:47
60 Current Time = 23:11:20
70 Current Time = 23:11:54
80 Current Time = 23:12:27
90 Current Time = 23:13:01
Number of features: 50
0 Current Time = 23:13:35
10 Current Time = 23:15:51
20 Current Time = 23:18:10
30 Current Time = 23:20:27
40 Current Time = 23:22:47
50 Current Time = 23:25:11
60 Current Time = 23:27:18
70 Current Time = 23:29:24
80 Current Time = 23:31:27
90 Current Time = 23:33:34
Number of features: 100
0 Current Time = 23:35:54
10 Current Time = 23:40:33
20 Current Time = 23:45:05
30 Current Time = 23:49:40
40 Current Time = 23:54:08
50 Current Time = 23:58:42
60 Current Time = 00:03:12
70 Current Time = 00:07:45
80 Current Time = 00:12:10
90 Current Time = 00:16:29
Number of features: 500
0 Current Time = 00:20:31
10 Current Time = 00:41:48
20 Current Time = 01:03:53
30 Current Time = 01:26:39
40 Current Time = 01:49:26
50 Current Time = 02:11:16
60 Current Time = 02:33:05
70 Current Time = 02:56:06
80 Current Time = 03:19:29
90 Current Time = 03:42:48
Number of features: 1000
0 Current Time = 04:05:41
10 Current Time = 04:51:07
