Running job number  367
Start  367
End  368
outcome: 131638-0.0
Number of features: 5
0 Current Time = 02:10:03
10 Current Time = 02:10:38
20 Current Time = 02:11:12
30 Current Time = 02:11:48
40 Current Time = 02:12:23
50 Current Time = 02:12:58
60 Current Time = 02:13:33
70 Current Time = 02:14:08
80 Current Time = 02:14:44
90 Current Time = 02:15:17
Number of features: 50
0 Current Time = 02:15:50
10 Current Time = 02:18:38
20 Current Time = 02:21:27
30 Current Time = 02:24:08
40 Current Time = 02:26:49
50 Current Time = 02:29:35
60 Current Time = 02:32:15
70 Current Time = 02:35:00
80 Current Time = 02:37:47
90 Current Time = 02:40:22
Number of features: 100
0 Current Time = 02:42:59
10 Current Time = 02:50:33
20 Current Time = 02:57:49
30 Current Time = 03:04:56
40 Current Time = 03:11:34
50 Current Time = 03:18:09
60 Current Time = 03:24:43
70 Current Time = 03:31:43
80 Current Time = 03:38:40
90 Current Time = 03:45:23
Number of features: 500
0 Current Time = 03:52:18
10 Current Time = 04:37:29
20 Current Time = 05:23:54
30 Current Time = 06:08:03
40 Current Time = 06:44:18
50 Current Time = 07:15:02
60 Current Time = 07:45:05
70 Current Time = 08:14:41
80 Current Time = 08:43:48
90 Current Time = 09:14:04
Number of features: 1000
0 Current Time = 09:44:13
