Running job number  43
Start  43
End  44
outcome: 130342-0.0
Number of features: 5
0 Current Time = 01:32:10
10 Current Time = 01:32:40
20 Current Time = 01:33:10
30 Current Time = 01:33:39
40 Current Time = 01:34:09
50 Current Time = 01:34:38
60 Current Time = 01:35:08
70 Current Time = 01:35:37
80 Current Time = 01:36:07
90 Current Time = 01:36:37
Number of features: 50
0 Current Time = 01:37:06
10 Current Time = 01:39:01
20 Current Time = 01:41:01
30 Current Time = 01:43:00
40 Current Time = 01:44:55
50 Current Time = 01:46:54
60 Current Time = 01:48:54
70 Current Time = 01:50:52
80 Current Time = 01:52:51
90 Current Time = 01:54:48
Number of features: 100
0 Current Time = 01:56:45
10 Current Time = 02:01:08
20 Current Time = 02:05:33
30 Current Time = 02:09:59
40 Current Time = 02:14:22
50 Current Time = 02:18:43
60 Current Time = 02:23:04
70 Current Time = 02:27:31
80 Current Time = 02:31:56
90 Current Time = 02:36:00
Number of features: 500
0 Current Time = 02:40:17
10 Current Time = 03:03:04
20 Current Time = 03:25:34
30 Current Time = 03:48:44
40 Current Time = 04:10:26
50 Current Time = 04:31:29
60 Current Time = 04:52:56
70 Current Time = 05:13:59
80 Current Time = 05:35:19
90 Current Time = 05:56:17
Number of features: 1000
0 Current Time = 06:16:52
10 Current Time = 07:00:30
20 Current Time = 07:44:57
30 Current Time = 08:29:13
40 Current Time = 09:14:40
50 Current Time = 09:57:45
60 Current Time = 10:41:58
70 Current Time = 11:26:57
80 Current Time = 12:12:00
90 Current Time = 12:56:43
Number of features: 2923
Analyses complete. Current Time = 13:54:07
Results saved. All done. Current Time = 13:54:10
