Running job number  382
Start  382
End  383
outcome: 131676-0.0
Number of features: 5
0 Current Time = 02:13:05
10 Current Time = 02:13:53
20 Current Time = 02:14:39
30 Current Time = 02:15:21
40 Current Time = 02:16:03
50 Current Time = 02:16:43
60 Current Time = 02:17:26
70 Current Time = 02:18:07
80 Current Time = 02:18:47
90 Current Time = 02:19:26
Number of features: 50
0 Current Time = 02:20:06
10 Current Time = 02:22:50
20 Current Time = 02:25:41
30 Current Time = 02:28:34
40 Current Time = 02:31:27
50 Current Time = 02:34:13
60 Current Time = 02:36:59
70 Current Time = 02:39:47
80 Current Time = 02:42:37
90 Current Time = 02:45:29
Number of features: 100
0 Current Time = 02:48:21
10 Current Time = 02:53:48
20 Current Time = 02:59:31
30 Current Time = 03:05:03
40 Current Time = 03:10:45
50 Current Time = 03:16:24
60 Current Time = 03:22:08
70 Current Time = 03:27:40
80 Current Time = 03:33:13
90 Current Time = 03:38:41
Number of features: 500
0 Current Time = 03:44:10
10 Current Time = 04:11:31
20 Current Time = 04:37:51
30 Current Time = 05:02:50
40 Current Time = 05:27:47
50 Current Time = 05:52:07
60 Current Time = 06:16:23
70 Current Time = 06:39:05
80 Current Time = 07:02:12
90 Current Time = 07:25:03
Number of features: 1000
0 Current Time = 07:47:39
10 Current Time = 08:38:37
20 Current Time = 09:31:54
30 Current Time = 10:25:22
