Running job number  12
Start  12
End  13
outcome: 130104-0.0
Number of features: 5
0 Current Time = 01:32:28
10 Current Time = 01:32:56
20 Current Time = 01:33:25
30 Current Time = 01:33:53
40 Current Time = 01:34:22
50 Current Time = 01:34:50
60 Current Time = 01:35:18
70 Current Time = 01:35:46
80 Current Time = 01:36:14
90 Current Time = 01:36:43
Number of features: 50
0 Current Time = 01:37:10
10 Current Time = 01:38:54
20 Current Time = 01:40:37
30 Current Time = 01:42:20
40 Current Time = 01:44:04
50 Current Time = 01:45:48
60 Current Time = 01:47:32
70 Current Time = 01:49:16
80 Current Time = 01:50:59
90 Current Time = 01:52:42
Number of features: 100
0 Current Time = 01:54:25
10 Current Time = 01:57:50
20 Current Time = 02:01:11
30 Current Time = 02:04:34
40 Current Time = 02:07:56
50 Current Time = 02:11:16
60 Current Time = 02:14:39
70 Current Time = 02:18:01
80 Current Time = 02:21:25
90 Current Time = 02:24:47
Number of features: 500
0 Current Time = 02:28:12
10 Current Time = 02:48:24
20 Current Time = 03:07:01
30 Current Time = 03:25:09
40 Current Time = 03:43:06
50 Current Time = 04:01:08
60 Current Time = 04:19:14
70 Current Time = 04:37:17
80 Current Time = 04:55:14
90 Current Time = 05:13:23
Number of features: 1000
0 Current Time = 05:31:25
10 Current Time = 06:11:29
20 Current Time = 06:49:10
30 Current Time = 07:26:33
40 Current Time = 08:03:41
50 Current Time = 08:41:04
60 Current Time = 09:18:18
70 Current Time = 09:55:52
80 Current Time = 10:33:11
90 Current Time = 11:10:40
Number of features: 2923
Analyses complete. Current Time = 11:59:34
Results saved. All done. Current Time = 11:59:34
