Running job number  155
Start  155
End  156
outcome: 131078-0.0
Number of features: 5
0 Current Time = 23:12:28
10 Current Time = 23:13:02
20 Current Time = 23:13:35
30 Current Time = 23:14:10
40 Current Time = 23:14:44
50 Current Time = 23:15:18
60 Current Time = 23:15:52
70 Current Time = 23:16:27
80 Current Time = 23:17:01
90 Current Time = 23:17:36
Number of features: 50
0 Current Time = 23:18:10
10 Current Time = 23:20:29
20 Current Time = 23:22:48
30 Current Time = 23:25:09
40 Current Time = 23:27:21
50 Current Time = 23:29:33
60 Current Time = 23:31:46
70 Current Time = 23:33:59
80 Current Time = 23:36:16
90 Current Time = 23:38:35
Number of features: 100
0 Current Time = 23:40:54
10 Current Time = 23:45:27
20 Current Time = 23:50:00
30 Current Time = 23:54:26
40 Current Time = 23:58:56
50 Current Time = 00:03:30
60 Current Time = 00:08:01
70 Current Time = 00:12:32
80 Current Time = 00:17:01
90 Current Time = 00:21:23
Number of features: 500
0 Current Time = 00:25:50
10 Current Time = 00:49:14
20 Current Time = 01:12:04
30 Current Time = 01:34:19
40 Current Time = 01:56:52
50 Current Time = 02:19:51
60 Current Time = 02:42:58
70 Current Time = 03:06:29
80 Current Time = 03:29:59
90 Current Time = 03:52:13
Number of features: 1000
0 Current Time = 04:14:24
10 Current Time = 05:02:44
