Running job number  267
Start  267
End  268
outcome: 131384-0.0
Number of features: 5
0 Current Time = 23:19:12
10 Current Time = 23:19:49
20 Current Time = 23:20:25
30 Current Time = 23:21:01
40 Current Time = 23:21:37
50 Current Time = 23:22:13
60 Current Time = 23:22:49
70 Current Time = 23:23:26
80 Current Time = 23:24:02
90 Current Time = 23:24:38
Number of features: 50
0 Current Time = 23:25:15
10 Current Time = 23:27:34
20 Current Time = 23:29:53
30 Current Time = 23:32:10
40 Current Time = 23:34:28
50 Current Time = 23:36:44
60 Current Time = 23:39:01
70 Current Time = 23:41:17
80 Current Time = 23:43:35
90 Current Time = 23:45:55
Number of features: 100
0 Current Time = 23:48:16
10 Current Time = 23:52:48
20 Current Time = 23:57:24
30 Current Time = 00:01:56
40 Current Time = 00:06:29
50 Current Time = 00:10:53
60 Current Time = 00:15:15
70 Current Time = 00:19:50
80 Current Time = 00:24:14
90 Current Time = 00:28:44
Number of features: 500
0 Current Time = 00:33:13
10 Current Time = 00:55:46
20 Current Time = 01:18:29
30 Current Time = 01:41:35
40 Current Time = 02:04:30
50 Current Time = 02:27:29
60 Current Time = 02:50:33
70 Current Time = 03:14:23
80 Current Time = 03:38:23
90 Current Time = 04:02:31
Number of features: 1000
0 Current Time = 04:26:57
10 Current Time = 05:13:26
