Running job number  364
Start  364
End  365
outcome: 131632-0.0
Number of features: 5
0 Current Time = 02:10:03
10 Current Time = 02:10:42
20 Current Time = 02:11:23
30 Current Time = 02:12:02
40 Current Time = 02:12:40
50 Current Time = 02:13:20
60 Current Time = 02:13:59
70 Current Time = 02:14:37
80 Current Time = 02:15:16
90 Current Time = 02:15:54
Number of features: 50
0 Current Time = 02:16:33
10 Current Time = 02:19:45
20 Current Time = 02:22:40
30 Current Time = 02:26:11
40 Current Time = 02:29:08
50 Current Time = 02:32:06
60 Current Time = 02:35:28
70 Current Time = 02:39:04
80 Current Time = 02:42:32
90 Current Time = 02:46:06
Number of features: 100
0 Current Time = 02:49:51
10 Current Time = 02:56:42
20 Current Time = 03:03:04
30 Current Time = 03:09:03
40 Current Time = 03:14:48
50 Current Time = 03:20:39
60 Current Time = 03:26:37
70 Current Time = 03:32:42
80 Current Time = 03:38:53
90 Current Time = 03:44:53
Number of features: 500
0 Current Time = 03:50:49
10 Current Time = 04:30:50
20 Current Time = 05:09:38
30 Current Time = 05:47:29
40 Current Time = 06:24:49
50 Current Time = 06:50:57
60 Current Time = 07:15:26
70 Current Time = 07:40:27
80 Current Time = 08:04:52
90 Current Time = 08:29:14
Number of features: 1000
0 Current Time = 08:53:42
10 Current Time = 09:48:16
