Running job number  283
Start  283
End  284
outcome: 131424-0.0
Number of features: 5
0 Current Time = 23:19:15
10 Current Time = 23:19:52
20 Current Time = 23:20:28
30 Current Time = 23:21:03
40 Current Time = 23:21:38
50 Current Time = 23:22:13
60 Current Time = 23:22:49
70 Current Time = 23:23:24
80 Current Time = 23:24:01
90 Current Time = 23:24:37
Number of features: 50
0 Current Time = 23:25:11
10 Current Time = 23:27:23
20 Current Time = 23:29:34
30 Current Time = 23:31:45
40 Current Time = 23:33:53
50 Current Time = 23:35:59
60 Current Time = 23:37:57
70 Current Time = 23:39:56
80 Current Time = 23:41:51
90 Current Time = 23:43:48
Number of features: 100
0 Current Time = 23:45:46
10 Current Time = 23:49:32
20 Current Time = 23:53:41
30 Current Time = 23:57:53
40 Current Time = 00:02:20
50 Current Time = 00:06:48
60 Current Time = 00:11:29
70 Current Time = 00:15:57
80 Current Time = 00:20:15
90 Current Time = 00:24:37
Number of features: 500
0 Current Time = 00:28:52
10 Current Time = 00:52:09
20 Current Time = 01:17:02
30 Current Time = 01:39:59
40 Current Time = 02:02:08
50 Current Time = 02:24:42
60 Current Time = 02:46:51
70 Current Time = 03:09:01
80 Current Time = 03:31:15
90 Current Time = 03:53:38
Number of features: 1000
0 Current Time = 04:15:41
10 Current Time = 05:02:39
