Running job number  465
Start  465
End  466
outcome: 131918-0.0
Number of features: 5
0 Current Time = 02:32:21
10 Current Time = 02:33:11
20 Current Time = 02:34:02
30 Current Time = 02:34:53
40 Current Time = 02:35:45
50 Current Time = 02:36:35
60 Current Time = 02:37:26
70 Current Time = 02:38:18
80 Current Time = 02:39:10
90 Current Time = 02:40:00
Number of features: 50
0 Current Time = 02:40:53
10 Current Time = 02:44:03
20 Current Time = 02:47:08
30 Current Time = 02:50:07
40 Current Time = 02:53:04
50 Current Time = 02:56:07
60 Current Time = 02:59:11
70 Current Time = 03:02:21
80 Current Time = 03:05:24
90 Current Time = 03:08:25
Number of features: 100
0 Current Time = 03:11:21
10 Current Time = 03:17:19
20 Current Time = 03:23:24
30 Current Time = 03:29:14
40 Current Time = 03:35:02
50 Current Time = 03:41:06
60 Current Time = 03:46:56
70 Current Time = 03:52:37
80 Current Time = 03:58:20
90 Current Time = 04:04:10
Number of features: 500
0 Current Time = 04:09:45
10 Current Time = 04:39:30
20 Current Time = 05:08:25
30 Current Time = 05:36:03
40 Current Time = 06:00:08
50 Current Time = 06:23:59
60 Current Time = 06:48:12
70 Current Time = 07:11:47
80 Current Time = 07:35:40
90 Current Time = 07:59:15
Number of features: 1000
0 Current Time = 08:22:48
10 Current Time = 09:13:28
20 Current Time = 10:04:29
