Running job number  604
Start  604
End  605
outcome: 132542-0.0
Number of features: 5
0 Current Time = 02:48:42
10 Current Time = 02:49:32
20 Current Time = 02:50:22
30 Current Time = 02:51:13
40 Current Time = 02:52:03
50 Current Time = 02:52:55
60 Current Time = 02:53:47
70 Current Time = 02:54:37
80 Current Time = 02:55:27
90 Current Time = 02:56:19
Number of features: 50
0 Current Time = 02:57:11
10 Current Time = 03:00:38
20 Current Time = 03:03:58
30 Current Time = 03:07:16
40 Current Time = 03:10:38
50 Current Time = 03:13:57
60 Current Time = 03:17:19
70 Current Time = 03:20:39
80 Current Time = 03:23:59
90 Current Time = 03:27:33
Number of features: 100
0 Current Time = 03:31:02
10 Current Time = 03:37:50
20 Current Time = 03:44:32
30 Current Time = 03:51:13
40 Current Time = 03:57:52
50 Current Time = 04:04:40
60 Current Time = 04:11:23
70 Current Time = 04:17:53
80 Current Time = 04:24:28
90 Current Time = 04:30:57
Number of features: 500
0 Current Time = 04:37:43
10 Current Time = 05:12:28
20 Current Time = 05:47:37
30 Current Time = 06:22:22
40 Current Time = 06:57:13
50 Current Time = 07:28:51
60 Current Time = 08:00:53
70 Current Time = 08:31:36
80 Current Time = 09:02:02
90 Current Time = 09:32:28
Number of features: 1000
0 Current Time = 10:02:43
