Running job number  444
Start  444
End  445
outcome: 131868-0.0
Number of features: 5
0 Current Time = 02:28:13
10 Current Time = 02:29:12
20 Current Time = 02:30:12
30 Current Time = 02:31:09
40 Current Time = 02:32:08
50 Current Time = 02:33:06
60 Current Time = 02:34:06
70 Current Time = 02:35:05
80 Current Time = 02:36:05
90 Current Time = 02:37:04
Number of features: 50
0 Current Time = 02:38:04
10 Current Time = 02:42:09
20 Current Time = 02:46:26
30 Current Time = 02:50:37
40 Current Time = 02:54:42
50 Current Time = 02:58:41
60 Current Time = 03:02:33
70 Current Time = 03:06:37
80 Current Time = 03:10:44
90 Current Time = 03:14:46
Number of features: 100
0 Current Time = 03:18:50
10 Current Time = 03:26:35
20 Current Time = 03:34:34
30 Current Time = 03:42:38
40 Current Time = 03:50:22
50 Current Time = 03:58:30
60 Current Time = 04:06:25
70 Current Time = 04:14:14
80 Current Time = 04:22:06
90 Current Time = 04:30:00
Number of features: 500
0 Current Time = 04:37:40
10 Current Time = 05:14:35
20 Current Time = 05:49:06
30 Current Time = 06:19:40
40 Current Time = 06:49:42
50 Current Time = 07:19:54
60 Current Time = 07:49:43
70 Current Time = 08:19:39
80 Current Time = 08:50:18
90 Current Time = 09:20:22
Number of features: 1000
0 Current Time = 09:50:38
