Running job number  11
Start  11
End  12
outcome: 130082-0.0
Number of features: 5
0 Current Time = 01:32:21
10 Current Time = 01:32:57
20 Current Time = 01:33:33
30 Current Time = 01:34:07
40 Current Time = 01:34:43
50 Current Time = 01:35:18
60 Current Time = 01:35:55
70 Current Time = 01:36:30
80 Current Time = 01:37:05
90 Current Time = 01:37:40
Number of features: 50
0 Current Time = 01:38:16
10 Current Time = 01:40:29
20 Current Time = 01:42:41
30 Current Time = 01:44:50
40 Current Time = 01:47:05
50 Current Time = 01:49:17
60 Current Time = 01:51:32
70 Current Time = 01:53:45
80 Current Time = 01:55:55
90 Current Time = 01:58:06
Number of features: 100
0 Current Time = 02:00:18
10 Current Time = 02:04:38
20 Current Time = 02:09:01
30 Current Time = 02:13:22
40 Current Time = 02:17:43
50 Current Time = 02:22:02
60 Current Time = 02:26:28
70 Current Time = 02:30:54
80 Current Time = 02:35:18
90 Current Time = 02:39:33
Number of features: 500
0 Current Time = 02:43:54
10 Current Time = 03:06:28
20 Current Time = 03:29:08
30 Current Time = 03:51:30
40 Current Time = 04:14:01
50 Current Time = 04:36:31
60 Current Time = 04:59:13
70 Current Time = 05:22:02
80 Current Time = 05:45:03
90 Current Time = 06:07:38
Number of features: 1000
0 Current Time = 06:30:22
10 Current Time = 07:17:08
20 Current Time = 08:04:09
30 Current Time = 08:50:34
40 Current Time = 09:37:46
50 Current Time = 10:23:42
60 Current Time = 11:10:50
70 Current Time = 11:57:24
80 Current Time = 12:43:19
90 Current Time = 13:25:37
Number of features: 2923
Analyses complete. Current Time = 14:17:57
Results saved. All done. Current Time = 14:17:58
