Running job number  447
Start  447
End  448
outcome: 131874-0.0
Number of features: 5
0 Current Time = 02:28:25
10 Current Time = 02:29:03
20 Current Time = 02:29:41
30 Current Time = 02:30:17
40 Current Time = 02:30:57
50 Current Time = 02:31:36
60 Current Time = 02:32:15
70 Current Time = 02:32:54
80 Current Time = 02:33:33
90 Current Time = 02:34:12
Number of features: 50
0 Current Time = 02:34:51
10 Current Time = 02:37:39
20 Current Time = 02:40:29
30 Current Time = 02:43:15
40 Current Time = 02:45:54
50 Current Time = 02:48:35
60 Current Time = 02:51:02
70 Current Time = 02:53:33
80 Current Time = 02:56:20
90 Current Time = 02:59:01
Number of features: 100
0 Current Time = 03:01:53
10 Current Time = 03:07:09
20 Current Time = 03:12:17
30 Current Time = 03:17:20
40 Current Time = 03:22:45
50 Current Time = 03:28:15
60 Current Time = 03:33:24
70 Current Time = 03:38:36
80 Current Time = 03:44:01
90 Current Time = 03:49:20
Number of features: 500
0 Current Time = 03:54:27
10 Current Time = 04:20:46
20 Current Time = 04:47:19
30 Current Time = 05:14:04
40 Current Time = 05:39:17
50 Current Time = 06:04:45
60 Current Time = 06:28:05
70 Current Time = 06:50:57
80 Current Time = 07:13:54
90 Current Time = 07:34:00
Number of features: 1000
0 Current Time = 07:55:15
10 Current Time = 08:41:06
20 Current Time = 09:26:11
