Running job number  130
Start  130
End  131
outcome: 131000-0.0
Number of features: 5
0 Current Time = 01:47:56
10 Current Time = 01:48:24
20 Current Time = 01:48:52
30 Current Time = 01:49:20
40 Current Time = 01:49:48
50 Current Time = 01:50:15
60 Current Time = 01:50:42
70 Current Time = 01:51:10
80 Current Time = 01:51:37
90 Current Time = 01:52:04
Number of features: 50
0 Current Time = 01:52:31
10 Current Time = 01:54:10
20 Current Time = 01:55:46
30 Current Time = 01:57:26
40 Current Time = 01:59:03
50 Current Time = 02:00:43
60 Current Time = 02:02:22
70 Current Time = 02:04:01
80 Current Time = 02:05:39
90 Current Time = 02:07:18
Number of features: 100
0 Current Time = 02:08:54
10 Current Time = 02:12:03
20 Current Time = 02:15:11
30 Current Time = 02:18:19
40 Current Time = 02:21:29
50 Current Time = 02:24:37
60 Current Time = 02:27:44
70 Current Time = 02:30:50
80 Current Time = 02:33:59
90 Current Time = 02:37:11
Number of features: 500
0 Current Time = 02:40:20
10 Current Time = 02:57:13
20 Current Time = 03:14:11
30 Current Time = 03:31:07
40 Current Time = 03:47:58
50 Current Time = 04:04:56
60 Current Time = 04:21:53
70 Current Time = 04:38:52
80 Current Time = 04:55:51
90 Current Time = 05:12:48
Number of features: 1000
0 Current Time = 05:29:42
10 Current Time = 06:05:51
20 Current Time = 06:41:11
30 Current Time = 07:16:24
40 Current Time = 07:51:19
50 Current Time = 08:26:20
60 Current Time = 09:01:24
70 Current Time = 09:36:37
80 Current Time = 10:11:50
90 Current Time = 10:47:34
Number of features: 2923
Analyses complete. Current Time = 11:34:40
Results saved. All done. Current Time = 11:34:41
