Running job number  224
Start  224
End  225
outcome: 131264-0.0
Number of features: 5
0 Current Time = 23:14:34
10 Current Time = 23:15:11
20 Current Time = 23:15:49
30 Current Time = 23:16:27
40 Current Time = 23:17:06
50 Current Time = 23:17:46
60 Current Time = 23:18:25
70 Current Time = 23:19:02
80 Current Time = 23:19:42
90 Current Time = 23:20:21
Number of features: 50
0 Current Time = 23:20:59
10 Current Time = 23:23:19
20 Current Time = 23:25:39
30 Current Time = 23:28:00
40 Current Time = 23:30:14
50 Current Time = 23:32:30
60 Current Time = 23:34:53
70 Current Time = 23:37:15
80 Current Time = 23:39:32
90 Current Time = 23:41:50
Number of features: 100
0 Current Time = 23:44:03
10 Current Time = 23:48:35
20 Current Time = 23:53:02
30 Current Time = 23:57:41
40 Current Time = 00:02:13
50 Current Time = 00:06:42
60 Current Time = 00:11:08
70 Current Time = 00:15:23
80 Current Time = 00:20:11
90 Current Time = 00:25:04
Number of features: 500
0 Current Time = 00:29:50
10 Current Time = 00:55:03
20 Current Time = 01:20:01
30 Current Time = 01:45:08
40 Current Time = 02:10:08
50 Current Time = 02:35:31
60 Current Time = 03:01:06
70 Current Time = 03:26:19
80 Current Time = 03:51:25
90 Current Time = 04:16:30
Number of features: 1000
0 Current Time = 04:41:50
