Running job number  184
Start  184
End  185
outcome: 131154-0.0
Number of features: 5
0 Current Time = 23:12:45
10 Current Time = 23:13:27
20 Current Time = 23:14:10
30 Current Time = 23:14:52
40 Current Time = 23:15:36
50 Current Time = 23:16:19
60 Current Time = 23:17:01
70 Current Time = 23:17:45
80 Current Time = 23:18:27
90 Current Time = 23:19:08
Number of features: 50
0 Current Time = 23:19:51
10 Current Time = 23:22:21
20 Current Time = 23:24:50
30 Current Time = 23:27:24
40 Current Time = 23:29:51
50 Current Time = 23:32:21
60 Current Time = 23:34:47
70 Current Time = 23:37:11
80 Current Time = 23:39:40
90 Current Time = 23:42:07
Number of features: 100
0 Current Time = 23:44:34
10 Current Time = 23:49:45
20 Current Time = 23:55:02
30 Current Time = 00:00:22
40 Current Time = 00:05:46
50 Current Time = 00:11:18
60 Current Time = 00:16:48
70 Current Time = 00:22:17
80 Current Time = 00:27:43
90 Current Time = 00:32:59
Number of features: 500
0 Current Time = 00:38:28
10 Current Time = 01:05:27
20 Current Time = 01:32:17
30 Current Time = 01:59:14
40 Current Time = 02:25:58
50 Current Time = 02:52:46
60 Current Time = 03:19:31
70 Current Time = 03:46:19
80 Current Time = 04:13:29
90 Current Time = 04:40:29
Number of features: 1000
0 Current Time = 05:07:16
