Running job number  190
Start  190
End  191
outcome: 131174-0.0
Number of features: 5
0 Current Time = 01:48:59
10 Current Time = 01:49:33
20 Current Time = 01:50:07
30 Current Time = 01:50:41
40 Current Time = 01:51:15
50 Current Time = 01:51:48
60 Current Time = 01:52:22
70 Current Time = 01:52:56
80 Current Time = 01:53:30
90 Current Time = 01:54:04
Number of features: 50
0 Current Time = 01:54:39
10 Current Time = 01:56:52
20 Current Time = 01:59:02
30 Current Time = 02:01:14
40 Current Time = 02:03:23
50 Current Time = 02:05:34
60 Current Time = 02:07:42
70 Current Time = 02:09:51
80 Current Time = 02:11:56
90 Current Time = 02:14:04
Number of features: 100
0 Current Time = 02:16:14
10 Current Time = 02:20:30
20 Current Time = 02:24:48
30 Current Time = 02:29:00
40 Current Time = 02:33:11
50 Current Time = 02:37:28
60 Current Time = 02:41:49
70 Current Time = 02:46:12
80 Current Time = 02:50:34
90 Current Time = 02:54:50
Number of features: 500
0 Current Time = 02:59:12
10 Current Time = 03:22:35
20 Current Time = 03:47:50
30 Current Time = 04:11:40
40 Current Time = 04:33:17
50 Current Time = 04:54:58
60 Current Time = 05:17:06
70 Current Time = 05:38:53
80 Current Time = 06:00:33
90 Current Time = 06:22:12
Number of features: 1000
0 Current Time = 06:43:43
10 Current Time = 07:29:15
20 Current Time = 08:15:32
30 Current Time = 09:01:23
40 Current Time = 09:47:12
50 Current Time = 10:32:29
60 Current Time = 11:17:32
70 Current Time = 12:04:34
80 Current Time = 12:51:50
90 Current Time = 13:40:24
Number of features: 2923
Analyses complete. Current Time = 14:44:56
Results saved. All done. Current Time = 14:44:57
