Running job number  70
Start  70
End  71
outcome: 130708-0.0
Number of features: 5
0 Current Time = 21:33:03
10 Current Time = 21:34:02
20 Current Time = 21:35:03
30 Current Time = 21:36:08
40 Current Time = 21:37:08
50 Current Time = 21:38:10
60 Current Time = 21:39:14
70 Current Time = 21:40:15
80 Current Time = 21:41:17
90 Current Time = 21:42:17
Number of features: 50
0 Current Time = 21:43:20
10 Current Time = 21:48:39
20 Current Time = 21:53:58
30 Current Time = 21:59:08
40 Current Time = 22:04:14
50 Current Time = 22:09:22
60 Current Time = 22:14:32
70 Current Time = 22:19:41
80 Current Time = 22:24:52
90 Current Time = 22:30:06
Number of features: 100
0 Current Time = 22:35:06
10 Current Time = 22:46:09
20 Current Time = 22:57:28
30 Current Time = 23:08:30
40 Current Time = 23:19:20
50 Current Time = 23:30:06
60 Current Time = 23:40:48
70 Current Time = 23:51:40
80 Current Time = 00:02:41
90 Current Time = 00:13:38
Number of features: 500
0 Current Time = 00:24:14
10 Current Time = 01:23:10
20 Current Time = 02:22:19
30 Current Time = 03:21:23
40 Current Time = 04:20:29
50 Current Time = 05:20:25
60 Current Time = 06:19:04
70 Current Time = 07:18:32
80 Current Time = 08:18:18
90 Current Time = 09:18:11
Number of features: 1000
0 Current Time = 10:19:18
