Running job number  1
Start  1
End  2
outcome: 130008-0.0
Number of features: 5
0 Current Time = 19:25:13
10 Current Time = 19:25:50
20 Current Time = 19:26:26
30 Current Time = 19:27:01
40 Current Time = 19:27:36
50 Current Time = 19:28:12
60 Current Time = 19:28:49
70 Current Time = 19:29:26
80 Current Time = 19:30:01
90 Current Time = 19:30:37
Number of features: 50
0 Current Time = 19:31:15
10 Current Time = 19:33:19
20 Current Time = 19:35:22
30 Current Time = 19:37:27
40 Current Time = 19:39:28
50 Current Time = 19:41:34
60 Current Time = 19:43:41
70 Current Time = 19:45:43
80 Current Time = 19:47:44
90 Current Time = 19:49:52
Number of features: 100
0 Current Time = 19:51:57
10 Current Time = 19:55:54
20 Current Time = 19:59:59
30 Current Time = 20:04:00
40 Current Time = 20:07:58
50 Current Time = 20:11:48
60 Current Time = 20:15:38
70 Current Time = 20:19:29
80 Current Time = 20:23:22
90 Current Time = 20:27:22
Number of features: 500
0 Current Time = 20:31:23
10 Current Time = 20:52:25
20 Current Time = 21:13:18
30 Current Time = 21:34:30
40 Current Time = 21:54:42
50 Current Time = 22:16:12
60 Current Time = 22:36:13
70 Current Time = 22:57:05
80 Current Time = 23:18:32
90 Current Time = 23:40:23
Number of features: 1000
0 Current Time = 00:01:29
10 Current Time = 00:44:49
20 Current Time = 01:30:14
30 Current Time = 02:16:57
40 Current Time = 03:04:13
50 Current Time = 03:51:41
60 Current Time = 04:38:49
70 Current Time = 05:25:50
80 Current Time = 06:12:56
90 Current Time = 06:59:28
Number of features: 2923
Analyses complete. Current Time = 07:54:57
Results saved. All done. Current Time = 07:54:58
