Running job number  9
Start  9
End  10
outcome: 130068-0.0
Number of features: 5
0 Current Time = 23:04:51
10 Current Time = 23:05:24
20 Current Time = 23:05:56
30 Current Time = 23:06:29
40 Current Time = 23:07:01
50 Current Time = 23:07:34
60 Current Time = 23:08:06
70 Current Time = 23:08:38
80 Current Time = 23:09:11
90 Current Time = 23:09:42
Number of features: 50
0 Current Time = 23:10:14
10 Current Time = 23:12:18
20 Current Time = 23:14:21
30 Current Time = 23:16:27
40 Current Time = 23:18:31
50 Current Time = 23:20:36
60 Current Time = 23:22:41
70 Current Time = 23:24:45
80 Current Time = 23:26:49
90 Current Time = 23:28:53
Number of features: 100
0 Current Time = 23:30:55
10 Current Time = 23:35:00
20 Current Time = 23:39:03
30 Current Time = 23:43:05
40 Current Time = 23:47:06
50 Current Time = 23:51:06
60 Current Time = 23:55:10
70 Current Time = 23:59:12
80 Current Time = 00:03:18
90 Current Time = 00:07:22
Number of features: 500
0 Current Time = 00:11:19
10 Current Time = 00:32:32
20 Current Time = 00:53:29
30 Current Time = 01:14:50
40 Current Time = 01:36:22
50 Current Time = 01:57:54
60 Current Time = 02:19:20
70 Current Time = 02:40:40
80 Current Time = 03:02:03
90 Current Time = 03:23:22
Number of features: 1000
0 Current Time = 03:44:37
10 Current Time = 04:28:37
