Running job number  63
Start  63
End  64
outcome: 130688-0.0
Number of features: 5
0 Current Time = 01:33:24
10 Current Time = 01:33:55
20 Current Time = 01:34:27
30 Current Time = 01:34:58
40 Current Time = 01:35:31
50 Current Time = 01:36:03
60 Current Time = 01:36:34
70 Current Time = 01:37:05
80 Current Time = 01:37:37
90 Current Time = 01:38:10
Number of features: 50
0 Current Time = 01:38:42
10 Current Time = 01:40:37
20 Current Time = 01:42:28
30 Current Time = 01:44:21
40 Current Time = 01:46:14
50 Current Time = 01:48:05
60 Current Time = 01:49:57
70 Current Time = 01:51:50
80 Current Time = 01:53:41
90 Current Time = 01:55:31
Number of features: 100
0 Current Time = 01:57:23
10 Current Time = 02:01:17
20 Current Time = 02:05:14
30 Current Time = 02:09:15
40 Current Time = 02:13:18
50 Current Time = 02:17:19
60 Current Time = 02:21:15
70 Current Time = 02:25:16
80 Current Time = 02:29:01
90 Current Time = 02:32:37
Number of features: 500
0 Current Time = 02:36:27
10 Current Time = 02:57:02
20 Current Time = 03:16:10
30 Current Time = 03:35:19
40 Current Time = 03:54:31
50 Current Time = 04:13:29
60 Current Time = 04:32:45
70 Current Time = 04:51:57
80 Current Time = 05:11:12
90 Current Time = 05:30:32
Number of features: 1000
0 Current Time = 05:50:00
10 Current Time = 06:30:11
20 Current Time = 07:10:19
30 Current Time = 07:51:12
40 Current Time = 08:32:29
50 Current Time = 09:13:08
60 Current Time = 09:53:59
70 Current Time = 10:34:17
80 Current Time = 11:14:32
90 Current Time = 11:54:49
Number of features: 2923
Analyses complete. Current Time = 12:46:31
Results saved. All done. Current Time = 12:46:32
