Running job number  5
Start  5
End  6
outcome: 130020-0.0
Number of features: 5
0 Current Time = 01:32:21
10 Current Time = 01:32:54
20 Current Time = 01:33:26
30 Current Time = 01:33:58
40 Current Time = 01:34:30
50 Current Time = 01:35:03
60 Current Time = 01:35:36
70 Current Time = 01:36:08
80 Current Time = 01:36:40
90 Current Time = 01:37:13
Number of features: 50
0 Current Time = 01:37:45
10 Current Time = 01:39:43
20 Current Time = 01:41:39
30 Current Time = 01:43:36
40 Current Time = 01:45:34
50 Current Time = 01:47:33
60 Current Time = 01:49:31
70 Current Time = 01:51:31
80 Current Time = 01:53:29
90 Current Time = 01:55:26
Number of features: 100
0 Current Time = 01:57:21
10 Current Time = 02:01:11
20 Current Time = 02:04:58
30 Current Time = 02:08:49
40 Current Time = 02:12:37
50 Current Time = 02:16:25
60 Current Time = 02:20:14
70 Current Time = 02:24:08
80 Current Time = 02:27:58
90 Current Time = 02:31:49
Number of features: 500
0 Current Time = 02:35:40
10 Current Time = 02:55:37
20 Current Time = 03:15:47
30 Current Time = 03:35:51
40 Current Time = 03:55:56
50 Current Time = 04:16:08
60 Current Time = 04:36:14
70 Current Time = 04:56:30
80 Current Time = 05:16:47
90 Current Time = 05:37:08
Number of features: 1000
0 Current Time = 05:57:46
10 Current Time = 06:39:28
20 Current Time = 07:20:43
30 Current Time = 08:01:51
40 Current Time = 08:43:39
50 Current Time = 09:25:27
60 Current Time = 10:07:20
70 Current Time = 10:48:53
80 Current Time = 11:30:44
90 Current Time = 12:12:08
Number of features: 2923
Analyses complete. Current Time = 13:04:46
Results saved. All done. Current Time = 13:04:47
