Running job number  246
Start  246
End  247
outcome: 131328-0.0
Number of features: 5
0 Current Time = 01:52:14
10 Current Time = 01:52:52
20 Current Time = 01:53:30
30 Current Time = 01:54:08
40 Current Time = 01:54:45
50 Current Time = 01:55:22
60 Current Time = 01:55:59
70 Current Time = 01:56:35
80 Current Time = 01:57:12
90 Current Time = 01:57:50
Number of features: 50
0 Current Time = 01:58:28
10 Current Time = 02:01:01
20 Current Time = 02:03:42
30 Current Time = 02:06:23
40 Current Time = 02:09:05
50 Current Time = 02:11:50
60 Current Time = 02:14:21
70 Current Time = 02:17:02
80 Current Time = 02:19:43
90 Current Time = 02:22:21
Number of features: 100
0 Current Time = 02:25:00
10 Current Time = 02:30:04
20 Current Time = 02:35:01
30 Current Time = 02:40:05
40 Current Time = 02:45:06
50 Current Time = 02:50:21
60 Current Time = 02:55:28
70 Current Time = 03:00:26
80 Current Time = 03:05:23
90 Current Time = 03:10:41
Number of features: 500
0 Current Time = 03:16:01
10 Current Time = 03:45:56
20 Current Time = 04:17:42
30 Current Time = 04:47:23
40 Current Time = 05:17:49
50 Current Time = 05:46:44
60 Current Time = 06:11:57
70 Current Time = 06:37:24
80 Current Time = 07:03:01
90 Current Time = 07:27:52
Number of features: 1000
0 Current Time = 07:51:16
10 Current Time = 08:52:54
20 Current Time = 09:52:34
30 Current Time = 10:47:58
40 Current Time = 11:41:57
50 Current Time = 12:32:56
60 Current Time = 13:24:16
70 Current Time = 14:15:20
80 Current Time = 15:07:18
90 Current Time = 16:05:34
Number of features: 2923
Analyses complete. Current Time = 17:23:10
Results saved. All done. Current Time = 17:23:12
