Running job number  217
Start  217
End  218
outcome: 131246-0.0
Number of features: 5
0 Current Time = 01:49:12
10 Current Time = 01:49:44
20 Current Time = 01:50:18
30 Current Time = 01:50:52
40 Current Time = 01:51:27
50 Current Time = 01:52:01
60 Current Time = 01:52:35
70 Current Time = 01:53:10
80 Current Time = 01:53:44
90 Current Time = 01:54:17
Number of features: 50
0 Current Time = 01:54:52
10 Current Time = 01:57:20
20 Current Time = 01:59:48
30 Current Time = 02:02:09
40 Current Time = 02:04:17
50 Current Time = 02:06:28
60 Current Time = 02:08:41
70 Current Time = 02:10:51
80 Current Time = 02:13:16
90 Current Time = 02:15:44
Number of features: 100
0 Current Time = 02:18:12
10 Current Time = 02:22:46
20 Current Time = 02:27:01
30 Current Time = 02:31:15
40 Current Time = 02:35:57
50 Current Time = 02:40:41
60 Current Time = 02:45:02
70 Current Time = 02:49:21
80 Current Time = 02:53:48
90 Current Time = 02:58:32
Number of features: 500
0 Current Time = 03:03:15
10 Current Time = 03:26:28
20 Current Time = 03:50:03
30 Current Time = 04:13:20
40 Current Time = 04:37:02
50 Current Time = 05:00:40
60 Current Time = 05:24:21
70 Current Time = 05:47:58
80 Current Time = 06:10:59
90 Current Time = 06:33:23
Number of features: 1000
0 Current Time = 06:56:07
10 Current Time = 07:45:43
20 Current Time = 08:34:49
30 Current Time = 09:21:13
40 Current Time = 10:08:49
50 Current Time = 10:55:38
60 Current Time = 11:45:14
70 Current Time = 12:37:44
80 Current Time = 13:33:03
90 Current Time = 14:26:54
Number of features: 2923
Analyses complete. Current Time = 15:37:54
Results saved. All done. Current Time = 15:37:55
