Running job number  480
Start  480
End  481
outcome: 131958-0.0
Number of features: 5
0 Current Time = 02:32:30
10 Current Time = 02:33:25
20 Current Time = 02:34:18
30 Current Time = 02:35:11
40 Current Time = 02:36:04
50 Current Time = 02:36:57
60 Current Time = 02:37:50
70 Current Time = 02:38:42
80 Current Time = 02:39:37
90 Current Time = 02:40:32
Number of features: 50
0 Current Time = 02:41:27
10 Current Time = 02:44:31
20 Current Time = 02:47:22
30 Current Time = 02:50:16
40 Current Time = 02:53:15
50 Current Time = 02:56:16
60 Current Time = 02:59:18
70 Current Time = 03:02:17
80 Current Time = 03:05:17
90 Current Time = 03:08:17
Number of features: 100
0 Current Time = 03:11:23
10 Current Time = 03:17:24
20 Current Time = 03:23:18
30 Current Time = 03:28:54
40 Current Time = 03:34:43
50 Current Time = 03:40:37
60 Current Time = 03:46:30
70 Current Time = 03:52:16
80 Current Time = 03:58:04
90 Current Time = 04:03:48
Number of features: 500
0 Current Time = 04:09:28
10 Current Time = 04:36:57
20 Current Time = 05:04:29
30 Current Time = 05:32:17
40 Current Time = 05:58:53
50 Current Time = 06:24:39
60 Current Time = 06:50:11
70 Current Time = 07:15:40
80 Current Time = 07:41:28
90 Current Time = 08:06:42
Number of features: 1000
0 Current Time = 08:33:15
10 Current Time = 09:27:14
