Running job number  200
Start  200
End  201
outcome: 131202-0.0
Number of features: 5
0 Current Time = 01:49:04
10 Current Time = 01:49:37
20 Current Time = 01:50:09
30 Current Time = 01:50:42
40 Current Time = 01:51:15
50 Current Time = 01:51:48
60 Current Time = 01:52:21
70 Current Time = 01:52:54
80 Current Time = 01:53:27
90 Current Time = 01:54:01
Number of features: 50
0 Current Time = 01:54:35
10 Current Time = 01:56:49
20 Current Time = 01:59:00
30 Current Time = 02:01:11
40 Current Time = 02:03:23
50 Current Time = 02:05:32
60 Current Time = 02:07:45
70 Current Time = 02:09:57
80 Current Time = 02:12:09
90 Current Time = 02:14:22
Number of features: 100
0 Current Time = 02:16:33
10 Current Time = 02:20:55
20 Current Time = 02:25:24
30 Current Time = 02:29:48
40 Current Time = 02:34:12
50 Current Time = 02:38:33
60 Current Time = 02:42:58
70 Current Time = 02:47:19
80 Current Time = 02:51:39
90 Current Time = 02:56:10
Number of features: 500
0 Current Time = 03:00:31
10 Current Time = 03:22:40
20 Current Time = 03:45:02
30 Current Time = 04:07:15
40 Current Time = 04:29:36
50 Current Time = 04:51:52
60 Current Time = 05:14:17
70 Current Time = 05:36:34
80 Current Time = 05:58:50
90 Current Time = 06:21:08
Number of features: 1000
0 Current Time = 06:43:23
10 Current Time = 07:29:37
20 Current Time = 08:15:54
30 Current Time = 09:02:06
40 Current Time = 09:48:24
50 Current Time = 10:34:27
60 Current Time = 11:20:36
70 Current Time = 12:07:13
80 Current Time = 12:53:13
90 Current Time = 13:39:35
Number of features: 2923
Analyses complete. Current Time = 14:40:06
Results saved. All done. Current Time = 14:40:06
