Running job number  237
Start  237
End  238
outcome: 131306-0.0
Number of features: 5
0 Current Time = 01:50:21
10 Current Time = 01:51:36
20 Current Time = 01:52:50
30 Current Time = 01:54:03
40 Current Time = 01:55:15
50 Current Time = 01:56:29
60 Current Time = 01:57:41
70 Current Time = 01:58:54
80 Current Time = 02:00:06
90 Current Time = 02:01:16
Number of features: 50
0 Current Time = 02:02:28
10 Current Time = 02:08:06
20 Current Time = 02:13:38
30 Current Time = 02:18:39
40 Current Time = 02:23:54
50 Current Time = 02:29:38
60 Current Time = 02:34:51
70 Current Time = 02:39:53
80 Current Time = 02:45:18
90 Current Time = 02:50:51
Number of features: 100
0 Current Time = 02:55:56
10 Current Time = 03:06:16
20 Current Time = 03:16:44
30 Current Time = 03:26:11
40 Current Time = 03:36:20
50 Current Time = 03:46:22
60 Current Time = 03:56:28
70 Current Time = 04:06:22
80 Current Time = 04:16:44
90 Current Time = 04:26:35
Number of features: 500
0 Current Time = 04:36:39
10 Current Time = 05:26:43
20 Current Time = 06:16:27
30 Current Time = 07:05:38
40 Current Time = 07:54:37
50 Current Time = 08:44:39
60 Current Time = 09:35:48
70 Current Time = 10:24:24
80 Current Time = 11:11:30
90 Current Time = 12:00:12
Number of features: 1000
0 Current Time = 12:50:35
10 Current Time = 14:26:13
20 Current Time = 16:09:31
