Running job number  270
Start  270
End  271
outcome: 131390-0.0
Number of features: 5
0 Current Time = 23:19:09
10 Current Time = 23:19:54
20 Current Time = 23:20:37
30 Current Time = 23:21:21
40 Current Time = 23:22:05
50 Current Time = 23:22:50
60 Current Time = 23:23:35
70 Current Time = 23:24:19
80 Current Time = 23:25:05
90 Current Time = 23:25:48
Number of features: 50
0 Current Time = 23:26:34
10 Current Time = 23:29:25
20 Current Time = 23:32:16
30 Current Time = 23:35:05
40 Current Time = 23:37:54
50 Current Time = 23:40:44
60 Current Time = 23:43:39
70 Current Time = 23:46:30
80 Current Time = 23:49:20
90 Current Time = 23:52:07
Number of features: 100
0 Current Time = 23:54:56
10 Current Time = 00:00:14
20 Current Time = 00:05:31
30 Current Time = 00:10:45
40 Current Time = 00:15:55
50 Current Time = 00:20:59
60 Current Time = 00:25:56
70 Current Time = 00:30:55
80 Current Time = 00:35:45
90 Current Time = 00:40:49
Number of features: 500
0 Current Time = 00:45:53
10 Current Time = 01:11:19
20 Current Time = 01:36:33
30 Current Time = 02:01:21
40 Current Time = 02:26:32
50 Current Time = 02:51:45
60 Current Time = 03:17:03
70 Current Time = 03:41:57
80 Current Time = 04:06:58
90 Current Time = 04:32:10
Number of features: 1000
0 Current Time = 04:57:12
