Running job number  124
Start  124
End  125
outcome: 130920-0.0
Number of features: 5
0 Current Time = 01:47:44
10 Current Time = 01:48:14
20 Current Time = 01:48:42
30 Current Time = 01:49:11
40 Current Time = 01:49:40
50 Current Time = 01:50:09
60 Current Time = 01:50:37
70 Current Time = 01:51:06
80 Current Time = 01:51:35
90 Current Time = 01:52:05
Number of features: 50
0 Current Time = 01:52:34
10 Current Time = 01:54:32
20 Current Time = 01:56:26
30 Current Time = 01:58:20
40 Current Time = 02:00:13
50 Current Time = 02:02:08
60 Current Time = 02:04:02
70 Current Time = 02:05:56
80 Current Time = 02:07:50
90 Current Time = 02:09:45
Number of features: 100
0 Current Time = 02:11:40
10 Current Time = 02:15:31
20 Current Time = 02:19:12
30 Current Time = 02:22:56
40 Current Time = 02:26:39
50 Current Time = 02:30:20
60 Current Time = 02:34:04
70 Current Time = 02:37:48
80 Current Time = 02:41:30
90 Current Time = 02:45:13
Number of features: 500
0 Current Time = 02:48:58
10 Current Time = 03:09:04
20 Current Time = 03:29:00
30 Current Time = 03:49:04
40 Current Time = 04:09:17
50 Current Time = 04:29:19
60 Current Time = 04:49:27
70 Current Time = 05:09:22
80 Current Time = 05:29:37
90 Current Time = 05:49:55
Number of features: 1000
0 Current Time = 06:09:57
10 Current Time = 06:52:49
20 Current Time = 07:36:47
30 Current Time = 08:20:37
40 Current Time = 09:04:36
50 Current Time = 09:47:32
60 Current Time = 10:39:06
70 Current Time = 11:34:31
80 Current Time = 12:25:19
90 Current Time = 13:09:19
Number of features: 2923
Analyses complete. Current Time = 14:08:29
Results saved. All done. Current Time = 14:08:30
