Running job number  218
Start  218
End  219
outcome: 131250-0.0
Number of features: 5
0 Current Time = 23:14:37
10 Current Time = 23:15:08
20 Current Time = 23:15:40
30 Current Time = 23:16:10
40 Current Time = 23:16:42
50 Current Time = 23:17:14
60 Current Time = 23:17:45
70 Current Time = 23:18:16
80 Current Time = 23:18:48
90 Current Time = 23:19:19
Number of features: 50
0 Current Time = 23:19:50
10 Current Time = 23:21:47
20 Current Time = 23:23:44
30 Current Time = 23:25:42
40 Current Time = 23:27:40
50 Current Time = 23:29:39
60 Current Time = 23:31:36
70 Current Time = 23:33:35
80 Current Time = 23:35:33
90 Current Time = 23:37:30
Number of features: 100
0 Current Time = 23:39:28
10 Current Time = 23:43:25
20 Current Time = 23:47:31
30 Current Time = 23:51:37
40 Current Time = 23:55:33
50 Current Time = 23:59:23
60 Current Time = 00:03:28
70 Current Time = 00:07:32
80 Current Time = 00:11:36
90 Current Time = 00:15:55
Number of features: 500
0 Current Time = 00:20:11
10 Current Time = 00:41:57
20 Current Time = 01:04:10
30 Current Time = 01:26:26
40 Current Time = 01:48:30
50 Current Time = 02:10:29
60 Current Time = 02:32:39
70 Current Time = 02:54:43
80 Current Time = 03:16:52
90 Current Time = 03:38:37
Number of features: 1000
0 Current Time = 04:00:33
10 Current Time = 04:46:07
