Running job number  232
Start  232
End  233
outcome: 131294-0.0
Number of features: 5
0 Current Time = 01:50:14
10 Current Time = 01:50:45
20 Current Time = 01:51:16
30 Current Time = 01:51:48
40 Current Time = 01:52:19
50 Current Time = 01:52:51
60 Current Time = 01:53:24
70 Current Time = 01:53:56
80 Current Time = 01:54:28
90 Current Time = 01:55:00
Number of features: 50
0 Current Time = 01:55:32
10 Current Time = 01:57:17
20 Current Time = 01:59:18
30 Current Time = 02:01:34
40 Current Time = 02:03:45
50 Current Time = 02:06:00
60 Current Time = 02:08:13
70 Current Time = 02:10:15
80 Current Time = 02:12:17
90 Current Time = 02:14:22
Number of features: 100
0 Current Time = 02:16:27
10 Current Time = 02:20:30
20 Current Time = 02:24:47
30 Current Time = 02:29:06
40 Current Time = 02:33:16
50 Current Time = 02:37:27
60 Current Time = 02:41:41
70 Current Time = 02:45:51
80 Current Time = 02:49:59
90 Current Time = 02:54:17
Number of features: 500
0 Current Time = 02:58:22
10 Current Time = 03:19:17
20 Current Time = 03:40:16
30 Current Time = 04:01:09
40 Current Time = 04:22:08
50 Current Time = 04:43:08
60 Current Time = 05:03:54
70 Current Time = 05:25:17
80 Current Time = 05:47:25
90 Current Time = 06:09:29
Number of features: 1000
0 Current Time = 06:31:20
10 Current Time = 07:18:49
20 Current Time = 08:08:30
30 Current Time = 08:57:43
40 Current Time = 09:50:06
50 Current Time = 10:43:54
60 Current Time = 11:37:26
70 Current Time = 12:31:33
80 Current Time = 13:24:57
90 Current Time = 14:16:16
Number of features: 2923
Analyses complete. Current Time = 15:18:46
Results saved. All done. Current Time = 15:18:47
