Running job number  244
Start  244
End  245
outcome: 131324-0.0
Number of features: 5
0 Current Time = 01:52:03
10 Current Time = 01:52:50
20 Current Time = 01:53:36
30 Current Time = 01:54:21
40 Current Time = 01:55:06
50 Current Time = 01:55:51
60 Current Time = 01:56:37
70 Current Time = 01:57:22
80 Current Time = 01:58:07
90 Current Time = 01:58:52
Number of features: 50
0 Current Time = 01:59:38
10 Current Time = 02:02:16
20 Current Time = 02:04:52
30 Current Time = 02:07:24
40 Current Time = 02:09:56
50 Current Time = 02:12:27
60 Current Time = 02:14:58
70 Current Time = 02:17:32
80 Current Time = 02:20:07
90 Current Time = 02:22:40
Number of features: 100
0 Current Time = 02:25:13
10 Current Time = 02:29:54
20 Current Time = 02:34:37
30 Current Time = 02:39:24
40 Current Time = 02:44:04
50 Current Time = 02:48:48
60 Current Time = 02:53:33
70 Current Time = 02:58:20
80 Current Time = 03:02:59
90 Current Time = 03:07:38
Number of features: 500
0 Current Time = 03:12:21
10 Current Time = 03:35:29
20 Current Time = 03:58:57
30 Current Time = 04:22:45
40 Current Time = 04:46:25
50 Current Time = 05:09:59
60 Current Time = 05:35:22
70 Current Time = 06:03:06
80 Current Time = 06:27:43
90 Current Time = 06:52:56
Number of features: 1000
0 Current Time = 07:18:07
10 Current Time = 08:08:36
20 Current Time = 08:58:14
30 Current Time = 09:50:10
40 Current Time = 10:40:41
50 Current Time = 11:30:19
60 Current Time = 12:22:40
70 Current Time = 13:12:29
80 Current Time = 14:06:19
90 Current Time = 15:00:30
Number of features: 2923
Analyses complete. Current Time = 16:11:34
Results saved. All done. Current Time = 16:11:35
