Running job number  154
Start  154
End  155
outcome: 131076-0.0
Number of features: 5
0 Current Time = 23:12:44
10 Current Time = 23:13:18
20 Current Time = 23:13:50
30 Current Time = 23:14:23
40 Current Time = 23:14:55
50 Current Time = 23:15:28
60 Current Time = 23:16:01
70 Current Time = 23:16:35
80 Current Time = 23:17:08
90 Current Time = 23:17:41
Number of features: 50
0 Current Time = 23:18:12
10 Current Time = 23:20:24
20 Current Time = 23:22:41
30 Current Time = 23:25:00
40 Current Time = 23:27:17
50 Current Time = 23:29:35
60 Current Time = 23:31:48
70 Current Time = 23:34:06
80 Current Time = 23:36:22
90 Current Time = 23:38:36
Number of features: 100
0 Current Time = 23:40:52
10 Current Time = 23:45:28
20 Current Time = 23:49:54
30 Current Time = 23:54:33
40 Current Time = 23:59:03
50 Current Time = 00:03:40
60 Current Time = 00:08:16
70 Current Time = 00:12:51
80 Current Time = 00:17:32
90 Current Time = 00:22:00
Number of features: 500
0 Current Time = 00:26:39
10 Current Time = 00:50:52
20 Current Time = 01:14:28
30 Current Time = 01:38:34
40 Current Time = 02:02:24
50 Current Time = 02:26:16
60 Current Time = 02:50:06
70 Current Time = 03:13:53
80 Current Time = 03:37:38
90 Current Time = 04:01:11
Number of features: 1000
0 Current Time = 04:25:07
