Running job number  172
Start  172
End  173
outcome: 131124-0.0
Number of features: 5
0 Current Time = 21:33:05
10 Current Time = 21:33:39
20 Current Time = 21:34:13
30 Current Time = 21:34:46
40 Current Time = 21:35:18
50 Current Time = 21:35:52
60 Current Time = 21:36:24
70 Current Time = 21:36:57
80 Current Time = 21:37:30
90 Current Time = 21:38:04
Number of features: 50
0 Current Time = 21:38:38
10 Current Time = 21:40:42
20 Current Time = 21:42:45
30 Current Time = 21:44:51
40 Current Time = 21:46:55
50 Current Time = 21:49:02
60 Current Time = 21:51:07
70 Current Time = 21:53:09
80 Current Time = 21:55:12
90 Current Time = 21:57:20
Number of features: 100
0 Current Time = 21:59:25
10 Current Time = 22:03:49
20 Current Time = 22:08:00
30 Current Time = 22:12:10
40 Current Time = 22:16:18
50 Current Time = 22:20:35
60 Current Time = 22:24:41
70 Current Time = 22:28:50
80 Current Time = 22:33:05
90 Current Time = 22:37:16
Number of features: 500
0 Current Time = 22:41:26
10 Current Time = 23:02:42
20 Current Time = 23:24:12
30 Current Time = 23:45:59
40 Current Time = 00:07:35
50 Current Time = 00:29:04
60 Current Time = 00:51:20
70 Current Time = 01:13:22
80 Current Time = 01:34:37
90 Current Time = 01:56:17
Number of features: 1000
0 Current Time = 02:17:50
10 Current Time = 03:05:37
20 Current Time = 03:49:44
30 Current Time = 04:31:24
40 Current Time = 05:12:47
50 Current Time = 05:54:06
60 Current Time = 06:35:41
70 Current Time = 07:16:40
80 Current Time = 07:56:56
90 Current Time = 08:36:51
Number of features: 2923
Analyses complete. Current Time = 09:26:51
Results saved. All done. Current Time = 09:26:52
