Running job number  88
Start  88
End  89
outcome: 130814-0.0
Number of features: 5
0 Current Time = 23:07:59
10 Current Time = 23:09:22
20 Current Time = 23:10:43
30 Current Time = 23:12:04
40 Current Time = 23:13:24
50 Current Time = 23:14:47
60 Current Time = 23:16:09
70 Current Time = 23:17:32
80 Current Time = 23:18:56
90 Current Time = 23:20:17
Number of features: 50
0 Current Time = 23:21:39
10 Current Time = 23:27:57
20 Current Time = 23:34:06
30 Current Time = 23:40:15
40 Current Time = 23:46:06
50 Current Time = 23:52:23
60 Current Time = 23:58:31
70 Current Time = 00:04:47
80 Current Time = 00:10:41
90 Current Time = 00:16:54
Number of features: 100
0 Current Time = 00:22:53
10 Current Time = 00:35:55
20 Current Time = 00:48:49
30 Current Time = 01:01:34
40 Current Time = 01:13:09
50 Current Time = 01:24:23
60 Current Time = 01:36:06
70 Current Time = 01:48:11
80 Current Time = 01:59:49
90 Current Time = 02:11:35
Number of features: 500
0 Current Time = 02:22:47
10 Current Time = 03:33:45
20 Current Time = 04:44:55
