Running job number  204
Start  204
End  205
outcome: 131212-0.0
Number of features: 5
0 Current Time = 23:14:45
10 Current Time = 23:15:25
20 Current Time = 23:16:04
30 Current Time = 23:16:44
40 Current Time = 23:17:24
50 Current Time = 23:18:05
60 Current Time = 23:18:46
70 Current Time = 23:19:28
80 Current Time = 23:20:08
90 Current Time = 23:20:48
Number of features: 50
0 Current Time = 23:21:28
10 Current Time = 23:24:03
20 Current Time = 23:26:35
30 Current Time = 23:29:08
40 Current Time = 23:31:36
50 Current Time = 23:34:02
60 Current Time = 23:36:36
70 Current Time = 23:39:14
80 Current Time = 23:41:41
90 Current Time = 23:44:14
Number of features: 100
0 Current Time = 23:46:45
10 Current Time = 23:51:49
20 Current Time = 23:56:44
30 Current Time = 00:01:42
40 Current Time = 00:06:39
50 Current Time = 00:11:33
60 Current Time = 00:16:17
70 Current Time = 00:21:04
80 Current Time = 00:25:38
90 Current Time = 00:30:22
Number of features: 500
0 Current Time = 00:35:07
10 Current Time = 01:00:50
20 Current Time = 01:26:27
30 Current Time = 01:51:56
40 Current Time = 02:17:52
50 Current Time = 02:43:07
60 Current Time = 03:08:38
70 Current Time = 03:34:34
80 Current Time = 03:59:53
90 Current Time = 04:25:26
Number of features: 1000
0 Current Time = 04:50:25
