Running job number  230
Start  230
End  231
outcome: 131288-0.0
Number of features: 5
0 Current Time = 01:50:14
10 Current Time = 01:50:47
20 Current Time = 01:51:21
30 Current Time = 01:51:55
40 Current Time = 01:52:28
50 Current Time = 01:53:01
60 Current Time = 01:53:36
70 Current Time = 01:54:08
80 Current Time = 01:54:42
90 Current Time = 01:55:15
Number of features: 50
0 Current Time = 01:55:50
10 Current Time = 01:57:46
20 Current Time = 01:59:57
30 Current Time = 02:02:18
40 Current Time = 02:04:41
50 Current Time = 02:07:03
60 Current Time = 02:09:25
70 Current Time = 02:11:31
80 Current Time = 02:13:42
90 Current Time = 02:15:54
Number of features: 100
0 Current Time = 02:18:04
10 Current Time = 02:22:38
20 Current Time = 02:27:11
30 Current Time = 02:31:34
40 Current Time = 02:36:08
50 Current Time = 02:40:34
60 Current Time = 02:45:08
70 Current Time = 02:49:36
80 Current Time = 02:54:07
90 Current Time = 02:58:32
Number of features: 500
0 Current Time = 03:03:06
10 Current Time = 03:26:05
20 Current Time = 03:49:12
30 Current Time = 04:12:17
40 Current Time = 04:35:12
50 Current Time = 04:58:18
60 Current Time = 05:21:33
70 Current Time = 05:45:34
80 Current Time = 06:09:28
90 Current Time = 06:33:26
Number of features: 1000
0 Current Time = 06:57:48
10 Current Time = 07:51:10
20 Current Time = 08:43:16
30 Current Time = 09:39:42
40 Current Time = 10:36:50
50 Current Time = 11:33:47
60 Current Time = 12:32:44
70 Current Time = 13:29:04
80 Current Time = 14:24:48
90 Current Time = 15:16:31
Number of features: 2923
Analyses complete. Current Time = 16:16:26
Results saved. All done. Current Time = 16:16:27
