Running job number  158
Start  158
End  159
outcome: 131084-0.0
Number of features: 5
0 Current Time = 21:33:05
10 Current Time = 21:33:35
20 Current Time = 21:34:05
30 Current Time = 21:34:35
40 Current Time = 21:35:05
50 Current Time = 21:35:35
60 Current Time = 21:36:05
70 Current Time = 21:36:35
80 Current Time = 21:37:05
90 Current Time = 21:37:34
Number of features: 50
0 Current Time = 21:38:04
10 Current Time = 21:39:52
20 Current Time = 21:41:44
30 Current Time = 21:43:36
40 Current Time = 21:45:27
50 Current Time = 21:47:18
60 Current Time = 21:49:09
70 Current Time = 21:51:02
80 Current Time = 21:52:55
90 Current Time = 21:54:46
Number of features: 100
0 Current Time = 21:56:38
10 Current Time = 22:00:22
20 Current Time = 22:04:15
30 Current Time = 22:07:58
40 Current Time = 22:11:38
50 Current Time = 22:15:17
60 Current Time = 22:18:58
70 Current Time = 22:22:40
80 Current Time = 22:26:21
90 Current Time = 22:30:04
Number of features: 500
0 Current Time = 22:33:57
10 Current Time = 22:53:11
20 Current Time = 23:12:09
30 Current Time = 23:31:21
40 Current Time = 23:50:35
50 Current Time = 00:10:08
60 Current Time = 00:29:22
70 Current Time = 00:48:58
80 Current Time = 01:08:38
90 Current Time = 01:28:02
Number of features: 1000
0 Current Time = 01:47:57
10 Current Time = 02:29:12
20 Current Time = 03:10:20
30 Current Time = 03:50:49
40 Current Time = 04:31:16
50 Current Time = 05:11:52
60 Current Time = 05:52:35
70 Current Time = 06:33:05
80 Current Time = 07:13:19
90 Current Time = 07:53:10
Number of features: 2923
Analyses complete. Current Time = 08:44:49
Results saved. All done. Current Time = 08:44:51
