Running job number  124
Start  124
End  125
outcome: 130920-0.0
Number of features: 5
0 Current Time = 23:09:52
10 Current Time = 23:10:24
20 Current Time = 23:10:55
30 Current Time = 23:11:26
40 Current Time = 23:11:57
50 Current Time = 23:12:29
60 Current Time = 23:12:59
70 Current Time = 23:13:30
80 Current Time = 23:14:03
90 Current Time = 23:14:34
Number of features: 50
0 Current Time = 23:15:06
10 Current Time = 23:17:00
20 Current Time = 23:18:54
30 Current Time = 23:20:52
40 Current Time = 23:22:53
50 Current Time = 23:24:56
60 Current Time = 23:27:00
70 Current Time = 23:29:05
80 Current Time = 23:31:09
90 Current Time = 23:33:15
Number of features: 100
0 Current Time = 23:35:21
10 Current Time = 23:39:29
20 Current Time = 23:43:33
30 Current Time = 23:47:45
40 Current Time = 23:51:53
50 Current Time = 23:55:58
60 Current Time = 00:00:09
70 Current Time = 00:04:13
80 Current Time = 00:08:23
90 Current Time = 00:12:25
Number of features: 500
0 Current Time = 00:16:24
10 Current Time = 00:36:53
20 Current Time = 00:57:39
30 Current Time = 01:18:13
40 Current Time = 01:38:52
50 Current Time = 01:59:28
60 Current Time = 02:20:01
70 Current Time = 02:40:33
80 Current Time = 03:01:11
90 Current Time = 03:21:45
Number of features: 1000
0 Current Time = 03:42:14
10 Current Time = 04:24:55
20 Current Time = 05:07:31
