Running job number  461
Start  461
End  462
outcome: 131910-0.0
Number of features: 5
0 Current Time = 02:32:47
10 Current Time = 02:33:30
20 Current Time = 02:34:13
30 Current Time = 02:34:56
40 Current Time = 02:35:38
50 Current Time = 02:36:17
60 Current Time = 02:37:00
70 Current Time = 02:37:42
80 Current Time = 02:38:23
90 Current Time = 02:39:06
Number of features: 50
0 Current Time = 02:39:49
10 Current Time = 02:42:46
20 Current Time = 02:45:28
30 Current Time = 02:48:16
40 Current Time = 02:51:01
50 Current Time = 02:53:50
60 Current Time = 02:56:38
70 Current Time = 02:59:16
80 Current Time = 03:02:04
90 Current Time = 03:04:49
Number of features: 100
0 Current Time = 03:07:38
10 Current Time = 03:13:06
20 Current Time = 03:18:16
30 Current Time = 03:23:37
40 Current Time = 03:29:01
50 Current Time = 03:34:25
60 Current Time = 03:39:42
70 Current Time = 03:44:53
80 Current Time = 03:50:14
90 Current Time = 03:55:47
Number of features: 500
0 Current Time = 04:01:12
10 Current Time = 04:28:45
20 Current Time = 04:55:56
30 Current Time = 05:22:56
40 Current Time = 05:48:09
50 Current Time = 06:13:13
60 Current Time = 06:38:04
70 Current Time = 07:02:44
80 Current Time = 07:27:47
90 Current Time = 07:52:57
Number of features: 1000
0 Current Time = 08:17:45
10 Current Time = 09:09:02
20 Current Time = 09:59:13
