Running job number  602
Start  602
End  603
outcome: 132532-0.0
Number of features: 5
0 Current Time = 02:48:40
10 Current Time = 02:49:15
20 Current Time = 02:49:49
30 Current Time = 02:50:23
40 Current Time = 02:50:57
50 Current Time = 02:51:30
60 Current Time = 02:52:04
70 Current Time = 02:52:38
80 Current Time = 02:53:11
90 Current Time = 02:53:45
Number of features: 50
0 Current Time = 02:54:19
10 Current Time = 02:56:34
20 Current Time = 02:58:56
30 Current Time = 03:01:15
40 Current Time = 03:03:36
50 Current Time = 03:05:56
60 Current Time = 03:08:10
70 Current Time = 03:10:25
80 Current Time = 03:12:38
90 Current Time = 03:14:53
Number of features: 100
0 Current Time = 03:17:09
10 Current Time = 03:21:40
20 Current Time = 03:26:27
30 Current Time = 03:31:05
40 Current Time = 03:35:39
50 Current Time = 03:40:08
60 Current Time = 03:44:40
70 Current Time = 03:49:13
80 Current Time = 03:53:45
90 Current Time = 03:58:21
Number of features: 500
0 Current Time = 04:03:03
10 Current Time = 04:26:04
20 Current Time = 04:49:08
30 Current Time = 05:11:15
40 Current Time = 05:33:46
50 Current Time = 05:55:45
60 Current Time = 06:17:26
70 Current Time = 06:39:08
80 Current Time = 07:01:16
90 Current Time = 07:22:52
Number of features: 1000
0 Current Time = 07:44:35
10 Current Time = 08:30:04
20 Current Time = 09:16:19
30 Current Time = 10:02:22
