Running job number  279
Start  279
End  280
outcome: 131414-0.0
Number of features: 5
0 Current Time = 01:54:31
10 Current Time = 01:55:11
20 Current Time = 01:55:49
30 Current Time = 01:56:28
40 Current Time = 01:57:06
50 Current Time = 01:57:45
60 Current Time = 01:58:23
70 Current Time = 01:59:02
80 Current Time = 01:59:39
90 Current Time = 02:00:17
Number of features: 50
0 Current Time = 02:00:57
10 Current Time = 02:03:43
20 Current Time = 02:06:26
30 Current Time = 02:09:15
40 Current Time = 02:12:07
50 Current Time = 02:14:51
60 Current Time = 02:17:34
70 Current Time = 02:20:14
80 Current Time = 02:22:51
90 Current Time = 02:25:33
Number of features: 100
0 Current Time = 02:28:21
10 Current Time = 02:33:58
20 Current Time = 02:39:13
30 Current Time = 02:44:25
40 Current Time = 02:49:51
50 Current Time = 02:55:18
60 Current Time = 03:00:27
70 Current Time = 03:05:37
80 Current Time = 03:11:00
90 Current Time = 03:16:28
Number of features: 500
0 Current Time = 03:21:37
10 Current Time = 03:48:56
20 Current Time = 04:15:56
30 Current Time = 04:42:53
40 Current Time = 05:10:03
50 Current Time = 05:37:10
60 Current Time = 06:04:11
70 Current Time = 06:32:33
80 Current Time = 07:01:51
90 Current Time = 07:31:19
Number of features: 1000
0 Current Time = 08:00:38
10 Current Time = 09:01:39
20 Current Time = 09:59:01
30 Current Time = 10:57:23
40 Current Time = 11:56:18
50 Current Time = 12:54:04
60 Current Time = 13:48:54
70 Current Time = 14:40:34
80 Current Time = 15:32:04
90 Current Time = 16:21:21
Number of features: 2923
Analyses complete. Current Time = 17:26:37
Results saved. All done. Current Time = 17:26:38
