Running job number  269
Start  269
End  270
outcome: 131388-0.0
Number of features: 5
0 Current Time = 23:19:12
10 Current Time = 23:19:54
20 Current Time = 23:20:33
30 Current Time = 23:21:13
40 Current Time = 23:21:54
50 Current Time = 23:22:35
60 Current Time = 23:23:16
70 Current Time = 23:23:57
80 Current Time = 23:24:37
90 Current Time = 23:25:16
Number of features: 50
0 Current Time = 23:25:57
10 Current Time = 23:28:38
20 Current Time = 23:31:16
30 Current Time = 23:33:49
40 Current Time = 23:36:24
50 Current Time = 23:38:59
60 Current Time = 23:41:33
70 Current Time = 23:44:10
80 Current Time = 23:46:49
90 Current Time = 23:49:26
Number of features: 100
0 Current Time = 23:52:02
10 Current Time = 23:57:13
20 Current Time = 00:02:23
30 Current Time = 00:07:26
40 Current Time = 00:12:25
50 Current Time = 00:17:28
60 Current Time = 00:22:29
70 Current Time = 00:27:28
80 Current Time = 00:32:24
90 Current Time = 00:37:21
Number of features: 500
0 Current Time = 00:42:20
10 Current Time = 01:07:22
20 Current Time = 01:32:45
30 Current Time = 01:58:14
40 Current Time = 02:23:30
50 Current Time = 02:48:39
60 Current Time = 03:14:31
70 Current Time = 03:40:41
80 Current Time = 04:07:46
90 Current Time = 04:34:13
Number of features: 1000
0 Current Time = 04:58:58
