Running job number  201
Start  201
End  202
outcome: 131204-0.0
Number of features: 5
0 Current Time = 01:49:04
10 Current Time = 01:49:37
20 Current Time = 01:50:11
30 Current Time = 01:50:44
40 Current Time = 01:51:16
50 Current Time = 01:51:49
60 Current Time = 01:52:21
70 Current Time = 01:52:55
80 Current Time = 01:53:28
90 Current Time = 01:54:01
Number of features: 50
0 Current Time = 01:54:35
10 Current Time = 01:56:45
20 Current Time = 01:58:56
30 Current Time = 02:01:05
40 Current Time = 02:03:15
50 Current Time = 02:05:27
60 Current Time = 02:07:38
70 Current Time = 02:09:50
80 Current Time = 02:12:00
90 Current Time = 02:14:10
Number of features: 100
0 Current Time = 02:16:22
10 Current Time = 02:20:37
20 Current Time = 02:24:59
30 Current Time = 02:29:26
40 Current Time = 02:33:45
50 Current Time = 02:38:09
60 Current Time = 02:42:30
70 Current Time = 02:46:58
80 Current Time = 02:51:25
90 Current Time = 02:55:53
Number of features: 500
0 Current Time = 03:00:21
10 Current Time = 03:22:39
20 Current Time = 03:45:10
30 Current Time = 04:07:35
40 Current Time = 04:29:55
50 Current Time = 04:52:15
60 Current Time = 05:14:43
70 Current Time = 05:37:16
80 Current Time = 05:59:54
90 Current Time = 06:22:26
Number of features: 1000
0 Current Time = 06:44:48
10 Current Time = 07:31:16
20 Current Time = 08:17:58
30 Current Time = 09:04:27
40 Current Time = 09:51:05
50 Current Time = 10:37:37
60 Current Time = 11:24:18
70 Current Time = 12:10:42
80 Current Time = 12:57:22
90 Current Time = 13:43:40
Number of features: 2923
Analyses complete. Current Time = 14:44:14
Results saved. All done. Current Time = 14:44:15
