Running job number  141
Start  141
End  142
outcome: 131046-0.0
Number of features: 5
0 Current Time = 23:09:55
10 Current Time = 23:10:29
20 Current Time = 23:11:04
30 Current Time = 23:11:40
40 Current Time = 23:12:15
50 Current Time = 23:12:50
60 Current Time = 23:13:25
70 Current Time = 23:14:01
80 Current Time = 23:14:36
90 Current Time = 23:15:13
Number of features: 50
0 Current Time = 23:15:48
10 Current Time = 23:18:08
20 Current Time = 23:20:25
30 Current Time = 23:22:42
40 Current Time = 23:24:59
50 Current Time = 23:27:10
60 Current Time = 23:29:23
70 Current Time = 23:31:35
80 Current Time = 23:33:51
90 Current Time = 23:36:09
Number of features: 100
0 Current Time = 23:38:25
10 Current Time = 23:43:26
20 Current Time = 23:48:26
30 Current Time = 23:53:25
40 Current Time = 23:58:14
50 Current Time = 00:03:03
60 Current Time = 00:08:00
70 Current Time = 00:12:37
80 Current Time = 00:17:18
90 Current Time = 00:21:55
Number of features: 500
0 Current Time = 00:26:36
10 Current Time = 00:48:53
20 Current Time = 01:12:24
30 Current Time = 01:34:47
40 Current Time = 01:57:12
50 Current Time = 02:19:24
60 Current Time = 02:42:24
70 Current Time = 03:06:25
80 Current Time = 03:30:19
90 Current Time = 03:53:56
Number of features: 1000
0 Current Time = 04:17:22
10 Current Time = 05:03:20
