Running job number  149
Start  149
End  150
outcome: 131064-0.0
Number of features: 5
0 Current Time = 01:48:37
10 Current Time = 01:49:36
20 Current Time = 01:50:20
30 Current Time = 01:50:55
40 Current Time = 01:51:31
50 Current Time = 01:52:07
60 Current Time = 01:52:43
70 Current Time = 01:53:18
80 Current Time = 01:53:53
90 Current Time = 01:54:26
Number of features: 50
0 Current Time = 01:55:00
10 Current Time = 01:58:08
20 Current Time = 02:00:16
30 Current Time = 02:02:24
40 Current Time = 02:04:33
50 Current Time = 02:06:42
60 Current Time = 02:08:53
70 Current Time = 02:11:05
80 Current Time = 02:13:18
90 Current Time = 02:15:33
Number of features: 100
0 Current Time = 02:17:48
10 Current Time = 02:22:37
20 Current Time = 02:27:34
30 Current Time = 02:32:00
40 Current Time = 02:36:25
50 Current Time = 02:41:23
60 Current Time = 02:46:23
70 Current Time = 02:51:21
80 Current Time = 02:56:19
90 Current Time = 03:01:13
Number of features: 500
0 Current Time = 03:06:09
10 Current Time = 03:32:49
20 Current Time = 03:59:38
30 Current Time = 04:26:26
40 Current Time = 04:52:20
50 Current Time = 05:18:18
60 Current Time = 05:45:33
70 Current Time = 06:12:02
80 Current Time = 06:38:54
90 Current Time = 07:04:55
Number of features: 1000
0 Current Time = 07:31:06
10 Current Time = 08:34:14
20 Current Time = 09:32:57
30 Current Time = 10:16:37
40 Current Time = 10:50:39
50 Current Time = 11:23:34
60 Current Time = 11:54:30
70 Current Time = 12:24:59
80 Current Time = 12:56:55
90 Current Time = 13:27:06
Number of features: 2923
Analyses complete. Current Time = 14:08:37
Results saved. All done. Current Time = 14:08:37
