Running job number  2
Start  2
End  3
outcome: 130014-0.0
Number of features: 5
0 Current Time = 23:04:55
10 Current Time = 23:05:25
20 Current Time = 23:05:56
30 Current Time = 23:06:26
40 Current Time = 23:06:57
50 Current Time = 23:07:28
60 Current Time = 23:07:59
70 Current Time = 23:08:30
80 Current Time = 23:09:01
90 Current Time = 23:09:32
Number of features: 50
0 Current Time = 23:10:03
10 Current Time = 23:12:06
20 Current Time = 23:14:09
30 Current Time = 23:16:10
40 Current Time = 23:18:12
50 Current Time = 23:20:15
60 Current Time = 23:22:17
70 Current Time = 23:24:16
80 Current Time = 23:26:17
90 Current Time = 23:28:17
Number of features: 100
0 Current Time = 23:30:18
10 Current Time = 23:34:14
20 Current Time = 23:38:24
30 Current Time = 23:42:39
40 Current Time = 23:47:23
50 Current Time = 23:51:50
60 Current Time = 23:56:16
70 Current Time = 00:00:26
80 Current Time = 00:04:32
90 Current Time = 00:08:43
Number of features: 500
0 Current Time = 00:13:09
10 Current Time = 00:35:44
20 Current Time = 00:58:38
30 Current Time = 01:22:43
40 Current Time = 01:46:40
50 Current Time = 02:09:56
60 Current Time = 02:33:59
70 Current Time = 02:58:22
80 Current Time = 03:22:22
90 Current Time = 03:45:46
Number of features: 1000
0 Current Time = 04:09:31
10 Current Time = 04:59:49
