Running job number  555
Start  555
End  556
outcome: 132148-0.0
Number of features: 5
0 Current Time = 02:42:41
10 Current Time = 02:43:29
20 Current Time = 02:44:14
30 Current Time = 02:45:01
40 Current Time = 02:45:49
50 Current Time = 02:46:37
60 Current Time = 02:47:23
70 Current Time = 02:48:10
80 Current Time = 02:48:56
90 Current Time = 02:49:43
Number of features: 50
0 Current Time = 02:50:28
10 Current Time = 02:53:44
20 Current Time = 02:56:49
30 Current Time = 02:59:56
40 Current Time = 03:03:01
50 Current Time = 03:06:15
60 Current Time = 03:09:24
70 Current Time = 03:12:34
80 Current Time = 03:15:42
90 Current Time = 03:18:46
Number of features: 100
0 Current Time = 03:21:46
10 Current Time = 03:28:10
20 Current Time = 03:34:20
30 Current Time = 03:40:32
40 Current Time = 03:46:38
50 Current Time = 03:52:52
60 Current Time = 03:59:00
70 Current Time = 04:05:01
80 Current Time = 04:11:04
90 Current Time = 04:16:54
Number of features: 500
0 Current Time = 04:22:52
10 Current Time = 04:52:54
20 Current Time = 05:21:37
30 Current Time = 05:50:45
40 Current Time = 06:19:44
50 Current Time = 06:48:30
60 Current Time = 07:17:36
70 Current Time = 07:46:25
80 Current Time = 08:15:15
90 Current Time = 08:44:23
Number of features: 1000
0 Current Time = 09:13:26
