Running job number  1
Start  1
End  2
outcome: 130008-0.0
Number of features: 5
0 Current Time = 23:10:04
10 Current Time = 23:10:46
20 Current Time = 23:11:27
30 Current Time = 23:12:08
40 Current Time = 23:12:48
50 Current Time = 23:13:29
60 Current Time = 23:14:12
70 Current Time = 23:14:53
80 Current Time = 23:15:33
90 Current Time = 23:16:14
Number of features: 50
0 Current Time = 23:16:57
10 Current Time = 23:19:30
20 Current Time = 23:22:01
30 Current Time = 23:24:33
40 Current Time = 23:27:05
50 Current Time = 23:29:38
60 Current Time = 23:32:08
70 Current Time = 23:34:41
80 Current Time = 23:37:12
90 Current Time = 23:39:49
Number of features: 100
0 Current Time = 23:42:20
10 Current Time = 23:47:30
20 Current Time = 23:52:41
30 Current Time = 23:57:36
40 Current Time = 00:02:52
50 Current Time = 00:08:08
60 Current Time = 00:13:19
70 Current Time = 00:18:31
80 Current Time = 00:23:42
90 Current Time = 00:28:59
Number of features: 500
0 Current Time = 00:34:26
10 Current Time = 01:01:19
20 Current Time = 01:27:37
30 Current Time = 01:53:14
40 Current Time = 02:19:46
50 Current Time = 02:45:05
60 Current Time = 03:11:56
70 Current Time = 03:36:26
80 Current Time = 04:00:39
90 Current Time = 04:25:05
Number of features: 1000
0 Current Time = 04:48:45
