Running job number  395
Start  395
End  396
outcome: 131708-0.0
Number of features: 5
0 Current Time = 02:16:33
10 Current Time = 02:17:16
20 Current Time = 02:17:59
30 Current Time = 02:18:43
40 Current Time = 02:19:26
50 Current Time = 02:20:10
60 Current Time = 02:20:55
70 Current Time = 02:21:39
80 Current Time = 02:22:23
90 Current Time = 02:23:07
Number of features: 50
0 Current Time = 02:23:52
10 Current Time = 02:27:12
20 Current Time = 02:30:05
30 Current Time = 02:32:54
40 Current Time = 02:35:45
50 Current Time = 02:38:33
60 Current Time = 02:41:23
70 Current Time = 02:44:12
80 Current Time = 02:46:55
90 Current Time = 02:49:40
Number of features: 100
0 Current Time = 02:52:24
10 Current Time = 02:59:17
20 Current Time = 03:05:47
30 Current Time = 03:12:18
40 Current Time = 03:18:32
50 Current Time = 03:24:53
60 Current Time = 03:31:33
70 Current Time = 03:38:08
80 Current Time = 03:44:27
90 Current Time = 03:50:59
Number of features: 500
0 Current Time = 03:57:48
10 Current Time = 04:37:56
20 Current Time = 05:18:11
30 Current Time = 05:57:45
40 Current Time = 06:33:31
50 Current Time = 07:00:09
60 Current Time = 07:27:06
70 Current Time = 07:54:22
80 Current Time = 08:21:13
90 Current Time = 08:47:39
Number of features: 1000
0 Current Time = 09:14:34
10 Current Time = 10:14:52
