Running job number  211
Start  211
End  212
outcome: 131230-0.0
Number of features: 5
0 Current Time = 23:14:54
10 Current Time = 23:15:31
20 Current Time = 23:16:09
30 Current Time = 23:16:47
40 Current Time = 23:17:26
50 Current Time = 23:18:04
60 Current Time = 23:18:41
70 Current Time = 23:19:19
80 Current Time = 23:19:57
90 Current Time = 23:20:34
Number of features: 50
0 Current Time = 23:21:12
10 Current Time = 23:23:38
20 Current Time = 23:26:00
30 Current Time = 23:28:20
40 Current Time = 23:30:43
50 Current Time = 23:33:08
60 Current Time = 23:35:31
70 Current Time = 23:37:58
80 Current Time = 23:40:24
90 Current Time = 23:42:45
Number of features: 100
0 Current Time = 23:45:04
10 Current Time = 23:50:11
20 Current Time = 23:55:12
30 Current Time = 00:00:12
40 Current Time = 00:05:25
50 Current Time = 00:10:50
60 Current Time = 00:16:01
70 Current Time = 00:21:19
80 Current Time = 00:26:37
90 Current Time = 00:31:54
Number of features: 500
0 Current Time = 00:37:11
10 Current Time = 01:04:37
20 Current Time = 01:32:15
30 Current Time = 02:00:03
40 Current Time = 02:27:04
50 Current Time = 02:53:53
60 Current Time = 03:20:05
70 Current Time = 03:45:48
80 Current Time = 04:12:03
90 Current Time = 04:36:31
Number of features: 1000
0 Current Time = 05:01:13
