Running job number  296
Start  296
End  297
outcome: 131458-0.0
Number of features: 5
0 Current Time = 23:29:01
10 Current Time = 23:29:49
20 Current Time = 23:30:33
30 Current Time = 23:31:19
40 Current Time = 23:32:06
50 Current Time = 23:32:52
60 Current Time = 23:33:39
70 Current Time = 23:34:24
80 Current Time = 23:35:10
90 Current Time = 23:35:54
Number of features: 50
0 Current Time = 23:36:42
10 Current Time = 23:39:30
20 Current Time = 23:42:14
30 Current Time = 23:45:05
40 Current Time = 23:47:47
50 Current Time = 23:50:35
60 Current Time = 23:53:19
70 Current Time = 23:55:59
80 Current Time = 23:58:47
90 Current Time = 00:01:24
Number of features: 100
0 Current Time = 00:04:10
10 Current Time = 00:09:32
20 Current Time = 00:14:42
30 Current Time = 00:19:46
40 Current Time = 00:24:49
50 Current Time = 00:30:09
60 Current Time = 00:35:21
70 Current Time = 00:40:30
80 Current Time = 00:45:48
90 Current Time = 00:51:00
Number of features: 500
0 Current Time = 00:56:14
10 Current Time = 01:20:36
20 Current Time = 01:45:18
30 Current Time = 02:10:31
40 Current Time = 02:35:01
50 Current Time = 02:59:40
60 Current Time = 03:24:34
70 Current Time = 03:48:35
80 Current Time = 04:13:21
90 Current Time = 04:37:53
Number of features: 1000
0 Current Time = 05:02:06
