Running job number  110
Start  110
End  111
outcome: 130890-0.0
Number of features: 5
0 Current Time = 23:09:36
10 Current Time = 23:10:08
20 Current Time = 23:10:39
30 Current Time = 23:11:10
40 Current Time = 23:11:41
50 Current Time = 23:12:12
60 Current Time = 23:12:43
70 Current Time = 23:13:15
80 Current Time = 23:13:46
90 Current Time = 23:14:18
Number of features: 50
0 Current Time = 23:14:49
10 Current Time = 23:16:52
20 Current Time = 23:18:54
30 Current Time = 23:20:54
40 Current Time = 23:22:57
50 Current Time = 23:25:00
60 Current Time = 23:27:02
70 Current Time = 23:29:04
80 Current Time = 23:31:05
90 Current Time = 23:33:07
Number of features: 100
0 Current Time = 23:35:12
10 Current Time = 23:39:18
20 Current Time = 23:43:29
30 Current Time = 23:47:36
40 Current Time = 23:51:44
50 Current Time = 23:55:47
60 Current Time = 23:59:49
70 Current Time = 00:03:53
80 Current Time = 00:07:55
90 Current Time = 00:11:58
Number of features: 500
0 Current Time = 00:15:52
10 Current Time = 00:34:25
20 Current Time = 00:54:10
30 Current Time = 01:14:34
40 Current Time = 01:35:34
50 Current Time = 01:56:40
60 Current Time = 02:17:35
70 Current Time = 02:38:18
80 Current Time = 02:59:09
90 Current Time = 03:20:08
Number of features: 1000
0 Current Time = 03:40:36
10 Current Time = 04:25:30
