Running job number  169
Start  169
End  170
outcome: 131118-0.0
Number of features: 5
0 Current Time = 23:12:34
10 Current Time = 23:13:05
20 Current Time = 23:13:36
30 Current Time = 23:14:08
40 Current Time = 23:14:39
50 Current Time = 23:15:11
60 Current Time = 23:15:42
70 Current Time = 23:16:13
80 Current Time = 23:16:44
90 Current Time = 23:17:15
Number of features: 50
0 Current Time = 23:17:47
10 Current Time = 23:19:52
20 Current Time = 23:21:56
30 Current Time = 23:24:01
40 Current Time = 23:26:03
50 Current Time = 23:28:07
60 Current Time = 23:30:13
70 Current Time = 23:32:15
80 Current Time = 23:34:19
90 Current Time = 23:36:22
Number of features: 100
0 Current Time = 23:38:27
10 Current Time = 23:42:44
20 Current Time = 23:46:53
30 Current Time = 23:51:05
40 Current Time = 23:55:12
50 Current Time = 23:59:21
60 Current Time = 00:03:28
70 Current Time = 00:07:32
80 Current Time = 00:11:39
90 Current Time = 00:15:48
Number of features: 500
0 Current Time = 00:19:58
10 Current Time = 00:40:45
20 Current Time = 01:02:11
30 Current Time = 01:23:23
40 Current Time = 01:44:38
50 Current Time = 02:05:50
60 Current Time = 02:27:33
70 Current Time = 02:49:29
80 Current Time = 03:12:17
90 Current Time = 03:35:04
Number of features: 1000
0 Current Time = 03:59:40
10 Current Time = 04:50:29
