Running job number  180
Start  180
End  181
outcome: 131144-0.0
Number of features: 5
0 Current Time = 01:48:56
10 Current Time = 01:49:40
20 Current Time = 01:50:24
30 Current Time = 01:51:07
40 Current Time = 01:51:50
50 Current Time = 01:52:34
60 Current Time = 01:53:17
70 Current Time = 01:54:00
80 Current Time = 01:54:44
90 Current Time = 01:55:27
Number of features: 50
0 Current Time = 01:56:11
10 Current Time = 01:58:43
20 Current Time = 02:01:16
30 Current Time = 02:03:53
40 Current Time = 02:06:48
50 Current Time = 02:09:45
60 Current Time = 02:12:40
70 Current Time = 02:15:27
80 Current Time = 02:18:05
90 Current Time = 02:20:46
Number of features: 100
0 Current Time = 02:23:24
10 Current Time = 02:28:56
20 Current Time = 02:34:27
30 Current Time = 02:39:36
40 Current Time = 02:44:54
50 Current Time = 02:50:25
60 Current Time = 02:55:54
70 Current Time = 03:01:07
80 Current Time = 03:06:29
90 Current Time = 03:12:14
Number of features: 500
0 Current Time = 03:17:47
10 Current Time = 03:44:28
20 Current Time = 04:11:12
30 Current Time = 04:38:47
40 Current Time = 05:06:13
50 Current Time = 05:33:38
60 Current Time = 06:01:08
70 Current Time = 06:28:57
80 Current Time = 06:57:16
90 Current Time = 07:25:28
Number of features: 1000
0 Current Time = 07:53:46
10 Current Time = 08:52:05
20 Current Time = 09:52:21
30 Current Time = 10:52:40
40 Current Time = 11:50:48
50 Current Time = 12:50:34
60 Current Time = 13:50:05
70 Current Time = 14:48:26
80 Current Time = 15:46:20
90 Current Time = 16:46:35
Number of features: 2923
