Running job number  392
Start  392
End  393
outcome: 131702-0.0
Number of features: 5
0 Current Time = 02:14:38
10 Current Time = 02:15:31
20 Current Time = 02:16:24
30 Current Time = 02:17:16
40 Current Time = 02:18:07
50 Current Time = 02:19:04
60 Current Time = 02:19:58
70 Current Time = 02:20:52
80 Current Time = 02:21:47
90 Current Time = 02:22:41
Number of features: 50
0 Current Time = 02:23:39
10 Current Time = 02:27:29
20 Current Time = 02:31:04
30 Current Time = 02:34:40
40 Current Time = 02:38:12
50 Current Time = 02:41:56
60 Current Time = 02:45:49
70 Current Time = 02:49:32
80 Current Time = 02:53:09
90 Current Time = 02:56:40
Number of features: 100
0 Current Time = 03:00:19
10 Current Time = 03:07:58
20 Current Time = 03:15:05
30 Current Time = 03:21:34
40 Current Time = 03:28:22
50 Current Time = 03:35:12
60 Current Time = 03:42:07
70 Current Time = 03:49:13
80 Current Time = 03:56:02
90 Current Time = 04:02:57
Number of features: 500
0 Current Time = 04:10:09
10 Current Time = 04:44:58
20 Current Time = 05:19:02
30 Current Time = 05:54:08
40 Current Time = 06:25:14
50 Current Time = 06:55:10
60 Current Time = 07:23:12
70 Current Time = 07:51:24
80 Current Time = 08:18:36
90 Current Time = 08:45:09
Number of features: 1000
0 Current Time = 09:16:15
