Running job number  420
Start  420
End  421
outcome: 131796-0.0
Number of features: 5
0 Current Time = 02:22:41
10 Current Time = 02:23:19
20 Current Time = 02:24:00
30 Current Time = 02:24:40
40 Current Time = 02:25:19
50 Current Time = 02:25:58
60 Current Time = 02:26:36
70 Current Time = 02:27:16
80 Current Time = 02:27:55
90 Current Time = 02:28:35
Number of features: 50
0 Current Time = 02:29:15
10 Current Time = 02:31:48
20 Current Time = 02:34:24
30 Current Time = 02:37:03
40 Current Time = 02:39:34
50 Current Time = 02:42:15
60 Current Time = 02:44:59
70 Current Time = 02:47:37
80 Current Time = 02:50:24
90 Current Time = 02:53:07
Number of features: 100
0 Current Time = 02:55:53
10 Current Time = 03:00:57
20 Current Time = 03:05:56
30 Current Time = 03:11:07
40 Current Time = 03:16:15
50 Current Time = 03:21:23
60 Current Time = 03:26:36
70 Current Time = 03:31:26
80 Current Time = 03:36:39
90 Current Time = 03:41:48
Number of features: 500
0 Current Time = 03:47:05
10 Current Time = 04:13:41
20 Current Time = 04:40:28
30 Current Time = 05:06:51
40 Current Time = 05:33:35
50 Current Time = 06:00:05
60 Current Time = 06:26:55
70 Current Time = 06:51:18
80 Current Time = 07:15:20
90 Current Time = 07:39:11
Number of features: 1000
0 Current Time = 08:05:28
10 Current Time = 09:03:16
20 Current Time = 09:52:19
