Running job number  323
Start  323
End  324
outcome: 131538-0.0
Number of features: 5
0 Current Time = 01:57:42
10 Current Time = 01:58:26
20 Current Time = 01:59:10
30 Current Time = 01:59:54
40 Current Time = 02:00:40
50 Current Time = 02:01:25
60 Current Time = 02:02:09
70 Current Time = 02:02:52
80 Current Time = 02:03:35
90 Current Time = 02:04:20
Number of features: 50
0 Current Time = 02:05:03
10 Current Time = 02:07:35
20 Current Time = 02:10:08
30 Current Time = 02:12:36
40 Current Time = 02:15:08
50 Current Time = 02:17:41
60 Current Time = 02:20:08
70 Current Time = 02:22:37
80 Current Time = 02:25:12
90 Current Time = 02:27:43
Number of features: 100
0 Current Time = 02:30:15
10 Current Time = 02:35:10
20 Current Time = 02:40:12
30 Current Time = 02:45:02
40 Current Time = 02:49:55
50 Current Time = 02:54:55
60 Current Time = 02:59:51
70 Current Time = 03:04:42
80 Current Time = 03:09:38
90 Current Time = 03:14:32
Number of features: 500
0 Current Time = 03:19:26
10 Current Time = 03:43:25
20 Current Time = 04:07:22
30 Current Time = 04:31:28
40 Current Time = 04:55:36
50 Current Time = 05:19:50
60 Current Time = 05:43:46
70 Current Time = 06:07:25
80 Current Time = 06:31:05
90 Current Time = 06:54:12
Number of features: 1000
0 Current Time = 07:17:04
10 Current Time = 08:01:54
20 Current Time = 08:46:05
30 Current Time = 09:29:27
