Running job number  172
Start  172
End  173
outcome: 131124-0.0
Number of features: 5
0 Current Time = 23:12:45
10 Current Time = 23:13:20
20 Current Time = 23:13:55
30 Current Time = 23:14:29
40 Current Time = 23:15:03
50 Current Time = 23:15:37
60 Current Time = 23:16:10
70 Current Time = 23:16:44
80 Current Time = 23:17:19
90 Current Time = 23:17:53
Number of features: 50
0 Current Time = 23:18:28
10 Current Time = 23:20:39
20 Current Time = 23:22:50
30 Current Time = 23:25:00
40 Current Time = 23:27:08
50 Current Time = 23:29:19
60 Current Time = 23:31:26
70 Current Time = 23:33:33
80 Current Time = 23:35:40
90 Current Time = 23:37:52
Number of features: 100
0 Current Time = 23:40:02
10 Current Time = 23:44:31
20 Current Time = 23:49:02
30 Current Time = 23:53:30
40 Current Time = 23:57:56
50 Current Time = 00:02:22
60 Current Time = 00:06:42
70 Current Time = 00:11:08
80 Current Time = 00:15:39
90 Current Time = 00:20:18
Number of features: 500
0 Current Time = 00:24:49
10 Current Time = 00:48:03
20 Current Time = 01:11:24
30 Current Time = 01:35:15
40 Current Time = 01:59:15
50 Current Time = 02:23:07
60 Current Time = 02:46:51
70 Current Time = 03:09:53
80 Current Time = 03:33:00
90 Current Time = 03:55:45
Number of features: 1000
0 Current Time = 04:18:40
10 Current Time = 05:05:28
