Running job number  168
Start  168
End  169
outcome: 131114-0.0
Number of features: 5
0 Current Time = 23:12:33
10 Current Time = 23:13:04
20 Current Time = 23:13:34
30 Current Time = 23:14:03
40 Current Time = 23:14:32
50 Current Time = 23:15:02
60 Current Time = 23:15:31
70 Current Time = 23:16:00
80 Current Time = 23:16:29
90 Current Time = 23:16:59
Number of features: 50
0 Current Time = 23:17:28
10 Current Time = 23:19:23
20 Current Time = 23:21:12
30 Current Time = 23:23:02
40 Current Time = 23:24:55
50 Current Time = 23:26:43
60 Current Time = 23:28:32
70 Current Time = 23:30:23
80 Current Time = 23:32:15
90 Current Time = 23:34:05
Number of features: 100
0 Current Time = 23:35:56
10 Current Time = 23:39:28
20 Current Time = 23:42:59
30 Current Time = 23:46:27
40 Current Time = 23:49:56
50 Current Time = 23:53:27
60 Current Time = 23:57:04
70 Current Time = 00:00:43
80 Current Time = 00:04:19
90 Current Time = 00:07:54
Number of features: 500
0 Current Time = 00:11:30
10 Current Time = 00:30:44
20 Current Time = 00:50:03
30 Current Time = 01:09:35
40 Current Time = 01:28:20
50 Current Time = 01:46:53
60 Current Time = 02:05:46
70 Current Time = 02:27:08
80 Current Time = 02:48:06
90 Current Time = 03:10:12
Number of features: 1000
0 Current Time = 03:32:00
10 Current Time = 04:19:39
20 Current Time = 05:07:47
