Running job number  203
Start  203
End  204
outcome: 131210-0.0
Number of features: 5
0 Current Time = 01:49:04
10 Current Time = 01:49:43
20 Current Time = 01:50:23
30 Current Time = 01:51:04
40 Current Time = 01:51:44
50 Current Time = 01:52:24
60 Current Time = 01:53:05
70 Current Time = 01:53:46
80 Current Time = 01:54:26
90 Current Time = 01:55:08
Number of features: 50
0 Current Time = 01:55:50
10 Current Time = 01:58:19
20 Current Time = 02:00:49
30 Current Time = 02:03:19
40 Current Time = 02:05:50
50 Current Time = 02:08:18
60 Current Time = 02:10:48
70 Current Time = 02:13:22
80 Current Time = 02:15:50
90 Current Time = 02:18:20
Number of features: 100
0 Current Time = 02:20:55
10 Current Time = 02:25:54
20 Current Time = 02:31:01
30 Current Time = 02:36:03
40 Current Time = 02:41:00
50 Current Time = 02:45:56
60 Current Time = 02:50:59
70 Current Time = 02:56:01
80 Current Time = 03:01:03
90 Current Time = 03:06:06
Number of features: 500
0 Current Time = 03:11:10
10 Current Time = 03:36:44
20 Current Time = 04:02:31
30 Current Time = 04:28:35
40 Current Time = 04:53:35
50 Current Time = 05:19:42
60 Current Time = 05:45:30
70 Current Time = 06:11:33
80 Current Time = 06:37:17
90 Current Time = 07:03:30
Number of features: 1000
0 Current Time = 07:29:34
10 Current Time = 08:22:41
20 Current Time = 09:16:05
30 Current Time = 10:10:14
40 Current Time = 11:03:22
50 Current Time = 11:56:48
60 Current Time = 12:50:54
70 Current Time = 13:43:37
80 Current Time = 14:36:44
90 Current Time = 15:29:08
Number of features: 2923
Analyses complete. Current Time = 16:35:20
Results saved. All done. Current Time = 16:35:21
