Running job number  157
Start  157
End  158
outcome: 131082-0.0
Number of features: 5
0 Current Time = 21:33:05
10 Current Time = 21:33:35
20 Current Time = 21:34:05
30 Current Time = 21:34:36
40 Current Time = 21:35:05
50 Current Time = 21:35:34
60 Current Time = 21:36:04
70 Current Time = 21:36:34
80 Current Time = 21:37:04
90 Current Time = 21:37:34
Number of features: 50
0 Current Time = 21:38:04
10 Current Time = 21:39:51
20 Current Time = 21:41:42
30 Current Time = 21:43:35
40 Current Time = 21:45:27
50 Current Time = 21:47:19
60 Current Time = 21:49:10
70 Current Time = 21:51:03
80 Current Time = 21:52:56
90 Current Time = 21:54:48
Number of features: 100
0 Current Time = 21:56:40
10 Current Time = 22:00:23
20 Current Time = 22:04:17
30 Current Time = 22:08:00
40 Current Time = 22:11:42
50 Current Time = 22:15:22
60 Current Time = 22:19:04
70 Current Time = 22:22:45
80 Current Time = 22:26:30
90 Current Time = 22:30:11
Number of features: 500
0 Current Time = 22:34:01
10 Current Time = 22:53:11
20 Current Time = 23:12:14
30 Current Time = 23:31:21
40 Current Time = 23:50:39
50 Current Time = 00:10:11
60 Current Time = 00:29:32
70 Current Time = 00:49:11
80 Current Time = 01:08:42
90 Current Time = 01:28:19
Number of features: 1000
0 Current Time = 01:48:04
10 Current Time = 02:29:02
20 Current Time = 03:10:20
30 Current Time = 03:50:42
40 Current Time = 04:31:02
50 Current Time = 05:11:18
60 Current Time = 05:51:40
70 Current Time = 06:32:17
80 Current Time = 07:12:23
90 Current Time = 07:51:55
Number of features: 2923
Analyses complete. Current Time = 08:43:03
Results saved. All done. Current Time = 08:43:05
