Running job number  145
Start  145
End  146
outcome: 131054-0.0
Number of features: 5
0 Current Time = 01:48:17
10 Current Time = 01:49:10
20 Current Time = 01:50:01
30 Current Time = 01:50:52
40 Current Time = 01:51:43
50 Current Time = 01:52:35
60 Current Time = 01:53:26
70 Current Time = 01:54:19
80 Current Time = 01:55:11
90 Current Time = 01:56:02
Number of features: 50
0 Current Time = 01:56:53
10 Current Time = 02:01:12
20 Current Time = 02:05:30
30 Current Time = 02:09:48
40 Current Time = 02:14:07
50 Current Time = 02:18:23
60 Current Time = 02:22:33
70 Current Time = 02:26:45
80 Current Time = 02:30:52
90 Current Time = 02:34:48
Number of features: 100
0 Current Time = 02:39:04
10 Current Time = 02:47:19
20 Current Time = 02:55:38
30 Current Time = 03:03:47
40 Current Time = 03:11:55
50 Current Time = 03:20:09
60 Current Time = 03:27:59
70 Current Time = 03:36:11
80 Current Time = 03:44:24
90 Current Time = 03:52:30
Number of features: 500
0 Current Time = 04:00:34
10 Current Time = 04:43:47
20 Current Time = 05:26:29
30 Current Time = 06:10:25
40 Current Time = 06:53:55
50 Current Time = 07:37:29
60 Current Time = 08:21:13
70 Current Time = 09:03:14
80 Current Time = 09:36:36
90 Current Time = 10:05:56
Number of features: 1000
0 Current Time = 10:31:07
10 Current Time = 11:25:47
20 Current Time = 12:19:43
30 Current Time = 13:00:43
40 Current Time = 13:34:53
50 Current Time = 14:09:20
60 Current Time = 14:44:26
70 Current Time = 15:19:39
80 Current Time = 15:55:21
90 Current Time = 16:30:41
Number of features: 2923
Analyses complete. Current Time = 17:14:20
Results saved. All done. Current Time = 17:14:20
