Running job number  179
Start  179
End  180
outcome: 131142-0.0
Number of features: 5
0 Current Time = 01:48:56
10 Current Time = 01:49:45
20 Current Time = 01:50:37
30 Current Time = 01:51:25
40 Current Time = 01:52:13
50 Current Time = 01:53:04
60 Current Time = 01:53:54
70 Current Time = 01:54:44
80 Current Time = 01:55:32
90 Current Time = 01:56:20
Number of features: 50
0 Current Time = 01:57:11
10 Current Time = 01:59:56
20 Current Time = 02:02:48
30 Current Time = 02:05:52
40 Current Time = 02:09:10
50 Current Time = 02:12:30
60 Current Time = 02:15:33
70 Current Time = 02:18:29
80 Current Time = 02:21:23
90 Current Time = 02:24:19
Number of features: 100
0 Current Time = 02:27:32
10 Current Time = 02:33:42
20 Current Time = 02:39:32
30 Current Time = 02:45:17
40 Current Time = 02:51:25
50 Current Time = 02:57:37
60 Current Time = 03:03:14
70 Current Time = 03:09:06
80 Current Time = 03:15:25
90 Current Time = 03:21:18
Number of features: 500
0 Current Time = 03:27:05
10 Current Time = 03:56:46
20 Current Time = 04:26:22
30 Current Time = 04:56:51
40 Current Time = 05:26:48
50 Current Time = 05:57:10
60 Current Time = 06:27:08
70 Current Time = 06:57:46
80 Current Time = 07:28:12
90 Current Time = 07:59:06
Number of features: 1000
0 Current Time = 08:30:20
10 Current Time = 09:35:31
20 Current Time = 10:41:54
30 Current Time = 11:46:28
40 Current Time = 12:51:56
50 Current Time = 13:56:55
60 Current Time = 15:00:15
70 Current Time = 16:02:54
80 Current Time = 17:09:10
