Running job number  128
Start  128
End  129
outcome: 130964-0.0
Number of features: 5
0 Current Time = 01:47:45
10 Current Time = 01:48:11
20 Current Time = 01:48:38
30 Current Time = 01:49:04
40 Current Time = 01:49:31
50 Current Time = 01:49:59
60 Current Time = 01:50:26
70 Current Time = 01:50:53
80 Current Time = 01:51:20
90 Current Time = 01:51:47
Number of features: 50
0 Current Time = 01:52:14
10 Current Time = 01:53:55
20 Current Time = 01:55:28
30 Current Time = 01:57:03
40 Current Time = 01:58:39
50 Current Time = 02:00:16
60 Current Time = 02:01:51
70 Current Time = 02:03:24
80 Current Time = 02:04:59
90 Current Time = 02:06:33
Number of features: 100
0 Current Time = 02:08:08
10 Current Time = 02:11:06
20 Current Time = 02:14:02
30 Current Time = 02:17:00
40 Current Time = 02:19:59
50 Current Time = 02:22:58
60 Current Time = 02:26:04
70 Current Time = 02:29:01
80 Current Time = 02:32:01
90 Current Time = 02:35:00
Number of features: 500
0 Current Time = 02:38:00
10 Current Time = 02:53:42
20 Current Time = 03:09:37
30 Current Time = 03:25:25
40 Current Time = 03:41:14
50 Current Time = 03:57:04
60 Current Time = 04:12:55
70 Current Time = 04:28:51
80 Current Time = 04:44:41
90 Current Time = 05:00:36
Number of features: 1000
0 Current Time = 05:16:16
10 Current Time = 05:48:46
20 Current Time = 06:21:29
30 Current Time = 06:54:14
40 Current Time = 07:27:18
50 Current Time = 08:00:03
60 Current Time = 08:32:36
70 Current Time = 09:04:16
80 Current Time = 09:35:55
90 Current Time = 10:06:56
Number of features: 2923
Analyses complete. Current Time = 10:49:16
Results saved. All done. Current Time = 10:49:17
