Running job number  217
Start  217
End  218
outcome: 131246-0.0
Number of features: 5
0 Current Time = 23:14:37
10 Current Time = 23:15:08
20 Current Time = 23:15:39
30 Current Time = 23:16:10
40 Current Time = 23:16:41
50 Current Time = 23:17:12
60 Current Time = 23:17:42
70 Current Time = 23:18:13
80 Current Time = 23:18:43
90 Current Time = 23:19:14
Number of features: 50
0 Current Time = 23:19:45
10 Current Time = 23:21:40
20 Current Time = 23:23:37
30 Current Time = 23:25:33
40 Current Time = 23:27:30
50 Current Time = 23:29:26
60 Current Time = 23:31:22
70 Current Time = 23:33:19
80 Current Time = 23:35:15
90 Current Time = 23:37:13
Number of features: 100
0 Current Time = 23:39:10
10 Current Time = 23:43:06
20 Current Time = 23:47:10
30 Current Time = 23:51:15
40 Current Time = 23:55:10
50 Current Time = 23:59:00
60 Current Time = 00:03:03
70 Current Time = 00:07:08
80 Current Time = 00:11:12
90 Current Time = 00:15:31
Number of features: 500
0 Current Time = 00:19:50
10 Current Time = 00:41:33
20 Current Time = 01:03:44
30 Current Time = 01:25:45
40 Current Time = 01:47:47
50 Current Time = 02:09:43
60 Current Time = 02:31:48
70 Current Time = 02:54:00
80 Current Time = 03:16:02
90 Current Time = 03:37:51
Number of features: 1000
0 Current Time = 03:59:36
10 Current Time = 04:44:57
