Running job number  32
Start  32
End  33
outcome: 130226-0.0
Number of features: 5
0 Current Time = 01:32:18
10 Current Time = 01:33:06
20 Current Time = 01:33:53
30 Current Time = 01:34:42
40 Current Time = 01:35:29
50 Current Time = 01:36:17
60 Current Time = 01:37:06
70 Current Time = 01:37:55
80 Current Time = 01:38:41
90 Current Time = 01:39:30
Number of features: 50
0 Current Time = 01:40:18
10 Current Time = 01:42:57
20 Current Time = 01:45:30
30 Current Time = 01:48:06
40 Current Time = 01:50:40
50 Current Time = 01:53:17
60 Current Time = 01:55:51
70 Current Time = 01:58:29
80 Current Time = 02:01:08
90 Current Time = 02:03:42
Number of features: 100
0 Current Time = 02:06:18
10 Current Time = 02:11:21
20 Current Time = 02:16:16
30 Current Time = 02:21:21
40 Current Time = 02:26:21
50 Current Time = 02:31:18
60 Current Time = 02:36:14
70 Current Time = 02:41:12
80 Current Time = 02:46:07
90 Current Time = 02:51:04
Number of features: 500
0 Current Time = 02:56:01
10 Current Time = 03:20:49
20 Current Time = 03:45:23
30 Current Time = 04:10:25
40 Current Time = 04:34:55
50 Current Time = 04:59:48
60 Current Time = 05:24:45
70 Current Time = 05:50:29
80 Current Time = 06:16:54
90 Current Time = 06:43:27
Number of features: 1000
0 Current Time = 07:10:31
10 Current Time = 08:05:43
20 Current Time = 08:59:51
30 Current Time = 09:54:00
40 Current Time = 10:47:51
50 Current Time = 11:40:47
60 Current Time = 12:30:41
70 Current Time = 13:21:42
80 Current Time = 14:10:39
90 Current Time = 14:59:37
Number of features: 2923
Analyses complete. Current Time = 16:00:55
Results saved. All done. Current Time = 16:00:56
