Running job number  331
Start  331
End  332
outcome: 131556-0.0
Number of features: 5
0 Current Time = 01:59:38
10 Current Time = 02:00:11
20 Current Time = 02:00:44
30 Current Time = 02:01:16
40 Current Time = 02:01:47
50 Current Time = 02:02:20
60 Current Time = 02:02:54
70 Current Time = 02:03:27
80 Current Time = 02:04:00
90 Current Time = 02:04:33
Number of features: 50
0 Current Time = 02:05:06
10 Current Time = 02:07:19
20 Current Time = 02:09:29
30 Current Time = 02:11:39
40 Current Time = 02:13:51
50 Current Time = 02:16:03
60 Current Time = 02:18:13
70 Current Time = 02:20:25
80 Current Time = 02:22:33
90 Current Time = 02:24:39
Number of features: 100
0 Current Time = 02:26:51
10 Current Time = 02:31:21
20 Current Time = 02:35:52
30 Current Time = 02:40:24
40 Current Time = 02:44:59
50 Current Time = 02:49:40
60 Current Time = 02:54:16
70 Current Time = 02:58:52
80 Current Time = 03:03:33
90 Current Time = 03:08:03
Number of features: 500
0 Current Time = 03:12:45
10 Current Time = 03:36:59
20 Current Time = 04:01:11
30 Current Time = 04:25:17
40 Current Time = 04:50:14
50 Current Time = 05:14:34
60 Current Time = 05:39:08
70 Current Time = 06:03:25
80 Current Time = 06:27:28
90 Current Time = 06:51:41
Number of features: 1000
0 Current Time = 07:16:31
10 Current Time = 08:11:07
20 Current Time = 09:04:06
30 Current Time = 09:55:19
