Running job number  230
Start  230
End  231
outcome: 131288-0.0
Number of features: 5
0 Current Time = 23:14:40
10 Current Time = 23:15:14
20 Current Time = 23:15:50
30 Current Time = 23:16:24
40 Current Time = 23:16:58
50 Current Time = 23:17:32
60 Current Time = 23:18:07
70 Current Time = 23:18:41
80 Current Time = 23:19:15
90 Current Time = 23:19:49
Number of features: 50
0 Current Time = 23:20:25
10 Current Time = 23:22:41
20 Current Time = 23:24:53
30 Current Time = 23:27:09
40 Current Time = 23:29:27
50 Current Time = 23:31:41
60 Current Time = 23:33:56
70 Current Time = 23:36:13
80 Current Time = 23:38:30
90 Current Time = 23:40:46
Number of features: 100
0 Current Time = 23:43:04
10 Current Time = 23:47:38
20 Current Time = 23:52:18
30 Current Time = 23:56:54
40 Current Time = 00:01:18
50 Current Time = 00:05:51
60 Current Time = 00:10:23
70 Current Time = 00:14:54
80 Current Time = 00:19:27
90 Current Time = 00:24:03
Number of features: 500
0 Current Time = 00:28:39
10 Current Time = 00:53:42
20 Current Time = 01:19:29
30 Current Time = 01:44:49
40 Current Time = 02:09:34
50 Current Time = 02:34:00
60 Current Time = 02:58:34
70 Current Time = 03:22:51
80 Current Time = 03:45:25
90 Current Time = 04:08:01
Number of features: 1000
0 Current Time = 04:29:49
