Running job number  178
Start  178
End  179
outcome: 131138-0.0
Number of features: 5
0 Current Time = 21:33:18
10 Current Time = 21:33:49
20 Current Time = 21:34:21
30 Current Time = 21:34:52
40 Current Time = 21:35:22
50 Current Time = 21:35:53
60 Current Time = 21:36:25
70 Current Time = 21:36:57
80 Current Time = 21:37:27
90 Current Time = 21:37:59
Number of features: 50
0 Current Time = 21:38:30
10 Current Time = 21:40:25
20 Current Time = 21:42:22
30 Current Time = 21:44:19
40 Current Time = 21:46:16
50 Current Time = 21:48:13
60 Current Time = 21:50:10
70 Current Time = 21:52:07
80 Current Time = 21:54:04
90 Current Time = 21:56:00
Number of features: 100
0 Current Time = 21:57:56
10 Current Time = 22:01:41
20 Current Time = 22:05:27
30 Current Time = 22:09:16
40 Current Time = 22:13:04
50 Current Time = 22:16:49
60 Current Time = 22:20:36
70 Current Time = 22:24:23
80 Current Time = 22:28:10
90 Current Time = 22:31:56
Number of features: 500
0 Current Time = 22:35:43
10 Current Time = 22:55:14
20 Current Time = 23:14:33
30 Current Time = 23:33:57
40 Current Time = 23:53:26
50 Current Time = 00:12:49
60 Current Time = 00:32:11
70 Current Time = 00:51:32
80 Current Time = 01:10:43
90 Current Time = 01:29:56
Number of features: 1000
0 Current Time = 01:49:15
10 Current Time = 02:29:51
20 Current Time = 03:10:22
30 Current Time = 03:51:37
40 Current Time = 04:32:01
50 Current Time = 05:12:12
60 Current Time = 05:52:40
70 Current Time = 06:32:55
80 Current Time = 07:12:08
90 Current Time = 07:51:26
Number of features: 2923
Analyses complete. Current Time = 08:42:57
Results saved. All done. Current Time = 08:42:58
