Running job number  418
Start  418
End  419
outcome: 131792-0.0
Number of features: 5
0 Current Time = 02:22:40
10 Current Time = 02:23:17
20 Current Time = 02:23:53
30 Current Time = 02:24:29
40 Current Time = 02:25:06
50 Current Time = 02:25:42
60 Current Time = 02:26:18
70 Current Time = 02:26:54
80 Current Time = 02:27:31
90 Current Time = 02:28:06
Number of features: 50
0 Current Time = 02:28:43
10 Current Time = 02:30:58
20 Current Time = 02:33:09
30 Current Time = 02:35:22
40 Current Time = 02:37:37
50 Current Time = 02:39:49
60 Current Time = 02:41:58
70 Current Time = 02:44:12
80 Current Time = 02:46:27
90 Current Time = 02:48:40
Number of features: 100
0 Current Time = 02:50:54
10 Current Time = 02:55:14
20 Current Time = 02:59:40
30 Current Time = 03:04:09
40 Current Time = 03:08:35
50 Current Time = 03:12:57
60 Current Time = 03:17:15
70 Current Time = 03:21:43
80 Current Time = 03:26:04
90 Current Time = 03:30:19
Number of features: 500
0 Current Time = 03:34:39
10 Current Time = 03:55:40
20 Current Time = 04:16:52
30 Current Time = 04:38:00
40 Current Time = 04:59:18
50 Current Time = 05:20:42
60 Current Time = 05:41:50
70 Current Time = 06:03:21
80 Current Time = 06:24:45
90 Current Time = 06:45:59
Number of features: 1000
0 Current Time = 07:07:34
10 Current Time = 07:53:33
20 Current Time = 08:39:47
30 Current Time = 09:25:00
