Running job number  524
Start  524
End  525
outcome: 132078-0.0
Number of features: 5
0 Current Time = 02:38:34
10 Current Time = 02:39:13
20 Current Time = 02:39:50
30 Current Time = 02:40:26
40 Current Time = 02:41:04
50 Current Time = 02:41:40
60 Current Time = 02:42:15
70 Current Time = 02:42:49
80 Current Time = 02:43:23
90 Current Time = 02:43:58
Number of features: 50
0 Current Time = 02:44:33
10 Current Time = 02:47:00
20 Current Time = 02:49:22
30 Current Time = 02:51:49
40 Current Time = 02:54:12
50 Current Time = 02:56:38
60 Current Time = 02:58:57
70 Current Time = 03:01:18
80 Current Time = 03:03:42
90 Current Time = 03:05:57
Number of features: 100
0 Current Time = 03:08:13
10 Current Time = 03:12:51
20 Current Time = 03:17:36
30 Current Time = 03:22:20
40 Current Time = 03:26:59
50 Current Time = 03:31:38
60 Current Time = 03:36:15
70 Current Time = 03:40:50
80 Current Time = 03:45:27
90 Current Time = 03:50:01
Number of features: 500
0 Current Time = 03:54:29
10 Current Time = 04:17:50
20 Current Time = 04:40:52
30 Current Time = 05:04:15
40 Current Time = 05:27:10
50 Current Time = 05:49:56
60 Current Time = 06:12:30
70 Current Time = 06:35:46
80 Current Time = 06:58:59
90 Current Time = 07:21:35
Number of features: 1000
0 Current Time = 07:44:08
10 Current Time = 08:30:06
20 Current Time = 09:15:02
30 Current Time = 09:53:31
