Running job number  273
Start  273
End  274
outcome: 131400-0.0
Number of features: 5
0 Current Time = 01:53:17
10 Current Time = 01:53:59
20 Current Time = 01:54:41
30 Current Time = 01:55:21
40 Current Time = 01:55:57
50 Current Time = 01:56:32
60 Current Time = 01:57:08
70 Current Time = 01:57:41
80 Current Time = 01:58:16
90 Current Time = 01:58:51
Number of features: 50
0 Current Time = 01:59:26
10 Current Time = 02:01:53
20 Current Time = 02:04:17
30 Current Time = 02:06:31
40 Current Time = 02:08:38
50 Current Time = 02:11:04
60 Current Time = 02:13:25
70 Current Time = 02:15:54
80 Current Time = 02:18:20
90 Current Time = 02:20:48
Number of features: 100
0 Current Time = 02:22:56
10 Current Time = 02:28:08
20 Current Time = 02:33:00
30 Current Time = 02:37:55
40 Current Time = 02:42:55
50 Current Time = 02:48:02
60 Current Time = 02:53:08
70 Current Time = 02:58:13
80 Current Time = 03:03:23
90 Current Time = 03:08:36
Number of features: 500
0 Current Time = 03:14:03
10 Current Time = 03:45:13
20 Current Time = 04:18:06
30 Current Time = 04:50:55
40 Current Time = 05:21:19
50 Current Time = 05:49:55
60 Current Time = 06:16:47
70 Current Time = 06:44:27
80 Current Time = 07:11:52
90 Current Time = 07:39:17
Number of features: 1000
0 Current Time = 08:06:44
10 Current Time = 09:12:11
20 Current Time = 10:12:29
30 Current Time = 11:07:03
40 Current Time = 12:05:35
50 Current Time = 13:00:03
60 Current Time = 13:45:39
70 Current Time = 14:30:54
80 Current Time = 15:15:32
90 Current Time = 16:02:41
Number of features: 2923
Analyses complete. Current Time = 17:06:26
Results saved. All done. Current Time = 17:06:27
