Running job number  456
Start  456
End  457
outcome: 131894-0.0
Number of features: 5
0 Current Time = 02:32:22
10 Current Time = 02:33:01
20 Current Time = 02:33:44
30 Current Time = 02:34:23
40 Current Time = 02:35:02
50 Current Time = 02:35:46
60 Current Time = 02:36:28
70 Current Time = 02:37:10
80 Current Time = 02:37:53
90 Current Time = 02:38:36
Number of features: 50
0 Current Time = 02:39:17
10 Current Time = 02:42:54
20 Current Time = 02:46:22
30 Current Time = 02:49:48
40 Current Time = 02:53:19
50 Current Time = 02:56:48
60 Current Time = 03:00:17
70 Current Time = 03:03:41
80 Current Time = 03:07:12
90 Current Time = 03:10:36
Number of features: 100
0 Current Time = 03:14:00
10 Current Time = 03:20:55
20 Current Time = 03:27:51
30 Current Time = 03:34:32
40 Current Time = 03:41:30
50 Current Time = 03:48:23
60 Current Time = 03:55:02
70 Current Time = 04:01:47
80 Current Time = 04:08:40
90 Current Time = 04:15:31
Number of features: 500
0 Current Time = 04:22:10
10 Current Time = 04:56:13
20 Current Time = 05:29:35
30 Current Time = 06:01:17
40 Current Time = 06:32:16
50 Current Time = 07:02:32
60 Current Time = 07:33:41
70 Current Time = 08:05:14
80 Current Time = 08:39:08
90 Current Time = 09:13:07
Number of features: 1000
0 Current Time = 09:46:52
