Running job number  327
Start  327
End  328
outcome: 131546-0.0
Number of features: 5
0 Current Time = 01:57:40
10 Current Time = 01:58:36
20 Current Time = 01:59:30
30 Current Time = 02:00:26
40 Current Time = 02:01:21
50 Current Time = 02:02:18
60 Current Time = 02:03:12
70 Current Time = 02:04:07
80 Current Time = 02:05:04
90 Current Time = 02:05:57
Number of features: 50
0 Current Time = 02:06:54
10 Current Time = 02:10:35
20 Current Time = 02:14:18
30 Current Time = 02:18:15
40 Current Time = 02:22:05
50 Current Time = 02:26:02
60 Current Time = 02:29:52
70 Current Time = 02:33:38
80 Current Time = 02:37:31
90 Current Time = 02:41:25
Number of features: 100
0 Current Time = 02:45:08
10 Current Time = 02:52:59
20 Current Time = 03:00:19
30 Current Time = 03:07:49
40 Current Time = 03:15:17
50 Current Time = 03:23:03
60 Current Time = 03:30:30
70 Current Time = 03:37:59
80 Current Time = 03:45:42
90 Current Time = 03:53:10
Number of features: 500
0 Current Time = 04:00:37
10 Current Time = 04:37:19
20 Current Time = 05:13:16
30 Current Time = 05:49:58
40 Current Time = 06:26:05
50 Current Time = 07:02:33
60 Current Time = 07:38:06
70 Current Time = 08:13:10
80 Current Time = 08:49:22
90 Current Time = 09:25:59
Number of features: 1000
0 Current Time = 10:02:31
