Running job number  111
Start  111
End  112
outcome: 130892-0.0
Number of features: 5
0 Current Time = 23:09:36
10 Current Time = 23:10:11
20 Current Time = 23:10:46
30 Current Time = 23:11:21
40 Current Time = 23:11:55
50 Current Time = 23:12:28
60 Current Time = 23:13:04
70 Current Time = 23:13:38
80 Current Time = 23:14:13
90 Current Time = 23:14:47
Number of features: 50
0 Current Time = 23:15:23
10 Current Time = 23:17:42
20 Current Time = 23:20:02
30 Current Time = 23:22:22
40 Current Time = 23:24:42
50 Current Time = 23:26:59
60 Current Time = 23:29:15
70 Current Time = 23:31:35
80 Current Time = 23:33:53
90 Current Time = 23:36:16
Number of features: 100
0 Current Time = 23:38:34
10 Current Time = 23:43:17
20 Current Time = 23:47:56
30 Current Time = 23:52:31
40 Current Time = 23:57:04
50 Current Time = 00:01:36
60 Current Time = 00:06:10
70 Current Time = 00:10:42
80 Current Time = 00:15:07
90 Current Time = 00:19:10
Number of features: 500
0 Current Time = 00:23:11
10 Current Time = 00:44:31
20 Current Time = 01:07:12
30 Current Time = 01:30:17
40 Current Time = 01:53:36
50 Current Time = 02:16:24
60 Current Time = 02:39:25
70 Current Time = 03:02:53
80 Current Time = 03:26:00
90 Current Time = 03:49:11
Number of features: 1000
0 Current Time = 04:12:33
10 Current Time = 05:04:12
