Running job number  515
Start  515
End  516
outcome: 132056-0.0
Number of features: 5
0 Current Time = 02:36:54
10 Current Time = 02:37:26
20 Current Time = 02:37:58
30 Current Time = 02:38:29
40 Current Time = 02:39:02
50 Current Time = 02:39:34
60 Current Time = 02:40:07
70 Current Time = 02:40:41
80 Current Time = 02:41:13
90 Current Time = 02:41:44
Number of features: 50
0 Current Time = 02:42:17
10 Current Time = 02:44:24
20 Current Time = 02:46:31
30 Current Time = 02:48:34
40 Current Time = 02:50:36
50 Current Time = 02:52:41
60 Current Time = 02:54:45
70 Current Time = 02:56:49
80 Current Time = 02:58:48
90 Current Time = 03:00:52
Number of features: 100
0 Current Time = 03:02:54
10 Current Time = 03:07:02
20 Current Time = 03:11:08
30 Current Time = 03:15:15
40 Current Time = 03:19:17
50 Current Time = 03:23:20
60 Current Time = 03:27:27
70 Current Time = 03:31:28
80 Current Time = 03:35:26
90 Current Time = 03:39:24
Number of features: 500
0 Current Time = 03:43:12
10 Current Time = 04:04:01
20 Current Time = 04:24:59
30 Current Time = 04:45:57
40 Current Time = 05:07:04
50 Current Time = 05:28:08
60 Current Time = 05:49:14
70 Current Time = 06:10:24
80 Current Time = 06:31:13
90 Current Time = 06:51:46
Number of features: 1000
0 Current Time = 07:11:38
10 Current Time = 07:51:34
20 Current Time = 08:27:02
30 Current Time = 09:01:50
40 Current Time = 09:36:48
