Running job number  212
Start  212
End  213
outcome: 131234-0.0
Number of features: 5
0 Current Time = 23:14:44
10 Current Time = 23:15:22
20 Current Time = 23:16:00
30 Current Time = 23:16:39
40 Current Time = 23:17:18
50 Current Time = 23:17:55
60 Current Time = 23:18:33
70 Current Time = 23:19:11
80 Current Time = 23:19:48
90 Current Time = 23:20:26
Number of features: 50
0 Current Time = 23:21:03
10 Current Time = 23:23:24
20 Current Time = 23:25:48
30 Current Time = 23:28:15
40 Current Time = 23:30:39
50 Current Time = 23:33:05
60 Current Time = 23:35:31
70 Current Time = 23:37:58
80 Current Time = 23:40:25
90 Current Time = 23:42:53
Number of features: 100
0 Current Time = 23:45:26
10 Current Time = 23:50:19
20 Current Time = 23:55:17
30 Current Time = 00:00:23
40 Current Time = 00:05:25
50 Current Time = 00:10:13
60 Current Time = 00:15:00
70 Current Time = 00:19:45
80 Current Time = 00:24:25
90 Current Time = 00:29:06
Number of features: 500
0 Current Time = 00:33:47
10 Current Time = 00:57:43
20 Current Time = 01:22:18
30 Current Time = 01:46:42
40 Current Time = 02:11:09
50 Current Time = 02:35:53
60 Current Time = 03:00:20
70 Current Time = 03:24:18
80 Current Time = 03:48:21
90 Current Time = 04:12:18
Number of features: 1000
0 Current Time = 04:36:33
