Running job number  80
Start  80
End  81
outcome: 130746-0.0
Number of features: 5
0 Current Time = 01:34:06
10 Current Time = 01:34:38
20 Current Time = 01:35:11
30 Current Time = 01:35:43
40 Current Time = 01:36:15
50 Current Time = 01:36:47
60 Current Time = 01:37:19
70 Current Time = 01:37:52
80 Current Time = 01:38:24
90 Current Time = 01:38:56
Number of features: 50
0 Current Time = 01:39:28
10 Current Time = 01:41:32
20 Current Time = 01:43:38
30 Current Time = 01:45:45
40 Current Time = 01:47:51
50 Current Time = 01:49:58
60 Current Time = 01:52:05
70 Current Time = 01:54:11
80 Current Time = 01:56:19
90 Current Time = 01:58:27
Number of features: 100
0 Current Time = 02:00:33
10 Current Time = 02:04:40
20 Current Time = 02:08:45
30 Current Time = 02:12:53
40 Current Time = 02:17:00
50 Current Time = 02:21:08
60 Current Time = 02:25:16
70 Current Time = 02:29:23
80 Current Time = 02:33:28
90 Current Time = 02:37:35
Number of features: 500
0 Current Time = 02:41:44
10 Current Time = 03:02:49
20 Current Time = 03:23:59
30 Current Time = 03:45:18
40 Current Time = 04:06:30
50 Current Time = 04:27:40
60 Current Time = 04:48:50
70 Current Time = 05:10:04
80 Current Time = 05:31:20
90 Current Time = 05:52:38
Number of features: 1000
0 Current Time = 06:13:46
10 Current Time = 06:57:44
20 Current Time = 07:41:32
30 Current Time = 08:26:10
40 Current Time = 09:10:17
50 Current Time = 09:54:06
60 Current Time = 10:38:07
70 Current Time = 11:22:00
80 Current Time = 12:05:55
90 Current Time = 12:50:04
Number of features: 2923
Analyses complete. Current Time = 13:47:57
Results saved. All done. Current Time = 13:47:58
