Running job number  33
Start  33
End  34
outcome: 130228-0.0
Number of features: 5
0 Current Time = 23:04:56
10 Current Time = 23:05:35
20 Current Time = 23:06:12
30 Current Time = 23:06:50
40 Current Time = 23:07:28
50 Current Time = 23:08:07
60 Current Time = 23:08:45
70 Current Time = 23:09:23
80 Current Time = 23:10:01
90 Current Time = 23:10:39
Number of features: 50
0 Current Time = 23:11:17
10 Current Time = 23:13:27
20 Current Time = 23:15:33
30 Current Time = 23:17:40
40 Current Time = 23:19:46
50 Current Time = 23:21:51
60 Current Time = 23:23:56
70 Current Time = 23:25:59
80 Current Time = 23:28:06
90 Current Time = 23:30:11
Number of features: 100
0 Current Time = 23:32:17
10 Current Time = 23:36:25
20 Current Time = 23:40:29
30 Current Time = 23:44:35
40 Current Time = 23:48:39
50 Current Time = 23:52:44
60 Current Time = 23:56:38
70 Current Time = 00:00:46
80 Current Time = 00:04:53
90 Current Time = 00:08:52
Number of features: 500
0 Current Time = 00:12:37
10 Current Time = 00:31:54
20 Current Time = 00:51:49
30 Current Time = 01:10:51
40 Current Time = 01:28:59
50 Current Time = 01:46:30
60 Current Time = 02:04:27
70 Current Time = 02:22:23
80 Current Time = 02:40:45
90 Current Time = 02:58:42
Number of features: 1000
0 Current Time = 03:16:23
10 Current Time = 04:07:17
20 Current Time = 04:55:01
