Running job number  14
Start  14
End  15
outcome: 130134-0.0
Number of features: 5
0 Current Time = 01:32:28
10 Current Time = 01:32:58
20 Current Time = 01:33:28
30 Current Time = 01:33:57
40 Current Time = 01:34:28
50 Current Time = 01:34:58
60 Current Time = 01:35:28
70 Current Time = 01:35:58
80 Current Time = 01:36:28
90 Current Time = 01:36:59
Number of features: 50
0 Current Time = 01:37:29
10 Current Time = 01:39:13
20 Current Time = 01:40:57
30 Current Time = 01:42:39
40 Current Time = 01:44:22
50 Current Time = 01:46:05
60 Current Time = 01:47:47
70 Current Time = 01:49:30
80 Current Time = 01:51:13
90 Current Time = 01:52:56
Number of features: 100
0 Current Time = 01:54:39
10 Current Time = 01:58:03
20 Current Time = 02:01:25
30 Current Time = 02:04:47
40 Current Time = 02:08:08
50 Current Time = 02:11:30
60 Current Time = 02:14:50
70 Current Time = 02:18:15
80 Current Time = 02:21:38
90 Current Time = 02:25:04
Number of features: 500
0 Current Time = 02:28:31
10 Current Time = 02:48:42
20 Current Time = 03:07:18
30 Current Time = 03:25:12
40 Current Time = 03:43:04
50 Current Time = 04:01:13
60 Current Time = 04:19:19
70 Current Time = 04:37:20
80 Current Time = 04:55:20
90 Current Time = 05:13:21
Number of features: 1000
0 Current Time = 05:31:22
10 Current Time = 06:11:03
20 Current Time = 06:48:37
30 Current Time = 07:25:40
40 Current Time = 08:02:47
50 Current Time = 08:40:09
60 Current Time = 09:17:20
70 Current Time = 09:54:56
80 Current Time = 10:32:08
90 Current Time = 11:09:36
Number of features: 2923
Analyses complete. Current Time = 11:58:26
Results saved. All done. Current Time = 11:58:27
