Running job number  506
Start  506
End  507
outcome: 132030-0.0
Number of features: 5
0 Current Time = 02:35:20
10 Current Time = 02:36:32
20 Current Time = 02:37:44
30 Current Time = 02:38:56
40 Current Time = 02:40:08
50 Current Time = 02:41:25
60 Current Time = 02:42:43
70 Current Time = 02:43:55
80 Current Time = 02:45:04
90 Current Time = 02:46:14
Number of features: 50
0 Current Time = 02:47:26
10 Current Time = 02:51:58
20 Current Time = 02:56:33
30 Current Time = 03:01:04
40 Current Time = 03:05:38
50 Current Time = 03:10:20
60 Current Time = 03:14:50
70 Current Time = 03:19:32
80 Current Time = 03:24:09
90 Current Time = 03:28:43
Number of features: 100
0 Current Time = 03:33:09
10 Current Time = 03:42:03
20 Current Time = 03:50:38
30 Current Time = 03:59:15
40 Current Time = 04:07:52
50 Current Time = 04:16:15
60 Current Time = 04:24:17
70 Current Time = 04:32:28
80 Current Time = 04:40:40
90 Current Time = 04:48:48
Number of features: 500
0 Current Time = 04:56:47
10 Current Time = 05:36:13
20 Current Time = 06:13:41
30 Current Time = 06:50:26
40 Current Time = 07:27:01
50 Current Time = 08:04:19
60 Current Time = 08:42:03
70 Current Time = 09:20:24
80 Current Time = 09:58:25
