Running job number  516
Start  516
End  517
outcome: 132058-0.0
Number of features: 5
0 Current Time = 02:36:54
10 Current Time = 02:37:39
20 Current Time = 02:38:26
30 Current Time = 02:39:12
40 Current Time = 02:39:58
50 Current Time = 02:40:45
60 Current Time = 02:41:31
70 Current Time = 02:42:17
80 Current Time = 02:43:04
90 Current Time = 02:43:54
Number of features: 50
0 Current Time = 02:44:41
10 Current Time = 02:47:41
20 Current Time = 02:50:40
30 Current Time = 02:53:30
40 Current Time = 02:56:23
50 Current Time = 02:59:12
60 Current Time = 03:02:01
70 Current Time = 03:04:54
80 Current Time = 03:07:44
90 Current Time = 03:10:31
Number of features: 100
0 Current Time = 03:13:21
10 Current Time = 03:19:23
20 Current Time = 03:25:30
30 Current Time = 03:31:28
40 Current Time = 03:37:24
50 Current Time = 03:43:19
60 Current Time = 03:49:12
70 Current Time = 03:55:01
80 Current Time = 04:00:48
90 Current Time = 04:06:28
Number of features: 500
0 Current Time = 04:12:07
10 Current Time = 04:41:01
20 Current Time = 05:09:56
30 Current Time = 05:39:10
40 Current Time = 06:08:09
50 Current Time = 06:37:08
60 Current Time = 07:05:59
70 Current Time = 07:34:50
80 Current Time = 08:03:44
90 Current Time = 08:33:06
Number of features: 1000
0 Current Time = 09:01:21
10 Current Time = 10:01:28
