Running job number  143
Start  143
End  144
outcome: 131050-0.0
Number of features: 5
0 Current Time = 23:09:57
10 Current Time = 23:10:31
20 Current Time = 23:11:05
30 Current Time = 23:11:39
40 Current Time = 23:12:12
50 Current Time = 23:12:46
60 Current Time = 23:13:21
70 Current Time = 23:13:55
80 Current Time = 23:14:30
90 Current Time = 23:15:04
Number of features: 50
0 Current Time = 23:15:39
10 Current Time = 23:18:07
20 Current Time = 23:20:32
30 Current Time = 23:22:55
40 Current Time = 23:25:09
50 Current Time = 23:27:31
60 Current Time = 23:29:55
70 Current Time = 23:32:19
80 Current Time = 23:34:39
90 Current Time = 23:37:03
Number of features: 100
0 Current Time = 23:39:25
10 Current Time = 23:44:06
20 Current Time = 23:48:51
30 Current Time = 23:53:30
40 Current Time = 23:58:04
50 Current Time = 00:02:47
60 Current Time = 00:07:40
70 Current Time = 00:12:30
80 Current Time = 00:17:15
90 Current Time = 00:21:50
Number of features: 500
0 Current Time = 00:26:27
10 Current Time = 00:50:35
20 Current Time = 01:12:42
30 Current Time = 01:34:45
40 Current Time = 01:57:19
50 Current Time = 02:20:46
60 Current Time = 02:43:59
70 Current Time = 03:07:54
80 Current Time = 03:31:30
90 Current Time = 03:55:12
Number of features: 1000
0 Current Time = 04:19:51
