Running job number  225
Start  225
End  226
outcome: 131270-0.0
Number of features: 5
0 Current Time = 01:50:13
10 Current Time = 01:50:53
20 Current Time = 01:51:32
30 Current Time = 01:52:13
40 Current Time = 01:52:53
50 Current Time = 01:53:33
60 Current Time = 01:54:12
70 Current Time = 01:54:50
80 Current Time = 01:55:30
90 Current Time = 01:56:10
Number of features: 50
0 Current Time = 01:56:50
10 Current Time = 01:59:22
20 Current Time = 02:01:58
30 Current Time = 02:04:32
40 Current Time = 02:07:06
50 Current Time = 02:09:41
60 Current Time = 02:12:13
70 Current Time = 02:14:49
80 Current Time = 02:17:24
90 Current Time = 02:20:01
Number of features: 100
0 Current Time = 02:22:45
10 Current Time = 02:28:25
20 Current Time = 02:34:07
30 Current Time = 02:39:25
40 Current Time = 02:44:29
50 Current Time = 02:49:37
60 Current Time = 02:55:15
70 Current Time = 03:00:34
80 Current Time = 03:05:41
90 Current Time = 03:11:12
Number of features: 500
0 Current Time = 03:16:54
10 Current Time = 03:45:14
20 Current Time = 04:10:55
30 Current Time = 04:43:35
40 Current Time = 05:16:20
50 Current Time = 05:41:02
60 Current Time = 06:04:07
70 Current Time = 06:27:43
80 Current Time = 06:52:19
90 Current Time = 07:17:42
Number of features: 1000
0 Current Time = 07:42:54
10 Current Time = 08:40:36
20 Current Time = 09:37:40
30 Current Time = 10:38:24
40 Current Time = 11:42:24
50 Current Time = 12:49:52
60 Current Time = 13:44:16
70 Current Time = 14:36:30
80 Current Time = 15:28:59
90 Current Time = 16:21:18
Number of features: 2923
Analyses complete. Current Time = 17:27:33
Results saved. All done. Current Time = 17:27:34
