Running job number  185
Start  185
End  186
outcome: 131158-0.0
Number of features: 5
0 Current Time = 01:49:16
10 Current Time = 01:49:52
20 Current Time = 01:50:29
30 Current Time = 01:51:06
40 Current Time = 01:51:44
50 Current Time = 01:52:22
60 Current Time = 01:52:59
70 Current Time = 01:53:36
80 Current Time = 01:54:12
90 Current Time = 01:54:49
Number of features: 50
0 Current Time = 01:55:26
10 Current Time = 01:58:20
20 Current Time = 02:01:06
30 Current Time = 02:03:32
40 Current Time = 02:05:47
50 Current Time = 02:08:04
60 Current Time = 02:10:16
70 Current Time = 02:12:29
80 Current Time = 02:14:48
90 Current Time = 02:17:17
Number of features: 100
0 Current Time = 02:19:42
10 Current Time = 02:24:52
20 Current Time = 02:30:10
30 Current Time = 02:35:41
40 Current Time = 02:40:50
50 Current Time = 02:46:00
60 Current Time = 02:51:09
70 Current Time = 02:56:47
80 Current Time = 03:02:30
90 Current Time = 03:07:39
Number of features: 500
0 Current Time = 03:12:49
10 Current Time = 03:41:47
20 Current Time = 04:10:43
30 Current Time = 04:40:14
40 Current Time = 05:07:52
50 Current Time = 05:35:08
60 Current Time = 06:02:29
70 Current Time = 06:26:59
80 Current Time = 06:52:40
90 Current Time = 07:18:05
Number of features: 1000
0 Current Time = 07:43:34
10 Current Time = 08:41:51
20 Current Time = 09:41:50
30 Current Time = 10:42:18
40 Current Time = 11:40:29
50 Current Time = 12:40:25
60 Current Time = 13:28:46
70 Current Time = 14:14:04
80 Current Time = 14:59:51
90 Current Time = 15:46:31
Number of features: 2923
Analyses complete. Current Time = 16:54:28
Results saved. All done. Current Time = 16:54:29
