Running job number  435
Start  435
End  436
outcome: 131836-0.0
Number of features: 5
0 Current Time = 02:28:07
10 Current Time = 02:29:01
20 Current Time = 02:29:53
30 Current Time = 02:30:46
40 Current Time = 02:31:38
50 Current Time = 02:32:32
60 Current Time = 02:33:23
70 Current Time = 02:34:16
80 Current Time = 02:35:10
90 Current Time = 02:36:03
Number of features: 50
0 Current Time = 02:36:57
10 Current Time = 02:40:02
20 Current Time = 02:43:06
30 Current Time = 02:46:14
40 Current Time = 02:49:15
50 Current Time = 02:52:20
60 Current Time = 02:55:26
70 Current Time = 02:58:27
80 Current Time = 03:01:31
90 Current Time = 03:04:34
Number of features: 100
0 Current Time = 03:07:35
10 Current Time = 03:13:25
20 Current Time = 03:19:15
30 Current Time = 03:25:16
40 Current Time = 03:31:07
50 Current Time = 03:37:18
60 Current Time = 03:43:32
70 Current Time = 03:49:41
80 Current Time = 03:55:54
90 Current Time = 04:02:08
Number of features: 500
0 Current Time = 04:08:22
10 Current Time = 04:39:30
20 Current Time = 05:11:16
30 Current Time = 05:43:15
40 Current Time = 06:14:22
50 Current Time = 06:45:55
60 Current Time = 07:15:18
70 Current Time = 07:44:31
80 Current Time = 08:13:36
90 Current Time = 08:42:31
Number of features: 1000
0 Current Time = 09:11:39
10 Current Time = 10:11:27
