Running job number  177
Start  177
End  178
outcome: 131136-0.0
Number of features: 5
0 Current Time = 21:33:18
10 Current Time = 21:34:06
20 Current Time = 21:34:55
30 Current Time = 21:35:41
40 Current Time = 21:36:30
50 Current Time = 21:37:17
60 Current Time = 21:38:05
70 Current Time = 21:38:53
80 Current Time = 21:39:41
90 Current Time = 21:40:29
Number of features: 50
0 Current Time = 21:41:19
10 Current Time = 21:44:11
20 Current Time = 21:47:01
30 Current Time = 21:49:47
40 Current Time = 21:52:36
50 Current Time = 21:55:26
60 Current Time = 21:58:16
70 Current Time = 22:01:04
80 Current Time = 22:03:53
90 Current Time = 22:06:41
Number of features: 100
0 Current Time = 22:09:26
10 Current Time = 22:14:52
20 Current Time = 22:20:18
30 Current Time = 22:25:37
40 Current Time = 22:30:58
50 Current Time = 22:36:17
60 Current Time = 22:41:40
70 Current Time = 22:46:59
80 Current Time = 22:52:23
90 Current Time = 22:57:42
Number of features: 500
0 Current Time = 23:03:00
10 Current Time = 23:29:15
20 Current Time = 23:55:43
30 Current Time = 00:22:06
40 Current Time = 00:48:18
50 Current Time = 01:14:38
60 Current Time = 01:41:18
70 Current Time = 02:07:30
80 Current Time = 02:33:42
90 Current Time = 03:00:12
Number of features: 1000
0 Current Time = 03:26:49
10 Current Time = 04:21:17
20 Current Time = 05:15:27
30 Current Time = 06:08:46
40 Current Time = 07:01:40
50 Current Time = 07:54:13
60 Current Time = 08:47:29
70 Current Time = 09:38:49
80 Current Time = 10:27:31
