Running job number  239
Start  239
End  240
outcome: 131310-0.0
Number of features: 5
0 Current Time = 23:14:35
10 Current Time = 23:15:29
20 Current Time = 23:16:22
30 Current Time = 23:17:15
40 Current Time = 23:18:09
50 Current Time = 23:19:04
60 Current Time = 23:19:56
70 Current Time = 23:20:47
80 Current Time = 23:21:40
90 Current Time = 23:22:32
Number of features: 50
0 Current Time = 23:23:26
10 Current Time = 23:26:47
20 Current Time = 23:30:03
30 Current Time = 23:33:15
40 Current Time = 23:36:35
50 Current Time = 23:40:06
60 Current Time = 23:43:35
70 Current Time = 23:47:09
80 Current Time = 23:50:31
90 Current Time = 23:53:58
Number of features: 100
0 Current Time = 23:57:06
10 Current Time = 00:03:51
20 Current Time = 00:10:23
30 Current Time = 00:17:02
40 Current Time = 00:24:04
50 Current Time = 00:30:32
60 Current Time = 00:37:19
70 Current Time = 00:44:54
80 Current Time = 00:52:08
90 Current Time = 00:58:45
Number of features: 500
0 Current Time = 01:05:25
10 Current Time = 01:38:47
20 Current Time = 02:12:04
30 Current Time = 02:44:49
40 Current Time = 03:19:36
50 Current Time = 03:54:11
60 Current Time = 04:29:16
70 Current Time = 05:05:53
