Running job number  247
Start  247
End  248
outcome: 131330-0.0
Number of features: 5
0 Current Time = 23:19:22
10 Current Time = 23:20:03
20 Current Time = 23:20:41
30 Current Time = 23:21:21
40 Current Time = 23:22:02
50 Current Time = 23:22:42
60 Current Time = 23:23:21
70 Current Time = 23:24:02
80 Current Time = 23:24:43
90 Current Time = 23:25:23
Number of features: 50
0 Current Time = 23:26:01
10 Current Time = 23:28:33
20 Current Time = 23:30:53
30 Current Time = 23:33:15
40 Current Time = 23:35:43
50 Current Time = 23:38:09
60 Current Time = 23:40:32
70 Current Time = 23:42:59
80 Current Time = 23:45:23
90 Current Time = 23:47:48
Number of features: 100
0 Current Time = 23:50:14
10 Current Time = 23:55:17
20 Current Time = 00:00:22
30 Current Time = 00:05:30
40 Current Time = 00:10:29
50 Current Time = 00:15:23
60 Current Time = 00:20:05
70 Current Time = 00:24:51
80 Current Time = 00:29:34
90 Current Time = 00:34:13
Number of features: 500
0 Current Time = 00:38:54
10 Current Time = 01:01:56
20 Current Time = 01:25:46
30 Current Time = 01:48:52
40 Current Time = 02:11:48
50 Current Time = 02:35:09
60 Current Time = 02:59:30
70 Current Time = 03:24:17
80 Current Time = 03:48:52
90 Current Time = 04:12:37
Number of features: 1000
0 Current Time = 04:36:18
