Running job number  190
Start  190
End  191
outcome: 131174-0.0
Number of features: 5
0 Current Time = 23:12:43
10 Current Time = 23:13:18
20 Current Time = 23:13:52
30 Current Time = 23:14:27
40 Current Time = 23:15:01
50 Current Time = 23:15:34
60 Current Time = 23:16:08
70 Current Time = 23:16:44
80 Current Time = 23:17:18
90 Current Time = 23:17:52
Number of features: 50
0 Current Time = 23:18:28
10 Current Time = 23:20:35
20 Current Time = 23:22:40
30 Current Time = 23:24:46
40 Current Time = 23:26:51
50 Current Time = 23:28:57
60 Current Time = 23:30:59
70 Current Time = 23:33:07
80 Current Time = 23:35:14
90 Current Time = 23:37:23
Number of features: 100
0 Current Time = 23:39:31
10 Current Time = 23:43:36
20 Current Time = 23:47:44
30 Current Time = 23:51:42
40 Current Time = 23:55:44
50 Current Time = 23:59:52
60 Current Time = 00:03:58
70 Current Time = 00:08:09
80 Current Time = 00:12:12
90 Current Time = 00:16:21
Number of features: 500
0 Current Time = 00:20:26
10 Current Time = 00:42:02
20 Current Time = 01:04:09
30 Current Time = 01:26:44
40 Current Time = 01:49:31
50 Current Time = 02:11:37
60 Current Time = 02:34:03
70 Current Time = 02:56:19
80 Current Time = 03:19:09
90 Current Time = 03:42:29
Number of features: 1000
0 Current Time = 04:05:32
10 Current Time = 04:53:04
