Running job number  235
Start  235
End  236
outcome: 131300-0.0
Number of features: 5
0 Current Time = 01:50:24
10 Current Time = 01:50:57
20 Current Time = 01:51:31
30 Current Time = 01:52:05
40 Current Time = 01:52:40
50 Current Time = 01:53:14
60 Current Time = 01:53:48
70 Current Time = 01:54:24
80 Current Time = 01:54:59
90 Current Time = 01:55:33
Number of features: 50
0 Current Time = 01:56:09
10 Current Time = 01:58:14
20 Current Time = 02:00:17
30 Current Time = 02:02:22
40 Current Time = 02:04:31
50 Current Time = 02:06:35
60 Current Time = 02:08:37
70 Current Time = 02:10:45
80 Current Time = 02:12:51
90 Current Time = 02:14:54
Number of features: 100
0 Current Time = 02:16:58
10 Current Time = 02:20:52
20 Current Time = 02:24:50
30 Current Time = 02:28:40
40 Current Time = 02:32:40
50 Current Time = 02:36:38
60 Current Time = 02:40:32
70 Current Time = 02:44:30
80 Current Time = 02:48:28
90 Current Time = 02:52:27
Number of features: 500
0 Current Time = 02:56:22
10 Current Time = 03:16:51
20 Current Time = 03:37:21
30 Current Time = 03:58:03
40 Current Time = 04:18:52
50 Current Time = 04:39:09
60 Current Time = 04:59:41
70 Current Time = 05:20:24
80 Current Time = 05:41:00
90 Current Time = 06:01:25
Number of features: 1000
0 Current Time = 06:21:51
10 Current Time = 07:03:28
20 Current Time = 07:45:20
30 Current Time = 08:27:30
40 Current Time = 09:10:32
50 Current Time = 09:54:37
60 Current Time = 10:38:21
70 Current Time = 11:22:46
80 Current Time = 12:08:50
90 Current Time = 12:55:29
Number of features: 2923
Analyses complete. Current Time = 13:54:49
Results saved. All done. Current Time = 13:54:50
