Running job number  511
Start  511
End  512
outcome: 132042-0.0
Number of features: 5
0 Current Time = 02:35:26
10 Current Time = 02:36:03
20 Current Time = 02:36:39
30 Current Time = 02:37:15
40 Current Time = 02:37:51
50 Current Time = 02:38:27
60 Current Time = 02:39:04
70 Current Time = 02:39:39
80 Current Time = 02:40:15
90 Current Time = 02:40:49
Number of features: 50
0 Current Time = 02:41:24
10 Current Time = 02:43:51
20 Current Time = 02:46:18
30 Current Time = 02:48:39
40 Current Time = 02:51:08
50 Current Time = 02:53:37
60 Current Time = 02:56:05
70 Current Time = 02:58:36
80 Current Time = 03:00:59
90 Current Time = 03:03:20
Number of features: 100
0 Current Time = 03:05:47
10 Current Time = 03:10:45
20 Current Time = 03:15:57
30 Current Time = 03:21:08
40 Current Time = 03:26:53
50 Current Time = 03:32:18
60 Current Time = 03:37:29
70 Current Time = 03:42:41
80 Current Time = 03:48:04
90 Current Time = 03:53:05
Number of features: 500
0 Current Time = 03:58:03
10 Current Time = 04:26:20
20 Current Time = 04:52:38
30 Current Time = 05:17:21
40 Current Time = 05:41:30
50 Current Time = 06:06:09
60 Current Time = 06:30:11
70 Current Time = 06:54:01
80 Current Time = 07:17:40
90 Current Time = 07:41:31
Number of features: 1000
0 Current Time = 08:04:54
10 Current Time = 08:53:16
20 Current Time = 09:41:23
30 Current Time = 10:28:42
