Running job number  440
Start  440
End  441
outcome: 131858-0.0
Number of features: 5
0 Current Time = 02:28:10
10 Current Time = 02:29:04
20 Current Time = 02:29:57
30 Current Time = 02:30:51
40 Current Time = 02:31:45
50 Current Time = 02:32:42
60 Current Time = 02:33:35
70 Current Time = 02:34:27
80 Current Time = 02:35:23
90 Current Time = 02:36:15
Number of features: 50
0 Current Time = 02:37:11
10 Current Time = 02:40:58
20 Current Time = 02:44:44
30 Current Time = 02:48:27
40 Current Time = 02:52:16
50 Current Time = 02:56:00
60 Current Time = 02:59:47
70 Current Time = 03:03:32
80 Current Time = 03:07:19
90 Current Time = 03:11:05
Number of features: 100
0 Current Time = 03:14:55
10 Current Time = 03:22:00
20 Current Time = 03:29:04
30 Current Time = 03:36:09
40 Current Time = 03:43:19
50 Current Time = 03:50:15
60 Current Time = 03:57:29
70 Current Time = 04:04:35
80 Current Time = 04:11:41
90 Current Time = 04:18:49
Number of features: 500
0 Current Time = 04:26:05
10 Current Time = 05:02:27
20 Current Time = 05:39:36
30 Current Time = 06:16:05
40 Current Time = 06:51:36
50 Current Time = 07:26:50
60 Current Time = 08:02:58
70 Current Time = 08:39:34
80 Current Time = 09:16:14
90 Current Time = 09:52:51
Number of features: 1000
0 Current Time = 10:29:59
