Running job number  169
Start  169
End  170
outcome: 131118-0.0
Number of features: 5
0 Current Time = 01:48:35
10 Current Time = 01:49:09
20 Current Time = 01:49:42
30 Current Time = 01:50:16
40 Current Time = 01:50:47
50 Current Time = 01:51:18
60 Current Time = 01:51:49
70 Current Time = 01:52:20
80 Current Time = 01:52:50
90 Current Time = 01:53:21
Number of features: 50
0 Current Time = 01:53:52
10 Current Time = 01:56:00
20 Current Time = 01:58:08
30 Current Time = 02:00:18
40 Current Time = 02:02:26
50 Current Time = 02:04:33
60 Current Time = 02:06:44
70 Current Time = 02:08:51
80 Current Time = 02:10:57
90 Current Time = 02:13:03
Number of features: 100
0 Current Time = 02:15:09
10 Current Time = 02:19:24
20 Current Time = 02:23:36
30 Current Time = 02:27:50
40 Current Time = 02:32:04
50 Current Time = 02:36:20
60 Current Time = 02:40:30
70 Current Time = 02:44:38
80 Current Time = 02:48:45
90 Current Time = 02:52:54
Number of features: 500
0 Current Time = 02:57:13
10 Current Time = 03:20:28
20 Current Time = 03:43:08
30 Current Time = 04:05:38
40 Current Time = 04:28:15
50 Current Time = 04:50:57
60 Current Time = 05:13:23
70 Current Time = 05:35:59
80 Current Time = 05:58:48
90 Current Time = 06:21:19
Number of features: 1000
0 Current Time = 06:43:58
10 Current Time = 07:33:54
20 Current Time = 08:23:19
30 Current Time = 09:12:34
40 Current Time = 10:01:02
50 Current Time = 10:48:57
60 Current Time = 11:36:51
70 Current Time = 12:25:41
80 Current Time = 13:13:11
90 Current Time = 14:00:50
Number of features: 2923
Analyses complete. Current Time = 15:05:40
Results saved. All done. Current Time = 15:05:40
