Running job number  492
Start  492
End  493
outcome: 131988-0.0
Number of features: 5
0 Current Time = 02:33:53
10 Current Time = 02:34:27
20 Current Time = 02:35:01
30 Current Time = 02:35:33
40 Current Time = 02:36:06
50 Current Time = 02:36:36
60 Current Time = 02:37:10
70 Current Time = 02:37:44
80 Current Time = 02:38:19
90 Current Time = 02:38:52
Number of features: 50
0 Current Time = 02:39:27
10 Current Time = 02:41:53
20 Current Time = 02:44:19
30 Current Time = 02:46:52
40 Current Time = 02:49:21
50 Current Time = 02:51:35
60 Current Time = 02:54:00
70 Current Time = 02:56:23
80 Current Time = 02:58:38
90 Current Time = 03:01:07
Number of features: 100
0 Current Time = 03:03:35
10 Current Time = 03:08:23
20 Current Time = 03:13:02
30 Current Time = 03:17:39
40 Current Time = 03:22:10
50 Current Time = 03:26:54
60 Current Time = 03:31:41
70 Current Time = 03:36:18
80 Current Time = 03:40:48
90 Current Time = 03:45:32
Number of features: 500
0 Current Time = 03:50:19
10 Current Time = 04:14:33
20 Current Time = 04:38:40
30 Current Time = 05:02:06
40 Current Time = 05:25:42
50 Current Time = 05:49:25
60 Current Time = 06:13:04
70 Current Time = 06:35:03
80 Current Time = 06:55:38
90 Current Time = 07:16:18
Number of features: 1000
0 Current Time = 07:36:49
10 Current Time = 08:19:10
20 Current Time = 09:01:37
30 Current Time = 09:44:10
