Running job number  346
Start  346
End  347
outcome: 131590-0.0
Number of features: 5
0 Current Time = 02:04:51
10 Current Time = 02:05:38
20 Current Time = 02:06:24
30 Current Time = 02:07:11
40 Current Time = 02:07:55
50 Current Time = 02:08:40
60 Current Time = 02:09:27
70 Current Time = 02:10:13
80 Current Time = 02:10:59
90 Current Time = 02:11:44
Number of features: 50
0 Current Time = 02:12:32
10 Current Time = 02:15:29
20 Current Time = 02:18:25
30 Current Time = 02:21:14
40 Current Time = 02:24:13
50 Current Time = 02:27:06
60 Current Time = 02:30:10
70 Current Time = 02:33:16
80 Current Time = 02:36:18
90 Current Time = 02:39:18
Number of features: 100
0 Current Time = 02:42:16
10 Current Time = 02:48:19
20 Current Time = 02:54:25
30 Current Time = 03:00:37
40 Current Time = 03:06:30
50 Current Time = 03:12:28
60 Current Time = 03:18:29
70 Current Time = 03:24:50
80 Current Time = 03:30:55
90 Current Time = 03:37:10
Number of features: 500
0 Current Time = 03:42:52
10 Current Time = 04:12:14
20 Current Time = 04:40:42
30 Current Time = 05:08:30
40 Current Time = 05:35:24
50 Current Time = 06:02:49
60 Current Time = 06:30:23
70 Current Time = 06:57:29
80 Current Time = 07:24:31
90 Current Time = 07:51:22
Number of features: 1000
0 Current Time = 08:18:14
10 Current Time = 09:13:35
