Running job number  552
Start  552
End  553
outcome: 132142-0.0
Number of features: 5
0 Current Time = 02:42:42
10 Current Time = 02:43:22
20 Current Time = 02:44:01
30 Current Time = 02:44:37
40 Current Time = 02:45:17
50 Current Time = 02:45:55
60 Current Time = 02:46:30
70 Current Time = 02:47:08
80 Current Time = 02:47:45
90 Current Time = 02:48:20
Number of features: 50
0 Current Time = 02:48:57
10 Current Time = 02:51:52
20 Current Time = 02:54:57
30 Current Time = 02:58:04
40 Current Time = 03:01:06
50 Current Time = 03:04:12
60 Current Time = 03:07:09
70 Current Time = 03:10:10
80 Current Time = 03:13:15
90 Current Time = 03:16:10
Number of features: 100
0 Current Time = 03:19:08
10 Current Time = 03:25:04
20 Current Time = 03:31:12
30 Current Time = 03:37:19
40 Current Time = 03:43:15
50 Current Time = 03:49:20
60 Current Time = 03:55:28
70 Current Time = 04:01:37
80 Current Time = 04:07:41
90 Current Time = 04:13:38
Number of features: 500
0 Current Time = 04:19:41
10 Current Time = 04:47:24
20 Current Time = 05:14:52
30 Current Time = 05:42:40
40 Current Time = 06:10:06
50 Current Time = 06:36:21
60 Current Time = 07:02:39
70 Current Time = 07:28:51
80 Current Time = 07:54:58
90 Current Time = 08:20:56
Number of features: 1000
0 Current Time = 08:47:05
10 Current Time = 09:40:33
20 Current Time = 10:33:43
