Running job number  289
Start  289
End  290
outcome: 131440-0.0
Number of features: 5
0 Current Time = 01:54:36
10 Current Time = 01:55:11
20 Current Time = 01:55:45
30 Current Time = 01:56:19
40 Current Time = 01:56:53
50 Current Time = 01:57:28
60 Current Time = 01:58:03
70 Current Time = 01:58:38
80 Current Time = 01:59:16
90 Current Time = 01:59:51
Number of features: 50
0 Current Time = 02:00:29
10 Current Time = 02:02:57
20 Current Time = 02:05:23
30 Current Time = 02:07:50
40 Current Time = 02:10:11
50 Current Time = 02:12:30
60 Current Time = 02:14:47
70 Current Time = 02:17:04
80 Current Time = 02:19:26
90 Current Time = 02:21:52
Number of features: 100
0 Current Time = 02:24:20
10 Current Time = 02:29:10
20 Current Time = 02:33:50
30 Current Time = 02:38:30
40 Current Time = 02:43:15
50 Current Time = 02:48:04
60 Current Time = 02:52:45
70 Current Time = 02:57:28
80 Current Time = 03:02:16
90 Current Time = 03:07:04
Number of features: 500
0 Current Time = 03:11:49
10 Current Time = 03:35:44
20 Current Time = 03:59:37
30 Current Time = 04:23:41
40 Current Time = 04:47:12
50 Current Time = 05:10:55
60 Current Time = 05:35:32
70 Current Time = 06:00:13
80 Current Time = 06:25:21
90 Current Time = 06:50:25
Number of features: 1000
0 Current Time = 07:15:40
10 Current Time = 08:11:37
20 Current Time = 09:06:21
30 Current Time = 10:04:12
40 Current Time = 11:02:38
50 Current Time = 12:03:21
60 Current Time = 13:03:01
70 Current Time = 14:00:33
80 Current Time = 14:57:30
90 Current Time = 15:45:25
Number of features: 2923
Analyses complete. Current Time = 16:46:47
Results saved. All done. Current Time = 16:46:48
