Running job number  523
Start  523
End  524
outcome: 132076-0.0
Number of features: 5
0 Current Time = 02:37:01
10 Current Time = 02:38:14
20 Current Time = 02:39:23
30 Current Time = 02:40:32
40 Current Time = 02:41:45
50 Current Time = 02:42:56
60 Current Time = 02:44:09
70 Current Time = 02:45:20
80 Current Time = 02:46:32
90 Current Time = 02:47:40
Number of features: 50
0 Current Time = 02:48:48
10 Current Time = 02:53:38
20 Current Time = 02:58:22
30 Current Time = 03:03:17
40 Current Time = 03:08:07
50 Current Time = 03:12:49
60 Current Time = 03:17:39
70 Current Time = 03:22:14
80 Current Time = 03:27:21
90 Current Time = 03:32:14
Number of features: 100
0 Current Time = 03:37:17
10 Current Time = 03:46:40
20 Current Time = 03:55:44
30 Current Time = 04:05:13
40 Current Time = 04:14:30
50 Current Time = 04:23:47
60 Current Time = 04:32:58
70 Current Time = 04:42:26
80 Current Time = 04:51:51
90 Current Time = 05:01:03
Number of features: 500
0 Current Time = 05:10:16
10 Current Time = 05:54:18
20 Current Time = 06:38:19
30 Current Time = 07:20:57
40 Current Time = 08:00:49
50 Current Time = 08:39:13
60 Current Time = 09:18:06
70 Current Time = 09:56:38
