Running job number  378
Start  378
End  379
outcome: 131666-0.0
Number of features: 5
0 Current Time = 02:09:53
10 Current Time = 02:10:38
20 Current Time = 02:11:23
30 Current Time = 02:12:09
40 Current Time = 02:12:51
50 Current Time = 02:13:37
60 Current Time = 02:14:24
70 Current Time = 02:15:11
80 Current Time = 02:15:55
90 Current Time = 02:16:37
Number of features: 50
0 Current Time = 02:17:21
10 Current Time = 02:20:36
20 Current Time = 02:24:00
30 Current Time = 02:27:23
40 Current Time = 02:30:38
50 Current Time = 02:33:40
60 Current Time = 02:36:51
70 Current Time = 02:39:55
80 Current Time = 02:43:11
90 Current Time = 02:46:31
Number of features: 100
0 Current Time = 02:49:47
10 Current Time = 02:55:56
20 Current Time = 03:01:56
30 Current Time = 03:08:10
40 Current Time = 03:14:14
50 Current Time = 03:20:17
60 Current Time = 03:26:33
70 Current Time = 03:32:45
80 Current Time = 03:38:45
90 Current Time = 03:45:00
Number of features: 500
0 Current Time = 03:51:12
10 Current Time = 04:20:08
20 Current Time = 04:49:29
30 Current Time = 05:18:39
40 Current Time = 05:47:04
50 Current Time = 06:14:46
60 Current Time = 06:42:36
70 Current Time = 07:10:12
80 Current Time = 07:37:43
90 Current Time = 08:05:30
Number of features: 1000
0 Current Time = 08:33:26
10 Current Time = 09:29:29
20 Current Time = 10:21:08
