Running job number  176
Start  176
End  177
outcome: 131132-0.0
Number of features: 5
0 Current Time = 21:33:19
10 Current Time = 21:34:02
20 Current Time = 21:34:46
30 Current Time = 21:35:29
40 Current Time = 21:36:13
50 Current Time = 21:36:57
60 Current Time = 21:37:41
70 Current Time = 21:38:22
80 Current Time = 21:39:05
90 Current Time = 21:39:49
Number of features: 50
0 Current Time = 21:40:32
10 Current Time = 21:43:00
20 Current Time = 21:45:29
30 Current Time = 21:47:56
40 Current Time = 21:50:25
50 Current Time = 21:52:51
60 Current Time = 21:55:17
70 Current Time = 21:57:45
80 Current Time = 22:00:13
90 Current Time = 22:02:40
Number of features: 100
0 Current Time = 22:05:01
10 Current Time = 22:09:44
20 Current Time = 22:14:30
30 Current Time = 22:19:10
40 Current Time = 22:23:52
50 Current Time = 22:28:32
60 Current Time = 22:33:13
70 Current Time = 22:37:55
80 Current Time = 22:42:40
90 Current Time = 22:47:22
Number of features: 500
0 Current Time = 22:52:00
10 Current Time = 23:14:54
20 Current Time = 23:37:53
30 Current Time = 00:00:39
40 Current Time = 00:23:38
50 Current Time = 00:46:43
60 Current Time = 01:09:21
70 Current Time = 01:32:26
80 Current Time = 01:55:26
90 Current Time = 02:18:03
Number of features: 1000
0 Current Time = 02:40:41
10 Current Time = 03:28:12
20 Current Time = 04:16:22
30 Current Time = 05:03:00
40 Current Time = 05:50:32
50 Current Time = 06:37:29
60 Current Time = 07:23:17
70 Current Time = 08:09:12
80 Current Time = 08:55:53
90 Current Time = 09:40:36
Number of features: 2923
Analyses complete. Current Time = 10:33:36
Results saved. All done. Current Time = 10:33:37
