Running job number  586
Start  586
End  587
outcome: 132262-0.0
Number of features: 5
0 Current Time = 02:45:48
10 Current Time = 02:46:30
20 Current Time = 02:47:11
30 Current Time = 02:47:52
40 Current Time = 02:48:34
50 Current Time = 02:49:15
60 Current Time = 02:49:55
70 Current Time = 02:50:35
80 Current Time = 02:51:14
90 Current Time = 02:51:53
Number of features: 50
0 Current Time = 02:52:32
10 Current Time = 02:55:08
20 Current Time = 02:57:41
30 Current Time = 03:00:05
40 Current Time = 03:02:41
50 Current Time = 03:05:16
60 Current Time = 03:07:55
70 Current Time = 03:10:37
80 Current Time = 03:13:06
90 Current Time = 03:15:29
Number of features: 100
0 Current Time = 03:17:53
10 Current Time = 03:22:24
20 Current Time = 03:27:14
30 Current Time = 03:32:12
40 Current Time = 03:36:58
50 Current Time = 03:41:28
60 Current Time = 03:46:09
70 Current Time = 03:51:02
80 Current Time = 03:55:42
90 Current Time = 04:00:09
Number of features: 500
0 Current Time = 04:04:42
10 Current Time = 04:26:21
20 Current Time = 04:48:22
30 Current Time = 05:10:07
40 Current Time = 05:31:04
50 Current Time = 05:51:17
60 Current Time = 06:11:50
70 Current Time = 06:29:01
80 Current Time = 06:45:46
90 Current Time = 07:02:16
Number of features: 1000
0 Current Time = 07:18:59
10 Current Time = 07:52:59
20 Current Time = 08:29:16
30 Current Time = 09:05:58
40 Current Time = 09:43:01
