Running job number  176
Start  176
End  177
outcome: 131132-0.0
Number of features: 5
0 Current Time = 01:49:09
10 Current Time = 01:50:00
20 Current Time = 01:50:51
30 Current Time = 01:51:40
40 Current Time = 01:52:29
50 Current Time = 01:53:20
60 Current Time = 01:54:08
70 Current Time = 01:54:55
80 Current Time = 01:55:43
90 Current Time = 01:56:32
Number of features: 50
0 Current Time = 01:57:19
10 Current Time = 02:00:25
20 Current Time = 02:03:31
30 Current Time = 02:06:48
40 Current Time = 02:10:09
50 Current Time = 02:13:29
60 Current Time = 02:16:39
70 Current Time = 02:19:42
80 Current Time = 02:22:47
90 Current Time = 02:25:46
Number of features: 100
0 Current Time = 02:29:01
10 Current Time = 02:35:47
20 Current Time = 02:42:15
30 Current Time = 02:48:18
40 Current Time = 02:54:44
50 Current Time = 03:01:26
60 Current Time = 03:07:39
70 Current Time = 03:13:43
80 Current Time = 03:20:27
90 Current Time = 03:27:05
Number of features: 500
0 Current Time = 03:33:06
10 Current Time = 04:04:53
20 Current Time = 04:37:18
30 Current Time = 05:08:37
40 Current Time = 05:40:42
50 Current Time = 06:12:52
60 Current Time = 06:44:24
70 Current Time = 07:16:48
80 Current Time = 07:48:45
90 Current Time = 08:20:41
Number of features: 1000
0 Current Time = 08:53:14
10 Current Time = 10:01:26
20 Current Time = 11:08:34
30 Current Time = 12:14:27
40 Current Time = 13:21:13
50 Current Time = 14:27:37
60 Current Time = 15:32:45
70 Current Time = 16:30:35
80 Current Time = 17:20:30
