Running job number  26
Start  26
End  27
outcome: 130200-0.0
Number of features: 5
0 Current Time = 01:32:37
10 Current Time = 01:33:07
20 Current Time = 01:33:37
30 Current Time = 01:34:08
40 Current Time = 01:34:38
50 Current Time = 01:35:09
60 Current Time = 01:35:40
70 Current Time = 01:36:11
80 Current Time = 01:36:40
90 Current Time = 01:37:11
Number of features: 50
0 Current Time = 01:37:42
10 Current Time = 01:39:48
20 Current Time = 01:41:56
30 Current Time = 01:44:07
40 Current Time = 01:46:17
50 Current Time = 01:48:31
60 Current Time = 01:50:42
70 Current Time = 01:52:52
80 Current Time = 01:54:59
90 Current Time = 01:57:07
Number of features: 100
0 Current Time = 01:59:17
10 Current Time = 02:03:48
20 Current Time = 02:08:14
30 Current Time = 02:12:39
40 Current Time = 02:16:52
50 Current Time = 02:21:05
60 Current Time = 02:25:15
70 Current Time = 02:29:28
80 Current Time = 02:33:40
90 Current Time = 02:37:52
Number of features: 500
0 Current Time = 02:41:59
10 Current Time = 03:04:09
20 Current Time = 03:26:23
30 Current Time = 03:48:37
40 Current Time = 04:10:57
50 Current Time = 04:34:24
60 Current Time = 04:57:57
70 Current Time = 05:21:27
80 Current Time = 05:45:05
90 Current Time = 06:08:40
Number of features: 1000
0 Current Time = 06:31:36
10 Current Time = 07:22:04
20 Current Time = 08:13:14
30 Current Time = 09:04:54
40 Current Time = 09:56:30
50 Current Time = 10:48:31
60 Current Time = 11:40:10
70 Current Time = 12:31:47
80 Current Time = 13:23:44
90 Current Time = 14:15:30
Number of features: 2923
Analyses complete. Current Time = 15:17:18
Results saved. All done. Current Time = 15:17:19
