Running job number  270
Start  270
End  271
outcome: 131390-0.0
Number of features: 5
0 Current Time = 01:33:39
10 Current Time = 01:34:20
20 Current Time = 01:34:59
30 Current Time = 01:35:39
40 Current Time = 01:36:19
50 Current Time = 01:36:59
60 Current Time = 01:37:41
70 Current Time = 01:38:21
80 Current Time = 01:39:04
90 Current Time = 01:39:43
Number of features: 50
0 Current Time = 01:40:25
10 Current Time = 01:43:04
20 Current Time = 01:45:50
30 Current Time = 01:48:30
40 Current Time = 01:51:13
50 Current Time = 01:53:53
60 Current Time = 01:56:37
70 Current Time = 01:59:17
80 Current Time = 02:02:02
90 Current Time = 02:04:45
Number of features: 100
0 Current Time = 02:07:28
10 Current Time = 02:12:58
20 Current Time = 02:18:35
30 Current Time = 02:24:06
40 Current Time = 02:29:44
50 Current Time = 02:35:24
60 Current Time = 02:40:49
70 Current Time = 02:46:29
80 Current Time = 02:52:04
90 Current Time = 02:57:34
Number of features: 500
0 Current Time = 03:03:06
10 Current Time = 03:31:29
20 Current Time = 03:58:55
30 Current Time = 04:24:41
40 Current Time = 04:50:42
50 Current Time = 05:16:48
60 Current Time = 05:43:02
70 Current Time = 06:08:55
80 Current Time = 06:34:55
90 Current Time = 07:00:45
Number of features: 1000
0 Current Time = 07:26:25
10 Current Time = 08:21:37
20 Current Time = 09:15:35
