Running job number  525
Start  525
End  526
outcome: 132082-0.0
Number of features: 5
0 Current Time = 02:38:41
10 Current Time = 02:39:21
20 Current Time = 02:40:02
30 Current Time = 02:40:42
40 Current Time = 02:41:24
50 Current Time = 02:42:05
60 Current Time = 02:42:46
70 Current Time = 02:43:25
80 Current Time = 02:44:06
90 Current Time = 02:44:47
Number of features: 50
0 Current Time = 02:45:28
10 Current Time = 02:48:30
20 Current Time = 02:51:36
30 Current Time = 02:54:43
40 Current Time = 02:57:55
50 Current Time = 03:00:59
60 Current Time = 03:03:59
70 Current Time = 03:07:06
80 Current Time = 03:10:10
90 Current Time = 03:13:09
Number of features: 100
0 Current Time = 03:16:17
10 Current Time = 03:22:35
20 Current Time = 03:28:38
30 Current Time = 03:34:32
40 Current Time = 03:40:36
50 Current Time = 03:46:56
60 Current Time = 03:53:06
70 Current Time = 03:59:14
80 Current Time = 04:05:25
90 Current Time = 04:11:27
Number of features: 500
0 Current Time = 04:17:22
10 Current Time = 04:47:12
20 Current Time = 05:15:22
30 Current Time = 05:43:52
40 Current Time = 06:12:25
50 Current Time = 06:39:54
60 Current Time = 07:06:08
70 Current Time = 07:32:22
80 Current Time = 07:58:15
90 Current Time = 08:22:19
Number of features: 1000
0 Current Time = 08:46:17
10 Current Time = 09:36:18
