Running job number  210
Start  210
End  211
outcome: 131228-0.0
Number of features: 5
0 Current Time = 01:49:04
10 Current Time = 01:49:39
20 Current Time = 01:50:15
30 Current Time = 01:50:50
40 Current Time = 01:51:25
50 Current Time = 01:52:00
60 Current Time = 01:52:35
70 Current Time = 01:53:10
80 Current Time = 01:53:45
90 Current Time = 01:54:21
Number of features: 50
0 Current Time = 01:54:57
10 Current Time = 01:57:12
20 Current Time = 01:59:27
30 Current Time = 02:01:40
40 Current Time = 02:03:52
50 Current Time = 02:06:06
60 Current Time = 02:08:21
70 Current Time = 02:10:35
80 Current Time = 02:12:52
90 Current Time = 02:15:06
Number of features: 100
0 Current Time = 02:17:19
10 Current Time = 02:21:41
20 Current Time = 02:26:14
30 Current Time = 02:30:48
40 Current Time = 02:35:15
50 Current Time = 02:39:42
60 Current Time = 02:44:20
70 Current Time = 02:49:00
80 Current Time = 02:53:34
90 Current Time = 02:58:02
Number of features: 500
0 Current Time = 03:02:37
10 Current Time = 03:25:50
20 Current Time = 03:48:56
30 Current Time = 04:11:51
40 Current Time = 04:34:48
50 Current Time = 04:57:27
60 Current Time = 05:20:23
70 Current Time = 05:43:30
80 Current Time = 06:06:16
90 Current Time = 06:29:25
Number of features: 1000
0 Current Time = 06:52:26
10 Current Time = 07:39:55
20 Current Time = 08:27:02
30 Current Time = 09:14:51
40 Current Time = 10:02:36
50 Current Time = 10:49:27
60 Current Time = 11:37:32
70 Current Time = 12:24:50
80 Current Time = 13:12:17
90 Current Time = 13:59:38
Number of features: 2923
Analyses complete. Current Time = 15:01:19
Results saved. All done. Current Time = 15:01:20
