Running job number  148
Start  148
End  149
outcome: 131062-0.0
Number of features: 5
0 Current Time = 01:48:17
10 Current Time = 01:49:06
20 Current Time = 01:49:51
30 Current Time = 01:50:40
40 Current Time = 01:51:27
50 Current Time = 01:52:15
60 Current Time = 01:53:02
70 Current Time = 01:53:49
80 Current Time = 01:54:34
90 Current Time = 01:55:20
Number of features: 50
0 Current Time = 01:56:08
10 Current Time = 02:00:11
20 Current Time = 02:04:14
30 Current Time = 02:08:20
40 Current Time = 02:12:25
50 Current Time = 02:16:30
60 Current Time = 02:20:31
70 Current Time = 02:24:35
80 Current Time = 02:28:35
90 Current Time = 02:32:24
Number of features: 100
0 Current Time = 02:36:15
10 Current Time = 02:44:09
20 Current Time = 02:52:03
30 Current Time = 02:59:58
40 Current Time = 03:07:47
50 Current Time = 03:15:39
60 Current Time = 03:23:27
70 Current Time = 03:31:10
80 Current Time = 03:39:08
90 Current Time = 03:46:56
Number of features: 500
0 Current Time = 03:54:44
10 Current Time = 04:36:55
20 Current Time = 05:18:55
30 Current Time = 06:01:12
40 Current Time = 06:43:13
50 Current Time = 07:25:16
60 Current Time = 08:07:10
70 Current Time = 08:47:58
80 Current Time = 09:25:24
90 Current Time = 09:53:39
Number of features: 1000
0 Current Time = 10:18:29
10 Current Time = 11:11:07
20 Current Time = 12:02:22
30 Current Time = 12:49:46
40 Current Time = 13:23:26
50 Current Time = 13:57:01
60 Current Time = 14:32:27
70 Current Time = 15:06:51
80 Current Time = 15:41:14
90 Current Time = 16:15:26
Number of features: 2923
Analyses complete. Current Time = 17:00:38
Results saved. All done. Current Time = 17:00:39
