Running job number  394
Start  394
End  395
outcome: 131706-0.0
Number of features: 5
0 Current Time = 02:14:27
10 Current Time = 02:15:02
20 Current Time = 02:15:36
30 Current Time = 02:16:09
40 Current Time = 02:16:44
50 Current Time = 02:17:19
60 Current Time = 02:17:55
70 Current Time = 02:18:30
80 Current Time = 02:19:05
90 Current Time = 02:19:41
Number of features: 50
0 Current Time = 02:20:15
10 Current Time = 02:22:29
20 Current Time = 02:24:43
30 Current Time = 02:26:56
40 Current Time = 02:29:04
50 Current Time = 02:31:16
60 Current Time = 02:33:26
70 Current Time = 02:35:38
80 Current Time = 02:37:52
90 Current Time = 02:40:03
Number of features: 100
0 Current Time = 02:42:14
10 Current Time = 02:46:33
20 Current Time = 02:50:53
30 Current Time = 02:55:11
40 Current Time = 02:59:32
50 Current Time = 03:03:52
60 Current Time = 03:08:10
70 Current Time = 03:12:32
80 Current Time = 03:16:56
90 Current Time = 03:21:18
Number of features: 500
0 Current Time = 03:25:38
10 Current Time = 03:47:55
20 Current Time = 04:10:10
30 Current Time = 04:32:13
40 Current Time = 04:54:14
50 Current Time = 05:16:11
60 Current Time = 05:38:03
70 Current Time = 05:58:56
80 Current Time = 06:19:50
90 Current Time = 06:40:33
Number of features: 1000
0 Current Time = 07:01:24
10 Current Time = 07:44:14
20 Current Time = 08:29:15
30 Current Time = 09:15:28
40 Current Time = 10:01:59
