Running job number  191
Start  191
End  192
outcome: 131178-0.0
Number of features: 5
0 Current Time = 01:49:04
10 Current Time = 01:49:42
20 Current Time = 01:50:19
30 Current Time = 01:50:57
40 Current Time = 01:51:34
50 Current Time = 01:52:11
60 Current Time = 01:52:49
70 Current Time = 01:53:28
80 Current Time = 01:54:07
90 Current Time = 01:54:50
Number of features: 50
0 Current Time = 01:55:30
10 Current Time = 01:57:54
20 Current Time = 02:00:13
30 Current Time = 02:02:37
40 Current Time = 02:04:59
50 Current Time = 02:07:20
60 Current Time = 02:09:44
70 Current Time = 02:12:11
80 Current Time = 02:14:35
90 Current Time = 02:16:59
Number of features: 100
0 Current Time = 02:19:22
10 Current Time = 02:24:05
20 Current Time = 02:28:51
30 Current Time = 02:33:32
40 Current Time = 02:38:12
50 Current Time = 02:42:54
60 Current Time = 02:47:38
70 Current Time = 02:52:22
80 Current Time = 02:57:18
90 Current Time = 03:01:55
Number of features: 500
0 Current Time = 03:06:36
10 Current Time = 03:31:13
20 Current Time = 03:55:39
30 Current Time = 04:20:26
40 Current Time = 04:45:22
50 Current Time = 05:09:51
60 Current Time = 05:34:34
70 Current Time = 05:59:30
80 Current Time = 06:24:04
90 Current Time = 06:48:50
Number of features: 1000
0 Current Time = 07:13:24
10 Current Time = 08:04:01
20 Current Time = 08:54:40
30 Current Time = 09:46:07
40 Current Time = 10:37:12
50 Current Time = 11:27:59
60 Current Time = 12:19:22
70 Current Time = 13:11:24
80 Current Time = 14:03:06
90 Current Time = 14:54:39
Number of features: 2923
Analyses complete. Current Time = 16:01:46
Results saved. All done. Current Time = 16:01:47
