Running job number  210
Start  210
End  211
outcome: 131228-0.0
Number of features: 5
0 Current Time = 23:14:54
10 Current Time = 23:15:31
20 Current Time = 23:16:08
30 Current Time = 23:16:44
40 Current Time = 23:17:20
50 Current Time = 23:17:55
60 Current Time = 23:18:32
70 Current Time = 23:19:07
80 Current Time = 23:19:44
90 Current Time = 23:20:20
Number of features: 50
0 Current Time = 23:20:57
10 Current Time = 23:23:20
20 Current Time = 23:25:39
30 Current Time = 23:27:57
40 Current Time = 23:30:14
50 Current Time = 23:32:32
60 Current Time = 23:34:57
70 Current Time = 23:37:19
80 Current Time = 23:39:45
90 Current Time = 23:42:07
Number of features: 100
0 Current Time = 23:44:27
10 Current Time = 23:49:22
20 Current Time = 23:54:25
30 Current Time = 23:59:15
40 Current Time = 00:04:17
50 Current Time = 00:09:30
60 Current Time = 00:14:44
70 Current Time = 00:20:09
80 Current Time = 00:25:25
90 Current Time = 00:30:37
Number of features: 500
0 Current Time = 00:35:50
10 Current Time = 01:02:55
20 Current Time = 01:31:00
30 Current Time = 01:58:32
40 Current Time = 02:26:17
50 Current Time = 02:52:09
60 Current Time = 03:17:51
70 Current Time = 03:43:27
80 Current Time = 04:09:09
90 Current Time = 04:33:50
Number of features: 1000
0 Current Time = 04:58:04
