Running job number  475
Start  475
End  476
outcome: 131946-0.0
Number of features: 5
0 Current Time = 02:32:31
10 Current Time = 02:33:12
20 Current Time = 02:33:54
30 Current Time = 02:34:35
40 Current Time = 02:35:19
50 Current Time = 02:36:00
60 Current Time = 02:36:41
70 Current Time = 02:37:22
80 Current Time = 02:38:04
90 Current Time = 02:38:47
Number of features: 50
0 Current Time = 02:39:29
10 Current Time = 02:42:00
20 Current Time = 02:44:31
30 Current Time = 02:47:00
40 Current Time = 02:49:35
50 Current Time = 02:52:05
60 Current Time = 02:54:38
70 Current Time = 02:57:12
80 Current Time = 02:59:47
90 Current Time = 03:02:21
Number of features: 100
0 Current Time = 03:04:53
10 Current Time = 03:09:54
20 Current Time = 03:15:00
30 Current Time = 03:20:05
40 Current Time = 03:25:10
50 Current Time = 03:30:12
60 Current Time = 03:35:20
70 Current Time = 03:40:25
80 Current Time = 03:45:29
90 Current Time = 03:50:32
Number of features: 500
0 Current Time = 03:55:28
10 Current Time = 04:19:47
20 Current Time = 04:43:30
30 Current Time = 05:07:05
40 Current Time = 05:30:40
50 Current Time = 05:54:37
60 Current Time = 06:18:13
70 Current Time = 06:41:44
80 Current Time = 07:05:28
90 Current Time = 07:28:51
Number of features: 1000
0 Current Time = 07:51:56
10 Current Time = 08:41:02
20 Current Time = 09:28:38
