Running job number  51
Start  51
End  52
outcome: 130642-0.0
Number of features: 5
0 Current Time = 01:33:25
10 Current Time = 01:33:58
20 Current Time = 01:34:32
30 Current Time = 01:35:07
40 Current Time = 01:35:41
50 Current Time = 01:36:15
60 Current Time = 01:36:49
70 Current Time = 01:37:23
80 Current Time = 01:37:56
90 Current Time = 01:38:29
Number of features: 50
0 Current Time = 01:39:03
10 Current Time = 01:41:04
20 Current Time = 01:43:07
30 Current Time = 01:45:13
40 Current Time = 01:47:18
50 Current Time = 01:49:21
60 Current Time = 01:51:25
70 Current Time = 01:53:28
80 Current Time = 01:55:31
90 Current Time = 01:57:33
Number of features: 100
0 Current Time = 01:59:37
10 Current Time = 02:03:43
20 Current Time = 02:07:44
30 Current Time = 02:11:45
40 Current Time = 02:15:52
50 Current Time = 02:19:56
60 Current Time = 02:23:56
70 Current Time = 02:28:00
80 Current Time = 02:32:04
90 Current Time = 02:36:09
Number of features: 500
0 Current Time = 02:40:13
10 Current Time = 03:01:03
20 Current Time = 03:21:35
30 Current Time = 03:42:34
40 Current Time = 04:03:48
50 Current Time = 04:24:42
60 Current Time = 04:45:42
70 Current Time = 05:06:32
80 Current Time = 05:27:41
90 Current Time = 05:48:45
Number of features: 1000
0 Current Time = 06:09:32
10 Current Time = 06:52:22
20 Current Time = 07:36:53
30 Current Time = 08:21:20
40 Current Time = 09:06:26
50 Current Time = 09:50:54
60 Current Time = 10:35:39
70 Current Time = 11:20:00
80 Current Time = 12:05:27
90 Current Time = 12:50:58
Number of features: 2923
Analyses complete. Current Time = 13:47:27
Results saved. All done. Current Time = 13:47:29
