Running job number  98
Start  98
End  99
outcome: 130838-0.0
Number of features: 5
0 Current Time = 23:07:51
10 Current Time = 23:08:36
20 Current Time = 23:09:22
30 Current Time = 23:10:08
40 Current Time = 23:10:53
50 Current Time = 23:11:38
60 Current Time = 23:12:23
70 Current Time = 23:13:09
80 Current Time = 23:13:55
90 Current Time = 23:14:41
Number of features: 50
0 Current Time = 23:15:28
10 Current Time = 23:17:46
20 Current Time = 23:20:08
30 Current Time = 23:22:35
40 Current Time = 23:24:56
50 Current Time = 23:27:15
60 Current Time = 23:29:34
70 Current Time = 23:31:57
80 Current Time = 23:34:23
90 Current Time = 23:36:48
Number of features: 100
0 Current Time = 23:39:18
10 Current Time = 23:43:48
20 Current Time = 23:48:37
30 Current Time = 23:53:24
40 Current Time = 23:58:23
50 Current Time = 00:03:06
60 Current Time = 00:08:02
70 Current Time = 00:12:49
80 Current Time = 00:17:30
90 Current Time = 00:22:14
Number of features: 500
0 Current Time = 00:26:57
10 Current Time = 00:50:56
20 Current Time = 01:14:46
30 Current Time = 01:38:48
40 Current Time = 02:02:16
50 Current Time = 02:25:39
60 Current Time = 02:49:20
70 Current Time = 03:13:50
80 Current Time = 03:40:31
90 Current Time = 04:07:44
Number of features: 1000
0 Current Time = 04:36:03
