Running job number  134
Start  134
End  135
outcome: 131024-0.0
Number of features: 5
0 Current Time = 01:48:04
10 Current Time = 01:48:35
20 Current Time = 01:49:05
30 Current Time = 01:49:33
40 Current Time = 01:50:02
50 Current Time = 01:50:31
60 Current Time = 01:51:00
70 Current Time = 01:51:29
80 Current Time = 01:51:58
90 Current Time = 01:52:27
Number of features: 50
0 Current Time = 01:52:56
10 Current Time = 01:54:40
20 Current Time = 01:56:24
30 Current Time = 01:58:10
40 Current Time = 01:59:54
50 Current Time = 02:01:39
60 Current Time = 02:03:24
70 Current Time = 02:05:10
80 Current Time = 02:06:56
90 Current Time = 02:08:41
Number of features: 100
0 Current Time = 02:10:26
10 Current Time = 02:13:54
20 Current Time = 02:17:21
30 Current Time = 02:20:50
40 Current Time = 02:24:16
50 Current Time = 02:27:50
60 Current Time = 02:31:19
70 Current Time = 02:34:49
80 Current Time = 02:38:18
90 Current Time = 02:41:46
Number of features: 500
0 Current Time = 02:45:15
10 Current Time = 03:04:01
20 Current Time = 03:22:35
30 Current Time = 03:41:08
40 Current Time = 03:59:40
50 Current Time = 04:18:19
60 Current Time = 04:36:56
70 Current Time = 04:55:35
80 Current Time = 05:14:04
90 Current Time = 05:32:35
Number of features: 1000
0 Current Time = 05:51:12
10 Current Time = 06:30:23
20 Current Time = 07:09:02
30 Current Time = 07:48:02
40 Current Time = 08:26:44
50 Current Time = 09:05:14
60 Current Time = 09:43:47
70 Current Time = 10:22:18
80 Current Time = 11:00:49
90 Current Time = 11:39:27
Number of features: 2923
Analyses complete. Current Time = 12:29:41
Results saved. All done. Current Time = 12:29:42
