Running job number  160
Start  160
End  161
outcome: 131088-0.0
Number of features: 5
0 Current Time = 23:12:34
10 Current Time = 23:13:13
20 Current Time = 23:13:50
30 Current Time = 23:14:28
40 Current Time = 23:15:06
50 Current Time = 23:15:43
60 Current Time = 23:16:21
70 Current Time = 23:16:58
80 Current Time = 23:17:37
90 Current Time = 23:18:13
Number of features: 50
0 Current Time = 23:18:51
10 Current Time = 23:21:20
20 Current Time = 23:23:48
30 Current Time = 23:26:16
40 Current Time = 23:28:44
50 Current Time = 23:31:12
60 Current Time = 23:33:43
70 Current Time = 23:36:13
80 Current Time = 23:38:45
90 Current Time = 23:41:16
Number of features: 100
0 Current Time = 23:43:46
10 Current Time = 23:48:37
20 Current Time = 23:53:27
30 Current Time = 23:58:14
40 Current Time = 00:02:57
50 Current Time = 00:07:32
60 Current Time = 00:12:09
70 Current Time = 00:16:47
80 Current Time = 00:21:21
90 Current Time = 00:25:55
Number of features: 500
0 Current Time = 00:30:33
10 Current Time = 00:53:13
20 Current Time = 01:16:10
30 Current Time = 01:40:05
40 Current Time = 02:04:30
50 Current Time = 02:28:32
60 Current Time = 02:52:14
70 Current Time = 03:16:10
80 Current Time = 03:39:39
90 Current Time = 04:03:18
Number of features: 1000
0 Current Time = 04:26:57
