Running job number  8
Start  8
End  9
outcome: 130064-0.0
Number of features: 5
0 Current Time = 23:04:56
10 Current Time = 23:05:32
20 Current Time = 23:06:07
30 Current Time = 23:06:42
40 Current Time = 23:07:20
50 Current Time = 23:07:55
60 Current Time = 23:08:31
70 Current Time = 23:09:07
80 Current Time = 23:09:43
90 Current Time = 23:10:18
Number of features: 50
0 Current Time = 23:10:54
10 Current Time = 23:13:10
20 Current Time = 23:15:20
30 Current Time = 23:17:33
40 Current Time = 23:19:46
50 Current Time = 23:21:59
60 Current Time = 23:24:11
70 Current Time = 23:26:23
80 Current Time = 23:28:34
90 Current Time = 23:30:45
Number of features: 100
0 Current Time = 23:32:57
10 Current Time = 23:37:36
20 Current Time = 23:42:27
30 Current Time = 23:47:13
40 Current Time = 23:52:05
50 Current Time = 23:56:53
60 Current Time = 00:01:40
70 Current Time = 00:06:35
80 Current Time = 00:11:32
90 Current Time = 00:16:22
Number of features: 500
0 Current Time = 00:21:15
10 Current Time = 00:45:41
20 Current Time = 01:10:34
30 Current Time = 01:35:56
40 Current Time = 02:01:09
50 Current Time = 02:26:03
60 Current Time = 02:51:18
70 Current Time = 03:16:33
80 Current Time = 03:41:51
90 Current Time = 04:07:11
Number of features: 1000
0 Current Time = 04:31:48
