Running job number  51
Start  51
End  52
outcome: 130642-0.0
Number of features: 5
0 Current Time = 23:08:17
10 Current Time = 23:09:02
20 Current Time = 23:09:46
30 Current Time = 23:10:27
40 Current Time = 23:11:07
50 Current Time = 23:11:49
60 Current Time = 23:12:29
70 Current Time = 23:13:06
80 Current Time = 23:13:44
90 Current Time = 23:14:20
Number of features: 50
0 Current Time = 23:14:57
10 Current Time = 23:18:19
20 Current Time = 23:20:53
30 Current Time = 23:23:28
40 Current Time = 23:26:00
50 Current Time = 23:28:31
60 Current Time = 23:31:00
70 Current Time = 23:33:30
80 Current Time = 23:35:59
90 Current Time = 23:38:25
Number of features: 100
0 Current Time = 23:40:56
10 Current Time = 23:47:31
20 Current Time = 23:53:26
30 Current Time = 23:59:19
40 Current Time = 00:05:25
50 Current Time = 00:11:29
60 Current Time = 00:17:46
70 Current Time = 00:23:42
80 Current Time = 00:29:56
90 Current Time = 00:36:22
Number of features: 500
0 Current Time = 00:42:56
10 Current Time = 01:18:52
20 Current Time = 01:55:35
30 Current Time = 02:30:37
40 Current Time = 03:07:36
50 Current Time = 03:44:19
60 Current Time = 04:20:08
70 Current Time = 04:55:36
