Running job number  68
Start  68
End  69
outcome: 130704-0.0
Number of features: 5
0 Current Time = 23:07:52
10 Current Time = 23:08:27
20 Current Time = 23:09:02
30 Current Time = 23:09:37
40 Current Time = 23:10:11
50 Current Time = 23:10:46
60 Current Time = 23:11:20
70 Current Time = 23:11:54
80 Current Time = 23:12:28
90 Current Time = 23:13:00
Number of features: 50
0 Current Time = 23:13:35
10 Current Time = 23:15:45
20 Current Time = 23:18:01
30 Current Time = 23:20:12
40 Current Time = 23:22:26
50 Current Time = 23:24:41
60 Current Time = 23:26:52
70 Current Time = 23:29:07
80 Current Time = 23:31:19
90 Current Time = 23:33:30
Number of features: 100
0 Current Time = 23:35:40
10 Current Time = 23:40:32
20 Current Time = 23:45:31
30 Current Time = 23:50:26
40 Current Time = 23:55:24
50 Current Time = 00:00:25
60 Current Time = 00:05:19
70 Current Time = 00:10:26
80 Current Time = 00:15:27
90 Current Time = 00:20:20
Number of features: 500
0 Current Time = 00:25:07
10 Current Time = 00:50:36
20 Current Time = 01:16:33
30 Current Time = 01:42:55
40 Current Time = 02:08:58
50 Current Time = 02:35:07
60 Current Time = 03:01:32
70 Current Time = 03:27:37
80 Current Time = 03:53:30
90 Current Time = 04:19:40
Number of features: 1000
0 Current Time = 04:46:11
