Running job number  139
Start  139
End  140
outcome: 131038-0.0
Number of features: 5
0 Current Time = 01:48:04
10 Current Time = 01:48:48
20 Current Time = 01:49:31
30 Current Time = 01:50:16
40 Current Time = 01:50:59
50 Current Time = 01:51:42
60 Current Time = 01:52:27
70 Current Time = 01:53:10
80 Current Time = 01:53:53
90 Current Time = 01:54:35
Number of features: 50
0 Current Time = 01:55:20
10 Current Time = 01:57:48
20 Current Time = 02:00:13
30 Current Time = 02:02:39
40 Current Time = 02:05:06
50 Current Time = 02:07:34
60 Current Time = 02:09:59
70 Current Time = 02:12:30
80 Current Time = 02:14:57
90 Current Time = 02:17:24
Number of features: 100
0 Current Time = 02:19:55
10 Current Time = 02:24:42
20 Current Time = 02:29:30
30 Current Time = 02:34:17
40 Current Time = 02:39:05
50 Current Time = 02:43:45
60 Current Time = 02:48:33
70 Current Time = 02:53:19
80 Current Time = 02:58:05
90 Current Time = 03:02:54
Number of features: 500
0 Current Time = 03:07:48
10 Current Time = 03:32:18
20 Current Time = 03:56:42
30 Current Time = 04:21:16
40 Current Time = 04:45:52
50 Current Time = 05:10:08
60 Current Time = 05:34:43
70 Current Time = 05:59:25
80 Current Time = 06:23:57
90 Current Time = 06:48:36
Number of features: 1000
0 Current Time = 07:13:39
10 Current Time = 08:03:55
20 Current Time = 08:54:32
30 Current Time = 09:45:25
40 Current Time = 10:35:38
50 Current Time = 11:25:53
60 Current Time = 12:16:30
70 Current Time = 13:05:57
80 Current Time = 13:51:33
90 Current Time = 14:38:10
Number of features: 2923
Analyses complete. Current Time = 15:33:51
Results saved. All done. Current Time = 15:33:52
