Running job number  140
Start  140
End  141
outcome: 131042-0.0
Number of features: 5
0 Current Time = 23:10:02
10 Current Time = 23:10:39
20 Current Time = 23:11:13
30 Current Time = 23:11:48
40 Current Time = 23:12:23
50 Current Time = 23:12:58
60 Current Time = 23:13:32
70 Current Time = 23:14:08
80 Current Time = 23:14:42
90 Current Time = 23:15:16
Number of features: 50
0 Current Time = 23:15:52
10 Current Time = 23:18:19
20 Current Time = 23:20:43
30 Current Time = 23:22:58
40 Current Time = 23:25:14
50 Current Time = 23:27:29
60 Current Time = 23:29:39
70 Current Time = 23:31:58
80 Current Time = 23:34:14
90 Current Time = 23:36:28
Number of features: 100
0 Current Time = 23:38:46
10 Current Time = 23:43:45
20 Current Time = 23:48:39
30 Current Time = 23:53:36
40 Current Time = 23:58:32
50 Current Time = 00:03:36
60 Current Time = 00:08:24
70 Current Time = 00:13:14
80 Current Time = 00:17:56
90 Current Time = 00:22:45
Number of features: 500
0 Current Time = 00:27:40
10 Current Time = 00:54:33
20 Current Time = 01:20:26
30 Current Time = 01:47:47
40 Current Time = 02:15:17
50 Current Time = 02:42:42
60 Current Time = 03:09:29
70 Current Time = 03:35:32
80 Current Time = 04:02:56
90 Current Time = 04:31:02
Number of features: 1000
0 Current Time = 04:59:45
