Running job number  38
Start  38
End  39
outcome: 130310-0.0
Number of features: 5
0 Current Time = 01:32:17
10 Current Time = 01:32:45
20 Current Time = 01:33:13
30 Current Time = 01:33:42
40 Current Time = 01:34:10
50 Current Time = 01:34:39
60 Current Time = 01:35:07
70 Current Time = 01:35:36
80 Current Time = 01:36:05
90 Current Time = 01:36:34
Number of features: 50
0 Current Time = 01:37:02
10 Current Time = 01:38:45
20 Current Time = 01:40:25
30 Current Time = 01:42:04
40 Current Time = 01:43:43
50 Current Time = 01:45:22
60 Current Time = 01:47:01
70 Current Time = 01:48:42
80 Current Time = 01:50:22
90 Current Time = 01:52:01
Number of features: 100
0 Current Time = 01:53:40
10 Current Time = 01:56:54
20 Current Time = 02:00:08
30 Current Time = 02:03:22
40 Current Time = 02:06:38
50 Current Time = 02:09:57
60 Current Time = 02:13:11
70 Current Time = 02:16:27
80 Current Time = 02:19:44
90 Current Time = 02:22:59
Number of features: 500
0 Current Time = 02:26:13
10 Current Time = 02:44:06
20 Current Time = 03:02:14
30 Current Time = 03:20:12
40 Current Time = 03:38:13
50 Current Time = 03:56:04
60 Current Time = 04:13:59
70 Current Time = 04:31:50
80 Current Time = 04:49:54
90 Current Time = 05:07:49
Number of features: 1000
0 Current Time = 05:25:47
10 Current Time = 06:03:02
20 Current Time = 06:40:28
30 Current Time = 07:18:01
40 Current Time = 07:55:23
50 Current Time = 08:32:59
60 Current Time = 09:10:09
70 Current Time = 09:47:19
80 Current Time = 10:24:51
90 Current Time = 11:02:02
Number of features: 2923
Analyses complete. Current Time = 11:50:00
Results saved. All done. Current Time = 11:50:01
