Running job number  158
Start  158
End  159
outcome: 131084-0.0
Number of features: 5
0 Current Time = 23:12:39
10 Current Time = 23:13:11
20 Current Time = 23:13:43
30 Current Time = 23:14:15
40 Current Time = 23:14:47
50 Current Time = 23:15:19
60 Current Time = 23:15:51
70 Current Time = 23:16:23
80 Current Time = 23:16:55
90 Current Time = 23:17:26
Number of features: 50
0 Current Time = 23:17:58
10 Current Time = 23:20:01
20 Current Time = 23:22:04
30 Current Time = 23:24:06
40 Current Time = 23:26:08
50 Current Time = 23:28:11
60 Current Time = 23:30:12
70 Current Time = 23:32:15
80 Current Time = 23:34:19
90 Current Time = 23:36:19
Number of features: 100
0 Current Time = 23:38:23
10 Current Time = 23:42:32
20 Current Time = 23:46:40
30 Current Time = 23:50:47
40 Current Time = 23:54:52
50 Current Time = 23:58:56
60 Current Time = 00:03:00
70 Current Time = 00:07:11
80 Current Time = 00:11:07
90 Current Time = 00:14:51
Number of features: 500
0 Current Time = 00:18:17
10 Current Time = 00:36:22
20 Current Time = 00:54:10
30 Current Time = 01:11:28
40 Current Time = 01:29:54
50 Current Time = 01:50:40
60 Current Time = 02:11:12
70 Current Time = 02:30:57
80 Current Time = 02:51:05
90 Current Time = 03:11:41
Number of features: 1000
0 Current Time = 03:31:58
10 Current Time = 04:15:12
20 Current Time = 05:02:28
