Running job number  72
Start  72
End  73
outcome: 130714-0.0
Number of features: 5
0 Current Time = 21:33:03
10 Current Time = 21:33:55
20 Current Time = 21:34:49
30 Current Time = 21:35:44
40 Current Time = 21:36:37
50 Current Time = 21:37:32
60 Current Time = 21:38:28
70 Current Time = 21:39:21
80 Current Time = 21:40:15
90 Current Time = 21:41:07
Number of features: 50
0 Current Time = 21:42:01
10 Current Time = 21:46:32
20 Current Time = 21:51:10
30 Current Time = 21:55:45
40 Current Time = 22:00:07
50 Current Time = 22:04:37
60 Current Time = 22:09:08
70 Current Time = 22:13:32
80 Current Time = 22:18:04
90 Current Time = 22:22:33
Number of features: 100
0 Current Time = 22:26:56
10 Current Time = 22:36:36
20 Current Time = 22:46:31
30 Current Time = 22:56:14
40 Current Time = 23:05:51
50 Current Time = 23:15:25
60 Current Time = 23:24:55
70 Current Time = 23:34:31
80 Current Time = 23:43:58
90 Current Time = 23:53:37
Number of features: 500
0 Current Time = 00:03:14
10 Current Time = 00:54:34
20 Current Time = 01:46:15
30 Current Time = 02:38:38
40 Current Time = 03:30:22
50 Current Time = 04:23:34
60 Current Time = 05:16:12
70 Current Time = 06:08:38
80 Current Time = 07:01:12
90 Current Time = 07:54:16
Number of features: 1000
0 Current Time = 08:47:10
