Running job number  166
Start  166
End  167
outcome: 131108-0.0
Number of features: 5
0 Current Time = 23:12:40
10 Current Time = 23:13:17
20 Current Time = 23:13:54
30 Current Time = 23:14:32
40 Current Time = 23:15:09
50 Current Time = 23:15:44
60 Current Time = 23:16:20
70 Current Time = 23:16:56
80 Current Time = 23:17:32
90 Current Time = 23:18:07
Number of features: 50
0 Current Time = 23:18:43
10 Current Time = 23:21:01
20 Current Time = 23:23:20
30 Current Time = 23:25:37
40 Current Time = 23:27:56
50 Current Time = 23:30:15
60 Current Time = 23:32:32
70 Current Time = 23:34:54
80 Current Time = 23:37:13
90 Current Time = 23:39:33
Number of features: 100
0 Current Time = 23:41:50
10 Current Time = 23:46:34
20 Current Time = 23:50:59
30 Current Time = 23:55:35
40 Current Time = 00:00:33
50 Current Time = 00:05:37
60 Current Time = 00:10:28
70 Current Time = 00:14:30
80 Current Time = 00:18:30
90 Current Time = 00:22:55
Number of features: 500
0 Current Time = 00:27:39
10 Current Time = 00:51:33
20 Current Time = 01:15:59
30 Current Time = 01:40:41
40 Current Time = 02:05:22
50 Current Time = 02:30:04
60 Current Time = 02:54:32
70 Current Time = 03:19:19
80 Current Time = 03:43:51
90 Current Time = 04:08:31
Number of features: 1000
0 Current Time = 04:33:14
