Running job number  427
Start  427
End  428
outcome: 131820-0.0
Number of features: 5
0 Current Time = 02:24:05
10 Current Time = 02:24:53
20 Current Time = 02:25:40
30 Current Time = 02:26:26
40 Current Time = 02:27:13
50 Current Time = 02:27:59
60 Current Time = 02:28:46
70 Current Time = 02:29:32
80 Current Time = 02:30:18
90 Current Time = 02:31:04
Number of features: 50
0 Current Time = 02:31:51
10 Current Time = 02:34:38
20 Current Time = 02:37:26
30 Current Time = 02:40:08
40 Current Time = 02:42:53
50 Current Time = 02:45:38
60 Current Time = 02:48:19
70 Current Time = 02:51:06
80 Current Time = 02:53:52
90 Current Time = 02:56:32
Number of features: 100
0 Current Time = 02:59:14
10 Current Time = 03:04:24
20 Current Time = 03:09:39
30 Current Time = 03:15:01
40 Current Time = 03:20:13
50 Current Time = 03:25:31
60 Current Time = 03:30:41
70 Current Time = 03:35:50
80 Current Time = 03:40:58
90 Current Time = 03:46:04
Number of features: 500
0 Current Time = 03:51:16
10 Current Time = 04:17:51
20 Current Time = 04:44:54
30 Current Time = 05:12:00
40 Current Time = 05:39:09
50 Current Time = 06:06:07
60 Current Time = 06:33:13
70 Current Time = 06:59:31
80 Current Time = 07:25:27
90 Current Time = 07:51:06
Number of features: 1000
0 Current Time = 08:17:01
10 Current Time = 09:08:39
20 Current Time = 09:59:07
