Running job number  127
Start  127
End  128
outcome: 130932-0.0
Number of features: 5
0 Current Time = 23:09:51
10 Current Time = 23:10:23
20 Current Time = 23:10:56
30 Current Time = 23:11:27
40 Current Time = 23:12:00
50 Current Time = 23:12:32
60 Current Time = 23:13:05
70 Current Time = 23:13:38
80 Current Time = 23:14:10
90 Current Time = 23:14:42
Number of features: 50
0 Current Time = 23:15:15
10 Current Time = 23:17:23
20 Current Time = 23:19:32
30 Current Time = 23:21:32
40 Current Time = 23:23:32
50 Current Time = 23:25:31
60 Current Time = 23:27:31
70 Current Time = 23:29:30
80 Current Time = 23:31:25
90 Current Time = 23:33:23
Number of features: 100
0 Current Time = 23:35:20
10 Current Time = 23:39:17
20 Current Time = 23:43:13
30 Current Time = 23:47:11
40 Current Time = 23:51:06
50 Current Time = 23:54:53
60 Current Time = 23:58:53
70 Current Time = 00:02:40
80 Current Time = 00:06:33
90 Current Time = 00:10:30
Number of features: 500
0 Current Time = 00:14:33
10 Current Time = 00:36:11
20 Current Time = 00:57:24
30 Current Time = 01:19:20
40 Current Time = 01:41:05
50 Current Time = 02:03:04
60 Current Time = 02:25:05
70 Current Time = 02:47:03
80 Current Time = 03:09:08
90 Current Time = 03:31:09
Number of features: 1000
0 Current Time = 03:53:17
10 Current Time = 04:38:46
