Running job number  82
Start  82
End  83
outcome: 130770-0.0
Number of features: 5
0 Current Time = 01:33:43
10 Current Time = 01:34:21
20 Current Time = 01:34:58
30 Current Time = 01:35:37
40 Current Time = 01:36:13
50 Current Time = 01:36:53
60 Current Time = 01:37:31
70 Current Time = 01:38:08
80 Current Time = 01:38:47
90 Current Time = 01:39:24
Number of features: 50
0 Current Time = 01:40:02
10 Current Time = 01:42:20
20 Current Time = 01:44:39
30 Current Time = 01:46:53
40 Current Time = 01:49:08
50 Current Time = 01:51:29
60 Current Time = 01:53:46
70 Current Time = 01:56:04
80 Current Time = 01:58:24
90 Current Time = 02:00:40
Number of features: 100
0 Current Time = 02:03:00
10 Current Time = 02:07:17
20 Current Time = 02:11:35
30 Current Time = 02:15:43
40 Current Time = 02:19:45
50 Current Time = 02:23:52
60 Current Time = 02:28:43
70 Current Time = 02:32:57
80 Current Time = 02:37:27
90 Current Time = 02:42:00
Number of features: 500
0 Current Time = 02:46:07
10 Current Time = 03:07:27
20 Current Time = 03:29:51
30 Current Time = 03:51:47
40 Current Time = 04:12:24
50 Current Time = 04:33:40
60 Current Time = 04:55:35
70 Current Time = 05:16:28
80 Current Time = 05:37:39
90 Current Time = 05:59:21
Number of features: 1000
0 Current Time = 06:20:30
10 Current Time = 07:04:11
20 Current Time = 07:48:18
30 Current Time = 08:31:28
40 Current Time = 09:14:09
50 Current Time = 09:58:10
60 Current Time = 10:42:09
70 Current Time = 11:26:18
80 Current Time = 12:10:33
90 Current Time = 12:54:12
Number of features: 2923
Analyses complete. Current Time = 13:51:41
Results saved. All done. Current Time = 13:51:41
