Running job number  126
Start  126
End  127
outcome: 130924-0.0
Number of features: 5
0 Current Time = 01:47:44
10 Current Time = 01:48:16
20 Current Time = 01:48:48
30 Current Time = 01:49:20
40 Current Time = 01:49:51
50 Current Time = 01:50:24
60 Current Time = 01:50:56
70 Current Time = 01:51:27
80 Current Time = 01:51:58
90 Current Time = 01:52:29
Number of features: 50
0 Current Time = 01:53:01
10 Current Time = 01:55:02
20 Current Time = 01:57:03
30 Current Time = 01:59:04
40 Current Time = 02:01:04
50 Current Time = 02:03:03
60 Current Time = 02:05:03
70 Current Time = 02:07:05
80 Current Time = 02:09:07
90 Current Time = 02:11:08
Number of features: 100
0 Current Time = 02:13:08
10 Current Time = 02:17:08
20 Current Time = 02:21:07
30 Current Time = 02:25:07
40 Current Time = 02:29:05
50 Current Time = 02:33:04
60 Current Time = 02:36:59
70 Current Time = 02:40:57
80 Current Time = 02:44:56
90 Current Time = 02:48:51
Number of features: 500
0 Current Time = 02:52:51
10 Current Time = 03:14:18
20 Current Time = 03:35:06
30 Current Time = 03:56:21
40 Current Time = 04:17:18
50 Current Time = 04:38:25
60 Current Time = 04:59:30
70 Current Time = 05:20:38
80 Current Time = 05:41:41
90 Current Time = 06:02:42
Number of features: 1000
0 Current Time = 06:24:26
10 Current Time = 07:08:20
20 Current Time = 07:54:14
30 Current Time = 08:39:11
40 Current Time = 09:23:56
50 Current Time = 10:09:02
60 Current Time = 11:15:49
70 Current Time = 12:02:06
80 Current Time = 12:52:42
90 Current Time = 13:37:56
Number of features: 2923
Analyses complete. Current Time = 14:37:18
Results saved. All done. Current Time = 14:37:19
