Running job number  59
Start  59
End  60
outcome: 130666-0.0
Number of features: 5
0 Current Time = 23:07:45
10 Current Time = 23:08:20
20 Current Time = 23:08:54
30 Current Time = 23:09:27
40 Current Time = 23:10:02
50 Current Time = 23:10:37
60 Current Time = 23:11:11
70 Current Time = 23:11:45
80 Current Time = 23:12:18
90 Current Time = 23:12:52
Number of features: 50
0 Current Time = 23:13:27
10 Current Time = 23:15:39
20 Current Time = 23:17:45
30 Current Time = 23:19:55
40 Current Time = 23:22:04
50 Current Time = 23:24:14
60 Current Time = 23:26:23
70 Current Time = 23:28:34
80 Current Time = 23:30:42
90 Current Time = 23:32:49
Number of features: 100
0 Current Time = 23:35:01
10 Current Time = 23:39:19
20 Current Time = 23:43:40
30 Current Time = 23:48:04
40 Current Time = 23:52:31
50 Current Time = 23:56:52
60 Current Time = 00:01:17
70 Current Time = 00:05:42
80 Current Time = 00:10:11
90 Current Time = 00:14:33
Number of features: 500
0 Current Time = 00:19:01
10 Current Time = 00:42:12
20 Current Time = 01:05:29
30 Current Time = 01:28:56
40 Current Time = 01:52:22
50 Current Time = 02:15:28
60 Current Time = 02:37:53
70 Current Time = 03:00:15
80 Current Time = 03:22:54
90 Current Time = 03:45:00
Number of features: 1000
0 Current Time = 04:07:38
10 Current Time = 04:54:31
