Running job number  53
Start  53
End  54
outcome: 130646-0.0
Number of features: 5
0 Current Time = 23:07:30
10 Current Time = 23:08:14
20 Current Time = 23:08:58
30 Current Time = 23:09:42
40 Current Time = 23:10:25
50 Current Time = 23:11:09
60 Current Time = 23:11:54
70 Current Time = 23:12:38
80 Current Time = 23:13:22
90 Current Time = 23:14:05
Number of features: 50
0 Current Time = 23:14:50
10 Current Time = 23:17:33
20 Current Time = 23:20:12
30 Current Time = 23:22:53
40 Current Time = 23:25:32
50 Current Time = 23:28:16
60 Current Time = 23:30:57
70 Current Time = 23:33:39
80 Current Time = 23:36:18
90 Current Time = 23:38:53
Number of features: 100
0 Current Time = 23:41:19
10 Current Time = 23:45:51
20 Current Time = 23:50:21
30 Current Time = 23:54:58
40 Current Time = 23:59:29
50 Current Time = 00:04:09
60 Current Time = 00:09:02
70 Current Time = 00:14:05
80 Current Time = 00:19:07
90 Current Time = 00:24:12
Number of features: 500
0 Current Time = 00:29:24
10 Current Time = 00:54:49
20 Current Time = 01:20:07
30 Current Time = 01:45:39
40 Current Time = 02:10:46
50 Current Time = 02:36:17
60 Current Time = 03:01:42
70 Current Time = 03:27:11
80 Current Time = 03:52:36
90 Current Time = 04:18:01
Number of features: 1000
0 Current Time = 04:43:29
