Running job number  154
Start  154
End  155
outcome: 131076-0.0
Number of features: 5
0 Current Time = 01:48:15
10 Current Time = 01:48:43
20 Current Time = 01:49:11
30 Current Time = 01:49:38
40 Current Time = 01:50:05
50 Current Time = 01:50:33
60 Current Time = 01:51:00
70 Current Time = 01:51:28
80 Current Time = 01:51:56
90 Current Time = 01:52:23
Number of features: 50
0 Current Time = 01:52:51
10 Current Time = 01:54:34
20 Current Time = 01:56:18
30 Current Time = 01:58:03
40 Current Time = 01:59:47
50 Current Time = 02:01:31
60 Current Time = 02:03:13
70 Current Time = 02:04:57
80 Current Time = 02:06:41
90 Current Time = 02:08:22
Number of features: 100
0 Current Time = 02:10:06
10 Current Time = 02:13:24
20 Current Time = 02:16:42
30 Current Time = 02:20:01
40 Current Time = 02:23:15
50 Current Time = 02:26:34
60 Current Time = 02:29:53
70 Current Time = 02:33:10
80 Current Time = 02:36:30
90 Current Time = 02:39:47
Number of features: 500
0 Current Time = 02:43:04
10 Current Time = 03:01:23
20 Current Time = 03:19:14
30 Current Time = 03:37:28
40 Current Time = 03:55:40
50 Current Time = 04:13:46
60 Current Time = 04:31:57
70 Current Time = 04:50:10
80 Current Time = 05:08:16
90 Current Time = 05:26:13
Number of features: 1000
0 Current Time = 05:44:35
10 Current Time = 06:22:21
20 Current Time = 06:59:20
30 Current Time = 07:36:54
40 Current Time = 08:14:35
50 Current Time = 08:51:56
60 Current Time = 09:29:49
70 Current Time = 10:07:32
80 Current Time = 10:44:43
90 Current Time = 11:20:03
Number of features: 2923
Analyses complete. Current Time = 12:05:41
Results saved. All done. Current Time = 12:05:42
