Running job number  542
Start  542
End  543
outcome: 132120-0.0
Number of features: 5
0 Current Time = 02:42:35
10 Current Time = 02:43:02
20 Current Time = 02:43:30
30 Current Time = 02:43:57
40 Current Time = 02:44:25
50 Current Time = 02:44:52
60 Current Time = 02:45:20
70 Current Time = 02:45:47
80 Current Time = 02:46:15
90 Current Time = 02:46:42
Number of features: 50
0 Current Time = 02:47:09
10 Current Time = 02:48:54
20 Current Time = 02:50:37
30 Current Time = 02:52:21
40 Current Time = 02:54:04
50 Current Time = 02:55:47
60 Current Time = 02:57:36
70 Current Time = 02:59:19
80 Current Time = 03:01:03
90 Current Time = 03:02:46
Number of features: 100
0 Current Time = 03:04:29
10 Current Time = 03:07:47
20 Current Time = 03:11:04
30 Current Time = 03:14:29
40 Current Time = 03:17:47
50 Current Time = 03:21:03
60 Current Time = 03:24:22
70 Current Time = 03:27:41
80 Current Time = 03:31:10
90 Current Time = 03:34:29
Number of features: 500
0 Current Time = 03:37:49
10 Current Time = 03:55:47
20 Current Time = 04:13:18
30 Current Time = 04:30:46
40 Current Time = 04:48:09
50 Current Time = 05:05:32
60 Current Time = 05:22:57
70 Current Time = 05:40:18
80 Current Time = 05:57:21
90 Current Time = 06:14:23
Number of features: 1000
0 Current Time = 06:31:06
10 Current Time = 07:06:46
20 Current Time = 07:42:48
30 Current Time = 08:20:10
40 Current Time = 08:55:22
50 Current Time = 09:31:42
60 Current Time = 10:06:36
