Running job number  181
Start  181
End  182
outcome: 131148-0.0
Number of features: 5
0 Current Time = 01:49:13
10 Current Time = 01:49:59
20 Current Time = 01:50:45
30 Current Time = 01:51:33
40 Current Time = 01:52:19
50 Current Time = 01:52:58
60 Current Time = 01:53:35
70 Current Time = 01:54:12
80 Current Time = 01:54:49
90 Current Time = 01:55:26
Number of features: 50
0 Current Time = 01:56:03
10 Current Time = 01:58:30
20 Current Time = 02:00:46
30 Current Time = 02:03:02
40 Current Time = 02:05:19
50 Current Time = 02:07:32
60 Current Time = 02:09:47
70 Current Time = 02:12:14
80 Current Time = 02:14:41
90 Current Time = 02:17:08
Number of features: 100
0 Current Time = 02:19:34
10 Current Time = 02:24:26
20 Current Time = 02:29:34
30 Current Time = 02:34:22
40 Current Time = 02:39:15
50 Current Time = 02:44:14
60 Current Time = 02:49:25
70 Current Time = 02:54:34
80 Current Time = 02:59:37
90 Current Time = 03:04:47
Number of features: 500
0 Current Time = 03:09:59
10 Current Time = 03:41:24
20 Current Time = 04:15:49
30 Current Time = 04:49:30
40 Current Time = 05:20:38
50 Current Time = 05:49:29
60 Current Time = 06:16:25
70 Current Time = 06:43:57
80 Current Time = 07:11:23
90 Current Time = 07:38:53
Number of features: 1000
0 Current Time = 08:06:36
10 Current Time = 09:11:01
20 Current Time = 10:11:06
30 Current Time = 11:04:44
40 Current Time = 12:03:35
50 Current Time = 12:58:09
60 Current Time = 13:43:50
70 Current Time = 14:28:34
80 Current Time = 15:13:11
90 Current Time = 15:59:31
Number of features: 2923
Analyses complete. Current Time = 17:02:30
Results saved. All done. Current Time = 17:02:31
