Running job number  59
Start  59
End  60
outcome: 130666-0.0
Number of features: 5
0 Current Time = 01:33:24
10 Current Time = 01:33:55
20 Current Time = 01:34:27
30 Current Time = 01:34:58
40 Current Time = 01:35:30
50 Current Time = 01:36:03
60 Current Time = 01:36:34
70 Current Time = 01:37:06
80 Current Time = 01:37:37
90 Current Time = 01:38:08
Number of features: 50
0 Current Time = 01:38:41
10 Current Time = 01:40:40
20 Current Time = 01:42:35
30 Current Time = 01:44:31
40 Current Time = 01:46:35
50 Current Time = 01:48:43
60 Current Time = 01:50:50
70 Current Time = 01:53:00
80 Current Time = 01:55:07
90 Current Time = 01:57:04
Number of features: 100
0 Current Time = 01:59:03
10 Current Time = 02:03:11
20 Current Time = 02:07:24
30 Current Time = 02:11:35
40 Current Time = 02:15:51
50 Current Time = 02:20:04
60 Current Time = 02:24:19
70 Current Time = 02:28:22
80 Current Time = 02:32:13
90 Current Time = 02:36:09
Number of features: 500
0 Current Time = 02:40:12
10 Current Time = 03:00:24
20 Current Time = 03:20:23
30 Current Time = 03:40:16
40 Current Time = 04:00:15
50 Current Time = 04:20:28
60 Current Time = 04:40:43
70 Current Time = 05:00:43
80 Current Time = 05:21:26
90 Current Time = 05:41:25
Number of features: 1000
0 Current Time = 06:01:36
10 Current Time = 06:43:19
20 Current Time = 07:26:20
30 Current Time = 08:10:01
40 Current Time = 08:53:42
50 Current Time = 09:36:52
60 Current Time = 10:19:35
70 Current Time = 11:02:33
80 Current Time = 11:46:06
90 Current Time = 12:27:37
Number of features: 2923
Analyses complete. Current Time = 13:22:55
Results saved. All done. Current Time = 13:22:56
