Running job number  526
Start  526
End  527
outcome: 132084-0.0
Number of features: 5
0 Current Time = 02:38:26
10 Current Time = 02:38:58
20 Current Time = 02:39:30
30 Current Time = 02:40:03
40 Current Time = 02:40:35
50 Current Time = 02:41:07
60 Current Time = 02:41:39
70 Current Time = 02:42:12
80 Current Time = 02:42:44
90 Current Time = 02:43:16
Number of features: 50
0 Current Time = 02:43:49
10 Current Time = 02:45:56
20 Current Time = 02:48:03
30 Current Time = 02:50:10
40 Current Time = 02:52:17
50 Current Time = 02:54:23
60 Current Time = 02:56:29
70 Current Time = 02:58:35
80 Current Time = 03:00:43
90 Current Time = 03:02:49
Number of features: 100
0 Current Time = 03:04:54
10 Current Time = 03:09:02
20 Current Time = 03:13:10
30 Current Time = 03:17:20
40 Current Time = 03:21:30
50 Current Time = 03:25:38
60 Current Time = 03:29:47
70 Current Time = 03:33:55
80 Current Time = 03:38:04
90 Current Time = 03:42:13
Number of features: 500
0 Current Time = 03:46:23
10 Current Time = 04:07:56
20 Current Time = 04:29:25
30 Current Time = 04:51:01
40 Current Time = 05:12:29
50 Current Time = 05:33:51
60 Current Time = 05:55:14
70 Current Time = 06:16:36
80 Current Time = 06:38:01
90 Current Time = 06:59:25
Number of features: 1000
0 Current Time = 07:20:42
10 Current Time = 08:05:13
20 Current Time = 08:49:38
30 Current Time = 09:33:53
