Running job number  363
Start  363
End  364
outcome: 131630-0.0
Number of features: 5
0 Current Time = 02:10:03
10 Current Time = 02:10:46
20 Current Time = 02:11:32
30 Current Time = 02:12:14
40 Current Time = 02:12:54
50 Current Time = 02:13:39
60 Current Time = 02:14:23
70 Current Time = 02:15:04
80 Current Time = 02:15:48
90 Current Time = 02:16:30
Number of features: 50
0 Current Time = 02:17:12
10 Current Time = 02:20:19
20 Current Time = 02:23:22
30 Current Time = 02:26:27
40 Current Time = 02:29:26
50 Current Time = 02:32:29
60 Current Time = 02:35:30
70 Current Time = 02:38:30
80 Current Time = 02:41:28
90 Current Time = 02:44:27
Number of features: 100
0 Current Time = 02:47:20
10 Current Time = 02:54:52
20 Current Time = 03:02:06
30 Current Time = 03:09:20
40 Current Time = 03:15:56
50 Current Time = 03:22:46
60 Current Time = 03:29:53
70 Current Time = 03:36:59
80 Current Time = 03:43:56
90 Current Time = 03:51:06
Number of features: 500
0 Current Time = 03:58:14
10 Current Time = 04:42:57
20 Current Time = 05:27:02
30 Current Time = 06:11:36
40 Current Time = 06:45:38
50 Current Time = 07:16:53
60 Current Time = 07:47:12
70 Current Time = 08:17:35
80 Current Time = 08:47:58
90 Current Time = 09:19:04
Number of features: 1000
0 Current Time = 09:50:02
