Running job number  118
Start  118
End  119
outcome: 130908-0.0
Number of features: 5
0 Current Time = 21:33:06
10 Current Time = 21:33:36
20 Current Time = 21:34:06
30 Current Time = 21:34:37
40 Current Time = 21:35:07
50 Current Time = 21:35:38
60 Current Time = 21:36:09
70 Current Time = 21:36:39
80 Current Time = 21:37:09
90 Current Time = 21:37:40
Number of features: 50
0 Current Time = 21:38:10
10 Current Time = 21:40:05
20 Current Time = 21:41:59
30 Current Time = 21:43:54
40 Current Time = 21:45:49
50 Current Time = 21:47:45
60 Current Time = 21:49:40
70 Current Time = 21:51:36
80 Current Time = 21:53:31
90 Current Time = 21:55:25
Number of features: 100
0 Current Time = 21:57:21
10 Current Time = 22:01:12
20 Current Time = 22:05:10
30 Current Time = 22:09:15
40 Current Time = 22:13:23
50 Current Time = 22:17:26
60 Current Time = 22:21:34
70 Current Time = 22:25:41
80 Current Time = 22:29:43
90 Current Time = 22:33:47
Number of features: 500
0 Current Time = 22:37:55
10 Current Time = 23:00:44
20 Current Time = 23:22:26
30 Current Time = 23:43:38
40 Current Time = 00:03:52
50 Current Time = 00:24:16
60 Current Time = 00:44:08
70 Current Time = 01:03:10
80 Current Time = 01:22:23
90 Current Time = 01:41:50
Number of features: 1000
0 Current Time = 02:01:14
10 Current Time = 02:43:23
20 Current Time = 03:23:05
30 Current Time = 04:03:08
40 Current Time = 04:42:27
50 Current Time = 05:22:01
60 Current Time = 06:01:42
70 Current Time = 06:41:12
80 Current Time = 07:20:43
90 Current Time = 08:00:04
Number of features: 2923
Analyses complete. Current Time = 08:50:42
Results saved. All done. Current Time = 08:50:44
