Running job number  227
Start  227
End  228
outcome: 131280-0.0
Number of features: 5
0 Current Time = 01:50:09
10 Current Time = 01:50:47
20 Current Time = 01:51:25
30 Current Time = 01:52:03
40 Current Time = 01:52:41
50 Current Time = 01:53:20
60 Current Time = 01:53:58
70 Current Time = 01:54:36
80 Current Time = 01:55:13
90 Current Time = 01:55:51
Number of features: 50
0 Current Time = 01:56:29
10 Current Time = 01:58:46
20 Current Time = 02:00:58
30 Current Time = 02:03:09
40 Current Time = 02:05:23
50 Current Time = 02:07:35
60 Current Time = 02:09:46
70 Current Time = 02:11:59
80 Current Time = 02:14:16
90 Current Time = 02:16:34
Number of features: 100
0 Current Time = 02:18:52
10 Current Time = 02:23:06
20 Current Time = 02:27:20
30 Current Time = 02:31:34
40 Current Time = 02:35:51
50 Current Time = 02:39:57
60 Current Time = 02:44:04
70 Current Time = 02:48:09
80 Current Time = 02:52:25
90 Current Time = 02:56:38
Number of features: 500
0 Current Time = 03:00:38
10 Current Time = 03:21:42
20 Current Time = 03:43:12
30 Current Time = 04:03:52
40 Current Time = 04:25:18
50 Current Time = 04:46:14
60 Current Time = 05:07:06
70 Current Time = 05:28:10
80 Current Time = 05:48:30
90 Current Time = 06:08:48
Number of features: 1000
0 Current Time = 06:27:37
10 Current Time = 07:11:49
20 Current Time = 07:57:33
30 Current Time = 08:42:45
40 Current Time = 09:26:11
50 Current Time = 10:09:30
60 Current Time = 10:52:44
70 Current Time = 11:42:04
80 Current Time = 12:43:05
90 Current Time = 13:42:45
Number of features: 2923
Analyses complete. Current Time = 14:57:33
Results saved. All done. Current Time = 14:57:34
