Running job number  248
Start  248
End  249
outcome: 131338-0.0
Number of features: 5
0 Current Time = 23:19:09
10 Current Time = 23:19:49
20 Current Time = 23:20:29
30 Current Time = 23:21:09
40 Current Time = 23:21:48
50 Current Time = 23:22:28
60 Current Time = 23:23:09
70 Current Time = 23:23:49
80 Current Time = 23:24:28
90 Current Time = 23:25:09
Number of features: 50
0 Current Time = 23:25:49
10 Current Time = 23:28:31
20 Current Time = 23:31:10
30 Current Time = 23:33:52
40 Current Time = 23:36:37
50 Current Time = 23:39:17
60 Current Time = 23:41:50
70 Current Time = 23:44:37
80 Current Time = 23:47:19
90 Current Time = 23:49:57
Number of features: 100
0 Current Time = 23:52:27
10 Current Time = 23:57:35
20 Current Time = 00:02:38
30 Current Time = 00:07:55
40 Current Time = 00:13:04
50 Current Time = 00:18:18
60 Current Time = 00:23:16
70 Current Time = 00:28:31
80 Current Time = 00:33:40
90 Current Time = 00:38:53
Number of features: 500
0 Current Time = 00:43:57
10 Current Time = 01:10:51
20 Current Time = 01:38:52
30 Current Time = 02:06:05
40 Current Time = 02:33:25
50 Current Time = 03:00:44
60 Current Time = 03:28:39
70 Current Time = 03:56:36
80 Current Time = 04:24:29
90 Current Time = 04:52:26
