Running job number  121
Start  121
End  122
outcome: 130914-0.0
Number of features: 5
0 Current Time = 21:33:06
10 Current Time = 21:33:36
20 Current Time = 21:34:07
30 Current Time = 21:34:38
40 Current Time = 21:35:10
50 Current Time = 21:35:41
60 Current Time = 21:36:13
70 Current Time = 21:36:44
80 Current Time = 21:37:16
90 Current Time = 21:37:48
Number of features: 50
0 Current Time = 21:38:19
10 Current Time = 21:40:19
20 Current Time = 21:42:16
30 Current Time = 21:44:13
40 Current Time = 21:46:10
50 Current Time = 21:48:09
60 Current Time = 21:50:06
70 Current Time = 21:52:03
80 Current Time = 21:54:02
90 Current Time = 21:56:01
Number of features: 100
0 Current Time = 21:57:58
10 Current Time = 22:01:51
20 Current Time = 22:05:55
30 Current Time = 22:10:00
40 Current Time = 22:14:06
50 Current Time = 22:18:12
60 Current Time = 22:22:20
70 Current Time = 22:26:24
80 Current Time = 22:30:29
90 Current Time = 22:34:36
Number of features: 500
0 Current Time = 22:38:51
10 Current Time = 23:01:37
20 Current Time = 23:23:31
30 Current Time = 23:44:57
40 Current Time = 00:05:43
50 Current Time = 00:26:27
60 Current Time = 00:46:11
70 Current Time = 01:05:30
80 Current Time = 01:24:58
90 Current Time = 01:44:41
Number of features: 1000
0 Current Time = 02:04:19
10 Current Time = 02:47:14
20 Current Time = 03:27:29
30 Current Time = 04:07:46
40 Current Time = 04:48:03
50 Current Time = 05:28:06
60 Current Time = 06:08:40
70 Current Time = 06:48:43
80 Current Time = 07:28:32
90 Current Time = 08:08:22
Number of features: 2923
Analyses complete. Current Time = 08:59:18
Results saved. All done. Current Time = 08:59:20
