Running job number  180
Start  180
End  181
outcome: 131144-0.0
Number of features: 5
0 Current Time = 21:33:17
10 Current Time = 21:33:57
20 Current Time = 21:34:36
30 Current Time = 21:35:15
40 Current Time = 21:35:55
50 Current Time = 21:36:35
60 Current Time = 21:37:14
70 Current Time = 21:37:54
80 Current Time = 21:38:34
90 Current Time = 21:39:14
Number of features: 50
0 Current Time = 21:39:55
10 Current Time = 21:42:04
20 Current Time = 21:44:14
30 Current Time = 21:46:25
40 Current Time = 21:48:38
50 Current Time = 21:50:48
60 Current Time = 21:52:59
70 Current Time = 21:55:13
80 Current Time = 21:57:25
90 Current Time = 21:59:39
Number of features: 100
0 Current Time = 22:01:48
10 Current Time = 22:06:04
20 Current Time = 22:10:15
30 Current Time = 22:14:29
40 Current Time = 22:18:48
50 Current Time = 22:23:00
60 Current Time = 22:27:10
70 Current Time = 22:31:29
80 Current Time = 22:35:51
90 Current Time = 22:40:09
Number of features: 500
0 Current Time = 22:44:17
10 Current Time = 23:05:49
20 Current Time = 23:27:23
30 Current Time = 23:48:59
40 Current Time = 00:10:33
50 Current Time = 00:32:21
60 Current Time = 00:54:02
70 Current Time = 01:15:52
80 Current Time = 01:37:53
90 Current Time = 01:59:47
Number of features: 1000
0 Current Time = 02:21:43
10 Current Time = 03:06:11
20 Current Time = 03:50:56
30 Current Time = 04:35:46
40 Current Time = 05:20:27
50 Current Time = 06:05:34
60 Current Time = 06:50:21
70 Current Time = 07:35:46
80 Current Time = 08:20:40
90 Current Time = 09:06:11
Number of features: 2923
Analyses complete. Current Time = 10:04:56
Results saved. All done. Current Time = 10:04:57
