Running job number  535
Start  535
End  536
outcome: 132104-0.0
Number of features: 5
0 Current Time = 02:40:17
10 Current Time = 02:41:02
20 Current Time = 02:41:48
30 Current Time = 02:42:32
40 Current Time = 02:43:19
50 Current Time = 02:44:05
60 Current Time = 02:44:48
70 Current Time = 02:45:30
80 Current Time = 02:46:14
90 Current Time = 02:46:56
Number of features: 50
0 Current Time = 02:47:41
10 Current Time = 02:51:05
20 Current Time = 02:54:22
30 Current Time = 02:57:45
40 Current Time = 03:01:05
50 Current Time = 03:04:25
60 Current Time = 03:07:38
70 Current Time = 03:10:58
80 Current Time = 03:14:16
90 Current Time = 03:17:28
Number of features: 100
0 Current Time = 03:20:51
10 Current Time = 03:27:23
20 Current Time = 03:33:54
30 Current Time = 03:40:34
40 Current Time = 03:46:51
50 Current Time = 03:53:24
60 Current Time = 04:00:00
70 Current Time = 04:06:33
80 Current Time = 04:13:06
90 Current Time = 04:19:29
Number of features: 500
0 Current Time = 04:25:56
10 Current Time = 04:56:58
20 Current Time = 05:27:23
30 Current Time = 05:57:02
40 Current Time = 06:26:19
50 Current Time = 06:55:42
60 Current Time = 07:25:30
70 Current Time = 07:54:29
80 Current Time = 08:23:46
90 Current Time = 08:53:17
Number of features: 1000
0 Current Time = 09:21:31
10 Current Time = 10:21:30
