Running job number  514
Start  514
End  515
outcome: 132054-0.0
Number of features: 5
0 Current Time = 02:35:26
10 Current Time = 02:36:11
20 Current Time = 02:36:56
30 Current Time = 02:37:40
40 Current Time = 02:38:27
50 Current Time = 02:39:12
60 Current Time = 02:39:56
70 Current Time = 02:40:41
80 Current Time = 02:41:26
90 Current Time = 02:42:09
Number of features: 50
0 Current Time = 02:42:53
10 Current Time = 02:46:04
20 Current Time = 02:49:10
30 Current Time = 02:52:19
40 Current Time = 02:55:28
50 Current Time = 02:58:40
60 Current Time = 03:01:39
70 Current Time = 03:04:47
80 Current Time = 03:07:57
90 Current Time = 03:11:03
Number of features: 100
0 Current Time = 03:14:16
10 Current Time = 03:20:42
20 Current Time = 03:27:32
30 Current Time = 03:34:25
40 Current Time = 03:40:57
50 Current Time = 03:47:35
60 Current Time = 03:54:11
70 Current Time = 04:00:31
80 Current Time = 04:07:13
90 Current Time = 04:13:38
Number of features: 500
0 Current Time = 04:20:26
10 Current Time = 04:53:09
20 Current Time = 05:23:01
30 Current Time = 05:52:29
40 Current Time = 06:21:52
50 Current Time = 06:50:43
60 Current Time = 07:19:54
70 Current Time = 07:48:58
80 Current Time = 08:17:34
90 Current Time = 08:46:18
Number of features: 1000
0 Current Time = 09:14:39
