Running job number  243
Start  243
End  244
outcome: 131322-0.0
Number of features: 5
0 Current Time = 01:50:25
10 Current Time = 01:51:15
20 Current Time = 01:52:04
30 Current Time = 01:52:54
40 Current Time = 01:53:43
50 Current Time = 01:54:32
60 Current Time = 01:55:22
70 Current Time = 01:56:12
80 Current Time = 01:57:01
90 Current Time = 01:57:50
Number of features: 50
0 Current Time = 01:58:42
10 Current Time = 02:01:29
20 Current Time = 02:04:15
30 Current Time = 02:07:01
40 Current Time = 02:09:47
50 Current Time = 02:12:41
60 Current Time = 02:15:32
70 Current Time = 02:18:23
80 Current Time = 02:21:02
90 Current Time = 02:23:46
Number of features: 100
0 Current Time = 02:26:29
10 Current Time = 02:32:01
20 Current Time = 02:37:22
30 Current Time = 02:42:34
40 Current Time = 02:48:05
50 Current Time = 02:53:51
60 Current Time = 02:58:53
70 Current Time = 03:03:43
80 Current Time = 03:08:33
90 Current Time = 03:13:25
Number of features: 500
0 Current Time = 03:18:18
10 Current Time = 03:44:46
20 Current Time = 04:13:17
30 Current Time = 04:42:07
40 Current Time = 05:11:06
50 Current Time = 05:41:19
60 Current Time = 06:11:51
70 Current Time = 06:41:16
80 Current Time = 07:13:20
90 Current Time = 07:45:06
Number of features: 1000
0 Current Time = 08:16:18
10 Current Time = 09:18:38
20 Current Time = 10:19:41
30 Current Time = 11:25:53
40 Current Time = 12:33:19
50 Current Time = 13:37:38
60 Current Time = 14:42:49
70 Current Time = 15:52:28
80 Current Time = 17:11:57
