Running job number  164
Start  164
End  165
outcome: 131104-0.0
Number of features: 5
0 Current Time = 01:48:39
10 Current Time = 01:49:11
20 Current Time = 01:49:42
30 Current Time = 01:50:13
40 Current Time = 01:50:43
50 Current Time = 01:51:13
60 Current Time = 01:51:42
70 Current Time = 01:52:12
80 Current Time = 01:52:42
90 Current Time = 01:53:12
Number of features: 50
0 Current Time = 01:53:41
10 Current Time = 01:55:41
20 Current Time = 01:57:42
30 Current Time = 01:59:44
40 Current Time = 02:01:45
50 Current Time = 02:03:46
60 Current Time = 02:05:49
70 Current Time = 02:07:51
80 Current Time = 02:09:50
90 Current Time = 02:11:49
Number of features: 100
0 Current Time = 02:13:49
10 Current Time = 02:17:50
20 Current Time = 02:21:51
30 Current Time = 02:25:55
40 Current Time = 02:30:01
50 Current Time = 02:34:03
60 Current Time = 02:38:07
70 Current Time = 02:42:10
80 Current Time = 02:46:07
90 Current Time = 02:50:02
Number of features: 500
0 Current Time = 02:54:03
10 Current Time = 03:15:50
20 Current Time = 03:37:24
30 Current Time = 03:58:48
40 Current Time = 04:20:25
50 Current Time = 04:41:52
60 Current Time = 05:03:14
70 Current Time = 05:24:39
80 Current Time = 05:46:02
90 Current Time = 06:07:18
Number of features: 1000
0 Current Time = 06:28:46
10 Current Time = 07:15:40
20 Current Time = 08:02:45
30 Current Time = 08:49:34
40 Current Time = 09:35:45
50 Current Time = 10:22:26
60 Current Time = 11:08:40
70 Current Time = 11:54:57
80 Current Time = 12:41:24
90 Current Time = 13:26:53
Number of features: 2923
Analyses complete. Current Time = 14:27:38
Results saved. All done. Current Time = 14:27:39
