Running job number  37
Start  37
End  38
outcome: 130264-0.0
Number of features: 5
0 Current Time = 23:04:54
10 Current Time = 23:05:28
20 Current Time = 23:06:01
30 Current Time = 23:06:34
40 Current Time = 23:07:07
50 Current Time = 23:07:40
60 Current Time = 23:08:15
70 Current Time = 23:08:47
80 Current Time = 23:09:21
90 Current Time = 23:09:54
Number of features: 50
0 Current Time = 23:10:28
10 Current Time = 23:12:41
20 Current Time = 23:14:53
30 Current Time = 23:17:05
40 Current Time = 23:19:17
50 Current Time = 23:21:30
60 Current Time = 23:23:42
70 Current Time = 23:25:52
80 Current Time = 23:28:03
90 Current Time = 23:30:14
Number of features: 100
0 Current Time = 23:32:22
10 Current Time = 23:36:48
20 Current Time = 23:41:16
30 Current Time = 23:45:52
40 Current Time = 23:50:27
50 Current Time = 23:55:04
60 Current Time = 23:59:35
70 Current Time = 00:04:05
80 Current Time = 00:08:40
90 Current Time = 00:13:14
Number of features: 500
0 Current Time = 00:17:41
10 Current Time = 00:40:30
20 Current Time = 01:03:21
30 Current Time = 01:26:09
40 Current Time = 01:48:44
50 Current Time = 02:11:30
60 Current Time = 02:34:05
70 Current Time = 02:56:55
80 Current Time = 03:19:49
90 Current Time = 03:42:30
Number of features: 1000
0 Current Time = 04:05:21
10 Current Time = 04:52:58
