Running job number  134
Start  134
End  135
outcome: 131024-0.0
Number of features: 5
0 Current Time = 23:10:09
10 Current Time = 23:10:42
20 Current Time = 23:11:14
30 Current Time = 23:11:45
40 Current Time = 23:12:17
50 Current Time = 23:12:49
60 Current Time = 23:13:20
70 Current Time = 23:13:52
80 Current Time = 23:14:24
90 Current Time = 23:14:56
Number of features: 50
0 Current Time = 23:15:28
10 Current Time = 23:17:26
20 Current Time = 23:19:24
30 Current Time = 23:21:22
40 Current Time = 23:23:19
50 Current Time = 23:25:17
60 Current Time = 23:27:14
70 Current Time = 23:29:12
80 Current Time = 23:31:09
90 Current Time = 23:33:07
Number of features: 100
0 Current Time = 23:35:05
10 Current Time = 23:38:59
20 Current Time = 23:42:48
30 Current Time = 23:46:36
40 Current Time = 23:50:22
50 Current Time = 23:54:06
60 Current Time = 23:57:53
70 Current Time = 00:01:35
80 Current Time = 00:05:23
90 Current Time = 00:09:10
Number of features: 500
0 Current Time = 00:12:59
10 Current Time = 00:33:06
20 Current Time = 00:53:17
30 Current Time = 01:13:38
40 Current Time = 01:34:01
50 Current Time = 01:54:33
60 Current Time = 02:14:57
70 Current Time = 02:35:29
80 Current Time = 02:55:44
90 Current Time = 03:16:01
Number of features: 1000
0 Current Time = 03:36:25
10 Current Time = 04:18:23
20 Current Time = 05:00:15
