Running job number  256
Start  256
End  257
outcome: 131356-0.0
Number of features: 5
0 Current Time = 01:17:19
10 Current Time = 01:18:12
20 Current Time = 01:19:07
30 Current Time = 01:20:02
40 Current Time = 01:20:56
50 Current Time = 01:21:49
60 Current Time = 01:22:43
70 Current Time = 01:23:38
80 Current Time = 01:24:30
90 Current Time = 01:25:22
Number of features: 50
0 Current Time = 01:26:16
10 Current Time = 01:29:44
20 Current Time = 01:33:18
30 Current Time = 01:36:50
40 Current Time = 01:40:22
50 Current Time = 01:43:55
60 Current Time = 01:47:24
70 Current Time = 01:50:54
80 Current Time = 01:54:28
90 Current Time = 01:58:00
Number of features: 100
0 Current Time = 02:01:26
10 Current Time = 02:08:16
20 Current Time = 02:15:02
30 Current Time = 02:21:55
40 Current Time = 02:28:52
50 Current Time = 02:35:47
60 Current Time = 02:42:33
70 Current Time = 02:49:30
80 Current Time = 02:56:34
90 Current Time = 03:03:23
Number of features: 500
0 Current Time = 03:10:28
10 Current Time = 03:44:59
20 Current Time = 04:20:07
30 Current Time = 04:54:58
40 Current Time = 05:29:42
50 Current Time = 06:04:32
60 Current Time = 06:39:35
70 Current Time = 07:14:06
80 Current Time = 07:48:33
90 Current Time = 08:23:14
Number of features: 1000
0 Current Time = 08:58:12
