Running job number  299
Start  299
End  300
outcome: 131466-0.0
Number of features: 5
0 Current Time = 01:56:20
10 Current Time = 01:57:01
20 Current Time = 01:57:42
30 Current Time = 01:58:22
40 Current Time = 01:59:02
50 Current Time = 01:59:42
60 Current Time = 02:00:20
70 Current Time = 02:00:59
80 Current Time = 02:01:37
90 Current Time = 02:02:15
Number of features: 50
0 Current Time = 02:02:53
10 Current Time = 02:05:11
20 Current Time = 02:07:29
30 Current Time = 02:09:49
40 Current Time = 02:12:10
50 Current Time = 02:14:30
60 Current Time = 02:16:48
70 Current Time = 02:19:08
80 Current Time = 02:21:28
90 Current Time = 02:23:47
Number of features: 100
0 Current Time = 02:26:07
10 Current Time = 02:30:38
20 Current Time = 02:35:13
30 Current Time = 02:39:43
40 Current Time = 02:44:25
50 Current Time = 02:49:00
60 Current Time = 02:53:30
70 Current Time = 02:58:05
80 Current Time = 03:02:41
90 Current Time = 03:07:15
Number of features: 500
0 Current Time = 03:11:49
10 Current Time = 03:34:35
20 Current Time = 03:57:30
30 Current Time = 04:20:39
40 Current Time = 04:43:39
50 Current Time = 05:06:28
60 Current Time = 05:29:34
70 Current Time = 05:52:31
80 Current Time = 06:15:29
90 Current Time = 06:39:02
Number of features: 1000
0 Current Time = 07:04:37
10 Current Time = 08:01:56
20 Current Time = 09:03:10
30 Current Time = 10:01:10
40 Current Time = 11:02:29
50 Current Time = 12:06:11
60 Current Time = 13:04:18
70 Current Time = 13:53:31
80 Current Time = 14:42:03
90 Current Time = 15:31:05
Number of features: 2923
Analyses complete. Current Time = 16:33:28
Results saved. All done. Current Time = 16:33:29
