Running job number  80
Start  80
End  81
outcome: 130746-0.0
Number of features: 5
0 Current Time = 23:08:06
10 Current Time = 23:08:38
20 Current Time = 23:09:10
30 Current Time = 23:09:41
40 Current Time = 23:10:13
50 Current Time = 23:10:44
60 Current Time = 23:11:16
70 Current Time = 23:11:48
80 Current Time = 23:12:19
90 Current Time = 23:12:51
Number of features: 50
0 Current Time = 23:13:23
10 Current Time = 23:15:31
20 Current Time = 23:17:39
30 Current Time = 23:19:46
40 Current Time = 23:21:50
50 Current Time = 23:23:58
60 Current Time = 23:26:10
70 Current Time = 23:28:21
80 Current Time = 23:30:31
90 Current Time = 23:32:42
Number of features: 100
0 Current Time = 23:34:51
10 Current Time = 23:39:08
20 Current Time = 23:43:17
30 Current Time = 23:47:30
40 Current Time = 23:51:33
50 Current Time = 23:55:47
60 Current Time = 00:00:03
70 Current Time = 00:04:16
80 Current Time = 00:08:24
90 Current Time = 00:12:33
Number of features: 500
0 Current Time = 00:16:46
10 Current Time = 00:38:16
20 Current Time = 00:59:59
30 Current Time = 01:21:41
40 Current Time = 01:43:42
50 Current Time = 02:05:38
60 Current Time = 02:27:34
70 Current Time = 02:49:52
80 Current Time = 03:11:56
90 Current Time = 03:34:10
Number of features: 1000
0 Current Time = 03:56:14
10 Current Time = 04:41:56
