Running job number  295
Start  295
End  296
outcome: 131456-0.0
Number of features: 5
0 Current Time = 01:42:43
10 Current Time = 01:43:43
20 Current Time = 01:44:42
30 Current Time = 01:45:41
40 Current Time = 01:46:38
50 Current Time = 01:47:38
60 Current Time = 01:48:38
70 Current Time = 01:49:35
80 Current Time = 01:50:35
90 Current Time = 01:51:32
Number of features: 50
0 Current Time = 01:52:33
10 Current Time = 01:56:51
20 Current Time = 02:01:08
30 Current Time = 02:05:15
40 Current Time = 02:09:09
50 Current Time = 02:13:12
60 Current Time = 02:17:08
70 Current Time = 02:21:07
80 Current Time = 02:25:10
90 Current Time = 02:29:05
Number of features: 100
0 Current Time = 02:33:02
10 Current Time = 02:41:23
20 Current Time = 02:49:31
30 Current Time = 02:57:33
40 Current Time = 03:05:24
50 Current Time = 03:13:32
60 Current Time = 03:21:38
70 Current Time = 03:29:40
80 Current Time = 03:37:44
90 Current Time = 03:45:30
Number of features: 500
0 Current Time = 03:53:20
10 Current Time = 04:32:15
20 Current Time = 05:10:12
30 Current Time = 05:48:33
40 Current Time = 06:26:54
50 Current Time = 07:05:12
60 Current Time = 07:43:16
70 Current Time = 08:21:39
80 Current Time = 09:00:39
90 Current Time = 09:38:16
Number of features: 1000
0 Current Time = 10:16:26
