Running job number  216
Start  216
End  217
outcome: 131244-0.0
Number of features: 5
0 Current Time = 23:14:37
10 Current Time = 23:15:08
20 Current Time = 23:15:39
30 Current Time = 23:16:10
40 Current Time = 23:16:40
50 Current Time = 23:17:10
60 Current Time = 23:17:41
70 Current Time = 23:18:11
80 Current Time = 23:18:42
90 Current Time = 23:19:12
Number of features: 50
0 Current Time = 23:19:43
10 Current Time = 23:21:39
20 Current Time = 23:23:36
30 Current Time = 23:25:32
40 Current Time = 23:27:29
50 Current Time = 23:29:27
60 Current Time = 23:31:23
70 Current Time = 23:33:20
80 Current Time = 23:35:18
90 Current Time = 23:37:14
Number of features: 100
0 Current Time = 23:39:12
10 Current Time = 23:43:06
20 Current Time = 23:47:08
30 Current Time = 23:51:15
40 Current Time = 23:55:11
50 Current Time = 23:59:02
60 Current Time = 00:03:04
70 Current Time = 00:07:10
80 Current Time = 00:11:14
90 Current Time = 00:15:44
Number of features: 500
0 Current Time = 00:20:00
10 Current Time = 00:41:43
20 Current Time = 01:03:50
30 Current Time = 01:25:55
40 Current Time = 01:47:55
50 Current Time = 02:09:50
60 Current Time = 02:31:55
70 Current Time = 02:53:59
80 Current Time = 03:16:04
90 Current Time = 03:37:52
Number of features: 1000
0 Current Time = 03:59:45
10 Current Time = 04:45:16
