Running job number  351
Start  351
End  352
outcome: 131602-0.0
Number of features: 5
0 Current Time = 02:04:44
10 Current Time = 02:05:31
20 Current Time = 02:06:18
30 Current Time = 02:07:03
40 Current Time = 02:07:48
50 Current Time = 02:08:35
60 Current Time = 02:09:21
70 Current Time = 02:10:08
80 Current Time = 02:10:54
90 Current Time = 02:11:41
Number of features: 50
0 Current Time = 02:12:27
10 Current Time = 02:15:17
20 Current Time = 02:18:07
30 Current Time = 02:20:49
40 Current Time = 02:23:36
50 Current Time = 02:26:21
60 Current Time = 02:29:08
70 Current Time = 02:31:57
80 Current Time = 02:34:46
90 Current Time = 02:37:29
Number of features: 100
0 Current Time = 02:40:16
10 Current Time = 02:45:37
20 Current Time = 02:51:13
30 Current Time = 02:56:25
40 Current Time = 03:01:12
50 Current Time = 03:06:24
60 Current Time = 03:11:44
70 Current Time = 03:16:43
80 Current Time = 03:22:02
90 Current Time = 03:27:23
Number of features: 500
0 Current Time = 03:32:38
10 Current Time = 04:00:35
20 Current Time = 04:27:52
30 Current Time = 04:55:11
40 Current Time = 05:22:01
50 Current Time = 05:46:25
60 Current Time = 06:10:39
70 Current Time = 06:35:24
80 Current Time = 06:59:14
90 Current Time = 07:23:36
Number of features: 1000
0 Current Time = 07:45:55
10 Current Time = 08:35:12
20 Current Time = 09:26:42
