Running job number  150
Start  150
End  151
outcome: 131066-0.0
Number of features: 5
0 Current Time = 23:12:40
10 Current Time = 23:13:13
20 Current Time = 23:13:45
30 Current Time = 23:14:18
40 Current Time = 23:14:50
50 Current Time = 23:15:22
60 Current Time = 23:15:54
70 Current Time = 23:16:26
80 Current Time = 23:16:59
90 Current Time = 23:17:30
Number of features: 50
0 Current Time = 23:18:02
10 Current Time = 23:20:08
20 Current Time = 23:22:15
30 Current Time = 23:24:22
40 Current Time = 23:26:29
50 Current Time = 23:28:37
60 Current Time = 23:30:44
70 Current Time = 23:32:50
80 Current Time = 23:34:56
90 Current Time = 23:37:02
Number of features: 100
0 Current Time = 23:39:07
10 Current Time = 23:43:18
20 Current Time = 23:47:35
30 Current Time = 23:51:49
40 Current Time = 23:56:04
50 Current Time = 00:00:18
60 Current Time = 00:04:29
70 Current Time = 00:08:42
80 Current Time = 00:12:48
90 Current Time = 00:16:59
Number of features: 500
0 Current Time = 00:21:13
10 Current Time = 00:42:32
20 Current Time = 01:03:51
30 Current Time = 01:25:18
40 Current Time = 01:47:12
50 Current Time = 02:08:37
60 Current Time = 02:30:11
70 Current Time = 02:52:09
80 Current Time = 03:14:38
90 Current Time = 03:37:18
Number of features: 1000
0 Current Time = 04:00:00
10 Current Time = 04:46:19
