Running job number  252
Start  252
End  253
outcome: 131348-0.0
Number of features: 5
0 Current Time = 23:26:22
10 Current Time = 23:27:03
20 Current Time = 23:27:45
30 Current Time = 23:28:27
40 Current Time = 23:29:08
50 Current Time = 23:29:50
60 Current Time = 23:30:30
70 Current Time = 23:31:12
80 Current Time = 23:31:54
90 Current Time = 23:32:35
Number of features: 50
0 Current Time = 23:33:18
10 Current Time = 23:35:50
20 Current Time = 23:38:27
30 Current Time = 23:41:00
40 Current Time = 23:43:36
50 Current Time = 23:46:05
60 Current Time = 23:48:38
70 Current Time = 23:51:07
80 Current Time = 23:53:36
90 Current Time = 23:56:07
Number of features: 100
0 Current Time = 23:58:39
10 Current Time = 00:03:32
20 Current Time = 00:08:31
30 Current Time = 00:13:33
40 Current Time = 00:18:27
50 Current Time = 00:23:28
60 Current Time = 00:28:30
70 Current Time = 00:33:34
80 Current Time = 00:38:42
90 Current Time = 00:43:52
Number of features: 500
0 Current Time = 00:48:58
10 Current Time = 01:15:12
20 Current Time = 01:41:41
30 Current Time = 02:07:50
40 Current Time = 02:34:17
50 Current Time = 03:00:42
60 Current Time = 03:27:10
70 Current Time = 03:53:25
80 Current Time = 04:20:06
90 Current Time = 04:46:22
Number of features: 1000
0 Current Time = 05:12:49
