Running job number  328
Start  328
End  329
outcome: 131548-0.0
Number of features: 5
0 Current Time = 01:57:27
10 Current Time = 01:58:18
20 Current Time = 01:59:08
30 Current Time = 02:00:00
40 Current Time = 02:00:49
50 Current Time = 02:01:39
60 Current Time = 02:02:27
70 Current Time = 02:03:17
80 Current Time = 02:04:07
90 Current Time = 02:04:55
Number of features: 50
0 Current Time = 02:05:46
10 Current Time = 02:09:03
20 Current Time = 02:12:19
30 Current Time = 02:15:30
40 Current Time = 02:18:37
50 Current Time = 02:21:49
60 Current Time = 02:24:55
70 Current Time = 02:28:09
80 Current Time = 02:31:24
90 Current Time = 02:34:33
Number of features: 100
0 Current Time = 02:37:44
10 Current Time = 02:44:05
20 Current Time = 02:50:17
30 Current Time = 02:56:38
40 Current Time = 03:03:00
50 Current Time = 03:09:23
60 Current Time = 03:15:53
70 Current Time = 03:22:10
80 Current Time = 03:28:29
90 Current Time = 03:34:34
Number of features: 500
0 Current Time = 03:40:55
10 Current Time = 04:13:52
20 Current Time = 04:45:31
30 Current Time = 05:17:42
40 Current Time = 05:49:37
50 Current Time = 06:21:50
60 Current Time = 06:53:07
70 Current Time = 07:24:44
80 Current Time = 07:56:28
90 Current Time = 08:27:29
Number of features: 1000
0 Current Time = 08:58:22
10 Current Time = 09:59:04
