Running job number  206
Start  206
End  207
outcome: 131216-0.0
Number of features: 5
0 Current Time = 01:49:04
10 Current Time = 01:49:44
20 Current Time = 01:50:26
30 Current Time = 01:51:07
40 Current Time = 01:51:48
50 Current Time = 01:52:28
60 Current Time = 01:53:08
70 Current Time = 01:53:49
80 Current Time = 01:54:29
90 Current Time = 01:55:11
Number of features: 50
0 Current Time = 01:55:54
10 Current Time = 01:58:17
20 Current Time = 02:00:42
30 Current Time = 02:03:05
40 Current Time = 02:05:29
50 Current Time = 02:07:52
60 Current Time = 02:10:16
70 Current Time = 02:12:38
80 Current Time = 02:14:59
90 Current Time = 02:17:22
Number of features: 100
0 Current Time = 02:19:49
10 Current Time = 02:24:43
20 Current Time = 02:29:42
30 Current Time = 02:34:32
40 Current Time = 02:39:25
50 Current Time = 02:44:18
60 Current Time = 02:49:15
70 Current Time = 02:54:06
80 Current Time = 02:58:51
90 Current Time = 03:03:46
Number of features: 500
0 Current Time = 03:08:43
10 Current Time = 03:32:35
20 Current Time = 03:56:32
30 Current Time = 04:20:48
40 Current Time = 04:45:03
50 Current Time = 05:09:08
60 Current Time = 05:33:12
70 Current Time = 05:57:22
80 Current Time = 06:21:33
90 Current Time = 06:45:51
Number of features: 1000
0 Current Time = 07:09:53
10 Current Time = 07:59:34
20 Current Time = 08:49:25
30 Current Time = 09:39:15
40 Current Time = 10:29:13
50 Current Time = 11:19:01
60 Current Time = 12:09:17
70 Current Time = 12:58:54
80 Current Time = 13:48:27
90 Current Time = 14:38:31
Number of features: 2923
Analyses complete. Current Time = 15:41:55
Results saved. All done. Current Time = 15:41:56
