Running job number  119
Start  119
End  120
outcome: 130910-0.0
Number of features: 5
0 Current Time = 21:33:06
10 Current Time = 21:33:54
20 Current Time = 21:34:43
30 Current Time = 21:35:32
40 Current Time = 21:36:21
50 Current Time = 21:37:11
60 Current Time = 21:37:59
70 Current Time = 21:38:47
80 Current Time = 21:39:36
90 Current Time = 21:40:24
Number of features: 50
0 Current Time = 21:41:13
10 Current Time = 21:44:06
20 Current Time = 21:46:49
30 Current Time = 21:49:32
40 Current Time = 21:52:18
50 Current Time = 21:55:06
60 Current Time = 21:57:44
70 Current Time = 22:00:28
80 Current Time = 22:03:12
90 Current Time = 22:05:54
Number of features: 100
0 Current Time = 22:08:40
10 Current Time = 22:14:06
20 Current Time = 22:19:32
30 Current Time = 22:24:59
40 Current Time = 22:30:32
50 Current Time = 22:36:06
60 Current Time = 22:41:38
70 Current Time = 22:47:14
80 Current Time = 22:52:48
90 Current Time = 22:58:23
Number of features: 500
0 Current Time = 23:03:53
10 Current Time = 23:31:17
20 Current Time = 23:57:53
30 Current Time = 00:24:10
40 Current Time = 00:49:46
50 Current Time = 01:15:05
60 Current Time = 01:39:53
70 Current Time = 02:04:42
80 Current Time = 02:30:57
90 Current Time = 02:55:36
Number of features: 1000
0 Current Time = 03:20:24
10 Current Time = 04:11:11
20 Current Time = 05:02:04
30 Current Time = 05:52:15
40 Current Time = 06:43:10
50 Current Time = 07:33:54
60 Current Time = 08:24:15
70 Current Time = 09:12:29
80 Current Time = 09:56:31
