Running job number  462
Start  462
End  463
outcome: 131912-0.0
Number of features: 5
0 Current Time = 02:32:47
10 Current Time = 02:33:23
20 Current Time = 02:33:58
30 Current Time = 02:34:34
40 Current Time = 02:35:11
50 Current Time = 02:35:47
60 Current Time = 02:36:22
70 Current Time = 02:37:00
80 Current Time = 02:37:36
90 Current Time = 02:38:13
Number of features: 50
0 Current Time = 02:38:49
10 Current Time = 02:41:32
20 Current Time = 02:44:04
30 Current Time = 02:46:33
40 Current Time = 02:49:08
50 Current Time = 02:51:40
60 Current Time = 02:54:16
70 Current Time = 02:56:53
80 Current Time = 02:59:19
90 Current Time = 03:01:51
Number of features: 100
0 Current Time = 03:04:25
10 Current Time = 03:09:27
20 Current Time = 03:14:28
30 Current Time = 03:19:13
40 Current Time = 03:24:13
50 Current Time = 03:29:15
60 Current Time = 03:34:19
70 Current Time = 03:39:23
80 Current Time = 03:44:13
90 Current Time = 03:49:11
Number of features: 500
0 Current Time = 03:54:17
10 Current Time = 04:20:02
20 Current Time = 04:45:45
30 Current Time = 05:11:36
40 Current Time = 05:36:30
50 Current Time = 06:00:01
60 Current Time = 06:23:29
70 Current Time = 06:46:54
80 Current Time = 07:10:54
90 Current Time = 07:34:29
Number of features: 1000
0 Current Time = 07:57:57
10 Current Time = 08:46:10
20 Current Time = 09:35:01
