Running job number  208
Start  208
End  209
outcome: 131222-0.0
Number of features: 5
0 Current Time = 01:49:04
10 Current Time = 01:49:48
20 Current Time = 01:50:31
30 Current Time = 01:51:15
40 Current Time = 01:51:58
50 Current Time = 01:52:42
60 Current Time = 01:53:27
70 Current Time = 01:54:10
80 Current Time = 01:54:54
90 Current Time = 01:55:41
Number of features: 50
0 Current Time = 01:56:25
10 Current Time = 01:58:59
20 Current Time = 02:01:30
30 Current Time = 02:04:03
40 Current Time = 02:06:36
50 Current Time = 02:09:13
60 Current Time = 02:11:46
70 Current Time = 02:14:19
80 Current Time = 02:16:52
90 Current Time = 02:19:26
Number of features: 100
0 Current Time = 02:22:01
10 Current Time = 02:27:20
20 Current Time = 02:32:25
30 Current Time = 02:37:37
40 Current Time = 02:42:41
50 Current Time = 02:47:56
60 Current Time = 02:53:06
70 Current Time = 02:58:08
80 Current Time = 03:03:20
90 Current Time = 03:08:23
Number of features: 500
0 Current Time = 03:13:32
10 Current Time = 03:39:52
20 Current Time = 04:05:49
30 Current Time = 04:31:38
40 Current Time = 04:57:22
50 Current Time = 05:23:27
60 Current Time = 05:49:00
70 Current Time = 06:14:55
80 Current Time = 06:41:02
90 Current Time = 07:06:53
Number of features: 1000
0 Current Time = 07:32:51
10 Current Time = 08:26:04
20 Current Time = 09:19:09
30 Current Time = 10:13:06
40 Current Time = 11:06:40
50 Current Time = 12:00:35
60 Current Time = 12:53:36
70 Current Time = 13:47:00
80 Current Time = 14:41:31
90 Current Time = 15:33:20
Number of features: 2923
Analyses complete. Current Time = 16:38:17
Results saved. All done. Current Time = 16:38:18
