Running job number  294
Start  294
End  295
outcome: 131454-0.0
Number of features: 5
0 Current Time = 23:28:55
10 Current Time = 23:29:27
20 Current Time = 23:29:59
30 Current Time = 23:30:30
40 Current Time = 23:31:01
50 Current Time = 23:31:33
60 Current Time = 23:32:04
70 Current Time = 23:32:35
80 Current Time = 23:33:07
90 Current Time = 23:33:39
Number of features: 50
0 Current Time = 23:34:11
10 Current Time = 23:36:22
20 Current Time = 23:38:32
30 Current Time = 23:40:43
40 Current Time = 23:42:50
50 Current Time = 23:44:59
60 Current Time = 23:47:09
70 Current Time = 23:49:14
80 Current Time = 23:51:18
90 Current Time = 23:53:28
Number of features: 100
0 Current Time = 23:55:38
10 Current Time = 23:59:53
20 Current Time = 00:04:18
30 Current Time = 00:08:43
40 Current Time = 00:13:12
50 Current Time = 00:17:35
60 Current Time = 00:21:53
70 Current Time = 00:26:12
80 Current Time = 00:30:17
90 Current Time = 00:34:25
Number of features: 500
0 Current Time = 00:38:43
10 Current Time = 01:00:19
20 Current Time = 01:21:51
30 Current Time = 01:43:24
40 Current Time = 02:05:41
50 Current Time = 02:27:34
60 Current Time = 02:49:50
70 Current Time = 03:11:52
80 Current Time = 03:34:08
90 Current Time = 03:56:24
Number of features: 1000
0 Current Time = 04:18:45
10 Current Time = 05:06:01
