Running job number  125
Start  125
End  126
outcome: 130922-0.0
Number of features: 5
0 Current Time = 23:09:53
10 Current Time = 23:10:27
20 Current Time = 23:11:01
30 Current Time = 23:11:35
40 Current Time = 23:12:08
50 Current Time = 23:12:42
60 Current Time = 23:13:15
70 Current Time = 23:13:49
80 Current Time = 23:14:23
90 Current Time = 23:14:56
Number of features: 50
0 Current Time = 23:15:28
10 Current Time = 23:17:34
20 Current Time = 23:19:34
30 Current Time = 23:21:43
40 Current Time = 23:23:52
50 Current Time = 23:26:05
60 Current Time = 23:28:15
70 Current Time = 23:30:30
80 Current Time = 23:32:45
90 Current Time = 23:35:00
Number of features: 100
0 Current Time = 23:37:12
10 Current Time = 23:41:33
20 Current Time = 23:45:53
30 Current Time = 23:50:18
40 Current Time = 23:54:40
50 Current Time = 23:59:00
60 Current Time = 00:03:18
70 Current Time = 00:07:43
80 Current Time = 00:12:07
90 Current Time = 00:16:19
Number of features: 500
0 Current Time = 00:20:30
10 Current Time = 00:42:06
20 Current Time = 01:03:57
30 Current Time = 01:25:26
40 Current Time = 01:46:58
50 Current Time = 02:08:39
60 Current Time = 02:30:20
70 Current Time = 02:51:54
80 Current Time = 03:13:21
90 Current Time = 03:35:01
Number of features: 1000
0 Current Time = 03:56:32
10 Current Time = 04:40:50
