Running job number  424
Start  424
End  425
outcome: 131806-0.0
Number of features: 5
0 Current Time = 02:22:46
10 Current Time = 02:23:46
20 Current Time = 02:24:42
30 Current Time = 02:25:40
40 Current Time = 02:26:38
50 Current Time = 02:27:36
60 Current Time = 02:28:34
70 Current Time = 02:29:32
80 Current Time = 02:30:30
90 Current Time = 02:31:27
Number of features: 50
0 Current Time = 02:32:25
10 Current Time = 02:35:54
20 Current Time = 02:39:13
30 Current Time = 02:42:44
40 Current Time = 02:46:20
50 Current Time = 02:49:58
60 Current Time = 02:53:30
70 Current Time = 02:57:05
80 Current Time = 03:00:45
90 Current Time = 03:04:24
Number of features: 100
0 Current Time = 03:08:03
10 Current Time = 03:15:01
20 Current Time = 03:21:53
30 Current Time = 03:28:55
40 Current Time = 03:35:48
50 Current Time = 03:42:51
60 Current Time = 03:49:53
70 Current Time = 03:56:42
80 Current Time = 04:03:24
90 Current Time = 04:10:24
Number of features: 500
0 Current Time = 04:17:16
10 Current Time = 04:50:45
20 Current Time = 05:20:45
30 Current Time = 05:50:11
40 Current Time = 06:19:24
50 Current Time = 06:48:09
60 Current Time = 07:16:24
70 Current Time = 07:44:17
80 Current Time = 08:12:01
90 Current Time = 08:40:42
Number of features: 1000
0 Current Time = 09:09:24
10 Current Time = 10:07:01
