Running job number  95
Start  95
End  96
outcome: 130830-0.0
Number of features: 5
0 Current Time = 23:09:40
10 Current Time = 23:10:15
20 Current Time = 23:10:47
30 Current Time = 23:11:20
40 Current Time = 23:11:53
50 Current Time = 23:12:29
60 Current Time = 23:13:02
70 Current Time = 23:13:35
80 Current Time = 23:14:10
90 Current Time = 23:14:43
Number of features: 50
0 Current Time = 23:15:18
10 Current Time = 23:17:16
20 Current Time = 23:19:13
30 Current Time = 23:21:09
40 Current Time = 23:23:05
50 Current Time = 23:25:02
60 Current Time = 23:27:00
70 Current Time = 23:28:57
80 Current Time = 23:30:55
90 Current Time = 23:32:50
Number of features: 100
0 Current Time = 23:34:48
10 Current Time = 23:38:28
20 Current Time = 23:42:09
30 Current Time = 23:45:46
40 Current Time = 23:49:29
50 Current Time = 23:53:09
60 Current Time = 23:56:53
70 Current Time = 00:00:36
80 Current Time = 00:04:23
90 Current Time = 00:08:12
Number of features: 500
0 Current Time = 00:12:05
10 Current Time = 00:31:56
20 Current Time = 00:51:57
30 Current Time = 01:12:00
40 Current Time = 01:32:00
50 Current Time = 01:51:56
60 Current Time = 02:11:31
70 Current Time = 02:31:28
80 Current Time = 02:51:29
90 Current Time = 03:11:49
Number of features: 1000
0 Current Time = 03:33:21
10 Current Time = 04:15:37
20 Current Time = 04:57:47
