Running job number  260
Start  260
End  261
outcome: 131366-0.0
Number of features: 5
0 Current Time = 01:22:18
10 Current Time = 01:23:09
20 Current Time = 01:23:59
30 Current Time = 01:24:48
40 Current Time = 01:25:37
50 Current Time = 01:26:28
60 Current Time = 01:27:17
70 Current Time = 01:28:06
80 Current Time = 01:28:55
90 Current Time = 01:29:47
Number of features: 50
0 Current Time = 01:30:39
10 Current Time = 01:33:35
20 Current Time = 01:36:27
30 Current Time = 01:39:19
40 Current Time = 01:42:10
50 Current Time = 01:45:02
60 Current Time = 01:47:53
70 Current Time = 01:50:48
80 Current Time = 01:53:37
90 Current Time = 01:56:30
Number of features: 100
0 Current Time = 01:59:20
10 Current Time = 02:05:01
20 Current Time = 02:10:35
30 Current Time = 02:16:03
40 Current Time = 02:21:37
50 Current Time = 02:27:12
60 Current Time = 02:32:40
70 Current Time = 02:38:13
80 Current Time = 02:43:47
90 Current Time = 02:49:23
Number of features: 500
0 Current Time = 02:54:56
10 Current Time = 03:22:18
20 Current Time = 03:49:51
30 Current Time = 04:17:18
40 Current Time = 04:44:18
50 Current Time = 05:11:09
60 Current Time = 05:38:31
70 Current Time = 06:05:42
80 Current Time = 06:32:51
90 Current Time = 07:00:20
Number of features: 1000
0 Current Time = 07:27:49
10 Current Time = 08:23:23
20 Current Time = 09:18:42
30 Current Time = 10:13:19
