Running job number  34
Start  34
End  35
outcome: 130230-0.0
Number of features: 5
0 Current Time = 01:32:17
10 Current Time = 01:33:01
20 Current Time = 01:33:45
30 Current Time = 01:34:29
40 Current Time = 01:35:12
50 Current Time = 01:35:56
60 Current Time = 01:36:39
70 Current Time = 01:37:23
80 Current Time = 01:38:07
90 Current Time = 01:38:50
Number of features: 50
0 Current Time = 01:39:33
10 Current Time = 01:42:13
20 Current Time = 01:44:52
30 Current Time = 01:47:31
40 Current Time = 01:50:07
50 Current Time = 01:52:45
60 Current Time = 01:55:20
70 Current Time = 01:58:01
80 Current Time = 02:00:34
90 Current Time = 02:03:07
Number of features: 100
0 Current Time = 02:05:46
10 Current Time = 02:10:56
20 Current Time = 02:16:05
30 Current Time = 02:21:14
40 Current Time = 02:26:22
50 Current Time = 02:31:27
60 Current Time = 02:36:29
70 Current Time = 02:41:36
80 Current Time = 02:46:37
90 Current Time = 02:51:38
Number of features: 500
0 Current Time = 02:56:41
10 Current Time = 03:22:09
20 Current Time = 03:47:42
30 Current Time = 04:13:06
40 Current Time = 04:38:30
50 Current Time = 05:03:47
60 Current Time = 05:28:59
70 Current Time = 05:55:28
80 Current Time = 06:23:10
90 Current Time = 06:50:17
Number of features: 1000
0 Current Time = 07:18:13
10 Current Time = 08:14:24
20 Current Time = 09:09:28
30 Current Time = 10:04:10
40 Current Time = 10:58:25
50 Current Time = 11:51:19
60 Current Time = 12:44:10
70 Current Time = 13:35:53
80 Current Time = 14:25:45
90 Current Time = 15:14:40
Number of features: 2923
Analyses complete. Current Time = 16:15:46
Results saved. All done. Current Time = 16:15:47
