Running job number  288
Start  288
End  289
outcome: 131436-0.0
Number of features: 5
0 Current Time = 01:41:32
10 Current Time = 01:42:29
20 Current Time = 01:43:27
30 Current Time = 01:44:24
40 Current Time = 01:45:20
50 Current Time = 01:46:17
60 Current Time = 01:47:13
70 Current Time = 01:48:09
80 Current Time = 01:49:06
90 Current Time = 01:50:04
Number of features: 50
0 Current Time = 01:51:00
10 Current Time = 01:54:14
20 Current Time = 01:57:34
30 Current Time = 02:00:45
40 Current Time = 02:03:52
50 Current Time = 02:07:08
60 Current Time = 02:10:10
70 Current Time = 02:13:21
80 Current Time = 02:16:28
90 Current Time = 02:19:34
Number of features: 100
0 Current Time = 02:22:47
10 Current Time = 02:28:53
20 Current Time = 02:35:07
30 Current Time = 02:41:19
40 Current Time = 02:47:19
50 Current Time = 02:53:32
60 Current Time = 02:59:40
70 Current Time = 03:05:55
80 Current Time = 03:12:09
90 Current Time = 03:18:13
Number of features: 500
0 Current Time = 03:24:33
10 Current Time = 03:55:32
20 Current Time = 04:26:56
30 Current Time = 04:57:44
40 Current Time = 05:27:54
50 Current Time = 05:57:15
60 Current Time = 06:25:57
70 Current Time = 06:55:14
80 Current Time = 07:24:19
90 Current Time = 07:53:38
Number of features: 1000
0 Current Time = 08:24:20
10 Current Time = 09:27:54
