Running job number  33
Start  33
End  34
outcome: 130228-0.0
Number of features: 5
0 Current Time = 01:32:18
10 Current Time = 01:32:55
20 Current Time = 01:33:31
30 Current Time = 01:34:09
40 Current Time = 01:34:46
50 Current Time = 01:35:24
60 Current Time = 01:36:01
70 Current Time = 01:36:38
80 Current Time = 01:37:15
90 Current Time = 01:37:53
Number of features: 50
0 Current Time = 01:38:30
10 Current Time = 01:40:34
20 Current Time = 01:42:37
30 Current Time = 01:44:42
40 Current Time = 01:46:47
50 Current Time = 01:48:53
60 Current Time = 01:50:58
70 Current Time = 01:53:04
80 Current Time = 01:55:10
90 Current Time = 01:57:14
Number of features: 100
0 Current Time = 01:59:19
10 Current Time = 02:03:25
20 Current Time = 02:07:26
30 Current Time = 02:11:32
40 Current Time = 02:15:35
50 Current Time = 02:19:39
60 Current Time = 02:23:41
70 Current Time = 02:27:48
80 Current Time = 02:31:52
90 Current Time = 02:35:52
Number of features: 500
0 Current Time = 02:39:53
10 Current Time = 03:00:01
20 Current Time = 03:20:14
30 Current Time = 03:40:35
40 Current Time = 04:00:41
50 Current Time = 04:21:00
60 Current Time = 04:41:03
70 Current Time = 05:01:05
80 Current Time = 05:21:26
90 Current Time = 05:41:45
Number of features: 1000
0 Current Time = 06:02:51
10 Current Time = 06:50:45
20 Current Time = 07:38:02
30 Current Time = 08:21:28
40 Current Time = 09:04:32
50 Current Time = 09:48:07
60 Current Time = 10:31:19
70 Current Time = 11:14:54
80 Current Time = 11:56:46
90 Current Time = 12:39:06
Number of features: 2923
Analyses complete. Current Time = 13:32:40
Results saved. All done. Current Time = 13:32:41
