Running job number  518
Start  518
End  519
outcome: 132064-0.0
Number of features: 5
0 Current Time = 02:36:52
10 Current Time = 02:37:34
20 Current Time = 02:38:17
30 Current Time = 02:39:01
40 Current Time = 02:39:43
50 Current Time = 02:40:27
60 Current Time = 02:41:09
70 Current Time = 02:41:52
80 Current Time = 02:42:37
90 Current Time = 02:43:18
Number of features: 50
0 Current Time = 02:44:00
10 Current Time = 02:47:00
20 Current Time = 02:49:49
30 Current Time = 02:52:31
40 Current Time = 02:55:18
50 Current Time = 02:57:59
60 Current Time = 03:00:54
70 Current Time = 03:03:49
80 Current Time = 03:06:47
90 Current Time = 03:09:47
Number of features: 100
0 Current Time = 03:12:33
10 Current Time = 03:17:54
20 Current Time = 03:23:15
30 Current Time = 03:28:51
40 Current Time = 03:34:12
50 Current Time = 03:39:31
60 Current Time = 03:45:01
70 Current Time = 03:50:35
80 Current Time = 03:56:08
90 Current Time = 04:01:30
Number of features: 500
0 Current Time = 04:07:10
10 Current Time = 04:34:39
20 Current Time = 05:01:51
30 Current Time = 05:28:56
40 Current Time = 05:55:44
50 Current Time = 06:22:49
60 Current Time = 06:46:48
70 Current Time = 07:10:25
80 Current Time = 07:34:13
90 Current Time = 07:58:04
Number of features: 1000
0 Current Time = 08:21:47
10 Current Time = 09:10:09
20 Current Time = 09:58:39
