Running job number  513
Start  513
End  514
outcome: 132050-0.0
Number of features: 5
0 Current Time = 02:35:26
10 Current Time = 02:36:18
20 Current Time = 02:37:09
30 Current Time = 02:37:59
40 Current Time = 02:38:49
50 Current Time = 02:39:39
60 Current Time = 02:40:29
70 Current Time = 02:41:18
80 Current Time = 02:42:10
90 Current Time = 02:42:58
Number of features: 50
0 Current Time = 02:43:50
10 Current Time = 02:47:04
20 Current Time = 02:50:18
30 Current Time = 02:53:33
40 Current Time = 02:56:48
50 Current Time = 02:59:55
60 Current Time = 03:03:02
70 Current Time = 03:06:16
80 Current Time = 03:09:27
90 Current Time = 03:12:46
Number of features: 100
0 Current Time = 03:16:08
10 Current Time = 03:22:48
20 Current Time = 03:29:37
30 Current Time = 03:36:23
40 Current Time = 03:42:48
50 Current Time = 03:49:22
60 Current Time = 03:55:53
70 Current Time = 04:02:22
80 Current Time = 04:09:05
90 Current Time = 04:15:45
Number of features: 500
0 Current Time = 04:22:39
10 Current Time = 04:55:55
20 Current Time = 05:25:39
30 Current Time = 05:55:15
40 Current Time = 06:24:53
50 Current Time = 06:53:40
60 Current Time = 07:23:02
70 Current Time = 07:52:01
80 Current Time = 08:20:58
90 Current Time = 08:49:38
Number of features: 1000
0 Current Time = 09:18:20
10 Current Time = 10:16:30
