Running job number  591
Start  591
End  592
outcome: 132278-0.0
Number of features: 5
0 Current Time = 02:47:03
10 Current Time = 02:47:51
20 Current Time = 02:48:38
30 Current Time = 02:49:25
40 Current Time = 02:50:11
50 Current Time = 02:50:58
60 Current Time = 02:51:45
70 Current Time = 02:52:31
80 Current Time = 02:53:17
90 Current Time = 02:54:04
Number of features: 50
0 Current Time = 02:54:49
10 Current Time = 02:57:29
20 Current Time = 03:00:16
30 Current Time = 03:03:00
40 Current Time = 03:05:38
50 Current Time = 03:08:16
60 Current Time = 03:10:58
70 Current Time = 03:13:42
80 Current Time = 03:16:20
90 Current Time = 03:18:59
Number of features: 100
0 Current Time = 03:21:38
10 Current Time = 03:26:58
20 Current Time = 03:32:14
30 Current Time = 03:37:29
40 Current Time = 03:42:48
50 Current Time = 03:48:07
60 Current Time = 03:53:25
70 Current Time = 03:58:45
80 Current Time = 04:04:07
90 Current Time = 04:09:39
Number of features: 500
0 Current Time = 04:15:01
10 Current Time = 04:42:07
20 Current Time = 05:09:28
30 Current Time = 05:36:24
40 Current Time = 06:02:59
50 Current Time = 06:28:16
60 Current Time = 06:53:02
70 Current Time = 07:17:36
80 Current Time = 07:42:09
90 Current Time = 08:06:49
Number of features: 1000
0 Current Time = 08:32:00
10 Current Time = 09:23:33
