Running job number  262
Start  262
End  263
outcome: 131370-0.0
Number of features: 5
0 Current Time = 23:19:15
10 Current Time = 23:19:58
20 Current Time = 23:20:42
30 Current Time = 23:21:25
40 Current Time = 23:22:08
50 Current Time = 23:22:52
60 Current Time = 23:23:35
70 Current Time = 23:24:18
80 Current Time = 23:25:01
90 Current Time = 23:25:45
Number of features: 50
0 Current Time = 23:26:29
10 Current Time = 23:28:57
20 Current Time = 23:31:26
30 Current Time = 23:33:52
40 Current Time = 23:36:16
50 Current Time = 23:38:44
60 Current Time = 23:41:09
70 Current Time = 23:43:34
80 Current Time = 23:45:58
90 Current Time = 23:48:25
Number of features: 100
0 Current Time = 23:50:53
10 Current Time = 23:55:35
20 Current Time = 00:00:23
30 Current Time = 00:05:14
40 Current Time = 00:10:18
50 Current Time = 00:15:28
60 Current Time = 00:20:13
70 Current Time = 00:25:08
80 Current Time = 00:30:15
90 Current Time = 00:35:06
Number of features: 500
0 Current Time = 00:39:55
10 Current Time = 01:05:50
20 Current Time = 01:30:19
30 Current Time = 01:54:50
40 Current Time = 02:19:08
50 Current Time = 02:43:34
60 Current Time = 03:07:56
70 Current Time = 03:32:15
80 Current Time = 03:56:14
90 Current Time = 04:20:02
Number of features: 1000
0 Current Time = 04:44:48
