Running job number  165
Start  165
End  166
outcome: 131106-0.0
Number of features: 5
0 Current Time = 01:48:37
10 Current Time = 01:49:08
20 Current Time = 01:49:39
30 Current Time = 01:50:10
40 Current Time = 01:50:41
50 Current Time = 01:51:12
60 Current Time = 01:51:44
70 Current Time = 01:52:15
80 Current Time = 01:52:46
90 Current Time = 01:53:18
Number of features: 50
0 Current Time = 01:53:49
10 Current Time = 01:55:57
20 Current Time = 01:58:03
30 Current Time = 02:00:11
40 Current Time = 02:02:19
50 Current Time = 02:04:25
60 Current Time = 02:06:34
70 Current Time = 02:08:40
80 Current Time = 02:10:46
90 Current Time = 02:12:50
Number of features: 100
0 Current Time = 02:14:53
10 Current Time = 02:19:02
20 Current Time = 02:23:18
30 Current Time = 02:27:28
40 Current Time = 02:31:39
50 Current Time = 02:35:50
60 Current Time = 02:39:59
70 Current Time = 02:44:10
80 Current Time = 02:48:17
90 Current Time = 02:52:22
Number of features: 500
0 Current Time = 02:56:36
10 Current Time = 03:19:06
20 Current Time = 03:41:11
30 Current Time = 04:03:27
40 Current Time = 04:25:40
50 Current Time = 04:47:47
60 Current Time = 05:09:46
70 Current Time = 05:32:00
80 Current Time = 05:53:56
90 Current Time = 06:16:03
Number of features: 1000
0 Current Time = 06:38:32
10 Current Time = 07:27:04
20 Current Time = 08:15:38
30 Current Time = 09:03:52
40 Current Time = 09:51:57
50 Current Time = 10:39:30
60 Current Time = 11:27:13
70 Current Time = 12:14:55
80 Current Time = 13:02:21
90 Current Time = 13:49:17
Number of features: 2923
Analyses complete. Current Time = 14:52:59
Results saved. All done. Current Time = 14:53:00
