Running job number  211
Start  211
End  212
outcome: 131230-0.0
Number of features: 5
0 Current Time = 01:49:15
10 Current Time = 01:49:58
20 Current Time = 01:50:39
30 Current Time = 01:51:18
40 Current Time = 01:51:56
50 Current Time = 01:52:35
60 Current Time = 01:53:14
70 Current Time = 01:53:52
80 Current Time = 01:54:30
90 Current Time = 01:55:08
Number of features: 50
0 Current Time = 01:55:45
10 Current Time = 01:58:13
20 Current Time = 02:00:28
30 Current Time = 02:02:39
40 Current Time = 02:04:54
50 Current Time = 02:07:11
60 Current Time = 02:09:24
70 Current Time = 02:11:39
80 Current Time = 02:13:52
90 Current Time = 02:16:03
Number of features: 100
0 Current Time = 02:18:12
10 Current Time = 02:22:37
20 Current Time = 02:26:59
30 Current Time = 02:31:18
40 Current Time = 02:35:44
50 Current Time = 02:40:13
60 Current Time = 02:44:36
70 Current Time = 02:48:57
80 Current Time = 02:53:23
90 Current Time = 02:57:41
Number of features: 500
0 Current Time = 03:02:07
10 Current Time = 03:24:37
20 Current Time = 03:46:57
30 Current Time = 04:09:16
40 Current Time = 04:31:50
50 Current Time = 04:54:05
60 Current Time = 05:16:24
70 Current Time = 05:38:50
80 Current Time = 06:01:16
90 Current Time = 06:23:32
Number of features: 1000
0 Current Time = 06:47:13
10 Current Time = 07:42:16
20 Current Time = 08:40:44
30 Current Time = 09:39:59
40 Current Time = 10:38:25
50 Current Time = 11:39:44
60 Current Time = 12:42:35
70 Current Time = 13:32:30
80 Current Time = 14:20:08
90 Current Time = 15:08:34
Number of features: 2923
Analyses complete. Current Time = 16:10:59
Results saved. All done. Current Time = 16:11:00
