Running job number  312
Start  312
End  313
outcome: 131494-0.0
Number of features: 5
0 Current Time = 01:53:36
10 Current Time = 01:54:09
20 Current Time = 01:54:44
30 Current Time = 01:55:19
40 Current Time = 01:55:51
50 Current Time = 01:56:24
60 Current Time = 01:56:57
70 Current Time = 01:57:32
80 Current Time = 01:58:07
90 Current Time = 01:58:43
Number of features: 50
0 Current Time = 01:59:18
10 Current Time = 02:02:11
20 Current Time = 02:05:00
30 Current Time = 02:07:48
40 Current Time = 02:10:35
50 Current Time = 02:13:32
60 Current Time = 02:16:15
70 Current Time = 02:19:04
80 Current Time = 02:21:53
90 Current Time = 02:24:42
Number of features: 100
0 Current Time = 02:27:20
10 Current Time = 02:33:22
20 Current Time = 02:39:29
30 Current Time = 02:45:15
40 Current Time = 02:51:16
50 Current Time = 02:57:32
60 Current Time = 03:03:40
70 Current Time = 03:09:51
80 Current Time = 03:15:56
90 Current Time = 03:22:07
Number of features: 500
0 Current Time = 03:27:58
10 Current Time = 04:05:33
20 Current Time = 04:43:14
30 Current Time = 05:21:07
40 Current Time = 05:58:39
50 Current Time = 06:36:50
60 Current Time = 07:11:57
70 Current Time = 07:46:59
80 Current Time = 08:22:08
90 Current Time = 08:56:45
Number of features: 1000
0 Current Time = 09:30:45
