Running job number  178
Start  178
End  179
outcome: 131138-0.0
Number of features: 5
0 Current Time = 23:12:28
10 Current Time = 23:13:00
20 Current Time = 23:13:32
30 Current Time = 23:14:04
40 Current Time = 23:14:35
50 Current Time = 23:15:07
60 Current Time = 23:15:39
70 Current Time = 23:16:11
80 Current Time = 23:16:42
90 Current Time = 23:17:14
Number of features: 50
0 Current Time = 23:17:47
10 Current Time = 23:19:45
20 Current Time = 23:21:42
30 Current Time = 23:23:41
40 Current Time = 23:25:40
50 Current Time = 23:27:38
60 Current Time = 23:29:37
70 Current Time = 23:31:35
80 Current Time = 23:33:34
90 Current Time = 23:35:30
Number of features: 100
0 Current Time = 23:37:27
10 Current Time = 23:41:17
20 Current Time = 23:45:11
30 Current Time = 23:49:11
40 Current Time = 23:53:09
50 Current Time = 23:57:05
60 Current Time = 00:01:03
70 Current Time = 00:04:59
80 Current Time = 00:08:56
90 Current Time = 00:12:51
Number of features: 500
0 Current Time = 00:16:48
10 Current Time = 00:37:18
20 Current Time = 00:57:38
30 Current Time = 01:17:59
40 Current Time = 01:38:23
50 Current Time = 01:58:46
60 Current Time = 02:18:59
70 Current Time = 02:39:16
80 Current Time = 02:59:40
90 Current Time = 03:20:01
Number of features: 1000
0 Current Time = 03:40:19
10 Current Time = 04:22:30
20 Current Time = 05:04:41
