Running job number  229
Start  229
End  230
outcome: 131286-0.0
Number of features: 5
0 Current Time = 01:50:14
10 Current Time = 01:51:33
20 Current Time = 01:52:51
30 Current Time = 01:54:11
40 Current Time = 01:55:32
50 Current Time = 01:56:54
60 Current Time = 01:58:14
70 Current Time = 01:59:36
80 Current Time = 02:01:03
90 Current Time = 02:02:29
Number of features: 50
0 Current Time = 02:03:55
10 Current Time = 02:10:22
20 Current Time = 02:16:19
30 Current Time = 02:22:28
40 Current Time = 02:28:46
50 Current Time = 02:34:41
60 Current Time = 02:40:36
70 Current Time = 02:46:59
80 Current Time = 02:52:57
90 Current Time = 02:59:11
Number of features: 100
0 Current Time = 03:05:25
10 Current Time = 03:17:45
20 Current Time = 03:30:02
30 Current Time = 03:42:25
40 Current Time = 03:54:43
50 Current Time = 04:07:03
60 Current Time = 04:19:16
70 Current Time = 04:31:32
80 Current Time = 04:44:01
90 Current Time = 04:56:23
Number of features: 500
0 Current Time = 05:08:39
10 Current Time = 06:20:38
20 Current Time = 07:33:07
30 Current Time = 08:45:56
40 Current Time = 09:59:31
50 Current Time = 11:14:06
60 Current Time = 12:28:59
70 Current Time = 13:44:00
80 Current Time = 14:56:54
90 Current Time = 16:04:21
Number of features: 1000
0 Current Time = 17:12:26
