Running job number  184
Start  184
End  185
outcome: 131154-0.0
Number of features: 5
0 Current Time = 01:49:16
10 Current Time = 01:50:02
20 Current Time = 01:50:49
30 Current Time = 01:51:35
40 Current Time = 01:52:23
50 Current Time = 01:53:09
60 Current Time = 01:53:55
70 Current Time = 01:54:42
80 Current Time = 01:55:29
90 Current Time = 01:56:17
Number of features: 50
0 Current Time = 01:57:05
10 Current Time = 02:00:21
20 Current Time = 02:03:16
30 Current Time = 02:05:56
40 Current Time = 02:08:36
50 Current Time = 02:11:09
60 Current Time = 02:13:44
70 Current Time = 02:16:35
80 Current Time = 02:19:25
90 Current Time = 02:22:22
Number of features: 100
0 Current Time = 02:25:20
10 Current Time = 02:31:15
20 Current Time = 02:37:15
30 Current Time = 02:42:57
40 Current Time = 02:48:49
50 Current Time = 02:54:43
60 Current Time = 03:01:00
70 Current Time = 03:06:48
80 Current Time = 03:12:35
90 Current Time = 03:18:26
Number of features: 500
0 Current Time = 03:24:54
10 Current Time = 03:56:46
20 Current Time = 04:28:17
30 Current Time = 04:58:49
40 Current Time = 05:29:39
50 Current Time = 05:59:40
60 Current Time = 06:26:38
70 Current Time = 06:54:42
80 Current Time = 07:22:41
90 Current Time = 07:50:42
Number of features: 1000
0 Current Time = 08:19:12
10 Current Time = 09:24:47
20 Current Time = 10:28:34
30 Current Time = 11:33:08
40 Current Time = 12:38:15
50 Current Time = 13:31:07
60 Current Time = 14:20:41
70 Current Time = 15:10:18
80 Current Time = 16:00:42
90 Current Time = 16:59:22
