Running job number  62
Start  62
End  63
outcome: 130686-0.0
Number of features: 5
0 Current Time = 01:33:24
10 Current Time = 01:33:54
20 Current Time = 01:34:25
30 Current Time = 01:34:56
40 Current Time = 01:35:27
50 Current Time = 01:35:59
60 Current Time = 01:36:29
70 Current Time = 01:37:00
80 Current Time = 01:37:31
90 Current Time = 01:38:01
Number of features: 50
0 Current Time = 01:38:32
10 Current Time = 01:40:31
20 Current Time = 01:42:26
30 Current Time = 01:44:26
40 Current Time = 01:46:24
50 Current Time = 01:48:22
60 Current Time = 01:50:18
70 Current Time = 01:52:14
80 Current Time = 01:54:10
90 Current Time = 01:56:05
Number of features: 100
0 Current Time = 01:58:05
10 Current Time = 02:02:18
20 Current Time = 02:06:32
30 Current Time = 02:10:48
40 Current Time = 02:15:05
50 Current Time = 02:19:23
60 Current Time = 02:23:38
70 Current Time = 02:27:48
80 Current Time = 02:31:41
90 Current Time = 02:35:42
Number of features: 500
0 Current Time = 02:39:55
10 Current Time = 03:00:53
20 Current Time = 03:21:17
30 Current Time = 03:41:48
40 Current Time = 04:02:02
50 Current Time = 04:22:38
60 Current Time = 04:43:05
70 Current Time = 05:03:29
80 Current Time = 05:23:59
90 Current Time = 05:44:41
Number of features: 1000
0 Current Time = 06:05:21
10 Current Time = 06:47:37
20 Current Time = 07:30:27
30 Current Time = 08:14:01
40 Current Time = 08:57:10
50 Current Time = 09:40:41
60 Current Time = 10:23:43
70 Current Time = 11:06:50
80 Current Time = 11:49:48
90 Current Time = 12:32:28
Number of features: 2923
Analyses complete. Current Time = 13:27:42
Results saved. All done. Current Time = 13:27:42
