Running job number  603
Start  603
End  604
outcome: 132536-0.0
Number of features: 5
0 Current Time = 02:48:42
10 Current Time = 02:49:32
20 Current Time = 02:50:22
30 Current Time = 02:51:13
40 Current Time = 02:52:04
50 Current Time = 02:52:54
60 Current Time = 02:53:45
70 Current Time = 02:54:37
80 Current Time = 02:55:27
90 Current Time = 02:56:19
Number of features: 50
0 Current Time = 02:57:11
10 Current Time = 03:00:40
20 Current Time = 03:04:06
30 Current Time = 03:07:32
40 Current Time = 03:10:59
50 Current Time = 03:14:23
60 Current Time = 03:17:51
70 Current Time = 03:21:15
80 Current Time = 03:24:41
90 Current Time = 03:28:14
Number of features: 100
0 Current Time = 03:31:42
10 Current Time = 03:38:35
20 Current Time = 03:45:25
30 Current Time = 03:52:13
40 Current Time = 03:58:54
50 Current Time = 04:05:50
60 Current Time = 04:12:42
70 Current Time = 04:19:27
80 Current Time = 04:26:03
90 Current Time = 04:32:43
Number of features: 500
0 Current Time = 04:39:34
10 Current Time = 05:14:22
20 Current Time = 05:49:19
30 Current Time = 06:24:28
40 Current Time = 06:59:42
50 Current Time = 07:31:13
60 Current Time = 08:03:04
70 Current Time = 08:33:26
80 Current Time = 09:03:49
90 Current Time = 09:34:17
Number of features: 1000
0 Current Time = 10:04:41
