Running job number  347
Start  347
End  348
outcome: 131592-0.0
Number of features: 5
0 Current Time = 02:04:51
10 Current Time = 02:05:40
20 Current Time = 02:06:26
30 Current Time = 02:07:11
40 Current Time = 02:07:55
50 Current Time = 02:08:41
60 Current Time = 02:09:29
70 Current Time = 02:10:14
80 Current Time = 02:10:59
90 Current Time = 02:11:43
Number of features: 50
0 Current Time = 02:12:31
10 Current Time = 02:15:30
20 Current Time = 02:18:29
30 Current Time = 02:21:23
40 Current Time = 02:24:17
50 Current Time = 02:27:12
60 Current Time = 02:30:23
70 Current Time = 02:33:24
80 Current Time = 02:36:28
90 Current Time = 02:39:27
Number of features: 100
0 Current Time = 02:42:30
10 Current Time = 02:48:27
20 Current Time = 02:54:28
30 Current Time = 03:00:31
40 Current Time = 03:06:19
50 Current Time = 03:12:03
60 Current Time = 03:18:06
70 Current Time = 03:24:13
80 Current Time = 03:30:16
90 Current Time = 03:36:30
Number of features: 500
0 Current Time = 03:42:16
10 Current Time = 04:11:40
20 Current Time = 04:40:20
30 Current Time = 05:08:17
40 Current Time = 05:35:30
50 Current Time = 06:02:40
60 Current Time = 06:30:09
70 Current Time = 06:57:11
80 Current Time = 07:24:07
90 Current Time = 07:50:48
Number of features: 1000
0 Current Time = 08:17:57
10 Current Time = 09:13:03
20 Current Time = 10:07:56
