Running job number  226
Start  226
End  227
outcome: 131276-0.0
Number of features: 5
0 Current Time = 01:50:09
10 Current Time = 01:50:46
20 Current Time = 01:51:24
30 Current Time = 01:52:02
40 Current Time = 01:52:38
50 Current Time = 01:53:16
60 Current Time = 01:53:54
70 Current Time = 01:54:30
80 Current Time = 01:55:07
90 Current Time = 01:55:44
Number of features: 50
0 Current Time = 01:56:22
10 Current Time = 01:58:39
20 Current Time = 02:00:50
30 Current Time = 02:03:01
40 Current Time = 02:05:14
50 Current Time = 02:07:26
60 Current Time = 02:09:32
70 Current Time = 02:11:47
80 Current Time = 02:14:00
90 Current Time = 02:16:16
Number of features: 100
0 Current Time = 02:18:31
10 Current Time = 02:22:44
20 Current Time = 02:26:54
30 Current Time = 02:31:09
40 Current Time = 02:35:21
50 Current Time = 02:39:21
60 Current Time = 02:43:25
70 Current Time = 02:47:32
80 Current Time = 02:51:39
90 Current Time = 02:55:57
Number of features: 500
0 Current Time = 02:59:54
10 Current Time = 03:21:07
20 Current Time = 03:41:53
30 Current Time = 04:02:30
40 Current Time = 04:23:36
50 Current Time = 04:44:05
60 Current Time = 05:04:45
70 Current Time = 05:25:38
80 Current Time = 05:45:44
90 Current Time = 06:05:47
Number of features: 1000
0 Current Time = 06:24:09
10 Current Time = 07:06:19
20 Current Time = 07:51:40
30 Current Time = 08:37:45
40 Current Time = 09:21:52
50 Current Time = 10:05:11
60 Current Time = 10:48:48
70 Current Time = 11:34:19
80 Current Time = 12:35:01
90 Current Time = 13:33:35
Number of features: 2923
Analyses complete. Current Time = 14:48:16
Results saved. All done. Current Time = 14:48:17
