Running job number  546
Start  546
End  547
outcome: 132130-0.0
Number of features: 5
0 Current Time = 02:42:47
10 Current Time = 02:43:33
20 Current Time = 02:44:17
30 Current Time = 02:45:01
40 Current Time = 02:45:50
50 Current Time = 02:46:37
60 Current Time = 02:47:21
70 Current Time = 02:48:02
80 Current Time = 02:48:46
90 Current Time = 02:49:29
Number of features: 50
0 Current Time = 02:50:15
10 Current Time = 02:54:34
20 Current Time = 02:58:39
30 Current Time = 03:02:38
40 Current Time = 03:06:42
50 Current Time = 03:10:48
60 Current Time = 03:14:51
70 Current Time = 03:19:08
80 Current Time = 03:23:26
90 Current Time = 03:27:05
Number of features: 100
0 Current Time = 03:31:05
10 Current Time = 03:39:24
20 Current Time = 03:47:22
30 Current Time = 03:55:27
40 Current Time = 04:03:44
50 Current Time = 04:11:52
60 Current Time = 04:20:18
70 Current Time = 04:28:37
80 Current Time = 04:36:40
90 Current Time = 04:44:39
Number of features: 500
0 Current Time = 04:52:41
10 Current Time = 05:30:27
20 Current Time = 06:06:14
30 Current Time = 06:38:26
40 Current Time = 07:09:38
50 Current Time = 07:40:49
60 Current Time = 08:12:34
70 Current Time = 08:44:05
80 Current Time = 09:15:24
90 Current Time = 09:47:50
Number of features: 1000
0 Current Time = 10:19:43
