Running job number  60
Start  60
End  61
outcome: 130670-0.0
Number of features: 5
0 Current Time = 01:33:24
10 Current Time = 01:33:55
20 Current Time = 01:34:29
30 Current Time = 01:35:00
40 Current Time = 01:35:32
50 Current Time = 01:36:04
60 Current Time = 01:36:36
70 Current Time = 01:37:08
80 Current Time = 01:37:41
90 Current Time = 01:38:12
Number of features: 50
0 Current Time = 01:38:45
10 Current Time = 01:40:46
20 Current Time = 01:42:50
30 Current Time = 01:44:50
40 Current Time = 01:46:49
50 Current Time = 01:48:49
60 Current Time = 01:50:47
70 Current Time = 01:52:46
80 Current Time = 01:54:47
90 Current Time = 01:56:47
Number of features: 100
0 Current Time = 01:58:47
10 Current Time = 02:03:10
20 Current Time = 02:07:37
30 Current Time = 02:11:53
40 Current Time = 02:16:07
50 Current Time = 02:20:26
60 Current Time = 02:24:46
70 Current Time = 02:28:56
80 Current Time = 02:32:54
90 Current Time = 02:37:08
Number of features: 500
0 Current Time = 02:41:12
10 Current Time = 03:02:28
20 Current Time = 03:23:13
30 Current Time = 03:43:33
40 Current Time = 04:04:02
50 Current Time = 04:24:17
60 Current Time = 04:44:58
70 Current Time = 05:05:33
80 Current Time = 05:26:01
90 Current Time = 05:46:51
Number of features: 1000
0 Current Time = 06:07:26
10 Current Time = 06:50:26
20 Current Time = 07:33:50
30 Current Time = 08:18:04
40 Current Time = 09:01:46
50 Current Time = 09:45:05
60 Current Time = 10:28:33
70 Current Time = 11:11:44
80 Current Time = 11:55:02
90 Current Time = 12:38:12
Number of features: 2923
Analyses complete. Current Time = 13:32:55
Results saved. All done. Current Time = 13:32:56
