Running job number  547
Start  547
End  548
outcome: 132132-0.0
Number of features: 5
0 Current Time = 02:42:34
10 Current Time = 02:43:08
20 Current Time = 02:43:42
30 Current Time = 02:44:14
40 Current Time = 02:44:49
50 Current Time = 02:45:24
60 Current Time = 02:45:57
70 Current Time = 02:46:31
80 Current Time = 02:47:04
90 Current Time = 02:47:36
Number of features: 50
0 Current Time = 02:48:12
10 Current Time = 02:50:47
20 Current Time = 02:53:25
30 Current Time = 02:55:53
40 Current Time = 02:58:23
50 Current Time = 03:01:01
60 Current Time = 03:03:32
70 Current Time = 03:06:09
80 Current Time = 03:08:42
90 Current Time = 03:10:59
Number of features: 100
0 Current Time = 03:13:20
10 Current Time = 03:18:02
20 Current Time = 03:23:02
30 Current Time = 03:27:59
40 Current Time = 03:32:36
50 Current Time = 03:37:13
60 Current Time = 03:41:47
70 Current Time = 03:46:20
80 Current Time = 03:50:53
90 Current Time = 03:55:27
Number of features: 500
0 Current Time = 03:59:56
10 Current Time = 04:22:50
20 Current Time = 04:45:45
30 Current Time = 05:08:53
40 Current Time = 05:32:01
50 Current Time = 05:55:03
60 Current Time = 06:18:19
70 Current Time = 06:41:37
80 Current Time = 07:04:20
90 Current Time = 07:27:26
Number of features: 1000
0 Current Time = 07:50:29
10 Current Time = 08:36:43
20 Current Time = 09:22:58
30 Current Time = 10:09:26
