Running job number  103
Start  103
End  104
outcome: 130852-0.0
Number of features: 5
0 Current Time = 01:47:41
10 Current Time = 01:48:09
20 Current Time = 01:48:36
30 Current Time = 01:49:04
40 Current Time = 01:49:31
50 Current Time = 01:49:58
60 Current Time = 01:50:25
70 Current Time = 01:50:52
80 Current Time = 01:51:19
90 Current Time = 01:51:47
Number of features: 50
0 Current Time = 01:52:14
10 Current Time = 01:53:52
20 Current Time = 01:55:29
30 Current Time = 01:57:06
40 Current Time = 01:58:45
50 Current Time = 02:00:26
60 Current Time = 02:02:06
70 Current Time = 02:03:45
80 Current Time = 02:05:24
90 Current Time = 02:07:04
Number of features: 100
0 Current Time = 02:08:43
10 Current Time = 02:11:53
20 Current Time = 02:15:02
30 Current Time = 02:18:12
40 Current Time = 02:21:25
50 Current Time = 02:24:37
60 Current Time = 02:27:48
70 Current Time = 02:31:02
80 Current Time = 02:34:14
90 Current Time = 02:37:25
Number of features: 500
0 Current Time = 02:40:37
10 Current Time = 02:57:56
20 Current Time = 03:15:22
30 Current Time = 03:33:06
40 Current Time = 03:50:48
50 Current Time = 04:08:30
60 Current Time = 04:26:14
70 Current Time = 04:43:54
80 Current Time = 05:01:40
90 Current Time = 05:19:19
Number of features: 1000
0 Current Time = 05:37:05
10 Current Time = 06:13:44
20 Current Time = 06:50:08
30 Current Time = 07:26:42
40 Current Time = 08:03:39
50 Current Time = 08:40:16
60 Current Time = 09:17:07
70 Current Time = 09:53:54
80 Current Time = 10:30:37
90 Current Time = 11:07:50
Number of features: 2923
Analyses complete. Current Time = 11:57:32
Results saved. All done. Current Time = 11:57:33
