Running job number  186
Start  186
End  187
outcome: 131160-0.0
Number of features: 5
0 Current Time = 23:12:44
10 Current Time = 23:13:21
20 Current Time = 23:13:58
30 Current Time = 23:14:34
40 Current Time = 23:15:10
50 Current Time = 23:15:45
60 Current Time = 23:16:23
70 Current Time = 23:16:59
80 Current Time = 23:17:35
90 Current Time = 23:18:11
Number of features: 50
0 Current Time = 23:18:46
10 Current Time = 23:20:57
20 Current Time = 23:23:06
30 Current Time = 23:25:19
40 Current Time = 23:27:33
50 Current Time = 23:29:39
60 Current Time = 23:31:50
70 Current Time = 23:33:58
80 Current Time = 23:36:08
90 Current Time = 23:38:16
Number of features: 100
0 Current Time = 23:40:24
10 Current Time = 23:44:29
20 Current Time = 23:49:02
30 Current Time = 23:53:39
40 Current Time = 23:58:24
50 Current Time = 00:03:03
60 Current Time = 00:07:57
70 Current Time = 00:12:48
80 Current Time = 00:17:47
90 Current Time = 00:22:40
Number of features: 500
0 Current Time = 00:27:33
10 Current Time = 00:52:07
20 Current Time = 01:17:06
30 Current Time = 01:41:38
40 Current Time = 02:06:09
50 Current Time = 02:30:08
60 Current Time = 02:54:30
70 Current Time = 03:18:47
80 Current Time = 03:43:06
90 Current Time = 04:07:34
Number of features: 1000
0 Current Time = 04:32:00
