Running job number  87
Start  87
End  88
outcome: 130806-0.0
Number of features: 5
0 Current Time = 01:33:35
10 Current Time = 01:34:02
20 Current Time = 01:34:29
30 Current Time = 01:34:56
40 Current Time = 01:35:24
50 Current Time = 01:35:51
60 Current Time = 01:36:19
70 Current Time = 01:36:46
80 Current Time = 01:37:13
90 Current Time = 01:37:40
Number of features: 50
0 Current Time = 01:38:07
10 Current Time = 01:39:48
20 Current Time = 01:41:28
30 Current Time = 01:43:08
40 Current Time = 01:44:48
50 Current Time = 01:46:29
60 Current Time = 01:48:10
70 Current Time = 01:49:52
80 Current Time = 01:51:33
90 Current Time = 01:53:13
Number of features: 100
0 Current Time = 01:54:54
10 Current Time = 01:58:19
20 Current Time = 02:01:45
30 Current Time = 02:05:03
40 Current Time = 02:08:21
50 Current Time = 02:11:39
60 Current Time = 02:15:00
70 Current Time = 02:18:22
80 Current Time = 02:21:41
90 Current Time = 02:24:57
Number of features: 500
0 Current Time = 02:28:16
10 Current Time = 02:46:21
20 Current Time = 03:04:30
30 Current Time = 03:22:47
40 Current Time = 03:40:57
50 Current Time = 03:59:17
60 Current Time = 04:17:36
70 Current Time = 04:35:57
80 Current Time = 04:54:21
90 Current Time = 05:12:44
Number of features: 1000
0 Current Time = 05:31:12
10 Current Time = 06:09:23
20 Current Time = 06:47:30
30 Current Time = 07:25:56
40 Current Time = 08:04:42
50 Current Time = 08:43:12
60 Current Time = 09:21:10
70 Current Time = 09:59:05
80 Current Time = 10:37:09
90 Current Time = 11:15:17
Number of features: 2923
Analyses complete. Current Time = 12:04:37
Results saved. All done. Current Time = 12:04:38
