Running job number  65
Start  65
End  66
outcome: 130698-0.0
Number of features: 5
0 Current Time = 01:33:22
10 Current Time = 01:33:55
20 Current Time = 01:34:28
30 Current Time = 01:35:00
40 Current Time = 01:35:32
50 Current Time = 01:36:04
60 Current Time = 01:36:35
70 Current Time = 01:37:08
80 Current Time = 01:37:40
90 Current Time = 01:38:11
Number of features: 50
0 Current Time = 01:38:43
10 Current Time = 01:40:44
20 Current Time = 01:42:48
30 Current Time = 01:44:48
40 Current Time = 01:46:49
50 Current Time = 01:48:51
60 Current Time = 01:50:47
70 Current Time = 01:52:47
80 Current Time = 01:54:45
90 Current Time = 01:56:41
Number of features: 100
0 Current Time = 01:58:40
10 Current Time = 02:02:35
20 Current Time = 02:06:34
30 Current Time = 02:10:37
40 Current Time = 02:14:35
50 Current Time = 02:18:41
60 Current Time = 02:22:33
70 Current Time = 02:26:28
80 Current Time = 02:30:32
90 Current Time = 02:34:26
Number of features: 500
0 Current Time = 02:38:20
10 Current Time = 02:59:50
20 Current Time = 03:21:13
30 Current Time = 03:42:37
40 Current Time = 04:04:32
50 Current Time = 04:26:39
60 Current Time = 04:48:15
70 Current Time = 05:08:48
80 Current Time = 05:30:05
90 Current Time = 05:51:16
Number of features: 1000
0 Current Time = 06:12:47
10 Current Time = 06:57:44
20 Current Time = 07:46:08
30 Current Time = 08:35:11
40 Current Time = 09:25:01
50 Current Time = 10:14:36
60 Current Time = 11:03:33
70 Current Time = 11:51:54
80 Current Time = 12:40:26
90 Current Time = 13:28:46
Number of features: 2923
Analyses complete. Current Time = 14:33:33
Results saved. All done. Current Time = 14:33:34
