Running job number  7
Start  7
End  8
outcome: 130062-0.0
Number of features: 5
0 Current Time = 01:32:22
10 Current Time = 01:32:54
20 Current Time = 01:33:28
30 Current Time = 01:34:00
40 Current Time = 01:34:32
50 Current Time = 01:35:04
60 Current Time = 01:35:37
70 Current Time = 01:36:10
80 Current Time = 01:36:43
90 Current Time = 01:37:15
Number of features: 50
0 Current Time = 01:37:49
10 Current Time = 01:39:50
20 Current Time = 01:41:53
30 Current Time = 01:43:53
40 Current Time = 01:45:54
50 Current Time = 01:47:55
60 Current Time = 01:49:55
70 Current Time = 01:51:56
80 Current Time = 01:53:55
90 Current Time = 01:55:55
Number of features: 100
0 Current Time = 01:57:53
10 Current Time = 02:01:41
20 Current Time = 02:05:36
30 Current Time = 02:09:26
40 Current Time = 02:13:14
50 Current Time = 02:17:03
60 Current Time = 02:20:54
70 Current Time = 02:24:45
80 Current Time = 02:28:33
90 Current Time = 02:32:24
Number of features: 500
0 Current Time = 02:36:14
10 Current Time = 02:56:14
20 Current Time = 03:16:36
30 Current Time = 03:36:50
40 Current Time = 03:57:07
50 Current Time = 04:17:30
60 Current Time = 04:37:56
70 Current Time = 04:58:13
80 Current Time = 05:18:23
90 Current Time = 05:38:38
Number of features: 1000
0 Current Time = 05:59:34
10 Current Time = 06:41:30
20 Current Time = 07:23:34
30 Current Time = 08:05:50
40 Current Time = 08:48:06
50 Current Time = 09:30:18
60 Current Time = 10:12:50
70 Current Time = 10:55:03
80 Current Time = 11:36:50
90 Current Time = 12:18:43
Number of features: 2923
Analyses complete. Current Time = 13:11:23
Results saved. All done. Current Time = 13:11:24
