Running job number  46
Start  46
End  47
outcome: 130624-0.0
Number of features: 5
0 Current Time = 23:05:07
10 Current Time = 23:05:48
20 Current Time = 23:06:29
30 Current Time = 23:07:09
40 Current Time = 23:07:48
50 Current Time = 23:08:28
60 Current Time = 23:09:06
70 Current Time = 23:09:43
80 Current Time = 23:10:21
90 Current Time = 23:10:57
Number of features: 50
0 Current Time = 23:11:33
10 Current Time = 23:14:09
20 Current Time = 23:16:50
30 Current Time = 23:19:28
40 Current Time = 23:22:01
50 Current Time = 23:24:41
60 Current Time = 23:27:17
70 Current Time = 23:29:55
80 Current Time = 23:32:30
90 Current Time = 23:35:05
Number of features: 100
0 Current Time = 23:37:35
10 Current Time = 23:42:27
20 Current Time = 23:47:56
30 Current Time = 23:53:16
40 Current Time = 23:58:07
50 Current Time = 00:03:10
60 Current Time = 00:08:11
70 Current Time = 00:13:01
80 Current Time = 00:17:59
90 Current Time = 00:23:01
Number of features: 500
0 Current Time = 00:28:13
10 Current Time = 00:55:05
20 Current Time = 01:22:37
30 Current Time = 01:49:47
40 Current Time = 02:16:06
50 Current Time = 02:42:46
60 Current Time = 03:08:48
70 Current Time = 03:35:18
80 Current Time = 04:01:56
90 Current Time = 04:28:06
Number of features: 1000
0 Current Time = 04:54:28
