Running job number  252
Start  252
End  253
outcome: 131348-0.0
Number of features: 5
0 Current Time = 01:13:46
10 Current Time = 01:14:24
20 Current Time = 01:15:02
30 Current Time = 01:15:40
40 Current Time = 01:16:17
50 Current Time = 01:16:54
60 Current Time = 01:17:31
70 Current Time = 01:18:09
80 Current Time = 01:18:47
90 Current Time = 01:19:24
Number of features: 50
0 Current Time = 01:20:03
10 Current Time = 01:22:25
20 Current Time = 01:24:51
30 Current Time = 01:27:15
40 Current Time = 01:29:42
50 Current Time = 01:32:05
60 Current Time = 01:34:29
70 Current Time = 01:36:53
80 Current Time = 01:39:17
90 Current Time = 01:41:42
Number of features: 100
0 Current Time = 01:44:09
10 Current Time = 01:49:02
20 Current Time = 01:54:00
30 Current Time = 01:58:57
40 Current Time = 02:03:46
50 Current Time = 02:08:38
60 Current Time = 02:13:25
70 Current Time = 02:18:20
80 Current Time = 02:23:15
90 Current Time = 02:28:15
Number of features: 500
0 Current Time = 02:33:16
10 Current Time = 03:00:25
20 Current Time = 03:27:33
30 Current Time = 03:54:00
40 Current Time = 04:20:52
50 Current Time = 04:48:41
60 Current Time = 05:16:07
70 Current Time = 05:43:08
80 Current Time = 06:10:13
90 Current Time = 06:37:25
Number of features: 1000
0 Current Time = 07:04:19
10 Current Time = 08:05:06
20 Current Time = 09:04:04
30 Current Time = 10:03:53
