Running job number  588
Start  588
End  589
outcome: 132268-0.0
Number of features: 5
0 Current Time = 02:46:59
10 Current Time = 02:47:40
20 Current Time = 02:48:22
30 Current Time = 02:49:01
40 Current Time = 02:49:43
50 Current Time = 02:50:23
60 Current Time = 02:51:04
70 Current Time = 02:51:46
80 Current Time = 02:52:27
90 Current Time = 02:53:08
Number of features: 50
0 Current Time = 02:53:50
10 Current Time = 02:56:11
20 Current Time = 02:58:29
30 Current Time = 03:00:45
40 Current Time = 03:03:04
50 Current Time = 03:05:25
60 Current Time = 03:07:44
70 Current Time = 03:10:04
80 Current Time = 03:12:22
90 Current Time = 03:14:41
Number of features: 100
0 Current Time = 03:17:01
10 Current Time = 03:21:24
20 Current Time = 03:25:46
30 Current Time = 03:30:04
40 Current Time = 03:34:23
50 Current Time = 03:38:46
60 Current Time = 03:43:05
70 Current Time = 03:47:35
80 Current Time = 03:51:57
90 Current Time = 03:56:18
Number of features: 500
0 Current Time = 04:00:39
10 Current Time = 04:23:20
20 Current Time = 04:45:53
30 Current Time = 05:08:07
40 Current Time = 05:30:31
50 Current Time = 05:52:45
60 Current Time = 06:15:19
70 Current Time = 06:37:46
80 Current Time = 06:58:48
90 Current Time = 07:19:25
Number of features: 1000
0 Current Time = 07:39:52
10 Current Time = 08:20:41
20 Current Time = 09:00:49
30 Current Time = 09:40:42
