Running job number  373
Start  373
End  374
outcome: 131650-0.0
Number of features: 5
0 Current Time = 02:09:52
10 Current Time = 02:10:35
20 Current Time = 02:11:19
30 Current Time = 02:12:00
40 Current Time = 02:12:43
50 Current Time = 02:13:25
60 Current Time = 02:14:05
70 Current Time = 02:14:48
80 Current Time = 02:15:30
90 Current Time = 02:16:13
Number of features: 50
0 Current Time = 02:16:56
10 Current Time = 02:19:22
20 Current Time = 02:21:51
30 Current Time = 02:24:15
40 Current Time = 02:26:41
50 Current Time = 02:29:11
60 Current Time = 02:31:36
70 Current Time = 02:34:04
80 Current Time = 02:36:31
90 Current Time = 02:39:00
Number of features: 100
0 Current Time = 02:41:28
10 Current Time = 02:46:15
20 Current Time = 02:51:11
30 Current Time = 02:56:01
40 Current Time = 03:00:45
50 Current Time = 03:05:38
60 Current Time = 03:10:19
70 Current Time = 03:15:06
80 Current Time = 03:19:55
90 Current Time = 03:24:46
Number of features: 500
0 Current Time = 03:29:36
10 Current Time = 03:54:50
20 Current Time = 04:20:52
30 Current Time = 04:45:51
40 Current Time = 05:09:45
50 Current Time = 05:34:26
60 Current Time = 05:58:15
70 Current Time = 06:27:37
80 Current Time = 06:53:23
90 Current Time = 07:16:38
Number of features: 1000
0 Current Time = 07:40:33
10 Current Time = 08:36:05
20 Current Time = 09:27:01
30 Current Time = 10:17:53
