Running job number  132
Start  132
End  133
outcome: 131016-0.0
Number of features: 5
0 Current Time = 23:10:10
10 Current Time = 23:10:47
20 Current Time = 23:11:24
30 Current Time = 23:12:03
40 Current Time = 23:12:41
50 Current Time = 23:13:19
60 Current Time = 23:13:57
70 Current Time = 23:14:34
80 Current Time = 23:15:10
90 Current Time = 23:15:47
Number of features: 50
0 Current Time = 23:16:22
10 Current Time = 23:18:32
20 Current Time = 23:20:44
30 Current Time = 23:22:46
40 Current Time = 23:24:44
50 Current Time = 23:26:44
60 Current Time = 23:28:46
70 Current Time = 23:31:00
80 Current Time = 23:33:04
90 Current Time = 23:35:03
Number of features: 100
0 Current Time = 23:37:09
10 Current Time = 23:41:29
20 Current Time = 23:45:23
30 Current Time = 23:49:07
40 Current Time = 23:53:26
50 Current Time = 23:57:53
60 Current Time = 00:02:34
70 Current Time = 00:07:21
80 Current Time = 00:12:07
90 Current Time = 00:16:58
Number of features: 500
0 Current Time = 00:21:50
10 Current Time = 00:46:11
20 Current Time = 01:10:22
30 Current Time = 01:34:43
40 Current Time = 01:58:57
50 Current Time = 02:23:19
60 Current Time = 02:47:30
70 Current Time = 03:12:00
80 Current Time = 03:36:16
90 Current Time = 04:00:52
Number of features: 1000
0 Current Time = 04:25:02
