Running job number  43
Start  43
End  44
outcome: 130342-0.0
Number of features: 5
0 Current Time = 23:04:55
10 Current Time = 23:05:29
20 Current Time = 23:06:03
30 Current Time = 23:06:36
40 Current Time = 23:07:10
50 Current Time = 23:07:44
60 Current Time = 23:08:18
70 Current Time = 23:08:51
80 Current Time = 23:09:24
90 Current Time = 23:09:59
Number of features: 50
0 Current Time = 23:10:31
10 Current Time = 23:12:50
20 Current Time = 23:15:14
30 Current Time = 23:17:40
40 Current Time = 23:20:01
50 Current Time = 23:22:18
60 Current Time = 23:24:39
70 Current Time = 23:27:00
80 Current Time = 23:29:20
90 Current Time = 23:31:38
Number of features: 100
0 Current Time = 23:33:58
10 Current Time = 23:38:39
20 Current Time = 23:43:22
30 Current Time = 23:48:09
40 Current Time = 23:52:48
50 Current Time = 23:57:27
60 Current Time = 00:02:00
70 Current Time = 00:06:45
80 Current Time = 00:11:31
90 Current Time = 00:16:09
Number of features: 500
0 Current Time = 00:20:45
10 Current Time = 00:45:16
20 Current Time = 01:10:11
30 Current Time = 01:34:58
40 Current Time = 01:59:44
50 Current Time = 02:24:07
60 Current Time = 02:49:13
70 Current Time = 03:14:12
80 Current Time = 03:39:20
90 Current Time = 04:04:11
Number of features: 1000
0 Current Time = 04:29:05
