Running job number  234
Start  234
End  235
outcome: 131298-0.0
Number of features: 5
0 Current Time = 01:02:55
10 Current Time = 01:03:47
20 Current Time = 01:04:40
30 Current Time = 01:05:31
40 Current Time = 01:06:22
50 Current Time = 01:07:16
60 Current Time = 01:08:09
70 Current Time = 01:09:02
80 Current Time = 01:09:54
90 Current Time = 01:10:45
Number of features: 50
0 Current Time = 01:11:40
10 Current Time = 01:15:14
20 Current Time = 01:18:49
30 Current Time = 01:22:14
40 Current Time = 01:25:42
50 Current Time = 01:29:12
60 Current Time = 01:32:42
70 Current Time = 01:36:16
80 Current Time = 01:39:53
90 Current Time = 01:43:23
Number of features: 100
0 Current Time = 01:46:53
10 Current Time = 01:53:44
20 Current Time = 02:00:39
30 Current Time = 02:07:31
40 Current Time = 02:14:18
50 Current Time = 02:21:10
60 Current Time = 02:28:02
70 Current Time = 02:34:59
80 Current Time = 02:41:53
90 Current Time = 02:48:54
Number of features: 500
0 Current Time = 02:55:39
10 Current Time = 03:30:36
20 Current Time = 04:05:56
30 Current Time = 04:41:17
40 Current Time = 05:15:58
50 Current Time = 05:53:08
60 Current Time = 06:30:14
70 Current Time = 07:07:11
80 Current Time = 07:43:36
90 Current Time = 08:20:49
Number of features: 1000
0 Current Time = 08:57:08
