Running job number  197
Start  197
End  198
outcome: 131192-0.0
Number of features: 5
0 Current Time = 23:29:00
10 Current Time = 23:29:35
20 Current Time = 23:30:09
30 Current Time = 23:30:43
40 Current Time = 23:31:16
50 Current Time = 23:31:49
60 Current Time = 23:32:23
70 Current Time = 23:32:56
80 Current Time = 23:33:30
90 Current Time = 23:34:04
Number of features: 50
0 Current Time = 23:34:37
10 Current Time = 23:36:46
20 Current Time = 23:38:59
30 Current Time = 23:41:13
40 Current Time = 23:43:28
50 Current Time = 23:45:41
60 Current Time = 23:47:56
70 Current Time = 23:50:12
80 Current Time = 23:52:26
90 Current Time = 23:54:42
Number of features: 100
0 Current Time = 23:56:58
10 Current Time = 00:01:33
20 Current Time = 00:06:06
30 Current Time = 00:10:40
40 Current Time = 00:15:09
50 Current Time = 00:19:41
60 Current Time = 00:24:11
70 Current Time = 00:28:44
80 Current Time = 00:33:26
90 Current Time = 00:38:01
Number of features: 500
0 Current Time = 00:42:39
10 Current Time = 01:07:13
20 Current Time = 01:31:43
30 Current Time = 01:55:15
40 Current Time = 02:18:46
50 Current Time = 02:42:29
60 Current Time = 03:06:20
70 Current Time = 03:30:15
80 Current Time = 03:54:56
90 Current Time = 04:20:00
Number of features: 1000
0 Current Time = 04:45:25
