Running job number  577
Start  577
End  578
outcome: 132238-0.0
Number of features: 5
0 Current Time = 02:44:03
10 Current Time = 02:44:44
20 Current Time = 02:45:25
30 Current Time = 02:46:05
40 Current Time = 02:46:47
50 Current Time = 02:47:28
60 Current Time = 02:48:08
70 Current Time = 02:48:48
80 Current Time = 02:49:27
90 Current Time = 02:50:08
Number of features: 50
0 Current Time = 02:50:49
10 Current Time = 02:53:24
20 Current Time = 02:55:58
30 Current Time = 02:58:29
40 Current Time = 03:01:01
50 Current Time = 03:03:31
60 Current Time = 03:06:02
70 Current Time = 03:08:36
80 Current Time = 03:11:08
90 Current Time = 03:13:37
Number of features: 100
0 Current Time = 03:16:08
10 Current Time = 03:20:54
20 Current Time = 03:25:36
30 Current Time = 03:30:24
40 Current Time = 03:35:12
50 Current Time = 03:39:51
60 Current Time = 03:44:26
70 Current Time = 03:49:06
80 Current Time = 03:53:45
90 Current Time = 03:58:17
Number of features: 500
0 Current Time = 04:02:47
10 Current Time = 04:24:54
20 Current Time = 04:47:26
30 Current Time = 05:09:56
40 Current Time = 05:32:39
50 Current Time = 05:55:27
60 Current Time = 06:17:18
70 Current Time = 06:38:16
80 Current Time = 06:59:21
90 Current Time = 07:20:27
Number of features: 1000
0 Current Time = 07:41:51
10 Current Time = 08:25:22
20 Current Time = 09:09:58
30 Current Time = 09:55:49
