Running job number  294
Start  294
End  295
outcome: 131454-0.0
Number of features: 5
0 Current Time = 01:56:24
10 Current Time = 01:57:00
20 Current Time = 01:57:37
30 Current Time = 01:58:14
40 Current Time = 01:58:51
50 Current Time = 01:59:29
60 Current Time = 02:00:05
70 Current Time = 02:00:43
80 Current Time = 02:01:20
90 Current Time = 02:01:56
Number of features: 50
0 Current Time = 02:02:33
10 Current Time = 02:05:13
20 Current Time = 02:07:55
30 Current Time = 02:10:33
40 Current Time = 02:13:16
50 Current Time = 02:16:02
60 Current Time = 02:18:38
70 Current Time = 02:21:20
80 Current Time = 02:24:06
90 Current Time = 02:26:45
Number of features: 100
0 Current Time = 02:29:22
10 Current Time = 02:34:43
20 Current Time = 02:40:03
30 Current Time = 02:45:19
40 Current Time = 02:50:33
50 Current Time = 02:55:46
60 Current Time = 03:01:06
70 Current Time = 03:06:25
80 Current Time = 03:11:44
90 Current Time = 03:16:56
Number of features: 500
0 Current Time = 03:22:14
10 Current Time = 03:49:29
20 Current Time = 04:16:52
30 Current Time = 04:44:50
40 Current Time = 05:12:56
50 Current Time = 05:40:57
60 Current Time = 06:09:22
70 Current Time = 06:37:28
80 Current Time = 07:05:53
90 Current Time = 07:34:37
Number of features: 1000
0 Current Time = 08:02:38
10 Current Time = 08:59:22
20 Current Time = 09:57:03
30 Current Time = 10:53:55
40 Current Time = 11:51:49
50 Current Time = 12:46:02
60 Current Time = 13:35:50
70 Current Time = 14:26:04
80 Current Time = 15:16:12
90 Current Time = 16:05:34
Number of features: 2923
Analyses complete. Current Time = 17:11:22
Results saved. All done. Current Time = 17:11:23
