Running job number  71
Start  71
End  72
outcome: 130712-0.0
Number of features: 5
0 Current Time = 01:34:07
10 Current Time = 01:34:41
20 Current Time = 01:35:13
30 Current Time = 01:35:46
40 Current Time = 01:36:18
50 Current Time = 01:36:51
60 Current Time = 01:37:24
70 Current Time = 01:37:57
80 Current Time = 01:38:29
90 Current Time = 01:39:02
Number of features: 50
0 Current Time = 01:39:34
10 Current Time = 01:41:40
20 Current Time = 01:43:47
30 Current Time = 01:45:54
40 Current Time = 01:48:04
50 Current Time = 01:50:15
60 Current Time = 01:52:24
70 Current Time = 01:54:35
80 Current Time = 01:56:43
90 Current Time = 01:58:52
Number of features: 100
0 Current Time = 02:01:02
10 Current Time = 02:05:37
20 Current Time = 02:10:12
30 Current Time = 02:14:50
40 Current Time = 02:19:21
50 Current Time = 02:23:46
60 Current Time = 02:28:13
70 Current Time = 02:32:37
80 Current Time = 02:37:02
90 Current Time = 02:41:28
Number of features: 500
0 Current Time = 02:45:52
10 Current Time = 03:08:14
20 Current Time = 03:30:26
30 Current Time = 03:52:30
40 Current Time = 04:14:17
50 Current Time = 04:35:59
60 Current Time = 04:57:40
70 Current Time = 05:19:37
80 Current Time = 05:41:40
90 Current Time = 06:03:24
Number of features: 1000
0 Current Time = 06:25:12
10 Current Time = 07:09:48
20 Current Time = 07:54:35
30 Current Time = 08:39:35
40 Current Time = 09:24:16
50 Current Time = 10:09:10
60 Current Time = 10:53:59
70 Current Time = 11:38:43
80 Current Time = 12:23:35
90 Current Time = 13:08:16
Number of features: 2923
Analyses complete. Current Time = 14:06:37
Results saved. All done. Current Time = 14:06:38
