Running job number  67
Start  67
End  68
outcome: 130702-0.0
Number of features: 5
0 Current Time = 01:34:07
10 Current Time = 01:34:40
20 Current Time = 01:35:14
30 Current Time = 01:35:48
40 Current Time = 01:36:22
50 Current Time = 01:36:55
60 Current Time = 01:37:28
70 Current Time = 01:38:02
80 Current Time = 01:38:35
90 Current Time = 01:39:08
Number of features: 50
0 Current Time = 01:39:42
10 Current Time = 01:41:53
20 Current Time = 01:44:06
30 Current Time = 01:46:19
40 Current Time = 01:48:36
50 Current Time = 01:50:53
60 Current Time = 01:53:06
70 Current Time = 01:55:19
80 Current Time = 01:57:35
90 Current Time = 01:59:48
Number of features: 100
0 Current Time = 02:02:01
10 Current Time = 02:06:44
20 Current Time = 02:11:34
30 Current Time = 02:16:28
40 Current Time = 02:21:07
50 Current Time = 02:25:51
60 Current Time = 02:30:30
70 Current Time = 02:35:13
80 Current Time = 02:39:55
90 Current Time = 02:44:32
Number of features: 500
0 Current Time = 02:48:58
10 Current Time = 03:12:42
20 Current Time = 03:36:01
30 Current Time = 03:59:31
40 Current Time = 04:22:35
50 Current Time = 04:45:46
60 Current Time = 05:09:09
70 Current Time = 05:32:20
80 Current Time = 05:55:17
90 Current Time = 06:18:04
Number of features: 1000
0 Current Time = 06:41:04
10 Current Time = 07:28:41
20 Current Time = 08:16:44
30 Current Time = 09:04:20
40 Current Time = 09:52:19
50 Current Time = 10:40:04
60 Current Time = 11:27:55
70 Current Time = 12:15:39
80 Current Time = 13:03:26
90 Current Time = 13:52:14
Number of features: 2923
Analyses complete. Current Time = 14:54:34
Results saved. All done. Current Time = 14:54:35
