Running job number  192
Start  192
End  193
outcome: 131180-0.0
Number of features: 5
0 Current Time = 01:49:04
10 Current Time = 01:49:47
20 Current Time = 01:50:31
30 Current Time = 01:51:15
40 Current Time = 01:51:59
50 Current Time = 01:52:42
60 Current Time = 01:53:27
70 Current Time = 01:54:14
80 Current Time = 01:55:00
90 Current Time = 01:55:45
Number of features: 50
0 Current Time = 01:56:29
10 Current Time = 01:59:01
20 Current Time = 02:01:35
30 Current Time = 02:04:08
40 Current Time = 02:06:39
50 Current Time = 02:09:13
60 Current Time = 02:11:47
70 Current Time = 02:14:22
80 Current Time = 02:16:54
90 Current Time = 02:19:26
Number of features: 100
0 Current Time = 02:21:56
10 Current Time = 02:26:55
20 Current Time = 02:31:53
30 Current Time = 02:36:50
40 Current Time = 02:41:47
50 Current Time = 02:46:41
60 Current Time = 02:51:36
70 Current Time = 02:56:39
80 Current Time = 03:01:32
90 Current Time = 03:06:31
Number of features: 500
0 Current Time = 03:11:27
10 Current Time = 03:35:48
20 Current Time = 04:00:07
30 Current Time = 04:24:49
40 Current Time = 04:49:11
50 Current Time = 05:13:43
60 Current Time = 05:38:11
70 Current Time = 06:02:56
80 Current Time = 06:27:27
90 Current Time = 06:51:49
Number of features: 1000
0 Current Time = 07:16:11
10 Current Time = 08:06:28
20 Current Time = 08:56:53
30 Current Time = 09:47:21
40 Current Time = 10:37:46
50 Current Time = 11:27:50
60 Current Time = 12:18:16
70 Current Time = 13:08:50
80 Current Time = 13:59:20
90 Current Time = 14:49:59
Number of features: 2923
Analyses complete. Current Time = 15:54:51
Results saved. All done. Current Time = 15:54:52
