Running job number  108
Start  108
End  109
outcome: 130878-0.0
Number of features: 5
0 Current Time = 01:47:42
10 Current Time = 01:48:10
20 Current Time = 01:48:38
30 Current Time = 01:49:06
40 Current Time = 01:49:34
50 Current Time = 01:50:02
60 Current Time = 01:50:30
70 Current Time = 01:50:58
80 Current Time = 01:51:27
90 Current Time = 01:51:55
Number of features: 50
0 Current Time = 01:52:24
10 Current Time = 01:54:12
20 Current Time = 01:55:58
30 Current Time = 01:57:45
40 Current Time = 01:59:32
50 Current Time = 02:01:17
60 Current Time = 02:03:02
70 Current Time = 02:04:47
80 Current Time = 02:06:30
90 Current Time = 02:08:13
Number of features: 100
0 Current Time = 02:09:58
10 Current Time = 02:13:22
20 Current Time = 02:16:48
30 Current Time = 02:20:13
40 Current Time = 02:23:35
50 Current Time = 02:26:59
60 Current Time = 02:30:24
70 Current Time = 02:33:48
80 Current Time = 02:37:13
90 Current Time = 02:40:36
Number of features: 500
0 Current Time = 02:44:03
10 Current Time = 03:02:53
20 Current Time = 03:21:37
30 Current Time = 03:40:26
40 Current Time = 03:59:17
50 Current Time = 04:18:08
60 Current Time = 04:37:16
70 Current Time = 04:56:20
80 Current Time = 05:15:29
90 Current Time = 05:34:33
Number of features: 1000
0 Current Time = 05:53:41
10 Current Time = 06:33:27
20 Current Time = 07:13:14
30 Current Time = 07:53:00
40 Current Time = 08:33:07
50 Current Time = 09:12:58
60 Current Time = 09:52:25
70 Current Time = 10:32:01
80 Current Time = 11:12:00
90 Current Time = 11:51:43
Number of features: 2923
Analyses complete. Current Time = 12:41:38
Results saved. All done. Current Time = 12:41:39
