Running job number  438
Start  438
End  439
outcome: 131850-0.0
Number of features: 5
0 Current Time = 02:28:14
10 Current Time = 02:28:59
20 Current Time = 02:29:46
30 Current Time = 02:30:30
40 Current Time = 02:31:17
50 Current Time = 02:32:04
60 Current Time = 02:32:51
70 Current Time = 02:33:37
80 Current Time = 02:34:25
90 Current Time = 02:35:11
Number of features: 50
0 Current Time = 02:35:57
10 Current Time = 02:39:21
20 Current Time = 02:42:40
30 Current Time = 02:45:50
40 Current Time = 02:49:01
50 Current Time = 02:52:18
60 Current Time = 02:55:30
70 Current Time = 02:58:45
80 Current Time = 03:01:58
90 Current Time = 03:05:00
Number of features: 100
0 Current Time = 03:08:03
10 Current Time = 03:14:18
20 Current Time = 03:20:36
30 Current Time = 03:26:41
40 Current Time = 03:32:58
50 Current Time = 03:39:23
60 Current Time = 03:45:25
70 Current Time = 03:51:43
80 Current Time = 03:58:04
90 Current Time = 04:04:17
Number of features: 500
0 Current Time = 04:10:25
10 Current Time = 04:41:35
20 Current Time = 05:12:14
30 Current Time = 05:43:08
40 Current Time = 06:13:23
50 Current Time = 06:44:08
60 Current Time = 07:14:31
70 Current Time = 07:45:23
80 Current Time = 08:14:33
90 Current Time = 08:43:46
Number of features: 1000
0 Current Time = 09:12:53
10 Current Time = 10:12:33
