Running job number  545
Start  545
End  546
outcome: 132128-0.0
Number of features: 5
0 Current Time = 02:42:45
10 Current Time = 02:43:27
20 Current Time = 02:44:07
30 Current Time = 02:44:48
40 Current Time = 02:45:30
50 Current Time = 02:46:13
60 Current Time = 02:46:50
70 Current Time = 02:47:32
80 Current Time = 02:48:13
90 Current Time = 02:48:52
Number of features: 50
0 Current Time = 02:49:31
10 Current Time = 02:52:55
20 Current Time = 02:56:16
30 Current Time = 02:59:36
40 Current Time = 03:03:01
50 Current Time = 03:06:26
60 Current Time = 03:09:40
70 Current Time = 03:13:10
80 Current Time = 03:16:36
90 Current Time = 03:19:53
Number of features: 100
0 Current Time = 03:23:14
10 Current Time = 03:30:05
20 Current Time = 03:37:04
30 Current Time = 03:43:47
40 Current Time = 03:50:25
50 Current Time = 03:57:01
60 Current Time = 04:03:48
70 Current Time = 04:10:35
80 Current Time = 04:17:15
90 Current Time = 04:23:50
Number of features: 500
0 Current Time = 04:30:14
10 Current Time = 05:00:44
20 Current Time = 05:31:09
30 Current Time = 06:01:34
40 Current Time = 06:31:51
50 Current Time = 07:01:27
60 Current Time = 07:31:35
70 Current Time = 08:01:09
80 Current Time = 08:30:44
90 Current Time = 09:00:52
Number of features: 1000
0 Current Time = 09:30:38
