Running job number  479
Start  479
End  480
outcome: 131956-0.0
Number of features: 5
0 Current Time = 02:32:35
10 Current Time = 02:33:19
20 Current Time = 02:34:00
30 Current Time = 02:34:38
40 Current Time = 02:35:18
50 Current Time = 02:35:59
60 Current Time = 02:36:40
70 Current Time = 02:37:22
80 Current Time = 02:38:03
90 Current Time = 02:38:45
Number of features: 50
0 Current Time = 02:39:27
10 Current Time = 02:42:15
20 Current Time = 02:44:50
30 Current Time = 02:47:32
40 Current Time = 02:50:04
50 Current Time = 02:52:39
60 Current Time = 02:55:19
70 Current Time = 02:58:01
80 Current Time = 03:00:41
90 Current Time = 03:03:19
Number of features: 100
0 Current Time = 03:05:50
10 Current Time = 03:10:48
20 Current Time = 03:15:45
30 Current Time = 03:20:49
40 Current Time = 03:25:53
50 Current Time = 03:30:49
60 Current Time = 03:35:50
70 Current Time = 03:41:01
80 Current Time = 03:46:07
90 Current Time = 03:51:04
Number of features: 500
0 Current Time = 03:55:57
10 Current Time = 04:20:11
20 Current Time = 04:43:32
30 Current Time = 05:07:21
40 Current Time = 05:30:33
50 Current Time = 05:54:06
60 Current Time = 06:16:55
70 Current Time = 06:39:03
80 Current Time = 07:01:08
90 Current Time = 07:23:02
Number of features: 1000
0 Current Time = 07:43:53
10 Current Time = 08:27:12
20 Current Time = 09:11:35
30 Current Time = 09:58:42
