Running job number  103
Start  103
End  104
outcome: 130852-0.0
Number of features: 5
0 Current Time = 23:09:42
10 Current Time = 23:10:14
20 Current Time = 23:10:46
30 Current Time = 23:11:18
40 Current Time = 23:11:49
50 Current Time = 23:12:21
60 Current Time = 23:12:52
70 Current Time = 23:13:24
80 Current Time = 23:13:56
90 Current Time = 23:14:28
Number of features: 50
0 Current Time = 23:15:00
10 Current Time = 23:17:05
20 Current Time = 23:19:09
30 Current Time = 23:21:13
40 Current Time = 23:23:18
50 Current Time = 23:25:25
60 Current Time = 23:27:30
70 Current Time = 23:29:34
80 Current Time = 23:31:32
90 Current Time = 23:33:35
Number of features: 100
0 Current Time = 23:35:38
10 Current Time = 23:39:49
20 Current Time = 23:44:02
30 Current Time = 23:48:22
40 Current Time = 23:52:43
50 Current Time = 23:57:05
60 Current Time = 00:01:28
70 Current Time = 00:06:01
80 Current Time = 00:10:31
90 Current Time = 00:15:00
Number of features: 500
0 Current Time = 00:19:32
10 Current Time = 00:42:53
20 Current Time = 01:05:04
30 Current Time = 01:24:46
40 Current Time = 01:45:38
50 Current Time = 02:07:04
60 Current Time = 02:29:29
70 Current Time = 02:51:06
80 Current Time = 03:12:36
90 Current Time = 03:33:56
Number of features: 1000
0 Current Time = 03:54:33
10 Current Time = 04:39:17
