Running job number  61
Start  61
End  62
outcome: 130676-0.0
Number of features: 5
0 Current Time = 23:08:10
10 Current Time = 23:08:42
20 Current Time = 23:09:15
30 Current Time = 23:09:49
40 Current Time = 23:10:23
50 Current Time = 23:10:56
60 Current Time = 23:11:30
70 Current Time = 23:12:03
80 Current Time = 23:12:36
90 Current Time = 23:13:09
Number of features: 50
0 Current Time = 23:13:43
10 Current Time = 23:16:01
20 Current Time = 23:18:15
30 Current Time = 23:20:30
40 Current Time = 23:22:46
50 Current Time = 23:25:01
60 Current Time = 23:27:16
70 Current Time = 23:29:32
80 Current Time = 23:31:47
90 Current Time = 23:34:04
Number of features: 100
0 Current Time = 23:36:17
10 Current Time = 23:40:40
20 Current Time = 23:45:12
30 Current Time = 23:49:44
40 Current Time = 23:54:13
50 Current Time = 23:58:50
60 Current Time = 00:03:32
70 Current Time = 00:07:57
80 Current Time = 00:12:16
90 Current Time = 00:16:35
Number of features: 500
0 Current Time = 00:21:09
10 Current Time = 00:44:27
20 Current Time = 01:07:23
30 Current Time = 01:30:29
40 Current Time = 01:53:33
50 Current Time = 02:16:39
60 Current Time = 02:39:46
70 Current Time = 03:02:57
80 Current Time = 03:25:35
90 Current Time = 03:49:38
Number of features: 1000
0 Current Time = 04:12:48
10 Current Time = 05:05:44
