Running job number  122
Start  122
End  123
outcome: 130916-0.0
Number of features: 5
0 Current Time = 23:09:50
10 Current Time = 23:10:22
20 Current Time = 23:10:53
30 Current Time = 23:11:26
40 Current Time = 23:11:58
50 Current Time = 23:12:30
60 Current Time = 23:13:02
70 Current Time = 23:13:33
80 Current Time = 23:14:05
90 Current Time = 23:14:37
Number of features: 50
0 Current Time = 23:15:09
10 Current Time = 23:17:11
20 Current Time = 23:19:14
30 Current Time = 23:21:16
40 Current Time = 23:23:19
50 Current Time = 23:25:23
60 Current Time = 23:27:26
70 Current Time = 23:29:30
80 Current Time = 23:31:32
90 Current Time = 23:33:36
Number of features: 100
0 Current Time = 23:35:39
10 Current Time = 23:39:46
20 Current Time = 23:43:46
30 Current Time = 23:47:53
40 Current Time = 23:51:55
50 Current Time = 23:55:58
60 Current Time = 00:00:07
70 Current Time = 00:04:19
80 Current Time = 00:08:31
90 Current Time = 00:12:39
Number of features: 500
0 Current Time = 00:16:54
10 Current Time = 00:39:02
20 Current Time = 01:01:13
30 Current Time = 01:24:00
40 Current Time = 01:47:04
50 Current Time = 02:10:15
60 Current Time = 02:32:55
70 Current Time = 02:55:16
80 Current Time = 03:17:50
90 Current Time = 03:40:37
Number of features: 1000
0 Current Time = 04:03:40
10 Current Time = 04:51:20
