Running job number  22
Start  22
End  23
outcome: 130190-0.0
Number of features: 5
0 Current Time = 23:04:51
10 Current Time = 23:05:22
20 Current Time = 23:05:53
30 Current Time = 23:06:24
40 Current Time = 23:06:55
50 Current Time = 23:07:26
60 Current Time = 23:07:57
70 Current Time = 23:08:27
80 Current Time = 23:08:58
90 Current Time = 23:09:28
Number of features: 50
0 Current Time = 23:09:59
10 Current Time = 23:12:00
20 Current Time = 23:13:59
30 Current Time = 23:16:00
40 Current Time = 23:18:01
50 Current Time = 23:20:03
60 Current Time = 23:22:04
70 Current Time = 23:24:07
80 Current Time = 23:26:10
90 Current Time = 23:28:13
Number of features: 100
0 Current Time = 23:30:16
10 Current Time = 23:34:12
20 Current Time = 23:38:12
30 Current Time = 23:42:17
40 Current Time = 23:46:19
50 Current Time = 23:50:19
60 Current Time = 23:54:21
70 Current Time = 23:58:17
80 Current Time = 00:02:11
90 Current Time = 00:06:17
Number of features: 500
0 Current Time = 00:10:28
10 Current Time = 00:32:32
20 Current Time = 00:54:07
30 Current Time = 01:15:57
40 Current Time = 01:38:02
50 Current Time = 02:00:17
60 Current Time = 02:21:08
70 Current Time = 02:41:40
80 Current Time = 03:03:11
90 Current Time = 03:24:47
Number of features: 1000
0 Current Time = 03:46:29
10 Current Time = 04:32:38
