Running job number  191
Start  191
End  192
outcome: 131178-0.0
Number of features: 5
0 Current Time = 23:12:42
10 Current Time = 23:13:19
20 Current Time = 23:13:55
30 Current Time = 23:14:30
40 Current Time = 23:15:06
50 Current Time = 23:15:41
60 Current Time = 23:16:17
70 Current Time = 23:16:54
80 Current Time = 23:17:30
90 Current Time = 23:18:07
Number of features: 50
0 Current Time = 23:18:44
10 Current Time = 23:21:01
20 Current Time = 23:23:12
30 Current Time = 23:25:27
40 Current Time = 23:27:40
50 Current Time = 23:29:54
60 Current Time = 23:32:08
70 Current Time = 23:34:27
80 Current Time = 23:36:42
90 Current Time = 23:38:58
Number of features: 100
0 Current Time = 23:41:10
10 Current Time = 23:45:54
20 Current Time = 23:50:32
30 Current Time = 23:55:12
40 Current Time = 00:00:00
50 Current Time = 00:04:48
60 Current Time = 00:09:44
70 Current Time = 00:14:30
80 Current Time = 00:19:22
90 Current Time = 00:24:08
Number of features: 500
0 Current Time = 00:28:49
10 Current Time = 00:52:46
20 Current Time = 01:16:42
30 Current Time = 01:41:21
40 Current Time = 02:05:38
50 Current Time = 02:29:28
60 Current Time = 02:53:40
70 Current Time = 03:18:21
80 Current Time = 03:42:54
90 Current Time = 04:07:21
Number of features: 1000
0 Current Time = 04:31:30
