Running job number  455
Start  455
End  456
outcome: 131892-0.0
Number of features: 5
0 Current Time = 02:32:31
10 Current Time = 02:33:11
20 Current Time = 02:33:52
30 Current Time = 02:34:32
40 Current Time = 02:35:14
50 Current Time = 02:35:54
60 Current Time = 02:36:35
70 Current Time = 02:37:17
80 Current Time = 02:37:57
90 Current Time = 02:38:40
Number of features: 50
0 Current Time = 02:39:21
10 Current Time = 02:42:01
20 Current Time = 02:44:40
30 Current Time = 02:47:17
40 Current Time = 02:49:59
50 Current Time = 02:52:41
60 Current Time = 02:55:20
70 Current Time = 02:57:58
80 Current Time = 03:00:37
90 Current Time = 03:03:21
Number of features: 100
0 Current Time = 03:05:58
10 Current Time = 03:11:01
20 Current Time = 03:16:01
30 Current Time = 03:20:59
40 Current Time = 03:26:07
50 Current Time = 03:31:15
60 Current Time = 03:36:17
70 Current Time = 03:41:17
80 Current Time = 03:46:14
90 Current Time = 03:51:14
Number of features: 500
0 Current Time = 03:56:04
10 Current Time = 04:19:14
20 Current Time = 04:42:11
30 Current Time = 05:04:49
40 Current Time = 05:27:24
50 Current Time = 05:50:25
60 Current Time = 06:12:56
70 Current Time = 06:35:29
80 Current Time = 06:58:20
90 Current Time = 07:21:10
Number of features: 1000
0 Current Time = 07:43:46
10 Current Time = 08:30:28
20 Current Time = 09:17:12
30 Current Time = 10:04:12
