Running job number  85
Start  85
End  86
outcome: 130792-0.0
Number of features: 5
0 Current Time = 23:08:05
10 Current Time = 23:09:10
20 Current Time = 23:10:14
30 Current Time = 23:11:20
40 Current Time = 23:12:25
50 Current Time = 23:13:30
60 Current Time = 23:14:38
70 Current Time = 23:15:45
80 Current Time = 23:16:54
90 Current Time = 23:17:58
Number of features: 50
0 Current Time = 23:19:03
10 Current Time = 23:24:33
20 Current Time = 23:29:48
30 Current Time = 23:35:00
40 Current Time = 23:40:14
50 Current Time = 23:45:31
60 Current Time = 23:50:46
70 Current Time = 23:56:04
80 Current Time = 00:01:28
90 Current Time = 00:06:45
Number of features: 100
0 Current Time = 00:12:02
10 Current Time = 00:22:48
20 Current Time = 00:33:28
30 Current Time = 00:43:47
40 Current Time = 00:54:18
50 Current Time = 01:05:17
60 Current Time = 01:16:23
70 Current Time = 01:26:53
80 Current Time = 01:37:25
90 Current Time = 01:47:51
Number of features: 500
0 Current Time = 01:58:21
10 Current Time = 02:49:57
20 Current Time = 03:44:11
30 Current Time = 04:36:39
