Running job number  215
Start  215
End  216
outcome: 131242-0.0
Number of features: 5
0 Current Time = 23:14:58
10 Current Time = 23:15:34
20 Current Time = 23:16:09
30 Current Time = 23:16:45
40 Current Time = 23:17:21
50 Current Time = 23:17:56
60 Current Time = 23:18:32
70 Current Time = 23:19:08
80 Current Time = 23:19:45
90 Current Time = 23:20:20
Number of features: 50
0 Current Time = 23:20:57
10 Current Time = 23:23:18
20 Current Time = 23:25:43
30 Current Time = 23:28:03
40 Current Time = 23:30:24
50 Current Time = 23:32:44
60 Current Time = 23:35:07
70 Current Time = 23:37:32
80 Current Time = 23:39:55
90 Current Time = 23:42:13
Number of features: 100
0 Current Time = 23:44:34
10 Current Time = 23:49:22
20 Current Time = 23:54:06
30 Current Time = 23:58:44
40 Current Time = 00:03:22
50 Current Time = 00:08:12
60 Current Time = 00:12:53
70 Current Time = 00:17:30
80 Current Time = 00:21:57
90 Current Time = 00:26:48
Number of features: 500
0 Current Time = 00:31:31
10 Current Time = 00:55:51
20 Current Time = 01:20:57
30 Current Time = 01:45:38
40 Current Time = 02:10:58
50 Current Time = 02:35:14
60 Current Time = 02:59:42
70 Current Time = 03:24:00
80 Current Time = 03:48:02
90 Current Time = 04:12:33
Number of features: 1000
0 Current Time = 04:37:37
