Running job number  192
Start  192
End  193
outcome: 131180-0.0
Number of features: 5
0 Current Time = 23:12:46
10 Current Time = 23:13:27
20 Current Time = 23:14:10
30 Current Time = 23:14:52
40 Current Time = 23:15:34
50 Current Time = 23:16:16
60 Current Time = 23:16:58
70 Current Time = 23:17:41
80 Current Time = 23:18:23
90 Current Time = 23:19:06
Number of features: 50
0 Current Time = 23:19:48
10 Current Time = 23:22:11
20 Current Time = 23:24:34
30 Current Time = 23:26:57
40 Current Time = 23:29:19
50 Current Time = 23:31:42
60 Current Time = 23:34:08
70 Current Time = 23:36:33
80 Current Time = 23:38:57
90 Current Time = 23:41:17
Number of features: 100
0 Current Time = 23:43:39
10 Current Time = 23:48:34
20 Current Time = 23:53:22
30 Current Time = 23:58:23
40 Current Time = 00:03:27
50 Current Time = 00:08:30
60 Current Time = 00:13:27
70 Current Time = 00:18:32
80 Current Time = 00:23:36
90 Current Time = 00:28:36
Number of features: 500
0 Current Time = 00:33:29
10 Current Time = 00:57:42
20 Current Time = 01:21:46
30 Current Time = 01:46:39
40 Current Time = 02:10:50
50 Current Time = 02:34:58
60 Current Time = 02:59:08
70 Current Time = 03:23:59
80 Current Time = 03:48:44
90 Current Time = 04:13:08
Number of features: 1000
0 Current Time = 04:37:21
