Running job number  242
Start  242
End  243
outcome: 131320-0.0
Number of features: 5
0 Current Time = 23:14:45
10 Current Time = 23:15:16
20 Current Time = 23:15:48
30 Current Time = 23:16:20
40 Current Time = 23:16:52
50 Current Time = 23:17:25
60 Current Time = 23:17:58
70 Current Time = 23:18:30
80 Current Time = 23:19:02
90 Current Time = 23:19:35
Number of features: 50
0 Current Time = 23:20:07
10 Current Time = 23:22:09
20 Current Time = 23:24:12
30 Current Time = 23:26:14
40 Current Time = 23:28:18
50 Current Time = 23:30:24
60 Current Time = 23:32:29
70 Current Time = 23:34:33
80 Current Time = 23:36:38
90 Current Time = 23:38:42
Number of features: 100
0 Current Time = 23:40:47
10 Current Time = 23:44:54
20 Current Time = 23:49:11
30 Current Time = 23:53:20
40 Current Time = 23:57:28
50 Current Time = 00:01:34
60 Current Time = 00:05:39
70 Current Time = 00:09:45
80 Current Time = 00:13:54
90 Current Time = 00:18:03
Number of features: 500
0 Current Time = 00:22:11
10 Current Time = 00:44:47
20 Current Time = 01:08:57
30 Current Time = 01:33:21
40 Current Time = 01:57:43
50 Current Time = 02:21:26
60 Current Time = 02:45:44
70 Current Time = 03:09:50
80 Current Time = 03:33:48
90 Current Time = 03:57:10
Number of features: 1000
0 Current Time = 04:20:44
10 Current Time = 05:09:33
