Running job number  290
Start  290
End  291
outcome: 131442-0.0
Number of features: 5
0 Current Time = 23:19:10
10 Current Time = 23:19:50
20 Current Time = 23:20:31
30 Current Time = 23:21:12
40 Current Time = 23:21:52
50 Current Time = 23:22:31
60 Current Time = 23:23:11
70 Current Time = 23:23:50
80 Current Time = 23:24:30
90 Current Time = 23:25:11
Number of features: 50
0 Current Time = 23:25:51
10 Current Time = 23:28:06
20 Current Time = 23:30:22
30 Current Time = 23:32:36
40 Current Time = 23:34:50
50 Current Time = 23:37:06
60 Current Time = 23:39:22
70 Current Time = 23:41:36
80 Current Time = 23:43:54
90 Current Time = 23:46:14
Number of features: 100
0 Current Time = 23:48:29
10 Current Time = 23:52:48
20 Current Time = 23:57:14
30 Current Time = 00:01:30
40 Current Time = 00:05:54
50 Current Time = 00:10:17
60 Current Time = 00:14:35
70 Current Time = 00:18:55
80 Current Time = 00:23:17
90 Current Time = 00:27:38
Number of features: 500
0 Current Time = 00:31:54
10 Current Time = 00:54:34
20 Current Time = 01:17:05
30 Current Time = 01:39:27
40 Current Time = 02:01:42
50 Current Time = 02:24:15
60 Current Time = 02:47:42
70 Current Time = 03:11:15
80 Current Time = 03:34:50
90 Current Time = 04:00:03
Number of features: 1000
0 Current Time = 04:24:24
10 Current Time = 05:15:55
