Running job number  543
Start  543
End  544
outcome: 132122-0.0
Number of features: 5
0 Current Time = 02:42:43
10 Current Time = 02:43:32
20 Current Time = 02:44:23
30 Current Time = 02:45:12
40 Current Time = 02:46:00
50 Current Time = 02:46:48
60 Current Time = 02:47:36
70 Current Time = 02:48:23
80 Current Time = 02:49:14
90 Current Time = 02:50:02
Number of features: 50
0 Current Time = 02:50:49
10 Current Time = 02:54:14
20 Current Time = 02:57:46
30 Current Time = 03:01:20
40 Current Time = 03:05:01
50 Current Time = 03:08:33
60 Current Time = 03:12:06
70 Current Time = 03:15:30
80 Current Time = 03:19:11
90 Current Time = 03:22:33
Number of features: 100
0 Current Time = 03:26:13
10 Current Time = 03:33:13
20 Current Time = 03:40:13
30 Current Time = 03:47:19
40 Current Time = 03:54:18
50 Current Time = 04:01:12
60 Current Time = 04:08:14
70 Current Time = 04:15:19
80 Current Time = 04:22:07
90 Current Time = 04:29:03
Number of features: 500
0 Current Time = 04:35:53
10 Current Time = 05:07:33
20 Current Time = 05:36:46
30 Current Time = 06:06:17
40 Current Time = 06:35:14
50 Current Time = 07:03:08
60 Current Time = 07:31:31
70 Current Time = 07:59:16
80 Current Time = 08:27:33
90 Current Time = 08:55:48
Number of features: 1000
0 Current Time = 09:23:53
