Running job number  60
Start  60
End  61
outcome: 130670-0.0
Number of features: 5
0 Current Time = 23:07:55
10 Current Time = 23:08:28
20 Current Time = 23:09:03
30 Current Time = 23:09:36
40 Current Time = 23:10:10
50 Current Time = 23:10:45
60 Current Time = 23:11:19
70 Current Time = 23:11:53
80 Current Time = 23:12:28
90 Current Time = 23:13:00
Number of features: 50
0 Current Time = 23:13:35
10 Current Time = 23:15:37
20 Current Time = 23:17:42
30 Current Time = 23:19:54
40 Current Time = 23:22:06
50 Current Time = 23:24:21
60 Current Time = 23:26:33
70 Current Time = 23:28:40
80 Current Time = 23:30:50
90 Current Time = 23:33:03
Number of features: 100
0 Current Time = 23:35:17
10 Current Time = 23:39:38
20 Current Time = 23:44:06
30 Current Time = 23:48:22
40 Current Time = 23:52:30
50 Current Time = 23:56:23
60 Current Time = 00:00:09
70 Current Time = 00:04:22
80 Current Time = 00:08:19
90 Current Time = 00:12:09
Number of features: 500
0 Current Time = 00:16:12
10 Current Time = 00:36:55
20 Current Time = 00:57:58
30 Current Time = 01:17:34
40 Current Time = 01:37:19
50 Current Time = 01:56:55
60 Current Time = 02:16:45
70 Current Time = 02:36:19
80 Current Time = 02:55:50
90 Current Time = 03:15:47
Number of features: 1000
0 Current Time = 03:35:26
10 Current Time = 04:16:10
20 Current Time = 04:56:28
