Running job number  118
Start  118
End  119
outcome: 130908-0.0
Number of features: 5
0 Current Time = 01:47:58
10 Current Time = 01:48:53
20 Current Time = 01:49:49
30 Current Time = 01:50:46
40 Current Time = 01:51:41
50 Current Time = 01:52:38
60 Current Time = 01:53:34
70 Current Time = 01:54:30
80 Current Time = 01:55:26
90 Current Time = 01:56:23
Number of features: 50
0 Current Time = 01:57:19
10 Current Time = 02:02:22
20 Current Time = 02:07:26
30 Current Time = 02:12:30
40 Current Time = 02:17:34
50 Current Time = 02:22:39
60 Current Time = 02:27:41
70 Current Time = 02:32:46
80 Current Time = 02:37:48
90 Current Time = 02:42:48
Number of features: 100
0 Current Time = 02:47:52
10 Current Time = 02:57:50
20 Current Time = 03:07:56
30 Current Time = 03:18:06
40 Current Time = 03:28:09
50 Current Time = 03:38:18
60 Current Time = 03:48:31
70 Current Time = 03:58:37
80 Current Time = 04:08:46
90 Current Time = 04:18:45
Number of features: 500
0 Current Time = 04:28:49
10 Current Time = 05:22:37
20 Current Time = 06:16:40
30 Current Time = 07:10:34
40 Current Time = 08:04:42
50 Current Time = 08:58:37
60 Current Time = 09:53:02
70 Current Time = 10:47:12
80 Current Time = 11:41:29
90 Current Time = 12:35:33
Number of features: 1000
0 Current Time = 13:29:35
10 Current Time = 15:33:12
20 Current Time = 17:35:57
