Running job number  0
Start  0
End  1
outcome: 130004-0.0
Number of features: 5
0 Current Time = 10:35:38
10 Current Time = 10:36:09
20 Current Time = 10:36:41
30 Current Time = 10:37:14
40 Current Time = 10:37:45
50 Current Time = 10:38:16
60 Current Time = 10:38:47
70 Current Time = 10:39:18
80 Current Time = 10:39:50
90 Current Time = 10:40:22
Number of features: 50
0 Current Time = 10:40:54
10 Current Time = 10:42:55
20 Current Time = 10:44:56
30 Current Time = 10:46:57
40 Current Time = 10:48:56
50 Current Time = 10:50:56
60 Current Time = 10:52:52
70 Current Time = 10:54:50
80 Current Time = 10:56:47
90 Current Time = 10:58:48
Number of features: 100
0 Current Time = 11:00:48
10 Current Time = 11:04:48
20 Current Time = 11:08:45
30 Current Time = 11:12:44
40 Current Time = 11:16:38
50 Current Time = 11:20:33
60 Current Time = 11:24:22
70 Current Time = 11:28:09
80 Current Time = 11:31:57
90 Current Time = 11:35:48
Number of features: 500
0 Current Time = 11:39:38
10 Current Time = 11:59:20
20 Current Time = 12:19:09
30 Current Time = 12:38:28
40 Current Time = 12:58:05
50 Current Time = 13:17:48
60 Current Time = 13:37:38
70 Current Time = 13:57:15
80 Current Time = 14:17:06
90 Current Time = 14:36:46
Number of features: 1000
0 Current Time = 14:56:11
10 Current Time = 15:36:42
20 Current Time = 16:18:31
30 Current Time = 16:58:33
40 Current Time = 17:38:02
50 Current Time = 18:21:06
60 Current Time = 19:04:45
70 Current Time = 19:49:07
80 Current Time = 20:33:22
90 Current Time = 21:17:33
Number of features: 2923
