Running job number  176
Start  176
End  177
outcome: 131132-0.0
Number of features: 5
0 Current Time = 23:12:46
10 Current Time = 23:13:35
20 Current Time = 23:14:24
30 Current Time = 23:15:13
40 Current Time = 23:16:01
50 Current Time = 23:16:51
60 Current Time = 23:17:40
70 Current Time = 23:18:27
80 Current Time = 23:19:15
90 Current Time = 23:20:05
Number of features: 50
0 Current Time = 23:20:53
10 Current Time = 23:23:42
20 Current Time = 23:26:32
30 Current Time = 23:29:22
40 Current Time = 23:32:21
50 Current Time = 23:35:18
60 Current Time = 23:38:13
70 Current Time = 23:41:02
80 Current Time = 23:43:58
90 Current Time = 23:46:50
Number of features: 100
0 Current Time = 23:49:41
10 Current Time = 23:55:12
20 Current Time = 00:00:46
30 Current Time = 00:06:16
40 Current Time = 00:11:46
50 Current Time = 00:17:18
60 Current Time = 00:22:38
70 Current Time = 00:28:30
80 Current Time = 00:34:22
90 Current Time = 00:40:15
Number of features: 500
0 Current Time = 00:45:53
10 Current Time = 01:13:02
20 Current Time = 01:38:50
30 Current Time = 02:04:05
40 Current Time = 02:29:54
50 Current Time = 02:55:48
60 Current Time = 03:21:18
70 Current Time = 03:46:55
80 Current Time = 04:12:28
90 Current Time = 04:37:41
Number of features: 1000
0 Current Time = 05:02:47
