Running job number  181
Start  181
End  182
outcome: 131148-0.0
Number of features: 5
0 Current Time = 23:12:29
10 Current Time = 23:13:00
20 Current Time = 23:13:32
30 Current Time = 23:14:04
40 Current Time = 23:14:36
50 Current Time = 23:15:09
60 Current Time = 23:15:42
70 Current Time = 23:16:14
80 Current Time = 23:16:46
90 Current Time = 23:17:18
Number of features: 50
0 Current Time = 23:17:51
10 Current Time = 23:19:55
20 Current Time = 23:21:58
30 Current Time = 23:24:03
40 Current Time = 23:26:07
50 Current Time = 23:28:12
60 Current Time = 23:30:16
70 Current Time = 23:32:20
80 Current Time = 23:34:25
90 Current Time = 23:36:30
Number of features: 100
0 Current Time = 23:38:34
10 Current Time = 23:42:39
20 Current Time = 23:46:48
30 Current Time = 23:50:57
40 Current Time = 23:55:04
50 Current Time = 23:59:12
60 Current Time = 00:03:18
70 Current Time = 00:07:26
80 Current Time = 00:11:32
90 Current Time = 00:15:41
Number of features: 500
0 Current Time = 00:19:47
10 Current Time = 00:40:45
20 Current Time = 01:01:42
30 Current Time = 01:22:41
40 Current Time = 01:43:35
50 Current Time = 02:04:31
60 Current Time = 02:25:34
70 Current Time = 02:46:35
80 Current Time = 03:07:32
90 Current Time = 03:28:27
Number of features: 1000
0 Current Time = 03:49:32
10 Current Time = 04:32:45
