Running job number  198
Start  198
End  199
outcome: 131196-0.0
Number of features: 5
0 Current Time = 23:14:26
10 Current Time = 23:14:57
20 Current Time = 23:15:27
30 Current Time = 23:15:57
40 Current Time = 23:16:27
50 Current Time = 23:16:57
60 Current Time = 23:17:27
70 Current Time = 23:17:58
80 Current Time = 23:18:28
90 Current Time = 23:18:59
Number of features: 50
0 Current Time = 23:19:30
10 Current Time = 23:21:29
20 Current Time = 23:23:28
30 Current Time = 23:25:27
40 Current Time = 23:27:21
50 Current Time = 23:29:17
60 Current Time = 23:31:09
70 Current Time = 23:33:08
80 Current Time = 23:35:07
90 Current Time = 23:37:05
Number of features: 100
0 Current Time = 23:38:59
10 Current Time = 23:42:51
20 Current Time = 23:46:42
30 Current Time = 23:50:33
40 Current Time = 23:54:08
50 Current Time = 23:57:33
60 Current Time = 00:01:00
70 Current Time = 00:04:42
80 Current Time = 00:08:08
90 Current Time = 00:11:25
Number of features: 500
0 Current Time = 00:14:53
10 Current Time = 00:34:10
20 Current Time = 00:52:58
30 Current Time = 01:11:01
40 Current Time = 01:29:12
50 Current Time = 01:47:20
60 Current Time = 02:05:32
70 Current Time = 02:23:20
80 Current Time = 02:41:21
90 Current Time = 02:59:16
Number of features: 1000
0 Current Time = 03:17:14
10 Current Time = 03:54:37
20 Current Time = 04:32:01
30 Current Time = 05:10:28
