Running job number  57
Start  57
End  58
outcome: 130660-0.0
Number of features: 5
0 Current Time = 01:33:38
10 Current Time = 01:34:14
20 Current Time = 01:34:48
30 Current Time = 01:35:22
40 Current Time = 01:35:55
50 Current Time = 01:36:31
60 Current Time = 01:37:06
70 Current Time = 01:37:40
80 Current Time = 01:38:14
90 Current Time = 01:38:47
Number of features: 50
0 Current Time = 01:39:22
10 Current Time = 01:41:33
20 Current Time = 01:43:41
30 Current Time = 01:45:53
40 Current Time = 01:48:01
50 Current Time = 01:50:13
60 Current Time = 01:52:22
70 Current Time = 01:54:32
80 Current Time = 01:56:39
90 Current Time = 01:58:48
Number of features: 100
0 Current Time = 02:00:56
10 Current Time = 02:05:06
20 Current Time = 02:09:10
30 Current Time = 02:13:22
40 Current Time = 02:17:25
50 Current Time = 02:21:29
60 Current Time = 02:25:28
70 Current Time = 02:29:32
80 Current Time = 02:33:40
90 Current Time = 02:37:43
Number of features: 500
0 Current Time = 02:41:42
10 Current Time = 03:03:36
20 Current Time = 03:25:14
30 Current Time = 03:46:57
40 Current Time = 04:08:31
50 Current Time = 04:30:17
60 Current Time = 04:51:56
70 Current Time = 05:13:22
80 Current Time = 05:34:48
90 Current Time = 05:57:00
Number of features: 1000
0 Current Time = 06:19:33
10 Current Time = 07:05:21
20 Current Time = 07:50:42
30 Current Time = 08:36:49
40 Current Time = 09:22:31
50 Current Time = 10:08:41
60 Current Time = 10:54:45
70 Current Time = 11:40:15
80 Current Time = 12:23:02
90 Current Time = 13:05:51
Number of features: 2923
Analyses complete. Current Time = 14:00:54
Results saved. All done. Current Time = 14:00:55
