Running job number  152
Start  152
End  153
outcome: 131072-0.0
Number of features: 5
0 Current Time = 23:12:33
10 Current Time = 23:13:09
20 Current Time = 23:13:47
30 Current Time = 23:14:23
40 Current Time = 23:14:59
50 Current Time = 23:15:37
60 Current Time = 23:16:14
70 Current Time = 23:16:50
80 Current Time = 23:17:28
90 Current Time = 23:18:05
Number of features: 50
0 Current Time = 23:18:42
10 Current Time = 23:21:14
20 Current Time = 23:23:42
30 Current Time = 23:26:06
40 Current Time = 23:28:30
50 Current Time = 23:30:53
60 Current Time = 23:33:19
70 Current Time = 23:35:43
80 Current Time = 23:38:00
90 Current Time = 23:40:20
Number of features: 100
0 Current Time = 23:42:37
10 Current Time = 23:47:32
20 Current Time = 23:52:15
30 Current Time = 23:57:06
40 Current Time = 00:01:53
50 Current Time = 00:06:36
60 Current Time = 00:11:20
70 Current Time = 00:16:08
80 Current Time = 00:20:50
90 Current Time = 00:25:32
Number of features: 500
0 Current Time = 00:30:27
10 Current Time = 00:56:00
20 Current Time = 01:21:55
30 Current Time = 01:47:55
40 Current Time = 02:13:55
50 Current Time = 02:40:30
60 Current Time = 03:07:09
70 Current Time = 03:34:06
80 Current Time = 04:01:04
90 Current Time = 04:27:55
Number of features: 1000
0 Current Time = 04:54:42
