Running job number  247
Start  247
End  248
outcome: 131330-0.0
Number of features: 5
0 Current Time = 01:51:53
10 Current Time = 01:52:30
20 Current Time = 01:53:07
30 Current Time = 01:53:44
40 Current Time = 01:54:21
50 Current Time = 01:54:57
60 Current Time = 01:55:34
70 Current Time = 01:56:12
80 Current Time = 01:56:49
90 Current Time = 01:57:27
Number of features: 50
0 Current Time = 01:58:04
10 Current Time = 02:00:20
20 Current Time = 02:02:37
30 Current Time = 02:04:54
40 Current Time = 02:07:09
50 Current Time = 02:09:26
60 Current Time = 02:11:41
70 Current Time = 02:13:59
80 Current Time = 02:16:18
90 Current Time = 02:18:37
Number of features: 100
0 Current Time = 02:21:00
10 Current Time = 02:25:37
20 Current Time = 02:30:13
30 Current Time = 02:34:50
40 Current Time = 02:39:26
50 Current Time = 02:44:05
60 Current Time = 02:48:39
70 Current Time = 02:53:15
80 Current Time = 02:57:52
90 Current Time = 03:02:34
Number of features: 500
0 Current Time = 03:07:09
10 Current Time = 03:29:57
20 Current Time = 03:52:57
30 Current Time = 04:15:58
40 Current Time = 04:38:55
50 Current Time = 05:01:48
60 Current Time = 05:24:40
70 Current Time = 05:47:51
80 Current Time = 06:10:59
90 Current Time = 06:33:55
Number of features: 1000
0 Current Time = 06:57:02
10 Current Time = 07:44:16
20 Current Time = 08:30:45
30 Current Time = 09:17:30
40 Current Time = 10:04:19
50 Current Time = 10:51:01
60 Current Time = 11:37:16
70 Current Time = 12:24:29
80 Current Time = 13:11:27
90 Current Time = 13:57:48
Number of features: 2923
Analyses complete. Current Time = 14:58:15
Results saved. All done. Current Time = 14:58:16
