Running job number  365
Start  365
End  366
outcome: 131634-0.0
Number of features: 5
0 Current Time = 02:10:01
10 Current Time = 02:10:45
20 Current Time = 02:11:28
30 Current Time = 02:12:11
40 Current Time = 02:12:53
50 Current Time = 02:13:35
60 Current Time = 02:14:17
70 Current Time = 02:14:59
80 Current Time = 02:15:40
90 Current Time = 02:16:21
Number of features: 50
0 Current Time = 02:17:03
10 Current Time = 02:20:20
20 Current Time = 02:23:32
30 Current Time = 02:26:38
40 Current Time = 02:29:17
50 Current Time = 02:31:55
60 Current Time = 02:34:34
70 Current Time = 02:37:15
80 Current Time = 02:39:52
90 Current Time = 02:42:29
Number of features: 100
0 Current Time = 02:45:05
10 Current Time = 02:52:10
20 Current Time = 02:59:00
30 Current Time = 03:05:46
40 Current Time = 03:12:13
50 Current Time = 03:18:27
60 Current Time = 03:24:43
70 Current Time = 03:31:20
80 Current Time = 03:37:58
90 Current Time = 03:44:21
Number of features: 500
0 Current Time = 03:50:55
10 Current Time = 04:32:35
20 Current Time = 05:15:04
30 Current Time = 05:55:35
40 Current Time = 06:32:07
50 Current Time = 07:00:13
60 Current Time = 07:27:06
70 Current Time = 07:54:44
80 Current Time = 08:22:08
90 Current Time = 08:49:20
Number of features: 1000
0 Current Time = 09:16:26
10 Current Time = 10:17:31
