Running job number  35
Start  35
End  36
outcome: 130244-0.0
Number of features: 5
0 Current Time = 01:32:17
10 Current Time = 01:32:45
20 Current Time = 01:33:13
30 Current Time = 01:33:41
40 Current Time = 01:34:09
50 Current Time = 01:34:37
60 Current Time = 01:35:06
70 Current Time = 01:35:34
80 Current Time = 01:36:03
90 Current Time = 01:36:30
Number of features: 50
0 Current Time = 01:36:58
10 Current Time = 01:38:40
20 Current Time = 01:40:21
30 Current Time = 01:42:00
40 Current Time = 01:43:38
50 Current Time = 01:45:19
60 Current Time = 01:47:00
70 Current Time = 01:48:39
80 Current Time = 01:50:18
90 Current Time = 01:51:56
Number of features: 100
0 Current Time = 01:53:36
10 Current Time = 01:56:48
20 Current Time = 02:00:03
30 Current Time = 02:03:19
40 Current Time = 02:06:33
50 Current Time = 02:09:53
60 Current Time = 02:13:06
70 Current Time = 02:16:19
80 Current Time = 02:19:35
90 Current Time = 02:22:51
Number of features: 500
0 Current Time = 02:26:06
10 Current Time = 02:43:51
20 Current Time = 03:01:40
30 Current Time = 03:19:34
40 Current Time = 03:37:34
50 Current Time = 03:55:34
60 Current Time = 04:13:31
70 Current Time = 04:31:23
80 Current Time = 04:49:18
90 Current Time = 05:07:09
Number of features: 1000
0 Current Time = 05:24:59
10 Current Time = 06:01:56
20 Current Time = 06:39:07
30 Current Time = 07:16:44
40 Current Time = 07:54:00
50 Current Time = 08:31:20
60 Current Time = 09:08:28
70 Current Time = 09:45:37
80 Current Time = 10:23:05
90 Current Time = 10:59:34
Number of features: 2923
Analyses complete. Current Time = 11:47:35
Results saved. All done. Current Time = 11:47:36
