Running job number  199
Start  199
End  200
outcome: 131198-0.0
Number of features: 5
0 Current Time = 23:14:26
10 Current Time = 23:14:58
20 Current Time = 23:15:31
30 Current Time = 23:16:02
40 Current Time = 23:16:33
50 Current Time = 23:17:05
60 Current Time = 23:17:37
70 Current Time = 23:18:09
80 Current Time = 23:18:41
90 Current Time = 23:19:13
Number of features: 50
0 Current Time = 23:19:45
10 Current Time = 23:21:48
20 Current Time = 23:23:49
30 Current Time = 23:25:50
40 Current Time = 23:27:48
50 Current Time = 23:29:46
60 Current Time = 23:31:40
70 Current Time = 23:33:42
80 Current Time = 23:35:45
90 Current Time = 23:37:45
Number of features: 100
0 Current Time = 23:39:44
10 Current Time = 23:43:42
20 Current Time = 23:47:36
30 Current Time = 23:51:30
40 Current Time = 23:55:06
50 Current Time = 23:58:35
60 Current Time = 00:02:16
70 Current Time = 00:05:56
80 Current Time = 00:09:27
90 Current Time = 00:12:54
Number of features: 500
0 Current Time = 00:16:43
10 Current Time = 00:35:54
20 Current Time = 00:55:04
30 Current Time = 01:13:18
40 Current Time = 01:31:28
50 Current Time = 01:49:36
60 Current Time = 02:07:47
70 Current Time = 02:25:46
80 Current Time = 02:43:46
90 Current Time = 03:01:51
Number of features: 1000
0 Current Time = 03:20:02
10 Current Time = 03:57:27
20 Current Time = 04:34:52
30 Current Time = 05:13:14
