Running job number  401
Start  401
End  402
outcome: 131730-0.0
Number of features: 5
0 Current Time = 02:16:21
10 Current Time = 02:16:58
20 Current Time = 02:17:33
30 Current Time = 02:18:10
40 Current Time = 02:18:47
50 Current Time = 02:19:25
60 Current Time = 02:20:02
70 Current Time = 02:20:39
80 Current Time = 02:21:16
90 Current Time = 02:21:55
Number of features: 50
0 Current Time = 02:22:33
10 Current Time = 02:25:11
20 Current Time = 02:27:46
30 Current Time = 02:30:17
40 Current Time = 02:32:42
50 Current Time = 02:35:06
60 Current Time = 02:37:33
70 Current Time = 02:39:57
80 Current Time = 02:42:27
90 Current Time = 02:44:56
Number of features: 100
0 Current Time = 02:47:28
10 Current Time = 02:52:17
20 Current Time = 02:56:59
30 Current Time = 03:01:48
40 Current Time = 03:06:43
50 Current Time = 03:11:33
60 Current Time = 03:16:20
70 Current Time = 03:21:09
80 Current Time = 03:26:04
90 Current Time = 03:30:55
Number of features: 500
0 Current Time = 03:35:41
10 Current Time = 03:59:19
20 Current Time = 04:22:57
30 Current Time = 04:46:56
40 Current Time = 05:10:59
50 Current Time = 05:34:16
60 Current Time = 05:57:20
70 Current Time = 06:19:38
80 Current Time = 06:42:06
90 Current Time = 07:04:24
Number of features: 1000
0 Current Time = 07:26:49
10 Current Time = 08:12:28
20 Current Time = 08:58:08
30 Current Time = 09:43:27
