Running job number  534
Start  534
End  535
outcome: 132102-0.0
Number of features: 5
0 Current Time = 02:40:11
10 Current Time = 02:40:53
20 Current Time = 02:41:34
30 Current Time = 02:42:14
40 Current Time = 02:42:57
50 Current Time = 02:43:38
60 Current Time = 02:44:19
70 Current Time = 02:45:00
80 Current Time = 02:45:41
90 Current Time = 02:46:22
Number of features: 50
0 Current Time = 02:47:04
10 Current Time = 02:50:00
20 Current Time = 02:52:54
30 Current Time = 02:55:51
40 Current Time = 02:58:50
50 Current Time = 03:01:47
60 Current Time = 03:04:41
70 Current Time = 03:07:41
80 Current Time = 03:10:46
90 Current Time = 03:13:38
Number of features: 100
0 Current Time = 03:16:35
10 Current Time = 03:22:17
20 Current Time = 03:27:49
30 Current Time = 03:33:30
40 Current Time = 03:39:01
50 Current Time = 03:44:33
60 Current Time = 03:50:24
70 Current Time = 03:56:11
80 Current Time = 04:01:50
90 Current Time = 04:07:32
Number of features: 500
0 Current Time = 04:13:09
10 Current Time = 04:40:57
20 Current Time = 05:08:57
30 Current Time = 05:36:48
40 Current Time = 06:05:14
50 Current Time = 06:33:08
60 Current Time = 07:01:32
70 Current Time = 07:29:28
80 Current Time = 07:56:17
90 Current Time = 08:22:54
Number of features: 1000
0 Current Time = 08:48:44
10 Current Time = 09:40:13
20 Current Time = 10:31:34
