Running job number  482
Start  482
End  483
outcome: 131962-0.0
Number of features: 5
0 Current Time = 02:32:29
10 Current Time = 02:33:11
20 Current Time = 02:33:52
30 Current Time = 02:34:34
40 Current Time = 02:35:14
50 Current Time = 02:35:56
60 Current Time = 02:36:38
70 Current Time = 02:37:20
80 Current Time = 02:37:59
90 Current Time = 02:38:39
Number of features: 50
0 Current Time = 02:39:21
10 Current Time = 02:42:00
20 Current Time = 02:44:43
30 Current Time = 02:47:13
40 Current Time = 02:49:42
50 Current Time = 02:52:13
60 Current Time = 02:54:47
70 Current Time = 02:57:20
80 Current Time = 02:59:47
90 Current Time = 03:02:10
Number of features: 100
0 Current Time = 03:04:35
10 Current Time = 03:09:44
20 Current Time = 03:14:43
30 Current Time = 03:19:49
40 Current Time = 03:25:03
50 Current Time = 03:30:09
60 Current Time = 03:35:06
70 Current Time = 03:40:13
80 Current Time = 03:45:26
90 Current Time = 03:50:31
Number of features: 500
0 Current Time = 03:55:34
10 Current Time = 04:19:54
20 Current Time = 04:45:08
30 Current Time = 05:09:49
40 Current Time = 05:34:56
50 Current Time = 05:59:04
60 Current Time = 06:22:27
70 Current Time = 06:45:41
80 Current Time = 07:08:37
90 Current Time = 07:31:41
Number of features: 1000
0 Current Time = 07:54:47
10 Current Time = 08:42:48
20 Current Time = 09:31:26
