Running job number  117
Start  117
End  118
outcome: 130906-0.0
Number of features: 5
0 Current Time = 01:47:55
10 Current Time = 01:49:00
20 Current Time = 01:50:05
30 Current Time = 01:51:12
40 Current Time = 01:52:17
50 Current Time = 01:53:21
60 Current Time = 01:54:24
70 Current Time = 01:55:27
80 Current Time = 01:56:33
90 Current Time = 01:57:39
Number of features: 50
0 Current Time = 01:58:44
10 Current Time = 02:05:15
20 Current Time = 02:11:45
30 Current Time = 02:18:26
40 Current Time = 02:25:02
50 Current Time = 02:31:54
60 Current Time = 02:38:18
70 Current Time = 02:45:13
80 Current Time = 02:51:40
90 Current Time = 02:58:16
Number of features: 100
0 Current Time = 03:04:49
10 Current Time = 03:18:09
20 Current Time = 03:31:14
30 Current Time = 03:44:51
40 Current Time = 03:57:59
50 Current Time = 04:11:16
60 Current Time = 04:24:16
70 Current Time = 04:37:45
80 Current Time = 04:50:47
90 Current Time = 05:03:33
Number of features: 500
0 Current Time = 05:16:38
10 Current Time = 06:26:28
20 Current Time = 07:35:13
30 Current Time = 08:46:00
40 Current Time = 09:56:01
50 Current Time = 11:02:56
60 Current Time = 12:13:09
70 Current Time = 13:22:26
80 Current Time = 14:31:32
90 Current Time = 15:40:53
Number of features: 1000
0 Current Time = 16:49:39
