Running job number  280
Start  280
End  281
outcome: 131416-0.0
Number of features: 5
0 Current Time = 01:37:42
10 Current Time = 01:38:48
20 Current Time = 01:39:52
30 Current Time = 01:40:55
40 Current Time = 01:42:00
50 Current Time = 01:43:06
60 Current Time = 01:44:10
70 Current Time = 01:45:14
80 Current Time = 01:46:18
90 Current Time = 01:47:23
Number of features: 50
0 Current Time = 01:48:28
10 Current Time = 01:52:53
20 Current Time = 01:57:05
30 Current Time = 02:01:15
40 Current Time = 02:05:28
50 Current Time = 02:09:38
60 Current Time = 02:13:50
70 Current Time = 02:18:06
80 Current Time = 02:22:19
90 Current Time = 02:26:29
Number of features: 100
0 Current Time = 02:30:37
10 Current Time = 02:38:39
20 Current Time = 02:46:35
30 Current Time = 02:54:37
40 Current Time = 03:02:28
50 Current Time = 03:10:36
60 Current Time = 03:18:29
70 Current Time = 03:26:32
80 Current Time = 03:34:39
90 Current Time = 03:42:42
Number of features: 500
0 Current Time = 03:50:33
10 Current Time = 04:27:22
20 Current Time = 05:03:31
30 Current Time = 05:39:40
40 Current Time = 06:16:06
50 Current Time = 06:52:54
60 Current Time = 07:28:37
70 Current Time = 08:04:20
80 Current Time = 08:40:47
90 Current Time = 09:17:10
Number of features: 1000
0 Current Time = 09:53:18
