Running job number  89
Start  89
End  90
outcome: 130816-0.0
Number of features: 5
0 Current Time = 01:33:35
10 Current Time = 01:34:03
20 Current Time = 01:34:31
30 Current Time = 01:34:59
40 Current Time = 01:35:26
50 Current Time = 01:35:54
60 Current Time = 01:36:23
70 Current Time = 01:36:51
80 Current Time = 01:37:18
90 Current Time = 01:37:46
Number of features: 50
0 Current Time = 01:38:16
10 Current Time = 01:40:01
20 Current Time = 01:41:42
30 Current Time = 01:43:23
40 Current Time = 01:45:07
50 Current Time = 01:46:49
60 Current Time = 01:48:31
70 Current Time = 01:50:14
80 Current Time = 01:51:57
90 Current Time = 01:53:40
Number of features: 100
0 Current Time = 01:55:25
10 Current Time = 01:58:50
20 Current Time = 02:02:18
30 Current Time = 02:05:36
40 Current Time = 02:08:56
50 Current Time = 02:12:16
60 Current Time = 02:15:37
70 Current Time = 02:19:00
80 Current Time = 02:22:21
90 Current Time = 02:25:43
Number of features: 500
0 Current Time = 02:29:06
10 Current Time = 02:47:14
20 Current Time = 03:05:24
30 Current Time = 03:23:34
40 Current Time = 03:41:52
50 Current Time = 03:59:58
60 Current Time = 04:18:13
70 Current Time = 04:36:49
80 Current Time = 04:55:14
90 Current Time = 05:13:38
Number of features: 1000
0 Current Time = 05:31:59
10 Current Time = 06:10:13
20 Current Time = 06:48:15
30 Current Time = 07:26:24
40 Current Time = 08:04:59
50 Current Time = 08:43:00
60 Current Time = 09:21:11
70 Current Time = 09:58:52
80 Current Time = 10:36:57
90 Current Time = 11:15:04
Number of features: 2923
Analyses complete. Current Time = 12:04:11
Results saved. All done. Current Time = 12:04:12
