Running job number  83
Start  83
End  84
outcome: 130774-0.0
Number of features: 5
0 Current Time = 01:33:42
10 Current Time = 01:34:15
20 Current Time = 01:34:49
30 Current Time = 01:35:24
40 Current Time = 01:35:59
50 Current Time = 01:36:33
60 Current Time = 01:37:08
70 Current Time = 01:37:42
80 Current Time = 01:38:18
90 Current Time = 01:38:52
Number of features: 50
0 Current Time = 01:39:27
10 Current Time = 01:41:37
20 Current Time = 01:43:46
30 Current Time = 01:45:52
40 Current Time = 01:47:59
50 Current Time = 01:50:09
60 Current Time = 01:52:14
70 Current Time = 01:54:21
80 Current Time = 01:56:28
90 Current Time = 01:58:35
Number of features: 100
0 Current Time = 02:00:41
10 Current Time = 02:04:37
20 Current Time = 02:08:35
30 Current Time = 02:12:27
40 Current Time = 02:16:12
50 Current Time = 02:20:07
60 Current Time = 02:23:54
70 Current Time = 02:28:29
80 Current Time = 02:32:35
90 Current Time = 02:36:58
Number of features: 500
0 Current Time = 02:41:18
10 Current Time = 03:02:12
20 Current Time = 03:23:18
30 Current Time = 03:45:59
40 Current Time = 04:06:46
50 Current Time = 04:27:48
60 Current Time = 04:48:49
70 Current Time = 05:09:30
80 Current Time = 05:29:30
90 Current Time = 05:50:42
Number of features: 1000
0 Current Time = 06:12:09
10 Current Time = 06:55:33
20 Current Time = 07:38:10
30 Current Time = 08:20:53
40 Current Time = 09:03:44
50 Current Time = 09:46:57
60 Current Time = 10:29:50
70 Current Time = 11:12:26
80 Current Time = 11:55:49
90 Current Time = 12:37:42
Number of features: 2923
Analyses complete. Current Time = 13:33:05
Results saved. All done. Current Time = 13:33:06
