Running job number  76
Start  76
End  77
outcome: 130726-0.0
Number of features: 5
0 Current Time = 23:07:57
10 Current Time = 23:08:30
20 Current Time = 23:09:03
30 Current Time = 23:09:36
40 Current Time = 23:10:09
50 Current Time = 23:10:41
60 Current Time = 23:11:13
70 Current Time = 23:11:47
80 Current Time = 23:12:20
90 Current Time = 23:12:52
Number of features: 50
0 Current Time = 23:13:26
10 Current Time = 23:15:42
20 Current Time = 23:17:55
30 Current Time = 23:20:10
40 Current Time = 23:22:25
50 Current Time = 23:24:39
60 Current Time = 23:26:55
70 Current Time = 23:29:05
80 Current Time = 23:31:10
90 Current Time = 23:33:24
Number of features: 100
0 Current Time = 23:35:40
10 Current Time = 23:40:02
20 Current Time = 23:44:15
30 Current Time = 23:48:20
40 Current Time = 23:52:36
50 Current Time = 23:56:57
60 Current Time = 00:01:15
70 Current Time = 00:05:49
80 Current Time = 00:10:10
90 Current Time = 00:14:31
Number of features: 500
0 Current Time = 00:18:49
10 Current Time = 00:41:32
20 Current Time = 01:04:36
30 Current Time = 01:27:16
40 Current Time = 01:50:17
50 Current Time = 02:12:44
60 Current Time = 02:34:42
70 Current Time = 02:57:15
80 Current Time = 03:19:11
90 Current Time = 03:42:05
Number of features: 1000
0 Current Time = 04:04:52
10 Current Time = 04:51:50
