Running job number  277
Start  277
End  278
outcome: 131408-0.0
Number of features: 5
0 Current Time = 23:19:14
10 Current Time = 23:19:46
20 Current Time = 23:20:19
30 Current Time = 23:20:51
40 Current Time = 23:21:23
50 Current Time = 23:21:56
60 Current Time = 23:22:28
70 Current Time = 23:23:00
80 Current Time = 23:23:31
90 Current Time = 23:24:03
Number of features: 50
0 Current Time = 23:24:35
10 Current Time = 23:26:43
20 Current Time = 23:28:55
30 Current Time = 23:31:03
40 Current Time = 23:33:13
50 Current Time = 23:35:22
60 Current Time = 23:37:31
70 Current Time = 23:39:41
80 Current Time = 23:41:51
90 Current Time = 23:44:04
Number of features: 100
0 Current Time = 23:46:13
10 Current Time = 23:50:36
20 Current Time = 23:54:56
30 Current Time = 23:59:09
40 Current Time = 00:03:29
50 Current Time = 00:07:47
60 Current Time = 00:12:03
70 Current Time = 00:16:20
80 Current Time = 00:20:42
90 Current Time = 00:25:03
Number of features: 500
0 Current Time = 00:29:27
10 Current Time = 00:50:45
20 Current Time = 01:13:06
30 Current Time = 01:35:16
40 Current Time = 01:57:16
50 Current Time = 02:19:25
60 Current Time = 02:42:20
70 Current Time = 03:05:26
80 Current Time = 03:28:51
90 Current Time = 03:53:55
Number of features: 1000
0 Current Time = 04:19:06
10 Current Time = 05:11:26
