Running job number  468
Start  468
End  469
outcome: 131926-0.0
Number of features: 5
0 Current Time = 02:32:34
10 Current Time = 02:33:17
20 Current Time = 02:34:01
30 Current Time = 02:34:45
40 Current Time = 02:35:27
50 Current Time = 02:36:10
60 Current Time = 02:36:54
70 Current Time = 02:37:38
80 Current Time = 02:38:21
90 Current Time = 02:39:05
Number of features: 50
0 Current Time = 02:39:47
10 Current Time = 02:42:40
20 Current Time = 02:45:31
30 Current Time = 02:48:21
40 Current Time = 02:51:13
50 Current Time = 02:54:04
60 Current Time = 02:56:57
70 Current Time = 02:59:56
80 Current Time = 03:02:46
90 Current Time = 03:05:40
Number of features: 100
0 Current Time = 03:08:37
10 Current Time = 03:14:22
20 Current Time = 03:19:51
30 Current Time = 03:25:34
40 Current Time = 03:31:17
50 Current Time = 03:36:55
60 Current Time = 03:42:35
70 Current Time = 03:48:11
80 Current Time = 03:53:53
90 Current Time = 03:59:39
Number of features: 500
0 Current Time = 04:05:14
10 Current Time = 04:34:06
20 Current Time = 05:02:27
30 Current Time = 05:31:10
40 Current Time = 05:59:09
50 Current Time = 06:28:18
60 Current Time = 06:57:08
70 Current Time = 07:25:23
80 Current Time = 07:53:47
90 Current Time = 08:22:03
Number of features: 1000
0 Current Time = 08:50:19
10 Current Time = 09:48:28
