Running job number  173
Start  173
End  174
outcome: 131126-0.0
Number of features: 5
0 Current Time = 21:33:18
10 Current Time = 21:33:52
20 Current Time = 21:34:28
30 Current Time = 21:35:02
40 Current Time = 21:35:37
50 Current Time = 21:36:11
60 Current Time = 21:36:46
70 Current Time = 21:37:20
80 Current Time = 21:37:54
90 Current Time = 21:38:28
Number of features: 50
0 Current Time = 21:39:03
10 Current Time = 21:41:17
20 Current Time = 21:43:33
30 Current Time = 21:45:46
40 Current Time = 21:47:56
50 Current Time = 21:50:08
60 Current Time = 21:52:19
70 Current Time = 21:54:32
80 Current Time = 21:56:42
90 Current Time = 21:58:51
Number of features: 100
0 Current Time = 22:01:03
10 Current Time = 22:05:24
20 Current Time = 22:09:47
30 Current Time = 22:14:15
40 Current Time = 22:18:33
50 Current Time = 22:22:48
60 Current Time = 22:27:04
70 Current Time = 22:31:21
80 Current Time = 22:35:39
90 Current Time = 22:39:53
Number of features: 500
0 Current Time = 22:44:15
10 Current Time = 23:05:54
20 Current Time = 23:27:41
30 Current Time = 23:49:44
40 Current Time = 00:11:32
50 Current Time = 00:32:55
60 Current Time = 00:54:32
70 Current Time = 01:16:05
80 Current Time = 01:37:38
90 Current Time = 01:59:14
Number of features: 1000
0 Current Time = 02:20:58
10 Current Time = 03:06:05
20 Current Time = 03:51:55
30 Current Time = 04:36:57
40 Current Time = 05:21:16
50 Current Time = 06:05:51
60 Current Time = 06:49:43
70 Current Time = 07:32:31
80 Current Time = 08:15:38
90 Current Time = 08:58:26
Number of features: 2923
Analyses complete. Current Time = 09:53:05
Results saved. All done. Current Time = 09:53:06
