Running job number  408
Start  408
End  409
outcome: 131748-0.0
Number of features: 5
0 Current Time = 02:17:59
10 Current Time = 02:18:32
20 Current Time = 02:19:06
30 Current Time = 02:19:41
40 Current Time = 02:20:14
50 Current Time = 02:20:48
60 Current Time = 02:21:21
70 Current Time = 02:21:55
80 Current Time = 02:22:29
90 Current Time = 02:23:03
Number of features: 50
0 Current Time = 02:23:36
10 Current Time = 02:25:53
20 Current Time = 02:28:13
30 Current Time = 02:30:33
40 Current Time = 02:32:47
50 Current Time = 02:35:05
60 Current Time = 02:37:26
70 Current Time = 02:39:43
80 Current Time = 02:41:59
90 Current Time = 02:44:15
Number of features: 100
0 Current Time = 02:46:31
10 Current Time = 02:51:04
20 Current Time = 02:55:45
30 Current Time = 03:00:20
40 Current Time = 03:04:50
50 Current Time = 03:09:14
60 Current Time = 03:13:44
70 Current Time = 03:18:14
80 Current Time = 03:22:43
90 Current Time = 03:27:08
Number of features: 500
0 Current Time = 03:31:27
10 Current Time = 03:53:23
20 Current Time = 04:15:15
30 Current Time = 04:36:58
40 Current Time = 04:58:33
50 Current Time = 05:19:59
60 Current Time = 05:41:35
70 Current Time = 06:02:41
80 Current Time = 06:23:38
90 Current Time = 06:44:20
Number of features: 1000
0 Current Time = 07:04:42
10 Current Time = 07:46:59
20 Current Time = 08:29:43
30 Current Time = 09:13:00
40 Current Time = 09:55:48
