Running job number  48
Start  48
End  49
outcome: 130632-0.0
Number of features: 5
0 Current Time = 01:32:11
10 Current Time = 01:32:41
20 Current Time = 01:33:10
30 Current Time = 01:33:40
40 Current Time = 01:34:10
50 Current Time = 01:34:39
60 Current Time = 01:35:09
70 Current Time = 01:35:38
80 Current Time = 01:36:08
90 Current Time = 01:36:38
Number of features: 50
0 Current Time = 01:37:07
10 Current Time = 01:39:01
20 Current Time = 01:40:54
30 Current Time = 01:42:47
40 Current Time = 01:44:41
50 Current Time = 01:46:34
60 Current Time = 01:48:29
70 Current Time = 01:50:22
80 Current Time = 01:52:15
90 Current Time = 01:54:09
Number of features: 100
0 Current Time = 01:56:04
10 Current Time = 02:00:12
20 Current Time = 02:04:20
30 Current Time = 02:08:26
40 Current Time = 02:12:33
50 Current Time = 02:16:38
60 Current Time = 02:20:45
70 Current Time = 02:24:54
80 Current Time = 02:29:00
90 Current Time = 02:32:55
Number of features: 500
0 Current Time = 02:36:50
10 Current Time = 02:57:49
20 Current Time = 03:18:25
30 Current Time = 03:39:35
40 Current Time = 04:01:29
50 Current Time = 04:22:23
60 Current Time = 04:45:12
70 Current Time = 05:05:06
80 Current Time = 05:24:21
90 Current Time = 05:43:32
Number of features: 1000
0 Current Time = 06:02:48
10 Current Time = 06:43:03
20 Current Time = 07:23:11
30 Current Time = 08:03:12
40 Current Time = 08:43:18
50 Current Time = 09:23:31
60 Current Time = 10:03:30
70 Current Time = 10:43:19
80 Current Time = 11:23:09
90 Current Time = 12:03:24
Number of features: 2923
Analyses complete. Current Time = 12:55:38
Results saved. All done. Current Time = 12:55:39
