Running job number  512
Start  512
End  513
outcome: 132046-0.0
Number of features: 5
0 Current Time = 02:35:26
10 Current Time = 02:36:03
20 Current Time = 02:36:39
30 Current Time = 02:37:14
40 Current Time = 02:37:50
50 Current Time = 02:38:26
60 Current Time = 02:39:02
70 Current Time = 02:39:39
80 Current Time = 02:40:15
90 Current Time = 02:40:50
Number of features: 50
0 Current Time = 02:41:25
10 Current Time = 02:43:44
20 Current Time = 02:46:01
30 Current Time = 02:48:11
40 Current Time = 02:50:33
50 Current Time = 02:52:52
60 Current Time = 02:55:12
70 Current Time = 02:57:33
80 Current Time = 02:59:44
90 Current Time = 03:01:58
Number of features: 100
0 Current Time = 03:04:12
10 Current Time = 03:08:35
20 Current Time = 03:13:03
30 Current Time = 03:17:36
40 Current Time = 03:22:34
50 Current Time = 03:27:42
60 Current Time = 03:32:48
70 Current Time = 03:37:28
80 Current Time = 03:42:13
90 Current Time = 03:47:13
Number of features: 500
0 Current Time = 03:51:45
10 Current Time = 04:15:43
20 Current Time = 04:40:36
30 Current Time = 05:04:09
40 Current Time = 05:25:32
50 Current Time = 05:47:25
60 Current Time = 06:09:11
70 Current Time = 06:30:40
80 Current Time = 06:51:31
90 Current Time = 07:12:31
Number of features: 1000
0 Current Time = 07:33:28
10 Current Time = 08:15:44
20 Current Time = 08:57:30
30 Current Time = 09:39:27
