Running job number  95
Start  95
End  96
outcome: 130830-0.0
Number of features: 5
0 Current Time = 01:33:39
10 Current Time = 01:34:11
20 Current Time = 01:34:42
30 Current Time = 01:35:12
40 Current Time = 01:35:43
50 Current Time = 01:36:15
60 Current Time = 01:36:46
70 Current Time = 01:37:16
80 Current Time = 01:37:48
90 Current Time = 01:38:18
Number of features: 50
0 Current Time = 01:38:50
10 Current Time = 01:40:42
20 Current Time = 01:42:33
30 Current Time = 01:44:22
40 Current Time = 01:46:13
50 Current Time = 01:48:05
60 Current Time = 01:49:56
70 Current Time = 01:51:47
80 Current Time = 01:53:39
90 Current Time = 01:55:38
Number of features: 100
0 Current Time = 01:57:30
10 Current Time = 02:00:59
20 Current Time = 02:04:28
30 Current Time = 02:07:52
40 Current Time = 02:11:19
50 Current Time = 02:14:45
60 Current Time = 02:18:12
70 Current Time = 02:21:40
80 Current Time = 02:25:09
90 Current Time = 02:28:38
Number of features: 500
0 Current Time = 02:32:10
10 Current Time = 02:50:33
20 Current Time = 03:08:45
30 Current Time = 03:27:06
40 Current Time = 03:46:10
50 Current Time = 04:04:53
60 Current Time = 04:23:45
70 Current Time = 04:42:36
80 Current Time = 05:01:49
90 Current Time = 05:20:32
Number of features: 1000
0 Current Time = 05:39:50
10 Current Time = 06:18:46
20 Current Time = 06:57:30
30 Current Time = 07:36:06
40 Current Time = 08:14:16
50 Current Time = 08:52:41
60 Current Time = 09:31:12
70 Current Time = 10:09:36
80 Current Time = 10:48:07
90 Current Time = 11:26:12
Number of features: 2923
Analyses complete. Current Time = 12:14:09
Results saved. All done. Current Time = 12:14:10
