Running job number  0
Start  0
End  1
outcome: 130004-0.0
Number of features: 5
0 Current Time = 23:04:59
10 Current Time = 23:05:31
20 Current Time = 23:06:03
30 Current Time = 23:06:35
40 Current Time = 23:07:07
50 Current Time = 23:07:40
60 Current Time = 23:08:11
70 Current Time = 23:08:43
80 Current Time = 23:09:14
90 Current Time = 23:09:46
Number of features: 50
0 Current Time = 23:10:18
10 Current Time = 23:12:19
20 Current Time = 23:14:20
30 Current Time = 23:16:21
40 Current Time = 23:18:22
50 Current Time = 23:20:24
60 Current Time = 23:22:25
70 Current Time = 23:24:26
80 Current Time = 23:26:29
90 Current Time = 23:28:29
Number of features: 100
0 Current Time = 23:30:31
10 Current Time = 23:34:34
20 Current Time = 23:38:37
30 Current Time = 23:42:43
40 Current Time = 23:46:45
50 Current Time = 23:50:45
60 Current Time = 23:54:42
70 Current Time = 23:58:35
80 Current Time = 00:02:27
90 Current Time = 00:06:33
Number of features: 500
0 Current Time = 00:10:32
10 Current Time = 00:31:11
20 Current Time = 00:52:47
30 Current Time = 01:14:31
40 Current Time = 01:35:49
50 Current Time = 01:57:14
60 Current Time = 02:19:03
70 Current Time = 02:40:54
80 Current Time = 03:02:46
90 Current Time = 03:24:14
Number of features: 1000
0 Current Time = 03:46:02
10 Current Time = 04:31:57
