Running job number  467
Start  467
End  468
outcome: 131924-0.0
Number of features: 5
0 Current Time = 02:32:34
10 Current Time = 02:33:15
20 Current Time = 02:33:55
30 Current Time = 02:34:36
40 Current Time = 02:35:16
50 Current Time = 02:35:57
60 Current Time = 02:36:38
70 Current Time = 02:37:19
80 Current Time = 02:38:00
90 Current Time = 02:38:42
Number of features: 50
0 Current Time = 02:39:24
10 Current Time = 02:42:29
20 Current Time = 02:45:28
30 Current Time = 02:48:25
40 Current Time = 02:51:24
50 Current Time = 02:54:26
60 Current Time = 02:57:24
70 Current Time = 03:00:32
80 Current Time = 03:03:34
90 Current Time = 03:06:40
Number of features: 100
0 Current Time = 03:09:47
10 Current Time = 03:15:55
20 Current Time = 03:22:01
30 Current Time = 03:28:19
40 Current Time = 03:34:26
50 Current Time = 03:40:37
60 Current Time = 03:46:35
70 Current Time = 03:52:57
80 Current Time = 03:59:05
90 Current Time = 04:05:18
Number of features: 500
0 Current Time = 04:11:45
10 Current Time = 04:45:00
20 Current Time = 05:17:41
30 Current Time = 05:50:48
40 Current Time = 06:23:44
50 Current Time = 06:56:26
60 Current Time = 07:29:03
70 Current Time = 08:01:55
80 Current Time = 08:34:35
90 Current Time = 09:08:08
Number of features: 1000
0 Current Time = 09:39:53
