Running job number  75
Start  75
End  76
outcome: 130724-0.0
Number of features: 5
0 Current Time = 01:34:06
10 Current Time = 01:34:41
20 Current Time = 01:35:15
30 Current Time = 01:35:49
40 Current Time = 01:36:23
50 Current Time = 01:36:57
60 Current Time = 01:37:30
70 Current Time = 01:38:04
80 Current Time = 01:38:37
90 Current Time = 01:39:11
Number of features: 50
0 Current Time = 01:39:45
10 Current Time = 01:41:54
20 Current Time = 01:44:04
30 Current Time = 01:46:14
40 Current Time = 01:48:26
50 Current Time = 01:50:35
60 Current Time = 01:52:46
70 Current Time = 01:54:54
80 Current Time = 01:57:04
90 Current Time = 01:59:13
Number of features: 100
0 Current Time = 02:01:23
10 Current Time = 02:05:42
20 Current Time = 02:09:58
30 Current Time = 02:14:13
40 Current Time = 02:18:27
50 Current Time = 02:22:43
60 Current Time = 02:27:02
70 Current Time = 02:31:18
80 Current Time = 02:35:33
90 Current Time = 02:39:48
Number of features: 500
0 Current Time = 02:44:00
10 Current Time = 03:05:35
20 Current Time = 03:27:14
30 Current Time = 03:49:02
40 Current Time = 04:10:47
50 Current Time = 04:32:30
60 Current Time = 04:54:18
70 Current Time = 05:16:04
80 Current Time = 05:37:54
90 Current Time = 05:59:42
Number of features: 1000
0 Current Time = 06:21:28
10 Current Time = 07:06:56
20 Current Time = 07:52:08
30 Current Time = 08:37:27
40 Current Time = 09:22:35
50 Current Time = 10:07:56
60 Current Time = 10:52:55
70 Current Time = 11:37:51
80 Current Time = 12:23:10
90 Current Time = 13:08:42
Number of features: 2923
Analyses complete. Current Time = 14:08:30
Results saved. All done. Current Time = 14:08:31
