Running job number  235
Start  235
End  236
outcome: 131300-0.0
Number of features: 5
0 Current Time = 23:14:34
10 Current Time = 23:15:08
20 Current Time = 23:15:42
30 Current Time = 23:16:17
40 Current Time = 23:16:53
50 Current Time = 23:17:28
60 Current Time = 23:18:03
70 Current Time = 23:18:39
80 Current Time = 23:19:14
90 Current Time = 23:19:49
Number of features: 50
0 Current Time = 23:20:25
10 Current Time = 23:22:23
20 Current Time = 23:24:23
30 Current Time = 23:26:22
40 Current Time = 23:28:25
50 Current Time = 23:30:27
60 Current Time = 23:32:25
70 Current Time = 23:34:28
80 Current Time = 23:36:29
90 Current Time = 23:38:26
Number of features: 100
0 Current Time = 23:40:28
10 Current Time = 23:44:19
20 Current Time = 23:48:10
30 Current Time = 23:52:00
40 Current Time = 23:55:53
50 Current Time = 23:59:36
60 Current Time = 00:03:28
70 Current Time = 00:07:30
80 Current Time = 00:11:13
90 Current Time = 00:15:03
Number of features: 500
0 Current Time = 00:18:55
10 Current Time = 00:38:42
20 Current Time = 00:56:59
30 Current Time = 01:16:21
40 Current Time = 01:37:32
50 Current Time = 01:58:37
60 Current Time = 02:20:11
70 Current Time = 02:41:32
80 Current Time = 03:03:10
90 Current Time = 03:24:30
Number of features: 1000
0 Current Time = 03:46:11
10 Current Time = 04:30:06
