Running job number  17
Start  17
End  18
outcome: 130176-0.0
Number of features: 5
0 Current Time = 01:32:28
10 Current Time = 01:33:23
20 Current Time = 01:34:15
30 Current Time = 01:35:07
40 Current Time = 01:36:01
50 Current Time = 01:36:54
60 Current Time = 01:37:48
70 Current Time = 01:38:43
80 Current Time = 01:39:37
90 Current Time = 01:40:31
Number of features: 50
0 Current Time = 01:41:25
10 Current Time = 01:44:18
20 Current Time = 01:47:08
30 Current Time = 01:49:59
40 Current Time = 01:52:50
50 Current Time = 01:55:46
60 Current Time = 01:58:40
70 Current Time = 02:01:31
80 Current Time = 02:04:22
90 Current Time = 02:07:15
Number of features: 100
0 Current Time = 02:10:10
10 Current Time = 02:15:30
20 Current Time = 02:20:51
30 Current Time = 02:26:07
40 Current Time = 02:31:17
50 Current Time = 02:36:39
60 Current Time = 02:42:02
70 Current Time = 02:47:27
80 Current Time = 02:52:49
90 Current Time = 02:58:08
Number of features: 500
0 Current Time = 03:03:21
10 Current Time = 03:30:04
20 Current Time = 03:56:53
30 Current Time = 04:23:28
40 Current Time = 04:50:37
50 Current Time = 05:17:27
60 Current Time = 05:44:20
70 Current Time = 06:11:26
80 Current Time = 06:38:37
90 Current Time = 07:05:29
Number of features: 1000
0 Current Time = 07:32:28
10 Current Time = 08:26:30
20 Current Time = 09:21:27
30 Current Time = 10:15:06
40 Current Time = 11:08:28
50 Current Time = 12:02:00
60 Current Time = 12:56:03
70 Current Time = 13:47:39
80 Current Time = 14:38:19
90 Current Time = 15:28:55
Number of features: 2923
Analyses complete. Current Time = 16:34:28
Results saved. All done. Current Time = 16:34:29
