Running job number  267
Start  267
End  268
outcome: 131384-0.0
Number of features: 5
0 Current Time = 01:26:57
10 Current Time = 01:27:34
20 Current Time = 01:28:10
30 Current Time = 01:28:47
40 Current Time = 01:29:24
50 Current Time = 01:30:00
60 Current Time = 01:30:37
70 Current Time = 01:31:15
80 Current Time = 01:31:51
90 Current Time = 01:32:29
Number of features: 50
0 Current Time = 01:33:07
10 Current Time = 01:35:33
20 Current Time = 01:37:58
30 Current Time = 01:40:30
40 Current Time = 01:43:03
50 Current Time = 01:45:32
60 Current Time = 01:48:02
70 Current Time = 01:50:33
80 Current Time = 01:53:02
90 Current Time = 01:55:32
Number of features: 100
0 Current Time = 01:57:59
10 Current Time = 02:02:46
20 Current Time = 02:07:36
30 Current Time = 02:12:24
40 Current Time = 02:17:15
50 Current Time = 02:21:58
60 Current Time = 02:26:44
70 Current Time = 02:31:35
80 Current Time = 02:36:22
90 Current Time = 02:41:09
Number of features: 500
0 Current Time = 02:46:02
10 Current Time = 03:10:08
20 Current Time = 03:34:44
30 Current Time = 03:59:14
40 Current Time = 04:23:31
50 Current Time = 04:47:47
60 Current Time = 05:12:03
70 Current Time = 05:35:49
80 Current Time = 05:59:45
90 Current Time = 06:23:41
Number of features: 1000
0 Current Time = 06:47:48
10 Current Time = 07:36:48
20 Current Time = 08:26:00
30 Current Time = 09:15:11
