Running job number  268
Start  268
End  269
outcome: 131386-0.0
Number of features: 5
0 Current Time = 01:29:00
10 Current Time = 01:29:45
20 Current Time = 01:30:30
30 Current Time = 01:31:15
40 Current Time = 01:31:57
50 Current Time = 01:32:43
60 Current Time = 01:33:28
70 Current Time = 01:34:12
80 Current Time = 01:34:55
90 Current Time = 01:35:38
Number of features: 50
0 Current Time = 01:36:24
10 Current Time = 01:39:21
20 Current Time = 01:42:18
30 Current Time = 01:45:18
40 Current Time = 01:48:13
50 Current Time = 01:51:09
60 Current Time = 01:54:02
70 Current Time = 01:56:59
80 Current Time = 01:59:55
90 Current Time = 02:02:50
Number of features: 100
0 Current Time = 02:05:42
10 Current Time = 02:11:59
20 Current Time = 02:18:06
30 Current Time = 02:24:19
40 Current Time = 02:30:29
50 Current Time = 02:36:28
60 Current Time = 02:42:24
70 Current Time = 02:48:29
80 Current Time = 02:54:37
90 Current Time = 03:00:39
Number of features: 500
0 Current Time = 03:06:44
10 Current Time = 03:39:23
20 Current Time = 04:11:47
30 Current Time = 04:44:41
40 Current Time = 05:17:34
50 Current Time = 05:50:09
60 Current Time = 06:22:52
70 Current Time = 06:55:28
80 Current Time = 07:27:59
90 Current Time = 08:00:33
Number of features: 1000
0 Current Time = 08:33:08
10 Current Time = 09:44:28
