Running job number  265
Start  265
End  266
outcome: 131380-0.0
Number of features: 5
0 Current Time = 01:26:58
10 Current Time = 01:27:41
20 Current Time = 01:28:25
30 Current Time = 01:29:09
40 Current Time = 01:29:52
50 Current Time = 01:30:37
60 Current Time = 01:31:21
70 Current Time = 01:32:05
80 Current Time = 01:32:49
90 Current Time = 01:33:32
Number of features: 50
0 Current Time = 01:34:17
10 Current Time = 01:37:14
20 Current Time = 01:39:59
30 Current Time = 01:42:44
40 Current Time = 01:45:28
50 Current Time = 01:48:13
60 Current Time = 01:50:58
70 Current Time = 01:53:43
80 Current Time = 01:56:29
90 Current Time = 01:59:14
Number of features: 100
0 Current Time = 02:01:59
10 Current Time = 02:07:29
20 Current Time = 02:12:54
30 Current Time = 02:18:23
40 Current Time = 02:23:55
50 Current Time = 02:29:35
60 Current Time = 02:35:17
70 Current Time = 02:40:58
80 Current Time = 02:46:44
90 Current Time = 02:52:26
Number of features: 500
0 Current Time = 02:58:06
10 Current Time = 03:27:44
20 Current Time = 03:56:16
30 Current Time = 04:25:26
40 Current Time = 04:54:39
50 Current Time = 05:24:22
60 Current Time = 05:53:36
70 Current Time = 06:22:49
80 Current Time = 06:51:55
90 Current Time = 07:21:30
Number of features: 1000
0 Current Time = 07:51:07
10 Current Time = 08:55:53
20 Current Time = 09:58:06
