Running job number  316
Start  316
End  317
outcome: 131518-0.0
Number of features: 5
0 Current Time = 01:53:36
10 Current Time = 01:54:28
20 Current Time = 01:55:17
30 Current Time = 01:56:07
40 Current Time = 01:56:57
50 Current Time = 01:57:47
60 Current Time = 01:58:38
70 Current Time = 01:59:27
80 Current Time = 02:00:17
90 Current Time = 02:01:06
Number of features: 50
0 Current Time = 02:01:58
10 Current Time = 02:05:00
20 Current Time = 02:07:53
30 Current Time = 02:10:51
40 Current Time = 02:13:53
50 Current Time = 02:16:57
60 Current Time = 02:20:11
70 Current Time = 02:23:25
80 Current Time = 02:26:37
90 Current Time = 02:29:44
Number of features: 100
0 Current Time = 02:32:52
10 Current Time = 02:38:58
20 Current Time = 02:44:58
30 Current Time = 02:51:16
40 Current Time = 02:57:22
50 Current Time = 03:03:29
60 Current Time = 03:09:30
70 Current Time = 03:15:35
80 Current Time = 03:21:58
90 Current Time = 03:27:55
Number of features: 500
0 Current Time = 03:33:59
10 Current Time = 04:03:36
20 Current Time = 04:33:25
30 Current Time = 05:03:48
40 Current Time = 05:34:20
50 Current Time = 06:04:03
60 Current Time = 06:34:16
70 Current Time = 07:04:31
80 Current Time = 07:34:33
90 Current Time = 08:03:50
Number of features: 1000
0 Current Time = 08:33:04
10 Current Time = 09:36:16
