Running job number  233
Start  233
End  234
outcome: 131296-0.0
Number of features: 5
0 Current Time = 00:59:42
10 Current Time = 01:00:46
20 Current Time = 01:01:50
30 Current Time = 01:02:53
40 Current Time = 01:03:57
50 Current Time = 01:05:01
60 Current Time = 01:06:04
70 Current Time = 01:07:06
80 Current Time = 01:08:09
90 Current Time = 01:09:12
Number of features: 50
0 Current Time = 01:10:17
10 Current Time = 01:14:19
20 Current Time = 01:18:28
30 Current Time = 01:22:34
40 Current Time = 01:26:39
50 Current Time = 01:30:50
60 Current Time = 01:34:55
70 Current Time = 01:38:59
80 Current Time = 01:43:08
90 Current Time = 01:47:09
Number of features: 100
0 Current Time = 01:51:12
10 Current Time = 01:59:07
20 Current Time = 02:07:08
30 Current Time = 02:15:10
40 Current Time = 02:22:59
50 Current Time = 02:31:09
60 Current Time = 02:39:04
70 Current Time = 02:47:06
80 Current Time = 02:55:09
90 Current Time = 03:03:12
Number of features: 500
0 Current Time = 03:11:06
10 Current Time = 03:51:31
20 Current Time = 04:31:45
30 Current Time = 05:11:55
40 Current Time = 05:51:18
50 Current Time = 06:31:11
60 Current Time = 07:10:05
70 Current Time = 07:47:55
80 Current Time = 08:25:12
90 Current Time = 09:02:07
Number of features: 1000
0 Current Time = 09:38:40
