Running job number  384
Start  384
End  385
outcome: 131680-0.0
Number of features: 5
0 Current Time = 02:13:00
10 Current Time = 02:13:45
20 Current Time = 02:14:31
30 Current Time = 02:15:15
40 Current Time = 02:15:57
50 Current Time = 02:16:38
60 Current Time = 02:17:21
70 Current Time = 02:18:03
80 Current Time = 02:18:47
90 Current Time = 02:19:30
Number of features: 50
0 Current Time = 02:20:13
10 Current Time = 02:23:00
20 Current Time = 02:25:42
30 Current Time = 02:28:23
40 Current Time = 02:30:55
50 Current Time = 02:33:28
60 Current Time = 02:36:10
70 Current Time = 02:38:59
80 Current Time = 02:41:49
90 Current Time = 02:44:33
Number of features: 100
0 Current Time = 02:47:12
10 Current Time = 02:52:27
20 Current Time = 02:57:58
30 Current Time = 03:03:28
40 Current Time = 03:08:49
50 Current Time = 03:14:09
60 Current Time = 03:19:36
70 Current Time = 03:24:59
80 Current Time = 03:30:19
90 Current Time = 03:35:34
Number of features: 500
0 Current Time = 03:40:57
10 Current Time = 04:07:46
20 Current Time = 04:33:23
30 Current Time = 04:59:04
40 Current Time = 05:24:50
50 Current Time = 05:49:59
60 Current Time = 06:14:32
70 Current Time = 06:38:47
80 Current Time = 07:02:39
90 Current Time = 07:26:46
Number of features: 1000
0 Current Time = 07:50:45
10 Current Time = 08:41:09
20 Current Time = 09:31:44
30 Current Time = 10:22:08
