Running job number  556
Start  556
End  557
outcome: 132150-0.0
Number of features: 5
0 Current Time = 02:42:41
10 Current Time = 02:43:29
20 Current Time = 02:44:17
30 Current Time = 02:45:05
40 Current Time = 02:45:54
50 Current Time = 02:46:43
60 Current Time = 02:47:30
70 Current Time = 02:48:18
80 Current Time = 02:49:05
90 Current Time = 02:49:53
Number of features: 50
0 Current Time = 02:50:41
10 Current Time = 02:53:58
20 Current Time = 02:57:08
30 Current Time = 03:00:19
40 Current Time = 03:03:30
50 Current Time = 03:06:46
60 Current Time = 03:09:55
70 Current Time = 03:13:11
80 Current Time = 03:16:24
90 Current Time = 03:19:34
Number of features: 100
0 Current Time = 03:22:47
10 Current Time = 03:29:15
20 Current Time = 03:35:30
30 Current Time = 03:41:46
40 Current Time = 03:48:06
50 Current Time = 03:54:24
60 Current Time = 04:00:39
70 Current Time = 04:06:49
80 Current Time = 04:12:54
90 Current Time = 04:19:00
Number of features: 500
0 Current Time = 04:25:14
10 Current Time = 04:55:23
20 Current Time = 05:24:16
30 Current Time = 05:53:51
40 Current Time = 06:23:08
50 Current Time = 06:52:09
60 Current Time = 07:21:23
70 Current Time = 07:50:33
80 Current Time = 08:19:28
90 Current Time = 08:49:19
Number of features: 1000
0 Current Time = 09:18:26
10 Current Time = 10:16:59
