Running job number  504
Start  504
End  505
outcome: 132020-0.0
Number of features: 5
0 Current Time = 02:35:22
10 Current Time = 02:35:58
20 Current Time = 02:36:33
30 Current Time = 02:37:09
40 Current Time = 02:37:44
50 Current Time = 02:38:19
60 Current Time = 02:38:54
70 Current Time = 02:39:29
80 Current Time = 02:40:03
90 Current Time = 02:40:37
Number of features: 50
0 Current Time = 02:41:12
10 Current Time = 02:43:42
20 Current Time = 02:46:10
30 Current Time = 02:48:34
40 Current Time = 02:50:57
50 Current Time = 02:53:18
60 Current Time = 02:55:40
70 Current Time = 02:58:11
80 Current Time = 03:00:41
90 Current Time = 03:03:08
Number of features: 100
0 Current Time = 03:05:32
10 Current Time = 03:10:23
20 Current Time = 03:15:17
30 Current Time = 03:20:10
40 Current Time = 03:24:59
50 Current Time = 03:29:53
60 Current Time = 03:34:44
70 Current Time = 03:39:38
80 Current Time = 03:44:25
90 Current Time = 03:49:12
Number of features: 500
0 Current Time = 03:53:53
10 Current Time = 04:18:17
20 Current Time = 04:42:33
30 Current Time = 05:06:31
40 Current Time = 05:30:18
50 Current Time = 05:53:16
60 Current Time = 06:15:59
70 Current Time = 06:38:37
80 Current Time = 07:01:14
90 Current Time = 07:23:57
Number of features: 1000
0 Current Time = 07:46:40
10 Current Time = 08:32:57
20 Current Time = 09:19:41
30 Current Time = 10:05:57
