Running job number  81
Start  81
End  82
outcome: 130762-0.0
Number of features: 5
0 Current Time = 01:33:43
10 Current Time = 01:34:13
20 Current Time = 01:34:42
30 Current Time = 01:35:11
40 Current Time = 01:35:39
50 Current Time = 01:36:08
60 Current Time = 01:36:38
70 Current Time = 01:37:07
80 Current Time = 01:37:35
90 Current Time = 01:38:03
Number of features: 50
0 Current Time = 01:38:32
10 Current Time = 01:40:16
20 Current Time = 01:41:58
30 Current Time = 01:43:40
40 Current Time = 01:45:21
50 Current Time = 01:47:04
60 Current Time = 01:48:46
70 Current Time = 01:50:28
80 Current Time = 01:52:11
90 Current Time = 01:53:52
Number of features: 100
0 Current Time = 01:55:35
10 Current Time = 01:58:51
20 Current Time = 02:02:04
30 Current Time = 02:05:17
40 Current Time = 02:08:30
50 Current Time = 02:11:43
60 Current Time = 02:14:55
70 Current Time = 02:18:06
80 Current Time = 02:21:19
90 Current Time = 02:24:36
Number of features: 500
0 Current Time = 02:28:27
10 Current Time = 02:45:54
20 Current Time = 03:02:54
30 Current Time = 03:19:09
40 Current Time = 03:37:20
50 Current Time = 03:54:12
60 Current Time = 04:10:24
70 Current Time = 04:26:38
80 Current Time = 04:43:10
90 Current Time = 05:00:33
Number of features: 1000
0 Current Time = 05:16:45
10 Current Time = 05:51:01
20 Current Time = 06:25:08
30 Current Time = 06:59:22
40 Current Time = 07:33:39
50 Current Time = 08:07:40
60 Current Time = 08:41:27
70 Current Time = 09:15:26
80 Current Time = 09:49:51
90 Current Time = 10:23:55
Number of features: 2923
Analyses complete. Current Time = 11:07:57
Results saved. All done. Current Time = 11:07:58
