Running job number  537
Start  537
End  538
outcome: 132108-0.0
Number of features: 5
0 Current Time = 02:40:11
10 Current Time = 02:40:42
20 Current Time = 02:41:13
30 Current Time = 02:41:44
40 Current Time = 02:42:15
50 Current Time = 02:42:45
60 Current Time = 02:43:15
70 Current Time = 02:43:46
80 Current Time = 02:44:16
90 Current Time = 02:44:47
Number of features: 50
0 Current Time = 02:45:17
10 Current Time = 02:47:19
20 Current Time = 02:49:22
30 Current Time = 02:51:25
40 Current Time = 02:53:31
50 Current Time = 02:55:35
60 Current Time = 02:57:38
70 Current Time = 02:59:39
80 Current Time = 03:01:39
90 Current Time = 03:03:37
Number of features: 100
0 Current Time = 03:05:38
10 Current Time = 03:09:43
20 Current Time = 03:13:53
30 Current Time = 03:17:56
40 Current Time = 03:21:54
50 Current Time = 03:25:56
60 Current Time = 03:30:03
70 Current Time = 03:34:11
80 Current Time = 03:38:13
90 Current Time = 03:42:11
Number of features: 500
0 Current Time = 03:46:16
10 Current Time = 04:07:11
20 Current Time = 04:28:01
30 Current Time = 04:48:30
40 Current Time = 05:07:30
50 Current Time = 05:25:52
60 Current Time = 05:44:15
70 Current Time = 06:02:47
80 Current Time = 06:20:57
90 Current Time = 06:39:10
Number of features: 1000
0 Current Time = 06:57:20
10 Current Time = 07:35:16
20 Current Time = 08:13:12
30 Current Time = 08:51:44
40 Current Time = 09:30:30
