Running job number  266
Start  266
End  267
outcome: 131382-0.0
Number of features: 5
0 Current Time = 01:26:57
10 Current Time = 01:27:47
20 Current Time = 01:28:38
30 Current Time = 01:29:26
40 Current Time = 01:30:16
50 Current Time = 01:31:07
60 Current Time = 01:31:56
70 Current Time = 01:32:46
80 Current Time = 01:33:36
90 Current Time = 01:34:26
Number of features: 50
0 Current Time = 01:35:17
10 Current Time = 01:38:22
20 Current Time = 01:41:32
30 Current Time = 01:44:44
40 Current Time = 01:47:55
50 Current Time = 01:51:05
60 Current Time = 01:54:10
70 Current Time = 01:57:19
80 Current Time = 02:00:24
90 Current Time = 02:03:33
Number of features: 100
0 Current Time = 02:06:41
10 Current Time = 02:12:44
20 Current Time = 02:18:48
30 Current Time = 02:24:54
40 Current Time = 02:31:02
50 Current Time = 02:37:08
60 Current Time = 02:43:09
70 Current Time = 02:49:20
80 Current Time = 02:55:14
90 Current Time = 03:01:20
Number of features: 500
0 Current Time = 03:07:30
10 Current Time = 03:37:36
20 Current Time = 04:07:54
30 Current Time = 04:38:16
40 Current Time = 05:08:17
50 Current Time = 05:38:01
60 Current Time = 06:07:28
70 Current Time = 06:37:18
80 Current Time = 07:06:44
90 Current Time = 07:35:58
Number of features: 1000
0 Current Time = 08:05:49
10 Current Time = 09:06:06
