Running job number  293
Start  293
End  294
outcome: 131450-0.0
Number of features: 5
0 Current Time = 23:28:55
10 Current Time = 23:29:32
20 Current Time = 23:30:07
30 Current Time = 23:30:43
40 Current Time = 23:31:17
50 Current Time = 23:31:54
60 Current Time = 23:32:31
70 Current Time = 23:33:06
80 Current Time = 23:33:41
90 Current Time = 23:34:17
Number of features: 50
0 Current Time = 23:34:54
10 Current Time = 23:37:23
20 Current Time = 23:39:50
30 Current Time = 23:42:12
40 Current Time = 23:44:36
50 Current Time = 23:47:01
60 Current Time = 23:49:22
70 Current Time = 23:51:42
80 Current Time = 23:54:06
90 Current Time = 23:56:29
Number of features: 100
0 Current Time = 23:58:50
10 Current Time = 00:03:34
20 Current Time = 00:08:24
30 Current Time = 00:13:16
40 Current Time = 00:18:04
50 Current Time = 00:22:48
60 Current Time = 00:27:26
70 Current Time = 00:31:51
80 Current Time = 00:36:28
90 Current Time = 00:41:11
Number of features: 500
0 Current Time = 00:45:53
10 Current Time = 01:09:04
20 Current Time = 01:32:36
30 Current Time = 01:56:48
40 Current Time = 02:21:03
50 Current Time = 02:45:22
60 Current Time = 03:09:23
70 Current Time = 03:33:43
80 Current Time = 03:57:45
90 Current Time = 04:22:08
Number of features: 1000
0 Current Time = 04:46:31
