Running job number  56
Start  56
End  57
outcome: 130658-0.0
Number of features: 5
0 Current Time = 23:07:51
10 Current Time = 23:08:32
20 Current Time = 23:09:14
30 Current Time = 23:09:55
40 Current Time = 23:10:36
50 Current Time = 23:11:20
60 Current Time = 23:12:02
70 Current Time = 23:12:44
80 Current Time = 23:13:26
90 Current Time = 23:14:08
Number of features: 50
0 Current Time = 23:14:52
10 Current Time = 23:17:40
20 Current Time = 23:20:26
30 Current Time = 23:23:11
40 Current Time = 23:25:53
50 Current Time = 23:28:43
60 Current Time = 23:31:28
70 Current Time = 23:34:11
80 Current Time = 23:36:55
90 Current Time = 23:39:47
Number of features: 100
0 Current Time = 23:42:44
10 Current Time = 23:48:56
20 Current Time = 23:54:49
30 Current Time = 00:00:23
40 Current Time = 00:05:51
50 Current Time = 00:11:43
60 Current Time = 00:17:18
70 Current Time = 00:22:59
80 Current Time = 00:29:04
90 Current Time = 00:34:57
Number of features: 500
0 Current Time = 00:40:37
10 Current Time = 01:11:00
20 Current Time = 01:41:35
30 Current Time = 02:11:12
40 Current Time = 02:41:48
50 Current Time = 03:13:21
60 Current Time = 03:43:29
70 Current Time = 04:13:39
80 Current Time = 04:44:23
