Running job number  19
Start  19
End  20
outcome: 130184-0.0
Number of features: 5
0 Current Time = 23:05:07
10 Current Time = 23:05:58
20 Current Time = 23:06:51
30 Current Time = 23:07:43
40 Current Time = 23:08:37
50 Current Time = 23:09:29
60 Current Time = 23:10:23
70 Current Time = 23:11:16
80 Current Time = 23:12:09
90 Current Time = 23:13:01
Number of features: 50
0 Current Time = 23:13:56
10 Current Time = 23:17:05
20 Current Time = 23:20:12
30 Current Time = 23:23:21
40 Current Time = 23:26:21
50 Current Time = 23:29:24
60 Current Time = 23:32:34
70 Current Time = 23:35:44
80 Current Time = 23:38:45
90 Current Time = 23:42:00
Number of features: 100
0 Current Time = 23:45:13
10 Current Time = 23:51:39
20 Current Time = 23:58:09
30 Current Time = 00:04:37
40 Current Time = 00:10:53
50 Current Time = 00:17:11
60 Current Time = 00:23:36
70 Current Time = 00:29:57
80 Current Time = 00:36:22
90 Current Time = 00:42:45
Number of features: 500
0 Current Time = 00:49:14
10 Current Time = 01:22:14
20 Current Time = 01:54:45
30 Current Time = 02:26:37
40 Current Time = 02:58:51
50 Current Time = 03:30:36
60 Current Time = 04:03:50
70 Current Time = 04:38:14
