Running job number  200
Start  200
End  201
outcome: 131202-0.0
Number of features: 5
0 Current Time = 23:19:21
10 Current Time = 23:19:58
20 Current Time = 23:20:33
30 Current Time = 23:21:10
40 Current Time = 23:21:48
50 Current Time = 23:22:26
60 Current Time = 23:23:03
70 Current Time = 23:23:41
80 Current Time = 23:24:19
90 Current Time = 23:24:56
Number of features: 50
0 Current Time = 23:25:31
10 Current Time = 23:28:02
20 Current Time = 23:30:29
30 Current Time = 23:32:56
40 Current Time = 23:35:25
50 Current Time = 23:37:55
60 Current Time = 23:40:23
70 Current Time = 23:42:47
80 Current Time = 23:45:12
90 Current Time = 23:47:38
Number of features: 100
0 Current Time = 23:50:07
10 Current Time = 23:54:40
20 Current Time = 23:59:26
30 Current Time = 00:04:06
40 Current Time = 00:08:44
50 Current Time = 00:13:28
60 Current Time = 00:18:09
70 Current Time = 00:22:44
80 Current Time = 00:27:22
90 Current Time = 00:32:04
Number of features: 500
0 Current Time = 00:36:48
10 Current Time = 00:59:38
20 Current Time = 01:21:20
30 Current Time = 01:42:52
40 Current Time = 02:04:48
50 Current Time = 02:26:46
60 Current Time = 02:47:53
70 Current Time = 03:10:20
80 Current Time = 03:33:28
90 Current Time = 03:56:50
Number of features: 1000
0 Current Time = 04:19:42
10 Current Time = 05:08:08
