Running job number  220
Start  220
End  221
outcome: 131256-0.0
Number of features: 5
0 Current Time = 23:14:25
10 Current Time = 23:15:06
20 Current Time = 23:15:45
30 Current Time = 23:16:25
40 Current Time = 23:17:04
50 Current Time = 23:17:45
60 Current Time = 23:18:27
70 Current Time = 23:19:07
80 Current Time = 23:19:48
90 Current Time = 23:20:27
Number of features: 50
0 Current Time = 23:21:07
10 Current Time = 23:23:36
20 Current Time = 23:26:00
30 Current Time = 23:28:21
40 Current Time = 23:30:43
50 Current Time = 23:33:13
60 Current Time = 23:35:46
70 Current Time = 23:38:16
80 Current Time = 23:40:48
90 Current Time = 23:43:18
Number of features: 100
0 Current Time = 23:45:48
10 Current Time = 23:50:44
20 Current Time = 23:55:29
30 Current Time = 00:00:13
40 Current Time = 00:05:01
50 Current Time = 00:09:58
60 Current Time = 00:14:39
70 Current Time = 00:19:18
80 Current Time = 00:23:54
90 Current Time = 00:28:25
Number of features: 500
0 Current Time = 00:33:01
10 Current Time = 00:56:38
20 Current Time = 01:20:23
30 Current Time = 01:43:37
40 Current Time = 02:07:15
50 Current Time = 02:31:13
60 Current Time = 02:55:12
70 Current Time = 03:19:01
80 Current Time = 03:43:01
90 Current Time = 04:06:47
Number of features: 1000
0 Current Time = 04:30:59
