Running job number  288
Start  288
End  289
outcome: 131436-0.0
Number of features: 5
0 Current Time = 23:19:25
10 Current Time = 23:20:53
20 Current Time = 23:22:21
30 Current Time = 23:23:47
40 Current Time = 23:25:12
50 Current Time = 23:26:40
60 Current Time = 23:28:04
70 Current Time = 23:29:28
80 Current Time = 23:30:54
90 Current Time = 23:32:18
Number of features: 50
0 Current Time = 23:33:41
10 Current Time = 23:38:15
20 Current Time = 23:43:09
30 Current Time = 23:48:02
40 Current Time = 23:52:48
50 Current Time = 23:58:11
60 Current Time = 00:03:02
70 Current Time = 00:08:03
80 Current Time = 00:12:54
90 Current Time = 00:17:42
Number of features: 100
0 Current Time = 00:22:26
10 Current Time = 00:31:55
20 Current Time = 00:41:33
30 Current Time = 00:51:41
40 Current Time = 01:01:44
50 Current Time = 01:11:28
60 Current Time = 01:22:01
70 Current Time = 01:32:21
80 Current Time = 01:42:22
90 Current Time = 01:52:04
Number of features: 500
0 Current Time = 02:02:40
10 Current Time = 02:51:18
20 Current Time = 03:40:37
30 Current Time = 04:27:13
40 Current Time = 05:13:54
