Running job number  44
Start  44
End  45
outcome: 130344-0.0
Number of features: 5
0 Current Time = 01:32:11
10 Current Time = 01:32:42
20 Current Time = 01:33:14
30 Current Time = 01:33:45
40 Current Time = 01:34:17
50 Current Time = 01:34:49
60 Current Time = 01:35:21
70 Current Time = 01:35:53
80 Current Time = 01:36:25
90 Current Time = 01:36:56
Number of features: 50
0 Current Time = 01:37:28
10 Current Time = 01:39:25
20 Current Time = 01:41:21
30 Current Time = 01:43:18
40 Current Time = 01:45:13
50 Current Time = 01:47:09
60 Current Time = 01:49:06
70 Current Time = 01:51:02
80 Current Time = 01:52:58
90 Current Time = 01:54:54
Number of features: 100
0 Current Time = 01:56:51
10 Current Time = 02:01:07
20 Current Time = 02:05:24
30 Current Time = 02:09:38
40 Current Time = 02:13:52
50 Current Time = 02:18:08
60 Current Time = 02:22:22
70 Current Time = 02:26:36
80 Current Time = 02:30:52
90 Current Time = 02:34:47
Number of features: 500
0 Current Time = 02:39:01
10 Current Time = 03:00:44
20 Current Time = 03:21:42
30 Current Time = 03:43:32
40 Current Time = 04:04:15
50 Current Time = 04:23:56
60 Current Time = 04:43:59
70 Current Time = 05:03:41
80 Current Time = 05:23:27
90 Current Time = 05:43:18
Number of features: 1000
0 Current Time = 06:03:01
10 Current Time = 06:44:09
20 Current Time = 07:25:37
30 Current Time = 08:07:01
40 Current Time = 08:48:02
50 Current Time = 09:29:24
60 Current Time = 10:10:51
70 Current Time = 10:52:05
80 Current Time = 11:33:21
90 Current Time = 12:15:11
Number of features: 2923
Analyses complete. Current Time = 13:08:55
Results saved. All done. Current Time = 13:08:58
