Running job number  156
Start  156
End  157
outcome: 131080-0.0
Number of features: 5
0 Current Time = 01:48:15
10 Current Time = 01:48:43
20 Current Time = 01:49:11
30 Current Time = 01:49:39
40 Current Time = 01:50:06
50 Current Time = 01:50:34
60 Current Time = 01:51:04
70 Current Time = 01:51:32
80 Current Time = 01:52:01
90 Current Time = 01:52:30
Number of features: 50
0 Current Time = 01:53:00
10 Current Time = 01:54:40
20 Current Time = 01:56:16
30 Current Time = 01:57:54
40 Current Time = 01:59:35
50 Current Time = 02:01:12
60 Current Time = 02:02:49
70 Current Time = 02:04:28
80 Current Time = 02:06:04
90 Current Time = 02:07:42
Number of features: 100
0 Current Time = 02:09:21
10 Current Time = 02:12:22
20 Current Time = 02:15:22
30 Current Time = 02:18:23
40 Current Time = 02:21:28
50 Current Time = 02:24:27
60 Current Time = 02:27:26
70 Current Time = 02:30:26
80 Current Time = 02:33:26
90 Current Time = 02:36:26
Number of features: 500
0 Current Time = 02:39:27
10 Current Time = 02:55:00
20 Current Time = 03:10:25
30 Current Time = 03:25:57
40 Current Time = 03:41:42
50 Current Time = 03:57:21
60 Current Time = 04:12:49
70 Current Time = 04:28:23
80 Current Time = 04:43:52
90 Current Time = 04:59:22
Number of features: 1000
0 Current Time = 05:14:45
10 Current Time = 05:47:02
20 Current Time = 06:18:46
30 Current Time = 06:51:00
40 Current Time = 07:23:13
50 Current Time = 07:55:21
60 Current Time = 08:27:19
70 Current Time = 08:59:17
80 Current Time = 09:31:25
90 Current Time = 10:03:54
Number of features: 2923
Analyses complete. Current Time = 10:45:51
Results saved. All done. Current Time = 10:45:52
