Running job number  463
Start  463
End  464
outcome: 131914-0.0
Number of features: 5
0 Current Time = 02:32:29
10 Current Time = 02:33:05
20 Current Time = 02:33:43
30 Current Time = 02:34:20
40 Current Time = 02:34:57
50 Current Time = 02:35:34
60 Current Time = 02:36:11
70 Current Time = 02:36:47
80 Current Time = 02:37:24
90 Current Time = 02:38:02
Number of features: 50
0 Current Time = 02:38:37
10 Current Time = 02:40:51
20 Current Time = 02:43:08
30 Current Time = 02:45:27
40 Current Time = 02:47:47
50 Current Time = 02:50:06
60 Current Time = 02:52:26
70 Current Time = 02:54:43
80 Current Time = 02:57:03
90 Current Time = 02:59:23
Number of features: 100
0 Current Time = 03:01:40
10 Current Time = 03:06:21
20 Current Time = 03:10:57
30 Current Time = 03:15:36
40 Current Time = 03:20:14
50 Current Time = 03:24:49
60 Current Time = 03:29:29
70 Current Time = 03:34:06
80 Current Time = 03:38:46
90 Current Time = 03:43:21
Number of features: 500
0 Current Time = 03:48:00
10 Current Time = 04:11:36
20 Current Time = 04:34:53
30 Current Time = 04:57:58
40 Current Time = 05:20:49
50 Current Time = 05:43:55
60 Current Time = 06:06:55
70 Current Time = 06:30:06
80 Current Time = 06:53:21
90 Current Time = 07:16:28
Number of features: 1000
0 Current Time = 07:39:42
10 Current Time = 08:28:14
20 Current Time = 09:15:16
30 Current Time = 10:02:43
