Running job number  558
Start  558
End  559
outcome: 132156-0.0
Number of features: 5
0 Current Time = 02:42:34
10 Current Time = 02:43:15
20 Current Time = 02:43:56
30 Current Time = 02:44:36
40 Current Time = 02:45:17
50 Current Time = 02:45:58
60 Current Time = 02:46:38
70 Current Time = 02:47:17
80 Current Time = 02:47:58
90 Current Time = 02:48:38
Number of features: 50
0 Current Time = 02:49:19
10 Current Time = 02:51:39
20 Current Time = 02:54:01
30 Current Time = 02:56:22
40 Current Time = 02:58:42
50 Current Time = 03:00:59
60 Current Time = 03:03:18
70 Current Time = 03:05:37
80 Current Time = 03:07:57
90 Current Time = 03:10:14
Number of features: 100
0 Current Time = 03:12:34
10 Current Time = 03:16:52
20 Current Time = 03:21:13
30 Current Time = 03:25:38
40 Current Time = 03:30:02
50 Current Time = 03:34:22
60 Current Time = 03:38:39
70 Current Time = 03:43:04
80 Current Time = 03:47:30
90 Current Time = 03:51:50
Number of features: 500
0 Current Time = 03:56:14
10 Current Time = 04:19:01
20 Current Time = 04:41:56
30 Current Time = 05:04:59
40 Current Time = 05:27:46
50 Current Time = 05:51:03
60 Current Time = 06:15:38
70 Current Time = 06:38:39
80 Current Time = 07:01:54
90 Current Time = 07:25:44
Number of features: 1000
0 Current Time = 07:49:10
10 Current Time = 08:36:54
20 Current Time = 09:24:38
30 Current Time = 10:11:43
