Running job number  31
Start  31
End  32
outcome: 130224-0.0
Number of features: 5
0 Current Time = 01:32:18
10 Current Time = 01:32:53
20 Current Time = 01:33:28
30 Current Time = 01:34:02
40 Current Time = 01:34:38
50 Current Time = 01:35:14
60 Current Time = 01:35:50
70 Current Time = 01:36:25
80 Current Time = 01:37:00
90 Current Time = 01:37:35
Number of features: 50
0 Current Time = 01:38:10
10 Current Time = 01:40:12
20 Current Time = 01:42:15
30 Current Time = 01:44:21
40 Current Time = 01:46:27
50 Current Time = 01:48:37
60 Current Time = 01:50:41
70 Current Time = 01:52:47
80 Current Time = 01:54:53
90 Current Time = 01:56:57
Number of features: 100
0 Current Time = 01:58:59
10 Current Time = 02:03:00
20 Current Time = 02:07:02
30 Current Time = 02:11:08
40 Current Time = 02:15:21
50 Current Time = 02:19:30
60 Current Time = 02:23:34
70 Current Time = 02:27:39
80 Current Time = 02:31:45
90 Current Time = 02:35:49
Number of features: 500
0 Current Time = 02:39:49
10 Current Time = 03:00:25
20 Current Time = 03:20:38
30 Current Time = 03:41:12
40 Current Time = 04:01:47
50 Current Time = 04:22:22
60 Current Time = 04:43:07
70 Current Time = 05:03:43
80 Current Time = 05:24:14
90 Current Time = 05:45:01
Number of features: 1000
0 Current Time = 06:06:55
10 Current Time = 06:55:55
20 Current Time = 07:43:54
30 Current Time = 08:28:59
40 Current Time = 09:14:04
50 Current Time = 09:58:44
60 Current Time = 10:43:21
70 Current Time = 11:27:03
80 Current Time = 12:10:05
90 Current Time = 12:53:34
Number of features: 2923
Analyses complete. Current Time = 13:47:39
Results saved. All done. Current Time = 13:47:40
