Running job number  151
Start  151
End  152
outcome: 131070-0.0
Number of features: 5
0 Current Time = 01:48:13
10 Current Time = 01:48:41
20 Current Time = 01:49:08
30 Current Time = 01:49:35
40 Current Time = 01:50:01
50 Current Time = 01:50:29
60 Current Time = 01:50:56
70 Current Time = 01:51:23
80 Current Time = 01:51:51
90 Current Time = 01:52:18
Number of features: 50
0 Current Time = 01:52:45
10 Current Time = 01:54:27
20 Current Time = 01:56:07
30 Current Time = 01:57:47
40 Current Time = 01:59:26
50 Current Time = 02:01:06
60 Current Time = 02:02:46
70 Current Time = 02:04:27
80 Current Time = 02:06:08
90 Current Time = 02:07:46
Number of features: 100
0 Current Time = 02:09:27
10 Current Time = 02:12:34
20 Current Time = 02:15:45
30 Current Time = 02:18:54
40 Current Time = 02:22:01
50 Current Time = 02:25:10
60 Current Time = 02:28:21
70 Current Time = 02:31:30
80 Current Time = 02:34:41
90 Current Time = 02:37:48
Number of features: 500
0 Current Time = 02:40:57
10 Current Time = 02:57:28
20 Current Time = 03:14:03
30 Current Time = 03:30:39
40 Current Time = 03:47:12
50 Current Time = 04:03:43
60 Current Time = 04:20:30
70 Current Time = 04:37:11
80 Current Time = 04:53:51
90 Current Time = 05:10:29
Number of features: 1000
0 Current Time = 05:27:21
10 Current Time = 06:01:58
20 Current Time = 06:36:24
30 Current Time = 07:10:49
40 Current Time = 07:45:06
50 Current Time = 08:19:48
60 Current Time = 08:54:07
70 Current Time = 09:28:17
80 Current Time = 10:02:37
90 Current Time = 10:37:15
Number of features: 2923
Analyses complete. Current Time = 11:22:05
Results saved. All done. Current Time = 11:22:06
