Running job number  30
Start  30
End  31
outcome: 130218-0.0
Number of features: 5
0 Current Time = 23:05:00
10 Current Time = 23:05:40
20 Current Time = 23:06:20
30 Current Time = 23:07:01
40 Current Time = 23:07:40
50 Current Time = 23:08:22
60 Current Time = 23:09:03
70 Current Time = 23:09:45
80 Current Time = 23:10:26
90 Current Time = 23:11:08
Number of features: 50
0 Current Time = 23:11:48
10 Current Time = 23:14:19
20 Current Time = 23:16:51
30 Current Time = 23:19:18
40 Current Time = 23:21:48
50 Current Time = 23:24:20
60 Current Time = 23:26:57
70 Current Time = 23:29:30
80 Current Time = 23:31:59
90 Current Time = 23:34:32
Number of features: 100
0 Current Time = 23:37:06
10 Current Time = 23:42:08
20 Current Time = 23:47:10
30 Current Time = 23:51:49
40 Current Time = 23:56:29
50 Current Time = 00:01:17
60 Current Time = 00:06:05
70 Current Time = 00:11:02
80 Current Time = 00:15:49
90 Current Time = 00:20:31
Number of features: 500
0 Current Time = 00:25:17
10 Current Time = 00:49:39
20 Current Time = 01:14:45
30 Current Time = 01:39:47
40 Current Time = 02:04:24
50 Current Time = 02:29:31
60 Current Time = 02:54:34
70 Current Time = 03:20:08
80 Current Time = 03:45:21
90 Current Time = 04:10:33
Number of features: 1000
0 Current Time = 04:35:51
