Running job number  130
Start  130
End  131
outcome: 131000-0.0
Number of features: 5
0 Current Time = 23:10:10
10 Current Time = 23:10:41
20 Current Time = 23:11:12
30 Current Time = 23:11:43
40 Current Time = 23:12:15
50 Current Time = 23:12:47
60 Current Time = 23:13:18
70 Current Time = 23:13:50
80 Current Time = 23:14:21
90 Current Time = 23:14:50
Number of features: 50
0 Current Time = 23:15:20
10 Current Time = 23:17:08
20 Current Time = 23:19:03
30 Current Time = 23:20:58
40 Current Time = 23:22:43
50 Current Time = 23:24:29
60 Current Time = 23:26:15
70 Current Time = 23:28:04
80 Current Time = 23:29:58
90 Current Time = 23:31:51
Number of features: 100
0 Current Time = 23:33:36
10 Current Time = 23:37:00
20 Current Time = 23:40:52
30 Current Time = 23:44:25
40 Current Time = 23:47:48
50 Current Time = 23:51:21
60 Current Time = 23:55:15
70 Current Time = 23:59:10
80 Current Time = 00:03:22
90 Current Time = 00:07:34
Number of features: 500
0 Current Time = 00:11:49
10 Current Time = 00:34:08
20 Current Time = 00:56:04
30 Current Time = 01:18:11
40 Current Time = 01:40:21
50 Current Time = 02:02:26
60 Current Time = 02:24:35
70 Current Time = 02:46:42
80 Current Time = 03:08:55
90 Current Time = 03:31:06
Number of features: 1000
0 Current Time = 03:53:13
10 Current Time = 04:38:52
