Running job number  11
Start  11
End  12
outcome: 130082-0.0
Number of features: 5
0 Current Time = 23:04:54
10 Current Time = 23:05:34
20 Current Time = 23:06:14
30 Current Time = 23:06:54
40 Current Time = 23:07:34
50 Current Time = 23:08:15
60 Current Time = 23:08:56
70 Current Time = 23:09:36
80 Current Time = 23:10:16
90 Current Time = 23:10:55
Number of features: 50
0 Current Time = 23:11:37
10 Current Time = 23:14:18
20 Current Time = 23:16:55
30 Current Time = 23:19:31
40 Current Time = 23:22:06
50 Current Time = 23:24:36
60 Current Time = 23:27:10
70 Current Time = 23:29:40
80 Current Time = 23:32:07
90 Current Time = 23:34:36
Number of features: 100
0 Current Time = 23:37:05
10 Current Time = 23:41:55
20 Current Time = 23:46:57
30 Current Time = 23:51:48
40 Current Time = 23:56:51
50 Current Time = 00:01:43
60 Current Time = 00:06:47
70 Current Time = 00:11:56
80 Current Time = 00:16:58
90 Current Time = 00:21:50
Number of features: 500
0 Current Time = 00:26:43
10 Current Time = 00:53:39
20 Current Time = 01:21:20
30 Current Time = 01:49:16
40 Current Time = 02:16:59
50 Current Time = 02:44:38
60 Current Time = 03:12:47
70 Current Time = 03:40:40
80 Current Time = 04:08:16
90 Current Time = 04:35:38
Number of features: 1000
0 Current Time = 05:03:11
