Running job number  42
Start  42
End  43
outcome: 130340-0.0
Number of features: 5
0 Current Time = 01:32:11
10 Current Time = 01:32:44
20 Current Time = 01:33:18
30 Current Time = 01:33:51
40 Current Time = 01:34:24
50 Current Time = 01:34:57
60 Current Time = 01:35:30
70 Current Time = 01:36:03
80 Current Time = 01:36:35
90 Current Time = 01:37:08
Number of features: 50
0 Current Time = 01:37:41
10 Current Time = 01:39:53
20 Current Time = 01:42:04
30 Current Time = 01:44:13
40 Current Time = 01:46:27
50 Current Time = 01:48:40
60 Current Time = 01:50:54
70 Current Time = 01:53:06
80 Current Time = 01:55:18
90 Current Time = 01:57:29
Number of features: 100
0 Current Time = 01:59:42
10 Current Time = 02:04:34
20 Current Time = 02:09:18
30 Current Time = 02:14:00
40 Current Time = 02:18:46
50 Current Time = 02:23:32
60 Current Time = 02:28:19
70 Current Time = 02:32:57
80 Current Time = 02:37:28
90 Current Time = 02:42:09
Number of features: 500
0 Current Time = 02:46:48
10 Current Time = 03:10:43
20 Current Time = 03:34:19
30 Current Time = 03:58:16
40 Current Time = 04:20:28
50 Current Time = 04:42:36
60 Current Time = 05:04:54
70 Current Time = 05:27:14
80 Current Time = 05:49:14
90 Current Time = 06:11:30
Number of features: 1000
0 Current Time = 06:33:33
10 Current Time = 07:19:18
20 Current Time = 08:04:59
30 Current Time = 08:50:39
40 Current Time = 09:36:30
50 Current Time = 10:22:08
60 Current Time = 11:07:53
70 Current Time = 11:54:03
80 Current Time = 12:39:35
90 Current Time = 13:25:43
Number of features: 2923
Analyses complete. Current Time = 14:23:41
Results saved. All done. Current Time = 14:23:42
