Running job number  163
Start  163
End  164
outcome: 131102-0.0
Number of features: 5
0 Current Time = 01:48:38
10 Current Time = 01:49:18
20 Current Time = 01:49:56
30 Current Time = 01:50:35
40 Current Time = 01:51:14
50 Current Time = 01:51:54
60 Current Time = 01:52:35
70 Current Time = 01:53:14
80 Current Time = 01:53:54
90 Current Time = 01:54:33
Number of features: 50
0 Current Time = 01:55:13
10 Current Time = 01:57:59
20 Current Time = 02:00:37
30 Current Time = 02:03:13
40 Current Time = 02:05:54
50 Current Time = 02:08:33
60 Current Time = 02:11:12
70 Current Time = 02:13:52
80 Current Time = 02:16:31
90 Current Time = 02:19:07
Number of features: 100
0 Current Time = 02:21:45
10 Current Time = 02:26:59
20 Current Time = 02:32:08
30 Current Time = 02:37:15
40 Current Time = 02:42:21
50 Current Time = 02:47:24
60 Current Time = 02:52:28
70 Current Time = 02:57:45
80 Current Time = 03:03:09
90 Current Time = 03:08:32
Number of features: 500
0 Current Time = 03:13:48
10 Current Time = 03:41:19
20 Current Time = 04:07:33
30 Current Time = 04:33:51
40 Current Time = 05:00:13
50 Current Time = 05:26:58
60 Current Time = 05:53:40
70 Current Time = 06:20:10
80 Current Time = 06:47:10
90 Current Time = 07:14:23
Number of features: 1000
0 Current Time = 07:41:09
10 Current Time = 08:40:35
20 Current Time = 09:37:14
30 Current Time = 10:33:50
40 Current Time = 11:30:47
50 Current Time = 12:26:48
60 Current Time = 13:22:45
70 Current Time = 14:19:21
80 Current Time = 15:16:55
90 Current Time = 16:11:26
Number of features: 2923
Analyses complete. Current Time = 17:25:53
Results saved. All done. Current Time = 17:25:54
