Running job number  469
Start  469
End  470
outcome: 131928-0.0
Number of features: 5
0 Current Time = 02:32:21
10 Current Time = 02:33:09
20 Current Time = 02:33:57
30 Current Time = 02:34:43
40 Current Time = 02:35:31
50 Current Time = 02:36:18
60 Current Time = 02:37:06
70 Current Time = 02:37:54
80 Current Time = 02:38:42
90 Current Time = 02:39:29
Number of features: 50
0 Current Time = 02:40:17
10 Current Time = 02:43:03
20 Current Time = 02:45:49
30 Current Time = 02:48:38
40 Current Time = 02:51:28
50 Current Time = 02:54:20
60 Current Time = 02:57:06
70 Current Time = 02:59:59
80 Current Time = 03:02:49
90 Current Time = 03:05:34
Number of features: 100
0 Current Time = 03:08:23
10 Current Time = 03:13:53
20 Current Time = 03:19:21
30 Current Time = 03:24:51
40 Current Time = 03:30:15
50 Current Time = 03:35:47
60 Current Time = 03:41:13
70 Current Time = 03:46:47
80 Current Time = 03:52:17
90 Current Time = 03:57:47
Number of features: 500
0 Current Time = 04:03:16
10 Current Time = 04:34:02
20 Current Time = 05:04:31
30 Current Time = 05:35:12
40 Current Time = 06:05:10
50 Current Time = 06:34:55
60 Current Time = 07:04:35
70 Current Time = 07:34:23
80 Current Time = 08:04:20
90 Current Time = 08:35:08
Number of features: 1000
0 Current Time = 09:05:24
