Running job number  54
Start  54
End  55
outcome: 130648-0.0
Number of features: 5
0 Current Time = 01:33:24
10 Current Time = 01:34:21
20 Current Time = 01:35:16
30 Current Time = 01:36:09
40 Current Time = 01:37:01
50 Current Time = 01:37:55
60 Current Time = 01:38:49
70 Current Time = 01:39:42
80 Current Time = 01:40:37
90 Current Time = 01:41:31
Number of features: 50
0 Current Time = 01:42:25
10 Current Time = 01:45:57
20 Current Time = 01:49:22
30 Current Time = 01:52:45
40 Current Time = 01:56:09
50 Current Time = 01:59:40
60 Current Time = 02:03:11
70 Current Time = 02:06:48
80 Current Time = 02:10:13
90 Current Time = 02:13:42
Number of features: 100
0 Current Time = 02:17:12
10 Current Time = 02:24:07
20 Current Time = 02:30:56
30 Current Time = 02:37:40
40 Current Time = 02:44:24
50 Current Time = 02:51:21
60 Current Time = 02:58:16
70 Current Time = 03:05:18
80 Current Time = 03:12:02
90 Current Time = 03:18:49
Number of features: 500
0 Current Time = 03:25:39
10 Current Time = 04:01:41
20 Current Time = 04:37:24
30 Current Time = 05:12:59
40 Current Time = 05:49:26
50 Current Time = 06:24:55
60 Current Time = 07:00:12
70 Current Time = 07:37:08
80 Current Time = 08:13:48
90 Current Time = 08:49:37
Number of features: 1000
0 Current Time = 09:26:14
10 Current Time = 10:40:23
20 Current Time = 11:55:06
30 Current Time = 13:10:12
40 Current Time = 14:23:21
50 Current Time = 15:37:01
60 Current Time = 16:52:33
