Running job number  161
Start  161
End  162
outcome: 131092-0.0
Number of features: 5
0 Current Time = 21:33:05
10 Current Time = 21:33:38
20 Current Time = 21:34:11
30 Current Time = 21:34:44
40 Current Time = 21:35:16
50 Current Time = 21:35:48
60 Current Time = 21:36:20
70 Current Time = 21:36:52
80 Current Time = 21:37:25
90 Current Time = 21:37:56
Number of features: 50
0 Current Time = 21:38:28
10 Current Time = 21:40:45
20 Current Time = 21:43:04
30 Current Time = 21:45:16
40 Current Time = 21:47:25
50 Current Time = 21:49:37
60 Current Time = 21:51:54
70 Current Time = 21:54:12
80 Current Time = 21:56:21
90 Current Time = 21:58:30
Number of features: 100
0 Current Time = 22:00:49
10 Current Time = 22:05:10
20 Current Time = 22:09:16
30 Current Time = 22:13:21
40 Current Time = 22:17:32
50 Current Time = 22:21:42
60 Current Time = 22:25:48
70 Current Time = 22:30:03
80 Current Time = 22:34:14
90 Current Time = 22:38:22
Number of features: 500
0 Current Time = 22:42:31
10 Current Time = 23:03:25
20 Current Time = 23:24:47
30 Current Time = 23:46:35
40 Current Time = 00:08:12
50 Current Time = 00:29:19
60 Current Time = 00:51:38
70 Current Time = 01:13:35
80 Current Time = 01:34:53
90 Current Time = 01:56:16
Number of features: 1000
0 Current Time = 02:17:44
10 Current Time = 03:05:15
20 Current Time = 03:48:39
30 Current Time = 04:29:38
40 Current Time = 05:10:21
50 Current Time = 05:51:16
60 Current Time = 06:32:04
70 Current Time = 07:12:59
80 Current Time = 07:52:35
90 Current Time = 08:31:41
Number of features: 2923
Analyses complete. Current Time = 09:21:36
Results saved. All done. Current Time = 09:21:38
