Running job number  478
Start  478
End  479
outcome: 131954-0.0
Number of features: 5
0 Current Time = 02:32:34
10 Current Time = 02:33:23
20 Current Time = 02:34:09
30 Current Time = 02:34:53
40 Current Time = 02:35:36
50 Current Time = 02:36:20
60 Current Time = 02:37:05
70 Current Time = 02:37:52
80 Current Time = 02:38:40
90 Current Time = 02:39:26
Number of features: 50
0 Current Time = 02:40:13
10 Current Time = 02:43:15
20 Current Time = 02:46:15
30 Current Time = 02:49:10
40 Current Time = 02:51:58
50 Current Time = 02:54:59
60 Current Time = 02:57:57
70 Current Time = 03:00:57
80 Current Time = 03:03:56
90 Current Time = 03:06:49
Number of features: 100
0 Current Time = 03:09:37
10 Current Time = 03:15:11
20 Current Time = 03:20:54
30 Current Time = 03:26:33
40 Current Time = 03:32:01
50 Current Time = 03:37:37
60 Current Time = 03:43:25
70 Current Time = 03:49:00
80 Current Time = 03:54:21
90 Current Time = 03:59:46
Number of features: 500
0 Current Time = 04:05:11
10 Current Time = 04:31:39
20 Current Time = 04:58:43
30 Current Time = 05:25:31
40 Current Time = 05:52:09
50 Current Time = 06:17:53
60 Current Time = 06:43:14
70 Current Time = 07:08:02
80 Current Time = 07:32:22
90 Current Time = 07:55:59
Number of features: 1000
0 Current Time = 08:19:50
10 Current Time = 09:11:14
20 Current Time = 10:05:19
