Running job number  246
Start  246
End  247
outcome: 131328-0.0
Number of features: 5
0 Current Time = 23:19:19
10 Current Time = 23:19:52
20 Current Time = 23:20:25
30 Current Time = 23:20:58
40 Current Time = 23:21:32
50 Current Time = 23:22:05
60 Current Time = 23:22:38
70 Current Time = 23:23:10
80 Current Time = 23:23:43
90 Current Time = 23:24:17
Number of features: 50
0 Current Time = 23:24:50
10 Current Time = 23:26:53
20 Current Time = 23:28:58
30 Current Time = 23:31:03
40 Current Time = 23:33:07
50 Current Time = 23:35:10
60 Current Time = 23:37:14
70 Current Time = 23:39:18
80 Current Time = 23:41:22
90 Current Time = 23:43:25
Number of features: 100
0 Current Time = 23:45:28
10 Current Time = 23:49:29
20 Current Time = 23:53:24
30 Current Time = 23:57:23
40 Current Time = 00:01:15
50 Current Time = 00:05:16
60 Current Time = 00:09:17
70 Current Time = 00:13:20
80 Current Time = 00:17:21
90 Current Time = 00:21:21
Number of features: 500
0 Current Time = 00:25:28
10 Current Time = 00:46:31
20 Current Time = 01:07:57
30 Current Time = 01:29:14
40 Current Time = 01:50:41
50 Current Time = 02:12:10
60 Current Time = 02:33:36
70 Current Time = 02:54:55
80 Current Time = 03:16:21
90 Current Time = 03:37:43
Number of features: 1000
0 Current Time = 03:58:59
10 Current Time = 04:42:46
