Running job number  113
Start  113
End  114
outcome: 130896-0.0
Number of features: 5
0 Current Time = 23:09:42
10 Current Time = 23:10:15
20 Current Time = 23:10:48
30 Current Time = 23:11:21
40 Current Time = 23:11:54
50 Current Time = 23:12:27
60 Current Time = 23:12:59
70 Current Time = 23:13:32
80 Current Time = 23:14:06
90 Current Time = 23:14:37
Number of features: 50
0 Current Time = 23:15:10
10 Current Time = 23:17:26
20 Current Time = 23:19:36
30 Current Time = 23:21:43
40 Current Time = 23:23:54
50 Current Time = 23:26:03
60 Current Time = 23:28:12
70 Current Time = 23:30:24
80 Current Time = 23:32:34
90 Current Time = 23:34:40
Number of features: 100
0 Current Time = 23:36:48
10 Current Time = 23:41:16
20 Current Time = 23:45:48
30 Current Time = 23:50:25
40 Current Time = 23:54:52
50 Current Time = 23:59:26
60 Current Time = 00:03:52
70 Current Time = 00:08:18
80 Current Time = 00:12:41
90 Current Time = 00:17:08
Number of features: 500
0 Current Time = 00:21:23
10 Current Time = 00:43:18
20 Current Time = 01:05:32
30 Current Time = 01:27:39
40 Current Time = 01:50:39
50 Current Time = 02:13:38
60 Current Time = 02:36:36
70 Current Time = 02:59:35
80 Current Time = 03:22:50
90 Current Time = 03:45:22
Number of features: 1000
0 Current Time = 04:08:51
10 Current Time = 04:57:38
