Running job number  189
Start  189
End  190
outcome: 131168-0.0
Number of features: 5
0 Current Time = 23:12:46
10 Current Time = 23:13:19
20 Current Time = 23:13:52
30 Current Time = 23:14:25
40 Current Time = 23:14:58
50 Current Time = 23:15:31
60 Current Time = 23:16:03
70 Current Time = 23:16:36
80 Current Time = 23:17:09
90 Current Time = 23:17:43
Number of features: 50
0 Current Time = 23:18:15
10 Current Time = 23:20:19
20 Current Time = 23:22:22
30 Current Time = 23:24:25
40 Current Time = 23:26:30
50 Current Time = 23:28:34
60 Current Time = 23:30:36
70 Current Time = 23:32:41
80 Current Time = 23:34:47
90 Current Time = 23:36:51
Number of features: 100
0 Current Time = 23:38:57
10 Current Time = 23:43:03
20 Current Time = 23:47:14
30 Current Time = 23:51:44
40 Current Time = 23:56:13
50 Current Time = 00:00:48
60 Current Time = 00:05:33
70 Current Time = 00:10:16
80 Current Time = 00:15:23
90 Current Time = 00:20:28
Number of features: 500
0 Current Time = 00:25:17
10 Current Time = 00:50:25
20 Current Time = 01:15:18
30 Current Time = 01:40:30
40 Current Time = 02:04:11
50 Current Time = 02:27:47
60 Current Time = 02:51:52
70 Current Time = 03:15:55
80 Current Time = 03:39:54
90 Current Time = 04:04:20
Number of features: 1000
0 Current Time = 04:28:50
