Running job number  291
Start  291
End  292
outcome: 131444-0.0
Number of features: 5
0 Current Time = 23:19:12
10 Current Time = 23:19:48
20 Current Time = 23:20:24
30 Current Time = 23:21:01
40 Current Time = 23:21:37
50 Current Time = 23:22:14
60 Current Time = 23:22:52
70 Current Time = 23:23:29
80 Current Time = 23:24:07
90 Current Time = 23:24:42
Number of features: 50
0 Current Time = 23:25:20
10 Current Time = 23:27:51
20 Current Time = 23:30:20
30 Current Time = 23:32:48
40 Current Time = 23:35:18
50 Current Time = 23:37:47
60 Current Time = 23:40:14
70 Current Time = 23:42:43
80 Current Time = 23:45:13
90 Current Time = 23:47:41
Number of features: 100
0 Current Time = 23:50:11
10 Current Time = 23:55:03
20 Current Time = 23:59:59
30 Current Time = 00:04:49
40 Current Time = 00:09:41
50 Current Time = 00:14:30
60 Current Time = 00:19:11
70 Current Time = 00:23:58
80 Current Time = 00:28:45
90 Current Time = 00:33:32
Number of features: 500
0 Current Time = 00:38:17
10 Current Time = 01:02:02
20 Current Time = 01:25:51
30 Current Time = 01:49:58
40 Current Time = 02:13:34
50 Current Time = 02:37:13
60 Current Time = 03:00:49
70 Current Time = 03:24:36
80 Current Time = 03:48:21
90 Current Time = 04:12:02
Number of features: 1000
0 Current Time = 04:35:46
