Running job number  214
Start  214
End  215
outcome: 131240-0.0
Number of features: 5
0 Current Time = 23:14:58
10 Current Time = 23:15:32
20 Current Time = 23:16:06
30 Current Time = 23:16:40
40 Current Time = 23:17:14
50 Current Time = 23:17:48
60 Current Time = 23:18:21
70 Current Time = 23:18:55
80 Current Time = 23:19:28
90 Current Time = 23:20:02
Number of features: 50
0 Current Time = 23:20:34
10 Current Time = 23:22:46
20 Current Time = 23:25:02
30 Current Time = 23:27:16
40 Current Time = 23:29:30
50 Current Time = 23:31:40
60 Current Time = 23:33:56
70 Current Time = 23:36:11
80 Current Time = 23:38:28
90 Current Time = 23:40:41
Number of features: 100
0 Current Time = 23:42:55
10 Current Time = 23:47:29
20 Current Time = 23:52:02
30 Current Time = 23:56:32
40 Current Time = 00:00:52
50 Current Time = 00:05:25
60 Current Time = 00:10:03
70 Current Time = 00:14:28
80 Current Time = 00:18:47
90 Current Time = 00:23:05
Number of features: 500
0 Current Time = 00:27:44
10 Current Time = 00:51:01
20 Current Time = 01:14:48
30 Current Time = 01:39:14
40 Current Time = 02:03:12
50 Current Time = 02:26:56
60 Current Time = 02:50:25
70 Current Time = 03:13:53
80 Current Time = 03:37:17
90 Current Time = 04:00:35
Number of features: 1000
0 Current Time = 04:24:38
10 Current Time = 05:13:44
