Running job number  55
Start  55
End  56
outcome: 130656-0.0
Number of features: 5
0 Current Time = 23:08:01
10 Current Time = 23:08:39
20 Current Time = 23:09:17
30 Current Time = 23:09:53
40 Current Time = 23:10:29
50 Current Time = 23:11:06
60 Current Time = 23:11:43
70 Current Time = 23:12:21
80 Current Time = 23:12:57
90 Current Time = 23:13:33
Number of features: 50
0 Current Time = 23:14:11
10 Current Time = 23:16:42
20 Current Time = 23:19:11
30 Current Time = 23:21:43
40 Current Time = 23:24:07
50 Current Time = 23:26:27
60 Current Time = 23:28:53
70 Current Time = 23:31:24
80 Current Time = 23:33:55
90 Current Time = 23:36:25
Number of features: 100
0 Current Time = 23:38:56
10 Current Time = 23:44:15
20 Current Time = 23:49:27
30 Current Time = 23:54:28
40 Current Time = 23:59:17
50 Current Time = 00:04:10
60 Current Time = 00:08:55
70 Current Time = 00:13:47
80 Current Time = 00:18:33
90 Current Time = 00:23:24
Number of features: 500
0 Current Time = 00:28:07
10 Current Time = 00:53:09
20 Current Time = 01:17:57
30 Current Time = 01:43:29
40 Current Time = 02:08:57
50 Current Time = 02:34:33
60 Current Time = 03:00:30
70 Current Time = 03:26:44
80 Current Time = 03:52:36
90 Current Time = 04:18:06
Number of features: 1000
0 Current Time = 04:44:00
