Running job number  197
Start  197
End  198
outcome: 131192-0.0
Number of features: 5
0 Current Time = 01:49:04
10 Current Time = 01:49:37
20 Current Time = 01:50:10
30 Current Time = 01:50:45
40 Current Time = 01:51:17
50 Current Time = 01:51:50
60 Current Time = 01:52:23
70 Current Time = 01:52:57
80 Current Time = 01:53:30
90 Current Time = 01:54:05
Number of features: 50
0 Current Time = 01:54:40
10 Current Time = 01:56:53
20 Current Time = 01:59:05
30 Current Time = 02:01:17
40 Current Time = 02:03:29
50 Current Time = 02:05:41
60 Current Time = 02:07:54
70 Current Time = 02:10:07
80 Current Time = 02:12:19
90 Current Time = 02:14:33
Number of features: 100
0 Current Time = 02:16:48
10 Current Time = 02:21:11
20 Current Time = 02:25:35
30 Current Time = 02:29:58
40 Current Time = 02:34:20
50 Current Time = 02:38:42
60 Current Time = 02:43:02
70 Current Time = 02:47:23
80 Current Time = 02:51:46
90 Current Time = 02:56:14
Number of features: 500
0 Current Time = 03:00:35
10 Current Time = 03:22:46
20 Current Time = 03:45:05
30 Current Time = 04:07:26
40 Current Time = 04:29:43
50 Current Time = 04:52:01
60 Current Time = 05:14:24
70 Current Time = 05:36:46
80 Current Time = 05:58:59
90 Current Time = 06:21:15
Number of features: 1000
0 Current Time = 06:43:29
10 Current Time = 07:29:30
20 Current Time = 08:16:00
30 Current Time = 09:02:16
40 Current Time = 09:48:36
50 Current Time = 10:34:35
60 Current Time = 11:20:55
70 Current Time = 12:07:29
80 Current Time = 12:53:26
90 Current Time = 13:40:06
Number of features: 2923
Analyses complete. Current Time = 14:41:04
Results saved. All done. Current Time = 14:41:05
