Running job number  0
Start  0
End  1
outcome: 130004-0.0
Number of features: 5
0 Current Time = 06:12:16
10 Current Time = 06:12:47
20 Current Time = 06:13:18
30 Current Time = 06:13:49
40 Current Time = 06:14:19
Number of features: 50
0 Current Time = 06:14:50
10 Current Time = 06:16:39
20 Current Time = 06:18:27
30 Current Time = 06:20:16
40 Current Time = 06:22:03
Number of features: 100
0 Current Time = 06:23:51
10 Current Time = 06:27:27
20 Current Time = 06:31:02
30 Current Time = 06:34:44
40 Current Time = 06:38:11
Number of features: 500
0 Current Time = 06:41:36
10 Current Time = 06:59:47
20 Current Time = 07:16:57
30 Current Time = 07:34:12
40 Current Time = 07:51:30
Number of features: 1000
0 Current Time = 08:08:55
10 Current Time = 08:44:37
20 Current Time = 09:20:24
30 Current Time = 09:56:20
40 Current Time = 10:32:13
Number of features: 2923
