Running job number  361
Start  361
End  362
outcome: 131626-0.0
Number of features: 5
0 Current Time = 02:10:02
10 Current Time = 02:10:35
20 Current Time = 02:11:08
30 Current Time = 02:11:43
40 Current Time = 02:12:14
50 Current Time = 02:12:48
60 Current Time = 02:13:20
70 Current Time = 02:13:53
80 Current Time = 02:14:26
90 Current Time = 02:14:58
Number of features: 50
0 Current Time = 02:15:31
10 Current Time = 02:17:48
20 Current Time = 02:20:05
30 Current Time = 02:22:23
40 Current Time = 02:24:37
50 Current Time = 02:26:57
60 Current Time = 02:29:15
70 Current Time = 02:31:35
80 Current Time = 02:33:52
90 Current Time = 02:36:12
Number of features: 100
0 Current Time = 02:38:27
10 Current Time = 02:44:35
20 Current Time = 02:50:42
30 Current Time = 02:56:47
40 Current Time = 03:02:43
50 Current Time = 03:08:32
60 Current Time = 03:13:53
70 Current Time = 03:19:19
80 Current Time = 03:24:54
90 Current Time = 03:30:42
Number of features: 500
0 Current Time = 03:36:33
10 Current Time = 04:11:52
20 Current Time = 04:49:42
30 Current Time = 05:27:16
40 Current Time = 06:04:06
50 Current Time = 06:35:47
60 Current Time = 07:01:13
70 Current Time = 07:26:23
80 Current Time = 07:51:55
90 Current Time = 08:17:04
Number of features: 1000
0 Current Time = 08:41:26
10 Current Time = 09:35:35
20 Current Time = 10:31:28
