Running job number  208
Start  208
End  209
outcome: 131222-0.0
Number of features: 5
0 Current Time = 23:14:33
10 Current Time = 23:15:16
20 Current Time = 23:15:58
30 Current Time = 23:16:42
40 Current Time = 23:17:24
50 Current Time = 23:18:07
60 Current Time = 23:18:51
70 Current Time = 23:19:33
80 Current Time = 23:20:17
90 Current Time = 23:21:02
Number of features: 50
0 Current Time = 23:21:45
10 Current Time = 23:24:13
20 Current Time = 23:26:39
30 Current Time = 23:29:08
40 Current Time = 23:31:35
50 Current Time = 23:34:08
60 Current Time = 23:36:36
70 Current Time = 23:39:04
80 Current Time = 23:41:31
90 Current Time = 23:43:59
Number of features: 100
0 Current Time = 23:46:24
10 Current Time = 23:51:12
20 Current Time = 23:55:50
30 Current Time = 00:00:30
40 Current Time = 00:05:14
50 Current Time = 00:10:04
60 Current Time = 00:14:51
70 Current Time = 00:19:34
80 Current Time = 00:24:26
90 Current Time = 00:29:10
Number of features: 500
0 Current Time = 00:34:06
10 Current Time = 00:59:20
20 Current Time = 01:24:20
30 Current Time = 01:49:24
40 Current Time = 02:14:12
50 Current Time = 02:39:16
60 Current Time = 03:03:52
70 Current Time = 03:28:50
80 Current Time = 03:53:57
90 Current Time = 04:18:54
Number of features: 1000
0 Current Time = 04:43:51
