Running job number  531
Start  531
End  532
outcome: 132096-0.0
Number of features: 5
0 Current Time = 02:38:35
10 Current Time = 02:39:21
20 Current Time = 02:40:03
30 Current Time = 02:40:48
40 Current Time = 02:41:32
50 Current Time = 02:42:19
60 Current Time = 02:43:02
70 Current Time = 02:43:48
80 Current Time = 02:44:30
90 Current Time = 02:45:10
Number of features: 50
0 Current Time = 02:45:51
10 Current Time = 02:49:36
20 Current Time = 02:53:06
30 Current Time = 02:56:40
40 Current Time = 03:00:24
50 Current Time = 03:04:14
60 Current Time = 03:07:49
70 Current Time = 03:11:32
80 Current Time = 03:15:00
90 Current Time = 03:18:33
Number of features: 100
0 Current Time = 03:22:19
10 Current Time = 03:29:43
20 Current Time = 03:36:55
30 Current Time = 03:44:12
40 Current Time = 03:51:29
50 Current Time = 03:58:36
60 Current Time = 04:05:50
70 Current Time = 04:12:55
80 Current Time = 04:20:01
90 Current Time = 04:27:07
Number of features: 500
0 Current Time = 04:34:22
10 Current Time = 05:08:33
20 Current Time = 05:42:50
30 Current Time = 06:16:53
40 Current Time = 06:47:45
50 Current Time = 07:18:33
60 Current Time = 07:49:15
70 Current Time = 08:20:18
80 Current Time = 08:50:45
90 Current Time = 09:22:22
Number of features: 1000
0 Current Time = 09:53:53
