Running job number  369
Start  369
End  370
outcome: 131642-0.0
Number of features: 5
0 Current Time = 02:10:03
10 Current Time = 02:10:39
20 Current Time = 02:11:16
30 Current Time = 02:11:50
40 Current Time = 02:12:25
50 Current Time = 02:13:00
60 Current Time = 02:13:35
70 Current Time = 02:14:10
80 Current Time = 02:14:45
90 Current Time = 02:15:19
Number of features: 50
0 Current Time = 02:15:53
10 Current Time = 02:18:09
20 Current Time = 02:20:28
30 Current Time = 02:22:44
40 Current Time = 02:25:03
50 Current Time = 02:27:19
60 Current Time = 02:29:34
70 Current Time = 02:31:49
80 Current Time = 02:34:03
90 Current Time = 02:36:17
Number of features: 100
0 Current Time = 02:38:32
10 Current Time = 02:44:22
20 Current Time = 02:50:21
30 Current Time = 02:56:13
40 Current Time = 03:02:04
50 Current Time = 03:07:49
60 Current Time = 03:13:14
70 Current Time = 03:18:37
80 Current Time = 03:24:14
90 Current Time = 03:30:02
Number of features: 500
0 Current Time = 03:35:52
10 Current Time = 04:10:22
20 Current Time = 04:46:55
30 Current Time = 05:22:46
40 Current Time = 05:58:40
50 Current Time = 06:31:13
60 Current Time = 06:55:29
70 Current Time = 07:19:43
80 Current Time = 07:43:51
90 Current Time = 08:07:58
Number of features: 1000
0 Current Time = 08:31:37
10 Current Time = 09:23:21
20 Current Time = 10:16:45
