Running job number  353
Start  353
End  354
outcome: 131608-0.0
Number of features: 5
0 Current Time = 02:09:32
10 Current Time = 02:10:15
20 Current Time = 02:10:56
30 Current Time = 02:11:38
40 Current Time = 02:12:20
50 Current Time = 02:13:04
60 Current Time = 02:13:50
70 Current Time = 02:14:34
80 Current Time = 02:15:15
90 Current Time = 02:15:57
Number of features: 50
0 Current Time = 02:16:40
10 Current Time = 02:19:20
20 Current Time = 02:21:52
30 Current Time = 02:24:26
40 Current Time = 02:26:59
50 Current Time = 02:29:34
60 Current Time = 02:32:09
70 Current Time = 02:34:45
80 Current Time = 02:37:16
90 Current Time = 02:39:49
Number of features: 100
0 Current Time = 02:42:20
10 Current Time = 02:47:42
20 Current Time = 02:52:54
30 Current Time = 02:58:03
40 Current Time = 03:03:14
50 Current Time = 03:08:26
60 Current Time = 03:13:41
70 Current Time = 03:19:00
80 Current Time = 03:24:15
90 Current Time = 03:29:27
Number of features: 500
0 Current Time = 03:34:37
10 Current Time = 04:00:16
20 Current Time = 04:24:35
30 Current Time = 04:49:02
40 Current Time = 05:13:44
50 Current Time = 05:38:06
60 Current Time = 06:02:36
70 Current Time = 06:27:08
80 Current Time = 06:51:15
90 Current Time = 07:15:19
Number of features: 1000
0 Current Time = 07:39:36
10 Current Time = 08:30:39
20 Current Time = 09:20:47
