Running job number  175
Start  175
End  176
outcome: 131130-0.0
Number of features: 5
0 Current Time = 21:33:18
10 Current Time = 21:33:57
20 Current Time = 21:34:36
30 Current Time = 21:35:14
40 Current Time = 21:35:53
50 Current Time = 21:36:31
60 Current Time = 21:37:10
70 Current Time = 21:37:49
80 Current Time = 21:38:29
90 Current Time = 21:39:08
Number of features: 50
0 Current Time = 21:39:48
10 Current Time = 21:42:07
20 Current Time = 21:44:26
30 Current Time = 21:46:47
40 Current Time = 21:49:06
50 Current Time = 21:51:26
60 Current Time = 21:53:45
70 Current Time = 21:56:03
80 Current Time = 21:58:23
90 Current Time = 22:00:42
Number of features: 100
0 Current Time = 22:03:02
10 Current Time = 22:07:27
20 Current Time = 22:11:55
30 Current Time = 22:16:21
40 Current Time = 22:20:50
50 Current Time = 22:25:26
60 Current Time = 22:29:52
70 Current Time = 22:34:16
80 Current Time = 22:38:47
90 Current Time = 22:43:13
Number of features: 500
0 Current Time = 22:47:39
10 Current Time = 23:09:34
20 Current Time = 23:31:34
30 Current Time = 23:53:25
40 Current Time = 00:15:19
50 Current Time = 00:37:04
60 Current Time = 00:59:02
70 Current Time = 01:21:01
80 Current Time = 01:43:02
90 Current Time = 02:04:40
Number of features: 1000
0 Current Time = 02:26:41
10 Current Time = 03:11:53
20 Current Time = 03:58:17
30 Current Time = 04:43:32
40 Current Time = 05:29:08
50 Current Time = 06:14:19
60 Current Time = 06:58:32
70 Current Time = 07:42:43
80 Current Time = 08:27:07
90 Current Time = 09:10:26
Number of features: 2923
Analyses complete. Current Time = 10:05:16
Results saved. All done. Current Time = 10:05:17
