Running job number  487
Start  487
End  488
outcome: 131976-0.0
Number of features: 5
0 Current Time = 02:32:28
10 Current Time = 02:33:01
20 Current Time = 02:33:34
30 Current Time = 02:34:07
40 Current Time = 02:34:40
50 Current Time = 02:35:13
60 Current Time = 02:35:46
70 Current Time = 02:36:19
80 Current Time = 02:36:53
90 Current Time = 02:37:25
Number of features: 50
0 Current Time = 02:37:58
10 Current Time = 02:40:10
20 Current Time = 02:42:17
30 Current Time = 02:44:24
40 Current Time = 02:46:32
50 Current Time = 02:48:44
60 Current Time = 02:50:55
70 Current Time = 02:53:11
80 Current Time = 02:55:25
90 Current Time = 02:57:36
Number of features: 100
0 Current Time = 02:59:46
10 Current Time = 03:04:31
20 Current Time = 03:09:06
30 Current Time = 03:13:30
40 Current Time = 03:18:02
50 Current Time = 03:22:48
60 Current Time = 03:27:31
70 Current Time = 03:31:59
80 Current Time = 03:36:25
90 Current Time = 03:40:57
Number of features: 500
0 Current Time = 03:45:42
10 Current Time = 04:08:33
20 Current Time = 04:30:41
30 Current Time = 04:52:58
40 Current Time = 05:15:34
50 Current Time = 05:38:08
60 Current Time = 06:00:02
70 Current Time = 06:21:20
80 Current Time = 06:42:17
90 Current Time = 07:03:19
Number of features: 1000
0 Current Time = 07:24:32
10 Current Time = 08:08:03
20 Current Time = 08:51:30
30 Current Time = 09:34:57
