Running job number  149
Start  149
End  150
outcome: 131064-0.0
Number of features: 5
0 Current Time = 23:12:39
10 Current Time = 23:13:14
20 Current Time = 23:13:48
30 Current Time = 23:14:22
40 Current Time = 23:14:56
50 Current Time = 23:15:30
60 Current Time = 23:16:04
70 Current Time = 23:16:39
80 Current Time = 23:17:14
90 Current Time = 23:17:48
Number of features: 50
0 Current Time = 23:18:24
10 Current Time = 23:20:40
20 Current Time = 23:22:53
30 Current Time = 23:25:06
40 Current Time = 23:27:17
50 Current Time = 23:29:29
60 Current Time = 23:31:42
70 Current Time = 23:33:55
80 Current Time = 23:36:07
90 Current Time = 23:38:23
Number of features: 100
0 Current Time = 23:40:34
10 Current Time = 23:44:58
20 Current Time = 23:49:23
30 Current Time = 23:53:46
40 Current Time = 23:58:19
50 Current Time = 00:02:52
60 Current Time = 00:07:24
70 Current Time = 00:11:51
80 Current Time = 00:16:16
90 Current Time = 00:20:34
Number of features: 500
0 Current Time = 00:24:57
10 Current Time = 00:47:47
20 Current Time = 01:09:42
30 Current Time = 01:31:29
40 Current Time = 01:53:26
50 Current Time = 02:15:16
60 Current Time = 02:37:33
70 Current Time = 02:59:34
80 Current Time = 03:21:34
90 Current Time = 03:43:20
Number of features: 1000
0 Current Time = 04:05:22
10 Current Time = 04:50:43
