Running job number  25
Start  25
End  26
outcome: 130198-0.0
Number of features: 5
0 Current Time = 01:32:36
10 Current Time = 01:33:05
20 Current Time = 01:33:34
30 Current Time = 01:34:03
40 Current Time = 01:34:32
50 Current Time = 01:35:01
60 Current Time = 01:35:30
70 Current Time = 01:36:00
80 Current Time = 01:36:29
90 Current Time = 01:36:58
Number of features: 50
0 Current Time = 01:37:26
10 Current Time = 01:39:24
20 Current Time = 01:41:24
30 Current Time = 01:43:26
40 Current Time = 01:45:28
50 Current Time = 01:47:31
60 Current Time = 01:49:32
70 Current Time = 01:51:35
80 Current Time = 01:53:37
90 Current Time = 01:55:40
Number of features: 100
0 Current Time = 01:57:42
10 Current Time = 02:01:55
20 Current Time = 02:06:11
30 Current Time = 02:10:22
40 Current Time = 02:14:29
50 Current Time = 02:18:35
60 Current Time = 02:22:39
70 Current Time = 02:26:44
80 Current Time = 02:30:49
90 Current Time = 02:34:56
Number of features: 500
0 Current Time = 02:39:00
10 Current Time = 03:00:29
20 Current Time = 03:22:15
30 Current Time = 03:44:02
40 Current Time = 04:06:19
50 Current Time = 04:29:36
60 Current Time = 04:52:59
70 Current Time = 05:16:13
80 Current Time = 05:39:40
90 Current Time = 06:02:54
Number of features: 1000
0 Current Time = 06:25:52
10 Current Time = 07:15:30
20 Current Time = 08:05:20
30 Current Time = 08:55:30
40 Current Time = 09:45:47
50 Current Time = 10:36:05
60 Current Time = 11:26:33
70 Current Time = 12:16:42
80 Current Time = 13:07:12
90 Current Time = 13:57:37
Number of features: 2923
Analyses complete. Current Time = 15:03:29
Results saved. All done. Current Time = 15:03:30
