Running job number  64
Start  64
End  65
outcome: 130696-0.0
Number of features: 5
0 Current Time = 19:25:41
10 Current Time = 19:26:27
20 Current Time = 19:27:17
30 Current Time = 19:28:03
40 Current Time = 19:28:51
50 Current Time = 19:29:39
60 Current Time = 19:30:27
70 Current Time = 19:31:15
80 Current Time = 19:32:02
90 Current Time = 19:32:50
Number of features: 50
0 Current Time = 19:33:37
10 Current Time = 19:37:21
20 Current Time = 19:41:10
30 Current Time = 19:44:44
40 Current Time = 19:48:23
50 Current Time = 19:52:09
60 Current Time = 19:55:51
70 Current Time = 19:59:41
80 Current Time = 20:03:22
90 Current Time = 20:06:52
Number of features: 100
0 Current Time = 20:10:32
10 Current Time = 20:18:01
20 Current Time = 20:25:29
30 Current Time = 20:33:16
40 Current Time = 20:40:46
50 Current Time = 20:48:30
60 Current Time = 20:56:09
70 Current Time = 21:03:58
80 Current Time = 21:11:35
90 Current Time = 21:19:13
Number of features: 500
0 Current Time = 21:26:38
10 Current Time = 22:06:10
20 Current Time = 22:45:58
30 Current Time = 23:25:44
40 Current Time = 00:03:18
50 Current Time = 00:41:12
60 Current Time = 01:18:32
70 Current Time = 01:55:38
80 Current Time = 02:32:43
90 Current Time = 03:11:32
Number of features: 1000
0 Current Time = 03:49:54
10 Current Time = 05:16:45
20 Current Time = 06:42:42
30 Current Time = 08:02:16
40 Current Time = 09:24:03
