Running job number  105
Start  105
End  106
outcome: 130858-0.0
Number of features: 5
0 Current Time = 01:47:42
10 Current Time = 01:48:09
20 Current Time = 01:48:38
30 Current Time = 01:49:06
40 Current Time = 01:49:33
50 Current Time = 01:50:02
60 Current Time = 01:50:30
70 Current Time = 01:50:58
80 Current Time = 01:51:26
90 Current Time = 01:51:54
Number of features: 50
0 Current Time = 01:52:21
10 Current Time = 01:54:06
20 Current Time = 01:55:48
30 Current Time = 01:57:30
40 Current Time = 01:59:13
50 Current Time = 02:00:54
60 Current Time = 02:02:36
70 Current Time = 02:04:16
80 Current Time = 02:05:58
90 Current Time = 02:07:39
Number of features: 100
0 Current Time = 02:09:20
10 Current Time = 02:12:37
20 Current Time = 02:15:57
30 Current Time = 02:19:14
40 Current Time = 02:22:29
50 Current Time = 02:25:46
60 Current Time = 02:29:07
70 Current Time = 02:32:24
80 Current Time = 02:35:40
90 Current Time = 02:38:56
Number of features: 500
0 Current Time = 02:42:16
10 Current Time = 03:00:10
20 Current Time = 03:18:01
30 Current Time = 03:35:49
40 Current Time = 03:53:38
50 Current Time = 04:11:29
60 Current Time = 04:29:37
70 Current Time = 04:47:36
80 Current Time = 05:05:53
90 Current Time = 05:23:51
Number of features: 1000
0 Current Time = 05:41:45
10 Current Time = 06:19:11
20 Current Time = 06:56:17
30 Current Time = 07:33:37
40 Current Time = 08:10:47
50 Current Time = 08:47:56
60 Current Time = 09:25:05
70 Current Time = 10:02:41
80 Current Time = 10:40:16
90 Current Time = 11:17:48
Number of features: 2923
Analyses complete. Current Time = 12:05:45
Results saved. All done. Current Time = 12:05:46
