Running job number  205
Start  205
End  206
outcome: 131214-0.0
Number of features: 5
0 Current Time = 01:49:04
10 Current Time = 01:49:35
20 Current Time = 01:50:07
30 Current Time = 01:50:38
40 Current Time = 01:51:09
50 Current Time = 01:51:40
60 Current Time = 01:52:12
70 Current Time = 01:52:43
80 Current Time = 01:53:14
90 Current Time = 01:53:45
Number of features: 50
0 Current Time = 01:54:17
10 Current Time = 01:56:21
20 Current Time = 01:58:25
30 Current Time = 02:00:28
40 Current Time = 02:02:30
50 Current Time = 02:04:35
60 Current Time = 02:06:41
70 Current Time = 02:08:45
80 Current Time = 02:10:49
90 Current Time = 02:12:54
Number of features: 100
0 Current Time = 02:14:58
10 Current Time = 02:19:06
20 Current Time = 02:23:20
30 Current Time = 02:27:38
40 Current Time = 02:31:53
50 Current Time = 02:36:10
60 Current Time = 02:40:25
70 Current Time = 02:44:44
80 Current Time = 02:49:02
90 Current Time = 02:53:17
Number of features: 500
0 Current Time = 02:57:31
10 Current Time = 03:19:20
20 Current Time = 03:41:15
30 Current Time = 04:03:06
40 Current Time = 04:25:05
50 Current Time = 04:46:57
60 Current Time = 05:08:58
70 Current Time = 05:30:53
80 Current Time = 05:52:56
90 Current Time = 06:14:48
Number of features: 1000
0 Current Time = 06:36:39
10 Current Time = 07:22:02
20 Current Time = 08:07:25
30 Current Time = 08:52:49
40 Current Time = 09:38:25
50 Current Time = 10:23:54
60 Current Time = 11:09:47
70 Current Time = 11:55:17
80 Current Time = 12:40:51
90 Current Time = 13:26:20
Number of features: 2923
Analyses complete. Current Time = 14:25:08
Results saved. All done. Current Time = 14:25:09
