Running job number  404
Start  404
End  405
outcome: 131738-0.0
Number of features: 5
0 Current Time = 02:17:57
10 Current Time = 02:18:40
20 Current Time = 02:19:22
30 Current Time = 02:20:02
40 Current Time = 02:20:44
50 Current Time = 02:21:25
60 Current Time = 02:22:06
70 Current Time = 02:22:46
80 Current Time = 02:23:27
90 Current Time = 02:24:08
Number of features: 50
0 Current Time = 02:24:49
10 Current Time = 02:27:17
20 Current Time = 02:29:45
30 Current Time = 02:32:10
40 Current Time = 02:34:36
50 Current Time = 02:37:02
60 Current Time = 02:39:31
70 Current Time = 02:41:57
80 Current Time = 02:44:21
90 Current Time = 02:46:48
Number of features: 100
0 Current Time = 02:49:12
10 Current Time = 02:54:05
20 Current Time = 02:58:57
30 Current Time = 03:03:43
40 Current Time = 03:08:37
50 Current Time = 03:13:32
60 Current Time = 03:18:16
70 Current Time = 03:22:59
80 Current Time = 03:27:45
90 Current Time = 03:32:27
Number of features: 500
0 Current Time = 03:37:17
10 Current Time = 04:02:43
20 Current Time = 04:27:05
30 Current Time = 04:51:02
40 Current Time = 05:16:13
50 Current Time = 05:40:41
60 Current Time = 06:05:12
70 Current Time = 06:29:17
80 Current Time = 06:53:25
90 Current Time = 07:17:42
Number of features: 1000
0 Current Time = 07:42:02
10 Current Time = 08:31:26
20 Current Time = 09:18:50
30 Current Time = 10:05:32
