Running job number  291
Start  291
End  292
outcome: 131444-0.0
Number of features: 5
0 Current Time = 01:54:39
10 Current Time = 01:55:15
20 Current Time = 01:55:50
30 Current Time = 01:56:26
40 Current Time = 01:57:02
50 Current Time = 01:57:39
60 Current Time = 01:58:17
70 Current Time = 01:58:55
80 Current Time = 01:59:33
90 Current Time = 02:00:08
Number of features: 50
0 Current Time = 02:00:48
10 Current Time = 02:03:26
20 Current Time = 02:06:05
30 Current Time = 02:08:42
40 Current Time = 02:11:12
50 Current Time = 02:13:44
60 Current Time = 02:16:09
70 Current Time = 02:18:38
80 Current Time = 02:21:07
90 Current Time = 02:23:34
Number of features: 100
0 Current Time = 02:26:06
10 Current Time = 02:31:07
20 Current Time = 02:36:07
30 Current Time = 02:41:12
40 Current Time = 02:46:13
50 Current Time = 02:51:08
60 Current Time = 02:56:07
70 Current Time = 03:01:28
80 Current Time = 03:06:40
90 Current Time = 03:11:33
Number of features: 500
0 Current Time = 03:16:29
10 Current Time = 03:41:46
20 Current Time = 04:07:27
30 Current Time = 04:33:15
40 Current Time = 04:58:18
50 Current Time = 05:23:24
60 Current Time = 05:48:19
70 Current Time = 06:12:57
80 Current Time = 06:37:26
90 Current Time = 07:01:36
Number of features: 1000
0 Current Time = 07:25:46
10 Current Time = 08:15:32
20 Current Time = 09:02:57
30 Current Time = 09:54:21
40 Current Time = 10:49:14
50 Current Time = 11:46:52
60 Current Time = 12:44:29
70 Current Time = 13:33:04
80 Current Time = 14:22:10
90 Current Time = 15:14:16
Number of features: 2923
Analyses complete. Current Time = 16:20:48
Results saved. All done. Current Time = 16:20:49
