Running job number  89
Start  89
End  90
outcome: 130816-0.0
Number of features: 5
0 Current Time = 23:07:58
10 Current Time = 23:08:30
20 Current Time = 23:09:01
30 Current Time = 23:09:33
40 Current Time = 23:10:04
50 Current Time = 23:10:36
60 Current Time = 23:11:09
70 Current Time = 23:11:40
80 Current Time = 23:12:11
90 Current Time = 23:12:42
Number of features: 50
0 Current Time = 23:13:15
10 Current Time = 23:15:21
20 Current Time = 23:17:26
30 Current Time = 23:19:30
40 Current Time = 23:21:37
50 Current Time = 23:23:43
60 Current Time = 23:25:48
70 Current Time = 23:27:54
80 Current Time = 23:29:59
90 Current Time = 23:32:04
Number of features: 100
0 Current Time = 23:34:07
10 Current Time = 23:38:09
20 Current Time = 23:42:12
30 Current Time = 23:46:09
40 Current Time = 23:50:11
50 Current Time = 23:54:12
60 Current Time = 23:58:21
70 Current Time = 00:02:29
80 Current Time = 00:06:39
90 Current Time = 00:10:53
Number of features: 500
0 Current Time = 00:15:13
10 Current Time = 00:37:17
20 Current Time = 00:59:03
30 Current Time = 01:21:33
40 Current Time = 01:44:08
50 Current Time = 02:06:54
60 Current Time = 02:28:37
70 Current Time = 02:50:23
80 Current Time = 03:12:53
90 Current Time = 03:34:56
Number of features: 1000
0 Current Time = 03:57:13
10 Current Time = 04:42:36
