Running job number  600
Start  600
End  601
outcome: 132522-0.0
Number of features: 5
0 Current Time = 02:48:34
10 Current Time = 02:49:11
20 Current Time = 02:49:48
30 Current Time = 02:50:25
40 Current Time = 02:51:01
50 Current Time = 02:51:39
60 Current Time = 02:52:17
70 Current Time = 02:52:54
80 Current Time = 02:53:30
90 Current Time = 02:54:06
Number of features: 50
0 Current Time = 02:54:44
10 Current Time = 02:57:23
20 Current Time = 03:00:00
30 Current Time = 03:02:38
40 Current Time = 03:05:17
50 Current Time = 03:07:52
60 Current Time = 03:10:26
70 Current Time = 03:12:58
80 Current Time = 03:15:28
90 Current Time = 03:18:04
Number of features: 100
0 Current Time = 03:20:48
10 Current Time = 03:26:00
20 Current Time = 03:31:02
30 Current Time = 03:36:10
40 Current Time = 03:41:13
50 Current Time = 03:46:25
60 Current Time = 03:51:33
70 Current Time = 03:56:31
80 Current Time = 04:01:36
90 Current Time = 04:06:46
Number of features: 500
0 Current Time = 04:11:52
10 Current Time = 04:36:58
20 Current Time = 05:01:42
30 Current Time = 05:26:36
40 Current Time = 05:51:30
50 Current Time = 06:15:13
60 Current Time = 06:37:15
70 Current Time = 06:58:11
80 Current Time = 07:19:11
90 Current Time = 07:40:17
Number of features: 1000
0 Current Time = 08:01:14
10 Current Time = 08:44:31
20 Current Time = 09:27:54
