Running job number  553
Start  553
End  554
outcome: 132144-0.0
Number of features: 5
0 Current Time = 02:42:42
10 Current Time = 02:43:26
20 Current Time = 02:44:10
30 Current Time = 02:44:53
40 Current Time = 02:45:36
50 Current Time = 02:46:20
60 Current Time = 02:47:03
70 Current Time = 02:47:49
80 Current Time = 02:48:31
90 Current Time = 02:49:13
Number of features: 50
0 Current Time = 02:49:56
10 Current Time = 02:52:39
20 Current Time = 02:55:29
30 Current Time = 02:58:24
40 Current Time = 03:01:09
50 Current Time = 03:03:57
60 Current Time = 03:06:45
70 Current Time = 03:09:34
80 Current Time = 03:12:19
90 Current Time = 03:15:05
Number of features: 100
0 Current Time = 03:17:53
10 Current Time = 03:23:19
20 Current Time = 03:28:44
30 Current Time = 03:34:16
40 Current Time = 03:39:46
50 Current Time = 03:45:11
60 Current Time = 03:50:34
70 Current Time = 03:56:11
80 Current Time = 04:01:38
90 Current Time = 04:06:59
Number of features: 500
0 Current Time = 04:12:27
10 Current Time = 04:37:44
20 Current Time = 05:01:59
30 Current Time = 05:26:14
40 Current Time = 05:50:46
50 Current Time = 06:15:10
60 Current Time = 06:38:32
70 Current Time = 07:01:46
80 Current Time = 07:25:09
90 Current Time = 07:48:16
Number of features: 1000
0 Current Time = 08:11:25
10 Current Time = 08:58:04
20 Current Time = 09:45:29
