Running job number  92
Start  92
End  93
outcome: 130824-0.0
Number of features: 5
0 Current Time = 23:07:44
10 Current Time = 23:08:17
20 Current Time = 23:08:49
30 Current Time = 23:09:20
40 Current Time = 23:09:52
50 Current Time = 23:10:23
60 Current Time = 23:10:55
70 Current Time = 23:11:27
80 Current Time = 23:11:59
90 Current Time = 23:12:32
Number of features: 50
0 Current Time = 23:13:04
10 Current Time = 23:15:19
20 Current Time = 23:17:31
30 Current Time = 23:19:37
40 Current Time = 23:21:40
50 Current Time = 23:23:45
60 Current Time = 23:25:48
70 Current Time = 23:27:52
80 Current Time = 23:29:53
90 Current Time = 23:31:54
Number of features: 100
0 Current Time = 23:33:53
10 Current Time = 23:37:54
20 Current Time = 23:41:52
30 Current Time = 23:45:52
40 Current Time = 23:50:02
50 Current Time = 23:54:31
60 Current Time = 23:58:53
70 Current Time = 00:03:02
80 Current Time = 00:07:23
90 Current Time = 00:11:21
Number of features: 500
0 Current Time = 00:15:12
10 Current Time = 00:35:31
20 Current Time = 00:56:02
30 Current Time = 01:17:16
40 Current Time = 01:38:25
50 Current Time = 01:59:45
60 Current Time = 02:20:38
70 Current Time = 02:42:23
80 Current Time = 03:04:07
90 Current Time = 03:25:12
Number of features: 1000
0 Current Time = 03:46:17
10 Current Time = 04:30:18
