Running job number  184
Start  184
End  185
outcome: 131154-0.0
Number of features: 5
0 Current Time = 21:33:17
10 Current Time = 21:33:56
20 Current Time = 21:34:35
30 Current Time = 21:35:13
40 Current Time = 21:35:53
50 Current Time = 21:36:32
60 Current Time = 21:37:11
70 Current Time = 21:37:50
80 Current Time = 21:38:29
90 Current Time = 21:39:08
Number of features: 50
0 Current Time = 21:39:47
10 Current Time = 21:41:55
20 Current Time = 21:44:04
30 Current Time = 21:46:15
40 Current Time = 21:48:27
50 Current Time = 21:50:38
60 Current Time = 21:52:47
70 Current Time = 21:54:56
80 Current Time = 21:57:07
90 Current Time = 21:59:17
Number of features: 100
0 Current Time = 22:01:28
10 Current Time = 22:05:42
20 Current Time = 22:09:55
30 Current Time = 22:14:13
40 Current Time = 22:18:30
50 Current Time = 22:22:47
60 Current Time = 22:27:03
70 Current Time = 22:31:19
80 Current Time = 22:35:36
90 Current Time = 22:39:49
Number of features: 500
0 Current Time = 22:44:00
10 Current Time = 23:05:06
20 Current Time = 23:26:13
30 Current Time = 23:47:21
40 Current Time = 00:08:37
50 Current Time = 00:30:05
60 Current Time = 00:51:19
70 Current Time = 01:12:36
80 Current Time = 01:34:38
90 Current Time = 01:56:24
Number of features: 1000
0 Current Time = 02:18:04
10 Current Time = 03:02:26
20 Current Time = 03:46:54
30 Current Time = 04:30:52
40 Current Time = 05:15:42
50 Current Time = 06:00:36
60 Current Time = 06:44:57
70 Current Time = 07:29:25
80 Current Time = 08:13:43
90 Current Time = 08:58:03
Number of features: 2923
Analyses complete. Current Time = 09:54:49
Results saved. All done. Current Time = 09:54:50
