Running job number  549
Start  549
End  550
outcome: 132136-0.0
Number of features: 5
0 Current Time = 02:42:48
10 Current Time = 02:43:40
20 Current Time = 02:44:31
30 Current Time = 02:45:22
40 Current Time = 02:46:13
50 Current Time = 02:47:05
60 Current Time = 02:47:56
70 Current Time = 02:48:47
80 Current Time = 02:49:40
90 Current Time = 02:50:31
Number of features: 50
0 Current Time = 02:51:24
10 Current Time = 02:55:02
20 Current Time = 02:58:50
30 Current Time = 03:02:25
40 Current Time = 03:05:58
50 Current Time = 03:09:34
60 Current Time = 03:13:13
70 Current Time = 03:17:00
80 Current Time = 03:20:46
90 Current Time = 03:24:08
Number of features: 100
0 Current Time = 03:27:40
10 Current Time = 03:34:46
20 Current Time = 03:42:10
30 Current Time = 03:49:13
40 Current Time = 03:56:09
50 Current Time = 04:03:36
60 Current Time = 04:10:18
70 Current Time = 04:16:52
80 Current Time = 04:23:48
90 Current Time = 04:30:21
Number of features: 500
0 Current Time = 04:37:18
10 Current Time = 05:09:44
20 Current Time = 05:42:13
30 Current Time = 06:14:40
40 Current Time = 06:46:11
50 Current Time = 07:16:25
60 Current Time = 07:46:58
70 Current Time = 08:17:26
80 Current Time = 08:47:52
90 Current Time = 09:19:05
Number of features: 1000
0 Current Time = 09:49:39
