Running job number  587
Start  587
End  588
outcome: 132264-0.0
Number of features: 5
0 Current Time = 02:45:25
10 Current Time = 02:46:25
20 Current Time = 02:47:26
30 Current Time = 02:48:27
40 Current Time = 02:49:30
50 Current Time = 02:50:32
60 Current Time = 02:51:34
70 Current Time = 02:52:35
80 Current Time = 02:53:37
90 Current Time = 02:54:37
Number of features: 50
0 Current Time = 02:55:36
10 Current Time = 02:59:17
20 Current Time = 03:02:54
30 Current Time = 03:06:49
40 Current Time = 03:10:31
50 Current Time = 03:14:14
60 Current Time = 03:17:57
70 Current Time = 03:21:42
80 Current Time = 03:25:25
90 Current Time = 03:29:11
Number of features: 100
0 Current Time = 03:33:00
10 Current Time = 03:39:56
20 Current Time = 03:46:55
30 Current Time = 03:54:12
40 Current Time = 04:01:10
50 Current Time = 04:08:22
60 Current Time = 04:15:32
70 Current Time = 04:22:34
80 Current Time = 04:29:09
90 Current Time = 04:35:31
Number of features: 500
0 Current Time = 04:41:46
10 Current Time = 05:11:57
20 Current Time = 05:41:57
30 Current Time = 06:10:57
40 Current Time = 06:39:44
50 Current Time = 07:08:38
60 Current Time = 07:37:43
70 Current Time = 08:06:11
80 Current Time = 08:34:35
90 Current Time = 09:02:51
Number of features: 1000
0 Current Time = 09:30:45
10 Current Time = 10:25:33
