Running job number  257
Start  257
End  258
outcome: 131360-0.0
Number of features: 5
0 Current Time = 01:52:00
10 Current Time = 01:52:37
20 Current Time = 01:53:14
30 Current Time = 01:53:51
40 Current Time = 01:54:27
50 Current Time = 01:55:03
60 Current Time = 01:55:38
70 Current Time = 01:56:13
80 Current Time = 01:56:47
90 Current Time = 01:57:22
Number of features: 50
0 Current Time = 01:57:55
10 Current Time = 02:00:32
20 Current Time = 02:03:12
30 Current Time = 02:05:51
40 Current Time = 02:08:31
50 Current Time = 02:11:12
60 Current Time = 02:13:51
70 Current Time = 02:16:28
80 Current Time = 02:19:06
90 Current Time = 02:21:42
Number of features: 100
0 Current Time = 02:24:17
10 Current Time = 02:29:38
20 Current Time = 02:35:05
30 Current Time = 02:40:42
40 Current Time = 02:46:12
50 Current Time = 02:51:43
60 Current Time = 02:56:59
70 Current Time = 03:02:29
80 Current Time = 03:07:57
90 Current Time = 03:13:25
Number of features: 500
0 Current Time = 03:18:49
10 Current Time = 03:49:58
20 Current Time = 04:20:55
30 Current Time = 04:51:59
40 Current Time = 05:22:14
50 Current Time = 05:47:54
60 Current Time = 06:12:38
70 Current Time = 06:38:04
80 Current Time = 07:03:38
90 Current Time = 07:29:09
Number of features: 1000
0 Current Time = 07:54:43
10 Current Time = 08:48:30
20 Current Time = 09:47:12
30 Current Time = 10:46:14
40 Current Time = 11:46:32
50 Current Time = 12:44:16
60 Current Time = 13:40:32
70 Current Time = 14:34:37
80 Current Time = 15:28:27
90 Current Time = 16:19:11
Number of features: 2923
Analyses complete. Current Time = 17:21:25
Results saved. All done. Current Time = 17:21:26
