Running job number  358
Start  358
End  359
outcome: 131618-0.0
Number of features: 5
0 Current Time = 02:10:07
10 Current Time = 02:11:15
20 Current Time = 02:12:24
30 Current Time = 02:13:32
40 Current Time = 02:14:39
50 Current Time = 02:15:47
60 Current Time = 02:16:57
70 Current Time = 02:18:05
80 Current Time = 02:19:15
90 Current Time = 02:20:22
Number of features: 50
0 Current Time = 02:21:29
10 Current Time = 02:27:40
20 Current Time = 02:33:59
30 Current Time = 02:40:13
40 Current Time = 02:46:23
50 Current Time = 02:52:34
60 Current Time = 02:58:48
70 Current Time = 03:05:02
80 Current Time = 03:11:13
90 Current Time = 03:17:14
Number of features: 100
0 Current Time = 03:23:24
10 Current Time = 03:35:43
20 Current Time = 03:47:49
30 Current Time = 03:59:59
40 Current Time = 04:11:54
50 Current Time = 04:24:04
60 Current Time = 04:36:07
70 Current Time = 04:48:22
80 Current Time = 05:00:27
90 Current Time = 05:12:24
Number of features: 500
0 Current Time = 05:24:39
10 Current Time = 06:27:45
20 Current Time = 07:30:35
30 Current Time = 08:32:31
40 Current Time = 09:34:24
