Running job number  292
Start  292
End  293
outcome: 131446-0.0
Number of features: 5
0 Current Time = 01:56:22
10 Current Time = 01:57:01
20 Current Time = 01:57:41
30 Current Time = 01:58:21
40 Current Time = 01:59:00
50 Current Time = 01:59:37
60 Current Time = 02:00:16
70 Current Time = 02:00:56
80 Current Time = 02:01:36
90 Current Time = 02:02:14
Number of features: 50
0 Current Time = 02:02:53
10 Current Time = 02:05:43
20 Current Time = 02:08:37
30 Current Time = 02:11:28
40 Current Time = 02:14:22
50 Current Time = 02:17:22
60 Current Time = 02:20:20
70 Current Time = 02:23:20
80 Current Time = 02:26:18
90 Current Time = 02:29:09
Number of features: 100
0 Current Time = 02:31:54
10 Current Time = 02:37:14
20 Current Time = 02:42:41
30 Current Time = 02:48:08
40 Current Time = 02:53:45
50 Current Time = 02:59:15
60 Current Time = 03:04:22
70 Current Time = 03:09:48
80 Current Time = 03:15:23
90 Current Time = 03:21:02
Number of features: 500
0 Current Time = 03:26:34
10 Current Time = 03:52:56
20 Current Time = 04:18:48
30 Current Time = 04:45:06
40 Current Time = 05:11:05
50 Current Time = 05:37:21
60 Current Time = 06:03:40
70 Current Time = 06:29:53
80 Current Time = 06:56:00
90 Current Time = 07:22:52
Number of features: 1000
0 Current Time = 07:50:02
10 Current Time = 08:43:46
20 Current Time = 09:37:12
30 Current Time = 10:28:43
40 Current Time = 11:19:18
50 Current Time = 12:11:54
60 Current Time = 13:05:30
70 Current Time = 13:54:53
80 Current Time = 14:44:06
90 Current Time = 15:31:35
Number of features: 2923
Analyses complete. Current Time = 16:31:40
Results saved. All done. Current Time = 16:31:41
