Running job number  571
Start  571
End  572
outcome: 132206-0.0
Number of features: 5
0 Current Time = 02:42:37
10 Current Time = 02:43:27
20 Current Time = 02:44:16
30 Current Time = 02:45:05
40 Current Time = 02:45:53
50 Current Time = 02:46:40
60 Current Time = 02:47:29
70 Current Time = 02:48:16
80 Current Time = 02:49:04
90 Current Time = 02:49:52
Number of features: 50
0 Current Time = 02:50:40
10 Current Time = 02:53:48
20 Current Time = 02:56:51
30 Current Time = 02:59:58
40 Current Time = 03:02:51
50 Current Time = 03:05:47
60 Current Time = 03:08:33
70 Current Time = 03:11:19
80 Current Time = 03:14:11
90 Current Time = 03:17:06
Number of features: 100
0 Current Time = 03:20:10
10 Current Time = 03:26:23
20 Current Time = 03:32:25
30 Current Time = 03:37:53
40 Current Time = 03:43:20
50 Current Time = 03:48:40
60 Current Time = 03:53:59
70 Current Time = 03:59:21
80 Current Time = 04:04:46
90 Current Time = 04:09:55
Number of features: 500
0 Current Time = 04:15:11
10 Current Time = 04:41:00
20 Current Time = 05:05:41
30 Current Time = 05:28:40
40 Current Time = 05:50:20
50 Current Time = 06:11:29
60 Current Time = 06:32:34
70 Current Time = 06:53:23
80 Current Time = 07:13:56
90 Current Time = 07:35:35
Number of features: 1000
0 Current Time = 07:57:02
10 Current Time = 08:43:37
20 Current Time = 09:25:01
30 Current Time = 10:06:52
