Running job number  84
Start  84
End  85
outcome: 130784-0.0
Number of features: 5
0 Current Time = 01:33:42
10 Current Time = 01:34:11
20 Current Time = 01:34:40
30 Current Time = 01:35:09
40 Current Time = 01:35:38
50 Current Time = 01:36:07
60 Current Time = 01:36:36
70 Current Time = 01:37:05
80 Current Time = 01:37:33
90 Current Time = 01:38:02
Number of features: 50
0 Current Time = 01:38:31
10 Current Time = 01:40:17
20 Current Time = 01:42:02
30 Current Time = 01:43:48
40 Current Time = 01:45:33
50 Current Time = 01:47:20
60 Current Time = 01:49:07
70 Current Time = 01:50:51
80 Current Time = 01:52:38
90 Current Time = 01:54:23
Number of features: 100
0 Current Time = 01:56:09
10 Current Time = 01:59:27
20 Current Time = 02:02:43
30 Current Time = 02:06:00
40 Current Time = 02:09:15
50 Current Time = 02:12:30
60 Current Time = 02:15:40
70 Current Time = 02:18:55
80 Current Time = 02:22:05
90 Current Time = 02:25:41
Number of features: 500
0 Current Time = 02:29:30
10 Current Time = 02:47:59
20 Current Time = 03:05:46
30 Current Time = 03:23:34
40 Current Time = 03:42:56
50 Current Time = 04:00:58
60 Current Time = 04:18:41
70 Current Time = 04:36:15
80 Current Time = 04:54:14
90 Current Time = 05:11:11
Number of features: 1000
0 Current Time = 05:28:00
10 Current Time = 06:04:25
20 Current Time = 06:40:51
30 Current Time = 07:16:57
40 Current Time = 07:53:25
50 Current Time = 08:29:15
60 Current Time = 09:05:08
70 Current Time = 09:41:35
80 Current Time = 10:17:51
90 Current Time = 10:54:05
Number of features: 2923
Analyses complete. Current Time = 11:40:58
Results saved. All done. Current Time = 11:40:59
