Running job number  272
Start  272
End  273
outcome: 131396-0.0
Number of features: 5
0 Current Time = 01:33:36
10 Current Time = 01:34:18
20 Current Time = 01:35:01
30 Current Time = 01:35:43
40 Current Time = 01:36:26
50 Current Time = 01:37:10
60 Current Time = 01:37:52
70 Current Time = 01:38:36
80 Current Time = 01:39:18
90 Current Time = 01:40:01
Number of features: 50
0 Current Time = 01:40:45
10 Current Time = 01:43:21
20 Current Time = 01:45:58
30 Current Time = 01:48:35
40 Current Time = 01:51:11
50 Current Time = 01:53:47
60 Current Time = 01:56:28
70 Current Time = 01:59:07
80 Current Time = 02:01:43
90 Current Time = 02:04:27
Number of features: 100
0 Current Time = 02:07:05
10 Current Time = 02:12:19
20 Current Time = 02:17:23
30 Current Time = 02:22:31
40 Current Time = 02:27:40
50 Current Time = 02:32:45
60 Current Time = 02:37:55
70 Current Time = 02:43:04
80 Current Time = 02:48:24
90 Current Time = 02:53:34
Number of features: 500
0 Current Time = 02:58:38
10 Current Time = 03:26:31
20 Current Time = 03:53:22
30 Current Time = 04:20:36
40 Current Time = 04:48:20
50 Current Time = 05:15:36
60 Current Time = 05:44:26
70 Current Time = 06:13:22
80 Current Time = 06:42:26
90 Current Time = 07:11:20
Number of features: 1000
0 Current Time = 07:40:05
10 Current Time = 08:39:52
20 Current Time = 09:39:23
