Running job number  97
Start  97
End  98
outcome: 130836-0.0
Number of features: 5
0 Current Time = 01:33:39
10 Current Time = 01:34:25
20 Current Time = 01:35:10
30 Current Time = 01:35:56
40 Current Time = 01:36:41
50 Current Time = 01:37:28
60 Current Time = 01:38:15
70 Current Time = 01:39:01
80 Current Time = 01:39:47
90 Current Time = 01:40:33
Number of features: 50
0 Current Time = 01:41:19
10 Current Time = 01:43:44
20 Current Time = 01:46:08
30 Current Time = 01:48:34
40 Current Time = 01:50:58
50 Current Time = 01:53:23
60 Current Time = 01:55:54
70 Current Time = 01:58:15
80 Current Time = 02:00:35
90 Current Time = 02:02:58
Number of features: 100
0 Current Time = 02:05:22
10 Current Time = 02:09:41
20 Current Time = 02:14:05
30 Current Time = 02:18:27
40 Current Time = 02:22:45
50 Current Time = 02:27:04
60 Current Time = 02:31:27
70 Current Time = 02:35:49
80 Current Time = 02:40:08
90 Current Time = 02:44:46
Number of features: 500
0 Current Time = 02:49:13
10 Current Time = 03:12:03
20 Current Time = 03:35:14
30 Current Time = 03:57:47
40 Current Time = 04:20:12
50 Current Time = 04:43:28
60 Current Time = 05:06:42
70 Current Time = 05:30:07
80 Current Time = 05:52:48
90 Current Time = 06:15:56
Number of features: 1000
0 Current Time = 06:39:43
10 Current Time = 07:28:07
20 Current Time = 08:16:39
30 Current Time = 09:04:26
40 Current Time = 09:51:22
50 Current Time = 10:39:17
60 Current Time = 11:28:16
70 Current Time = 12:17:34
80 Current Time = 13:04:27
90 Current Time = 13:50:48
Number of features: 2923
Analyses complete. Current Time = 14:51:35
Results saved. All done. Current Time = 14:51:35
