Running job number  83
Start  83
End  84
outcome: 130774-0.0
Number of features: 5
0 Current Time = 23:08:02
10 Current Time = 23:08:44
20 Current Time = 23:09:26
30 Current Time = 23:10:11
40 Current Time = 23:10:53
50 Current Time = 23:11:37
60 Current Time = 23:12:21
70 Current Time = 23:13:05
80 Current Time = 23:13:51
90 Current Time = 23:14:35
Number of features: 50
0 Current Time = 23:15:21
10 Current Time = 23:18:17
20 Current Time = 23:21:08
30 Current Time = 23:23:57
40 Current Time = 23:26:43
50 Current Time = 23:29:29
60 Current Time = 23:32:11
70 Current Time = 23:35:00
80 Current Time = 23:37:51
90 Current Time = 23:40:39
Number of features: 100
0 Current Time = 23:43:27
10 Current Time = 23:49:25
20 Current Time = 23:55:20
30 Current Time = 00:01:11
40 Current Time = 00:07:00
50 Current Time = 00:12:47
60 Current Time = 00:18:24
70 Current Time = 00:23:59
80 Current Time = 00:29:29
90 Current Time = 00:35:00
Number of features: 500
0 Current Time = 00:40:32
10 Current Time = 01:07:45
20 Current Time = 01:35:00
30 Current Time = 02:01:59
40 Current Time = 02:28:44
50 Current Time = 02:57:07
60 Current Time = 03:25:57
70 Current Time = 03:54:39
80 Current Time = 04:22:25
90 Current Time = 04:49:11
