Running job number  473
Start  473
End  474
outcome: 131940-0.0
Number of features: 5
0 Current Time = 02:32:31
10 Current Time = 02:33:05
20 Current Time = 02:33:40
30 Current Time = 02:34:14
40 Current Time = 02:34:48
50 Current Time = 02:35:23
60 Current Time = 02:35:57
70 Current Time = 02:36:32
80 Current Time = 02:37:05
90 Current Time = 02:37:40
Number of features: 50
0 Current Time = 02:38:13
10 Current Time = 02:40:32
20 Current Time = 02:42:54
30 Current Time = 02:45:17
40 Current Time = 02:47:40
50 Current Time = 02:50:02
60 Current Time = 02:52:23
70 Current Time = 02:54:39
80 Current Time = 02:56:57
90 Current Time = 02:59:13
Number of features: 100
0 Current Time = 03:01:34
10 Current Time = 03:06:14
20 Current Time = 03:10:53
30 Current Time = 03:15:25
40 Current Time = 03:19:58
50 Current Time = 03:24:35
60 Current Time = 03:29:19
70 Current Time = 03:33:54
80 Current Time = 03:38:24
90 Current Time = 03:42:55
Number of features: 500
0 Current Time = 03:47:34
10 Current Time = 04:10:46
20 Current Time = 04:33:44
30 Current Time = 04:56:43
40 Current Time = 05:19:48
50 Current Time = 05:42:05
60 Current Time = 06:04:21
70 Current Time = 06:26:05
80 Current Time = 06:47:55
90 Current Time = 07:09:40
Number of features: 1000
0 Current Time = 07:31:26
10 Current Time = 08:16:16
20 Current Time = 09:01:15
30 Current Time = 09:45:24
