Running job number  196
Start  196
End  197
outcome: 131190-0.0
Number of features: 5
0 Current Time = 01:49:04
10 Current Time = 01:49:56
20 Current Time = 01:50:49
30 Current Time = 01:51:39
40 Current Time = 01:52:33
50 Current Time = 01:53:27
60 Current Time = 01:54:22
70 Current Time = 01:55:15
80 Current Time = 01:56:05
90 Current Time = 01:56:55
Number of features: 50
0 Current Time = 01:57:48
10 Current Time = 02:00:47
20 Current Time = 02:03:45
30 Current Time = 02:06:42
40 Current Time = 02:09:45
50 Current Time = 02:12:44
60 Current Time = 02:15:41
70 Current Time = 02:18:39
80 Current Time = 02:21:34
90 Current Time = 02:24:37
Number of features: 100
0 Current Time = 02:27:38
10 Current Time = 02:33:21
20 Current Time = 02:39:08
30 Current Time = 02:44:59
40 Current Time = 02:50:44
50 Current Time = 02:56:33
60 Current Time = 03:02:08
70 Current Time = 03:07:47
80 Current Time = 03:13:30
90 Current Time = 03:19:11
Number of features: 500
0 Current Time = 03:24:53
10 Current Time = 03:52:57
20 Current Time = 04:21:13
30 Current Time = 04:49:38
40 Current Time = 05:18:13
50 Current Time = 05:46:26
60 Current Time = 06:14:45
70 Current Time = 06:42:53
80 Current Time = 07:10:51
90 Current Time = 07:38:58
Number of features: 1000
0 Current Time = 08:06:44
10 Current Time = 09:04:07
20 Current Time = 10:02:11
30 Current Time = 10:59:58
40 Current Time = 11:58:01
50 Current Time = 12:55:31
60 Current Time = 13:52:41
70 Current Time = 14:50:54
80 Current Time = 15:47:57
90 Current Time = 16:43:05
Number of features: 2923
