Running job number  356
Start  356
End  357
outcome: 131614-0.0
Number of features: 5
0 Current Time = 02:09:47
10 Current Time = 02:10:21
20 Current Time = 02:10:54
30 Current Time = 02:11:26
40 Current Time = 02:11:59
50 Current Time = 02:12:31
60 Current Time = 02:13:05
70 Current Time = 02:13:37
80 Current Time = 02:14:09
90 Current Time = 02:14:42
Number of features: 50
0 Current Time = 02:15:14
10 Current Time = 02:17:22
20 Current Time = 02:19:36
30 Current Time = 02:21:47
40 Current Time = 02:23:56
50 Current Time = 02:26:06
60 Current Time = 02:28:12
70 Current Time = 02:30:23
80 Current Time = 02:32:31
90 Current Time = 02:34:40
Number of features: 100
0 Current Time = 02:36:49
10 Current Time = 02:41:07
20 Current Time = 02:45:23
30 Current Time = 02:49:43
40 Current Time = 02:54:01
50 Current Time = 02:58:20
60 Current Time = 03:02:35
70 Current Time = 03:06:51
80 Current Time = 03:11:06
90 Current Time = 03:15:23
Number of features: 500
0 Current Time = 03:19:38
10 Current Time = 03:42:29
20 Current Time = 04:05:26
30 Current Time = 04:28:16
40 Current Time = 04:50:51
50 Current Time = 05:13:24
60 Current Time = 05:36:00
70 Current Time = 05:58:46
80 Current Time = 06:21:54
90 Current Time = 06:44:44
Number of features: 1000
0 Current Time = 07:07:35
10 Current Time = 07:59:40
20 Current Time = 08:51:28
30 Current Time = 09:43:36
