Running job number  85
Start  85
End  86
outcome: 130792-0.0
Number of features: 5
0 Current Time = 21:33:03
10 Current Time = 21:33:58
20 Current Time = 21:34:53
30 Current Time = 21:35:49
40 Current Time = 21:36:44
50 Current Time = 21:37:39
60 Current Time = 21:38:35
70 Current Time = 21:39:31
80 Current Time = 21:40:28
90 Current Time = 21:41:22
Number of features: 50
0 Current Time = 21:42:17
10 Current Time = 21:47:02
20 Current Time = 21:51:43
30 Current Time = 21:56:16
40 Current Time = 22:00:45
50 Current Time = 22:05:20
60 Current Time = 22:09:47
70 Current Time = 22:14:25
80 Current Time = 22:19:10
90 Current Time = 22:23:44
Number of features: 100
0 Current Time = 22:28:18
10 Current Time = 22:37:52
20 Current Time = 22:47:34
30 Current Time = 22:57:03
40 Current Time = 23:06:41
50 Current Time = 23:16:08
60 Current Time = 23:25:34
70 Current Time = 23:35:11
80 Current Time = 23:44:42
90 Current Time = 23:54:10
Number of features: 500
0 Current Time = 00:03:39
10 Current Time = 00:53:27
20 Current Time = 01:43:49
30 Current Time = 02:34:23
40 Current Time = 03:25:36
50 Current Time = 04:14:54
60 Current Time = 05:06:32
70 Current Time = 05:57:44
80 Current Time = 06:48:58
90 Current Time = 07:40:38
Number of features: 1000
0 Current Time = 08:31:45
10 Current Time = 10:21:58
