Running job number  170
Start  170
End  171
outcome: 131120-0.0
Number of features: 5
0 Current Time = 01:48:52
10 Current Time = 01:49:26
20 Current Time = 01:50:00
30 Current Time = 01:50:34
40 Current Time = 01:51:07
50 Current Time = 01:51:41
60 Current Time = 01:52:14
70 Current Time = 01:52:45
80 Current Time = 01:53:16
90 Current Time = 01:53:49
Number of features: 50
0 Current Time = 01:54:21
10 Current Time = 01:56:34
20 Current Time = 01:58:49
30 Current Time = 02:01:06
40 Current Time = 02:03:34
50 Current Time = 02:06:00
60 Current Time = 02:08:28
70 Current Time = 02:10:56
80 Current Time = 02:13:18
90 Current Time = 02:15:43
Number of features: 100
0 Current Time = 02:18:14
10 Current Time = 02:23:09
20 Current Time = 02:28:08
30 Current Time = 02:33:12
40 Current Time = 02:38:05
50 Current Time = 02:43:04
60 Current Time = 02:48:15
70 Current Time = 02:53:14
80 Current Time = 02:58:09
90 Current Time = 03:03:07
Number of features: 500
0 Current Time = 03:08:12
10 Current Time = 03:33:52
20 Current Time = 04:01:06
30 Current Time = 04:28:31
40 Current Time = 04:56:08
50 Current Time = 05:23:39
60 Current Time = 05:51:07
70 Current Time = 06:18:23
80 Current Time = 06:45:50
90 Current Time = 07:13:18
Number of features: 1000
0 Current Time = 07:40:44
10 Current Time = 08:38:35
20 Current Time = 09:36:53
30 Current Time = 10:40:32
40 Current Time = 11:43:30
50 Current Time = 12:45:29
60 Current Time = 13:45:53
70 Current Time = 14:45:46
80 Current Time = 15:45:32
90 Current Time = 16:45:48
Number of features: 2923
