Running job number  140
Start  140
End  141
outcome: 131042-0.0
Number of features: 5
0 Current Time = 01:48:05
10 Current Time = 01:48:38
20 Current Time = 01:49:08
30 Current Time = 01:49:39
40 Current Time = 01:50:10
50 Current Time = 01:50:41
60 Current Time = 01:51:12
70 Current Time = 01:51:43
80 Current Time = 01:52:14
90 Current Time = 01:52:44
Number of features: 50
0 Current Time = 01:53:17
10 Current Time = 01:55:24
20 Current Time = 01:57:29
30 Current Time = 01:59:31
40 Current Time = 02:01:33
50 Current Time = 02:03:35
60 Current Time = 02:05:36
70 Current Time = 02:07:45
80 Current Time = 02:09:47
90 Current Time = 02:11:49
Number of features: 100
0 Current Time = 02:13:54
10 Current Time = 02:18:05
20 Current Time = 02:22:10
30 Current Time = 02:26:21
40 Current Time = 02:30:26
50 Current Time = 02:34:41
60 Current Time = 02:38:45
70 Current Time = 02:42:57
80 Current Time = 02:46:58
90 Current Time = 02:51:06
Number of features: 500
0 Current Time = 02:55:17
10 Current Time = 03:17:59
20 Current Time = 03:39:58
30 Current Time = 04:02:32
40 Current Time = 04:25:02
50 Current Time = 04:47:57
60 Current Time = 05:10:10
70 Current Time = 05:32:38
80 Current Time = 05:54:58
90 Current Time = 06:17:41
Number of features: 1000
0 Current Time = 06:40:42
10 Current Time = 07:28:12
20 Current Time = 08:14:58
30 Current Time = 09:02:32
40 Current Time = 09:49:15
50 Current Time = 10:36:04
60 Current Time = 11:22:37
70 Current Time = 12:09:39
80 Current Time = 12:56:05
90 Current Time = 13:38:55
Number of features: 2923
Analyses complete. Current Time = 14:35:27
Results saved. All done. Current Time = 14:35:28
