Running job number  18
Start  18
End  19
outcome: 130178-0.0
Number of features: 5
0 Current Time = 01:32:28
10 Current Time = 01:33:08
20 Current Time = 01:33:47
30 Current Time = 01:34:27
40 Current Time = 01:35:08
50 Current Time = 01:35:46
60 Current Time = 01:36:27
70 Current Time = 01:37:06
80 Current Time = 01:37:46
90 Current Time = 01:38:28
Number of features: 50
0 Current Time = 01:39:09
10 Current Time = 01:41:08
20 Current Time = 01:43:15
30 Current Time = 01:45:17
40 Current Time = 01:47:24
50 Current Time = 01:49:28
60 Current Time = 01:51:35
70 Current Time = 01:53:39
80 Current Time = 01:55:47
90 Current Time = 01:57:53
Number of features: 100
0 Current Time = 02:00:00
10 Current Time = 02:03:52
20 Current Time = 02:07:45
30 Current Time = 02:11:45
40 Current Time = 02:15:44
50 Current Time = 02:19:34
60 Current Time = 02:23:26
70 Current Time = 02:27:25
80 Current Time = 02:31:13
90 Current Time = 02:35:09
Number of features: 500
0 Current Time = 02:39:03
10 Current Time = 02:58:47
20 Current Time = 03:18:39
30 Current Time = 03:38:25
40 Current Time = 03:58:34
50 Current Time = 04:18:43
60 Current Time = 04:39:13
70 Current Time = 04:59:32
80 Current Time = 05:19:26
90 Current Time = 05:39:43
Number of features: 1000
0 Current Time = 05:59:39
10 Current Time = 06:40:57
20 Current Time = 07:22:01
30 Current Time = 08:03:23
40 Current Time = 08:44:45
50 Current Time = 09:26:04
60 Current Time = 10:06:59
70 Current Time = 10:48:10
80 Current Time = 11:29:48
90 Current Time = 12:10:21
Number of features: 2923
Analyses complete. Current Time = 13:02:54
Results saved. All done. Current Time = 13:02:55
