Running job number  415
Start  415
End  416
outcome: 131782-0.0
Number of features: 5
0 Current Time = 02:19:42
10 Current Time = 02:20:16
20 Current Time = 02:20:51
30 Current Time = 02:21:26
40 Current Time = 02:22:02
50 Current Time = 02:22:38
60 Current Time = 02:23:13
70 Current Time = 02:23:49
80 Current Time = 02:24:24
90 Current Time = 02:25:01
Number of features: 50
0 Current Time = 02:25:37
10 Current Time = 02:28:20
20 Current Time = 02:30:56
30 Current Time = 02:33:25
40 Current Time = 02:35:56
50 Current Time = 02:38:22
60 Current Time = 02:40:50
70 Current Time = 02:43:26
80 Current Time = 02:46:02
90 Current Time = 02:48:35
Number of features: 100
0 Current Time = 02:51:08
10 Current Time = 02:56:03
20 Current Time = 03:01:07
30 Current Time = 03:06:16
40 Current Time = 03:11:21
50 Current Time = 03:16:17
60 Current Time = 03:21:16
70 Current Time = 03:26:18
80 Current Time = 03:31:26
90 Current Time = 03:36:19
Number of features: 500
0 Current Time = 03:41:17
10 Current Time = 04:06:20
20 Current Time = 04:31:30
30 Current Time = 04:56:32
40 Current Time = 05:22:00
50 Current Time = 05:46:36
60 Current Time = 06:10:30
70 Current Time = 06:34:15
80 Current Time = 06:58:02
90 Current Time = 07:21:48
Number of features: 1000
0 Current Time = 07:45:30
10 Current Time = 08:34:03
20 Current Time = 09:22:33
30 Current Time = 10:08:32
