Running job number  417
Start  417
End  418
outcome: 131790-0.0
Number of features: 5
0 Current Time = 02:19:42
10 Current Time = 02:20:28
20 Current Time = 02:21:15
30 Current Time = 02:22:00
40 Current Time = 02:22:48
50 Current Time = 02:23:35
60 Current Time = 02:24:22
70 Current Time = 02:25:08
80 Current Time = 02:25:55
90 Current Time = 02:26:41
Number of features: 50
0 Current Time = 02:27:28
10 Current Time = 02:30:22
20 Current Time = 02:33:05
30 Current Time = 02:35:50
40 Current Time = 02:38:35
50 Current Time = 02:41:23
60 Current Time = 02:44:17
70 Current Time = 02:47:07
80 Current Time = 02:49:59
90 Current Time = 02:52:47
Number of features: 100
0 Current Time = 02:55:33
10 Current Time = 03:01:02
20 Current Time = 03:06:37
30 Current Time = 03:12:06
40 Current Time = 03:17:40
50 Current Time = 03:23:10
60 Current Time = 03:28:49
70 Current Time = 03:34:17
80 Current Time = 03:39:40
90 Current Time = 03:45:14
Number of features: 500
0 Current Time = 03:50:50
10 Current Time = 04:17:39
20 Current Time = 04:44:18
30 Current Time = 05:11:06
40 Current Time = 05:37:25
50 Current Time = 06:03:04
60 Current Time = 06:28:29
70 Current Time = 06:53:21
80 Current Time = 07:18:34
90 Current Time = 07:44:08
Number of features: 1000
0 Current Time = 08:09:16
10 Current Time = 09:00:49
20 Current Time = 09:51:11
