Running job number  22
Start  22
End  23
outcome: 130190-0.0
Number of features: 5
0 Current Time = 01:32:37
10 Current Time = 01:33:07
20 Current Time = 01:33:37
30 Current Time = 01:34:06
40 Current Time = 01:34:36
50 Current Time = 01:35:06
60 Current Time = 01:35:35
70 Current Time = 01:36:04
80 Current Time = 01:36:34
90 Current Time = 01:37:03
Number of features: 50
0 Current Time = 01:37:32
10 Current Time = 01:39:34
20 Current Time = 01:41:36
30 Current Time = 01:43:40
40 Current Time = 01:45:40
50 Current Time = 01:47:39
60 Current Time = 01:49:37
70 Current Time = 01:51:35
80 Current Time = 01:53:34
90 Current Time = 01:55:33
Number of features: 100
0 Current Time = 01:57:31
10 Current Time = 02:01:36
20 Current Time = 02:05:43
30 Current Time = 02:09:55
40 Current Time = 02:14:04
50 Current Time = 02:18:03
60 Current Time = 02:22:06
70 Current Time = 02:26:08
80 Current Time = 02:30:10
90 Current Time = 02:34:11
Number of features: 500
0 Current Time = 02:38:12
10 Current Time = 03:00:04
20 Current Time = 03:22:03
30 Current Time = 03:43:58
40 Current Time = 04:06:03
50 Current Time = 04:29:17
60 Current Time = 04:52:47
70 Current Time = 05:16:01
80 Current Time = 05:39:27
90 Current Time = 06:02:55
Number of features: 1000
0 Current Time = 06:26:10
10 Current Time = 07:15:31
20 Current Time = 08:05:54
30 Current Time = 08:56:35
40 Current Time = 09:47:24
50 Current Time = 10:38:10
60 Current Time = 11:29:08
70 Current Time = 12:19:43
80 Current Time = 13:10:27
90 Current Time = 14:01:17
Number of features: 2923
Analyses complete. Current Time = 15:06:35
Results saved. All done. Current Time = 15:06:36
