Running job number  171
Start  171
End  172
outcome: 131122-0.0
Number of features: 5
0 Current Time = 01:48:57
10 Current Time = 01:49:30
20 Current Time = 01:50:04
30 Current Time = 01:50:38
40 Current Time = 01:51:11
50 Current Time = 01:51:45
60 Current Time = 01:52:18
70 Current Time = 01:52:52
80 Current Time = 01:53:25
90 Current Time = 01:53:58
Number of features: 50
0 Current Time = 01:54:33
10 Current Time = 01:57:06
20 Current Time = 01:59:36
30 Current Time = 02:02:03
40 Current Time = 02:04:31
50 Current Time = 02:06:58
60 Current Time = 02:09:28
70 Current Time = 02:11:57
80 Current Time = 02:14:25
90 Current Time = 02:16:54
Number of features: 100
0 Current Time = 02:19:20
10 Current Time = 02:24:21
20 Current Time = 02:29:22
30 Current Time = 02:34:21
40 Current Time = 02:39:11
50 Current Time = 02:44:06
60 Current Time = 02:48:56
70 Current Time = 02:53:45
80 Current Time = 02:58:42
90 Current Time = 03:03:38
Number of features: 500
0 Current Time = 03:08:28
10 Current Time = 03:33:56
20 Current Time = 03:59:36
30 Current Time = 04:24:50
40 Current Time = 04:50:11
50 Current Time = 05:16:02
60 Current Time = 05:41:51
70 Current Time = 06:07:42
80 Current Time = 06:33:27
90 Current Time = 06:59:21
Number of features: 1000
0 Current Time = 07:25:52
10 Current Time = 08:20:01
20 Current Time = 09:12:49
30 Current Time = 10:06:11
40 Current Time = 11:01:08
50 Current Time = 11:55:51
60 Current Time = 12:50:15
70 Current Time = 13:44:55
80 Current Time = 14:38:35
90 Current Time = 15:36:42
Number of features: 2923
Analyses complete. Current Time = 16:47:03
Results saved. All done. Current Time = 16:47:04
