Running job number  494
Start  494
End  495
outcome: 131992-0.0
Number of features: 5
0 Current Time = 02:33:44
10 Current Time = 02:34:22
20 Current Time = 02:35:00
30 Current Time = 02:35:38
40 Current Time = 02:36:16
50 Current Time = 02:36:55
60 Current Time = 02:37:34
70 Current Time = 02:38:12
80 Current Time = 02:38:50
90 Current Time = 02:39:29
Number of features: 50
0 Current Time = 02:40:08
10 Current Time = 02:42:27
20 Current Time = 02:44:45
30 Current Time = 02:47:03
40 Current Time = 02:49:23
50 Current Time = 02:51:38
60 Current Time = 02:53:55
70 Current Time = 02:56:11
80 Current Time = 02:58:23
90 Current Time = 03:00:39
Number of features: 100
0 Current Time = 03:02:58
10 Current Time = 03:07:30
20 Current Time = 03:12:03
30 Current Time = 03:16:39
40 Current Time = 03:21:12
50 Current Time = 03:25:46
60 Current Time = 03:30:09
70 Current Time = 03:34:34
80 Current Time = 03:39:06
90 Current Time = 03:43:37
Number of features: 500
0 Current Time = 03:48:11
10 Current Time = 04:10:38
20 Current Time = 04:32:56
30 Current Time = 04:55:08
40 Current Time = 05:17:02
50 Current Time = 05:39:10
60 Current Time = 06:01:19
70 Current Time = 06:23:39
80 Current Time = 06:45:50
90 Current Time = 07:08:02
Number of features: 1000
0 Current Time = 07:30:19
10 Current Time = 08:15:40
20 Current Time = 09:01:23
30 Current Time = 09:47:24
