Running job number  282
Start  282
End  283
outcome: 131422-0.0
Number of features: 5
0 Current Time = 23:19:16
10 Current Time = 23:19:51
20 Current Time = 23:20:24
30 Current Time = 23:20:58
40 Current Time = 23:21:32
50 Current Time = 23:22:06
60 Current Time = 23:22:40
70 Current Time = 23:23:13
80 Current Time = 23:23:48
90 Current Time = 23:24:22
Number of features: 50
0 Current Time = 23:24:57
10 Current Time = 23:27:04
20 Current Time = 23:29:09
30 Current Time = 23:31:17
40 Current Time = 23:33:23
50 Current Time = 23:35:30
60 Current Time = 23:37:37
70 Current Time = 23:39:44
80 Current Time = 23:41:52
90 Current Time = 23:43:57
Number of features: 100
0 Current Time = 23:46:07
10 Current Time = 23:50:37
20 Current Time = 23:55:10
30 Current Time = 23:59:57
40 Current Time = 00:04:50
50 Current Time = 00:09:43
60 Current Time = 00:14:31
70 Current Time = 00:19:21
80 Current Time = 00:24:01
90 Current Time = 00:28:51
Number of features: 500
0 Current Time = 00:33:37
10 Current Time = 00:58:13
20 Current Time = 01:23:17
30 Current Time = 01:47:48
40 Current Time = 02:11:59
50 Current Time = 02:36:13
60 Current Time = 03:00:26
70 Current Time = 03:24:49
80 Current Time = 03:49:22
90 Current Time = 04:13:31
Number of features: 1000
0 Current Time = 04:37:50
