Running job number  35
Start  35
End  36
outcome: 130244-0.0
Number of features: 5
0 Current Time = 23:04:57
10 Current Time = 23:05:27
20 Current Time = 23:05:58
30 Current Time = 23:06:29
40 Current Time = 23:06:59
50 Current Time = 23:07:30
60 Current Time = 23:08:00
70 Current Time = 23:08:31
80 Current Time = 23:09:02
90 Current Time = 23:09:33
Number of features: 50
0 Current Time = 23:10:03
10 Current Time = 23:12:27
20 Current Time = 23:14:54
30 Current Time = 23:17:17
40 Current Time = 23:19:44
50 Current Time = 23:22:12
60 Current Time = 23:24:41
70 Current Time = 23:27:12
80 Current Time = 23:29:41
90 Current Time = 23:31:46
Number of features: 100
0 Current Time = 23:34:05
10 Current Time = 23:38:38
20 Current Time = 23:43:27
30 Current Time = 23:48:15
40 Current Time = 23:53:06
50 Current Time = 23:57:54
60 Current Time = 00:02:46
70 Current Time = 00:07:35
80 Current Time = 00:12:36
90 Current Time = 00:17:27
Number of features: 500
0 Current Time = 00:21:34
10 Current Time = 00:47:42
20 Current Time = 01:13:20
30 Current Time = 01:39:12
40 Current Time = 02:03:43
50 Current Time = 02:27:54
60 Current Time = 02:50:50
70 Current Time = 03:14:45
80 Current Time = 03:38:36
90 Current Time = 04:00:16
Number of features: 1000
0 Current Time = 04:22:07
