Running job number  271
Start  271
End  272
outcome: 131392-0.0
Number of features: 5
0 Current Time = 01:53:06
10 Current Time = 01:53:40
20 Current Time = 01:54:16
30 Current Time = 01:54:51
40 Current Time = 01:55:27
50 Current Time = 01:56:04
60 Current Time = 01:56:40
70 Current Time = 01:57:16
80 Current Time = 01:57:52
90 Current Time = 01:58:28
Number of features: 50
0 Current Time = 01:59:02
10 Current Time = 02:01:41
20 Current Time = 02:04:18
30 Current Time = 02:06:54
40 Current Time = 02:09:33
50 Current Time = 02:12:11
60 Current Time = 02:14:49
70 Current Time = 02:17:29
80 Current Time = 02:20:04
90 Current Time = 02:22:47
Number of features: 100
0 Current Time = 02:25:30
10 Current Time = 02:30:42
20 Current Time = 02:35:55
30 Current Time = 02:41:02
40 Current Time = 02:46:09
50 Current Time = 02:51:13
60 Current Time = 02:56:18
70 Current Time = 03:01:27
80 Current Time = 03:06:37
90 Current Time = 03:11:44
Number of features: 500
0 Current Time = 03:16:49
10 Current Time = 03:43:03
20 Current Time = 04:09:22
30 Current Time = 04:35:25
40 Current Time = 05:01:29
50 Current Time = 05:28:08
60 Current Time = 05:54:48
70 Current Time = 06:20:44
80 Current Time = 06:47:52
90 Current Time = 07:15:12
Number of features: 1000
0 Current Time = 07:41:58
10 Current Time = 08:36:36
20 Current Time = 09:31:31
30 Current Time = 10:26:58
40 Current Time = 11:23:28
50 Current Time = 12:19:07
60 Current Time = 13:14:44
70 Current Time = 14:09:21
80 Current Time = 15:06:36
90 Current Time = 16:05:22
Number of features: 2923
Analyses complete. Current Time = 17:14:33
Results saved. All done. Current Time = 17:14:35
