Running job number  13
Start  13
End  14
outcome: 130106-0.0
Number of features: 5
0 Current Time = 01:32:28
10 Current Time = 01:33:00
20 Current Time = 01:33:32
30 Current Time = 01:34:03
40 Current Time = 01:34:35
50 Current Time = 01:35:07
60 Current Time = 01:35:39
70 Current Time = 01:36:11
80 Current Time = 01:36:43
90 Current Time = 01:37:16
Number of features: 50
0 Current Time = 01:37:47
10 Current Time = 01:39:37
20 Current Time = 01:41:25
30 Current Time = 01:43:13
40 Current Time = 01:45:02
50 Current Time = 01:46:53
60 Current Time = 01:48:41
70 Current Time = 01:50:32
80 Current Time = 01:52:21
90 Current Time = 01:54:11
Number of features: 100
0 Current Time = 01:56:01
10 Current Time = 01:59:33
20 Current Time = 02:03:06
30 Current Time = 02:06:38
40 Current Time = 02:10:10
50 Current Time = 02:13:44
60 Current Time = 02:17:16
70 Current Time = 02:20:49
80 Current Time = 02:24:19
90 Current Time = 02:27:56
Number of features: 500
0 Current Time = 02:31:47
10 Current Time = 02:52:18
20 Current Time = 03:11:23
30 Current Time = 03:30:01
40 Current Time = 03:48:32
50 Current Time = 04:07:12
60 Current Time = 04:26:02
70 Current Time = 04:44:31
80 Current Time = 05:03:03
90 Current Time = 05:21:49
Number of features: 1000
0 Current Time = 05:41:41
10 Current Time = 06:21:39
20 Current Time = 07:00:31
30 Current Time = 07:39:04
40 Current Time = 08:17:15
50 Current Time = 08:55:57
60 Current Time = 09:34:28
70 Current Time = 10:12:47
80 Current Time = 10:51:39
90 Current Time = 11:30:16
Number of features: 2923
Analyses complete. Current Time = 12:18:16
Results saved. All done. Current Time = 12:18:17
