Running job number  64
Start  64
End  65
outcome: 130696-0.0
Number of features: 5
0 Current Time = 23:07:59
10 Current Time = 23:08:47
20 Current Time = 23:09:37
30 Current Time = 23:10:23
40 Current Time = 23:11:10
50 Current Time = 23:11:58
60 Current Time = 23:12:46
70 Current Time = 23:13:34
80 Current Time = 23:14:21
90 Current Time = 23:15:09
Number of features: 50
0 Current Time = 23:15:56
10 Current Time = 23:19:20
20 Current Time = 23:22:47
30 Current Time = 23:26:02
40 Current Time = 23:29:23
50 Current Time = 23:32:51
60 Current Time = 23:36:22
70 Current Time = 23:39:52
80 Current Time = 23:43:14
90 Current Time = 23:46:34
Number of features: 100
0 Current Time = 23:49:57
10 Current Time = 23:56:34
20 Current Time = 00:03:18
30 Current Time = 00:10:06
40 Current Time = 00:16:31
50 Current Time = 00:22:56
60 Current Time = 00:29:22
70 Current Time = 00:35:50
80 Current Time = 00:42:19
90 Current Time = 00:48:50
Number of features: 500
0 Current Time = 00:55:14
10 Current Time = 01:31:03
20 Current Time = 02:06:27
30 Current Time = 02:43:43
40 Current Time = 03:22:17
50 Current Time = 04:00:46
60 Current Time = 04:38:38
