Running job number  84
Start  84
End  85
outcome: 130784-0.0
Number of features: 5
0 Current Time = 23:08:04
10 Current Time = 23:08:41
20 Current Time = 23:09:19
30 Current Time = 23:09:55
40 Current Time = 23:10:30
50 Current Time = 23:11:07
60 Current Time = 23:11:45
70 Current Time = 23:12:21
80 Current Time = 23:12:58
90 Current Time = 23:13:34
Number of features: 50
0 Current Time = 23:14:12
10 Current Time = 23:16:45
20 Current Time = 23:19:10
30 Current Time = 23:21:35
40 Current Time = 23:24:00
50 Current Time = 23:26:23
60 Current Time = 23:28:46
70 Current Time = 23:31:05
80 Current Time = 23:33:26
90 Current Time = 23:35:52
Number of features: 100
0 Current Time = 23:38:18
10 Current Time = 23:43:35
20 Current Time = 23:48:48
30 Current Time = 23:53:58
40 Current Time = 23:59:07
50 Current Time = 00:04:16
60 Current Time = 00:09:27
70 Current Time = 00:14:25
80 Current Time = 00:19:16
90 Current Time = 00:24:07
Number of features: 500
0 Current Time = 00:28:57
10 Current Time = 00:52:16
20 Current Time = 01:16:56
30 Current Time = 01:40:15
40 Current Time = 02:03:51
50 Current Time = 02:27:16
60 Current Time = 02:51:48
70 Current Time = 03:17:02
80 Current Time = 03:42:08
90 Current Time = 04:06:37
Number of features: 1000
0 Current Time = 04:30:39
