Running job number  263
Start  263
End  264
outcome: 131374-0.0
Number of features: 5
0 Current Time = 23:19:15
10 Current Time = 23:20:12
20 Current Time = 23:21:09
30 Current Time = 23:22:05
40 Current Time = 23:23:01
50 Current Time = 23:23:58
60 Current Time = 23:24:55
70 Current Time = 23:25:51
80 Current Time = 23:26:49
90 Current Time = 23:27:44
Number of features: 50
0 Current Time = 23:28:41
10 Current Time = 23:32:02
20 Current Time = 23:35:13
30 Current Time = 23:38:20
40 Current Time = 23:41:29
50 Current Time = 23:44:34
60 Current Time = 23:47:45
70 Current Time = 23:50:54
80 Current Time = 23:54:05
90 Current Time = 23:57:17
Number of features: 100
0 Current Time = 00:00:28
10 Current Time = 00:06:47
20 Current Time = 00:13:09
30 Current Time = 00:19:11
40 Current Time = 00:25:20
50 Current Time = 00:31:45
60 Current Time = 00:37:52
70 Current Time = 00:44:12
80 Current Time = 00:50:45
90 Current Time = 00:57:03
Number of features: 500
0 Current Time = 01:03:02
10 Current Time = 01:33:43
20 Current Time = 02:04:35
30 Current Time = 02:35:09
40 Current Time = 03:05:54
50 Current Time = 03:36:20
60 Current Time = 04:06:41
70 Current Time = 04:36:46
80 Current Time = 05:07:54
