Running job number  221
Start  221
End  222
outcome: 131258-0.0
Number of features: 5
0 Current Time = 23:14:53
10 Current Time = 23:15:33
20 Current Time = 23:16:14
30 Current Time = 23:16:55
40 Current Time = 23:17:36
50 Current Time = 23:18:16
60 Current Time = 23:18:58
70 Current Time = 23:19:39
80 Current Time = 23:20:20
90 Current Time = 23:21:02
Number of features: 50
0 Current Time = 23:21:43
10 Current Time = 23:24:10
20 Current Time = 23:26:33
30 Current Time = 23:28:56
40 Current Time = 23:31:18
50 Current Time = 23:33:40
60 Current Time = 23:36:00
70 Current Time = 23:38:24
80 Current Time = 23:40:48
90 Current Time = 23:43:11
Number of features: 100
0 Current Time = 23:45:38
10 Current Time = 23:50:18
20 Current Time = 23:54:55
30 Current Time = 23:59:31
40 Current Time = 00:04:11
50 Current Time = 00:08:50
60 Current Time = 00:13:24
70 Current Time = 00:18:01
80 Current Time = 00:22:36
90 Current Time = 00:27:12
Number of features: 500
0 Current Time = 00:32:01
10 Current Time = 00:55:59
20 Current Time = 01:21:05
30 Current Time = 01:46:31
40 Current Time = 02:11:16
50 Current Time = 02:35:31
60 Current Time = 03:00:24
70 Current Time = 03:25:14
80 Current Time = 03:49:59
90 Current Time = 04:15:34
Number of features: 1000
0 Current Time = 04:41:15
