Running job number  539
Start  539
End  540
outcome: 132112-0.0
Number of features: 5
0 Current Time = 02:40:14
10 Current Time = 02:40:54
20 Current Time = 02:41:31
30 Current Time = 02:42:10
40 Current Time = 02:42:49
50 Current Time = 02:43:28
60 Current Time = 02:44:06
70 Current Time = 02:44:45
80 Current Time = 02:45:23
90 Current Time = 02:46:00
Number of features: 50
0 Current Time = 02:46:39
10 Current Time = 02:49:23
20 Current Time = 02:51:59
30 Current Time = 02:54:37
40 Current Time = 02:57:13
50 Current Time = 02:59:52
60 Current Time = 03:02:27
70 Current Time = 03:05:06
80 Current Time = 03:07:44
90 Current Time = 03:10:17
Number of features: 100
0 Current Time = 03:12:52
10 Current Time = 03:18:11
20 Current Time = 03:23:29
30 Current Time = 03:28:51
40 Current Time = 03:34:01
50 Current Time = 03:39:12
60 Current Time = 03:44:27
70 Current Time = 03:49:35
80 Current Time = 03:54:44
90 Current Time = 03:59:48
Number of features: 500
0 Current Time = 04:04:56
10 Current Time = 04:32:24
20 Current Time = 04:59:09
30 Current Time = 05:25:14
40 Current Time = 05:52:52
50 Current Time = 06:19:29
60 Current Time = 06:47:19
70 Current Time = 07:12:22
80 Current Time = 07:38:31
90 Current Time = 08:07:38
Number of features: 1000
0 Current Time = 08:33:58
10 Current Time = 09:26:35
