Running job number  167
Start  167
End  168
outcome: 131110-0.0
Number of features: 5
0 Current Time = 01:48:37
10 Current Time = 01:49:09
20 Current Time = 01:49:41
30 Current Time = 01:50:13
40 Current Time = 01:50:44
50 Current Time = 01:51:15
60 Current Time = 01:51:47
70 Current Time = 01:52:18
80 Current Time = 01:52:48
90 Current Time = 01:53:19
Number of features: 50
0 Current Time = 01:53:50
10 Current Time = 01:56:14
20 Current Time = 01:58:19
30 Current Time = 02:00:24
40 Current Time = 02:02:28
50 Current Time = 02:04:32
60 Current Time = 02:06:37
70 Current Time = 02:08:42
80 Current Time = 02:10:45
90 Current Time = 02:12:47
Number of features: 100
0 Current Time = 02:14:48
10 Current Time = 02:18:54
20 Current Time = 02:23:01
30 Current Time = 02:27:07
40 Current Time = 02:31:14
50 Current Time = 02:35:19
60 Current Time = 02:39:26
70 Current Time = 02:43:33
80 Current Time = 02:47:32
90 Current Time = 02:51:30
Number of features: 500
0 Current Time = 02:55:36
10 Current Time = 03:17:59
20 Current Time = 03:40:00
30 Current Time = 04:01:36
40 Current Time = 04:23:04
50 Current Time = 04:44:29
60 Current Time = 05:06:08
70 Current Time = 05:27:58
80 Current Time = 05:49:34
90 Current Time = 06:11:13
Number of features: 1000
0 Current Time = 06:32:49
10 Current Time = 07:20:56
20 Current Time = 08:08:37
30 Current Time = 08:57:03
40 Current Time = 09:44:03
50 Current Time = 10:30:29
60 Current Time = 11:17:06
70 Current Time = 12:03:52
80 Current Time = 12:50:34
90 Current Time = 13:36:35
Number of features: 2923
Analyses complete. Current Time = 14:38:30
Results saved. All done. Current Time = 14:38:31
