Running job number  14
Start  14
End  15
outcome: 130134-0.0
Number of features: 5
0 Current Time = 23:04:55
10 Current Time = 23:05:27
20 Current Time = 23:05:59
30 Current Time = 23:06:30
40 Current Time = 23:07:02
50 Current Time = 23:07:35
60 Current Time = 23:08:07
70 Current Time = 23:08:38
80 Current Time = 23:09:10
90 Current Time = 23:09:43
Number of features: 50
0 Current Time = 23:10:15
10 Current Time = 23:12:19
20 Current Time = 23:14:18
30 Current Time = 23:16:16
40 Current Time = 23:18:15
50 Current Time = 23:20:13
60 Current Time = 23:22:12
70 Current Time = 23:24:15
80 Current Time = 23:26:18
90 Current Time = 23:28:21
Number of features: 100
0 Current Time = 23:30:22
10 Current Time = 23:34:40
20 Current Time = 23:38:59
30 Current Time = 23:43:15
40 Current Time = 23:47:06
50 Current Time = 23:50:57
60 Current Time = 23:54:48
70 Current Time = 23:58:51
80 Current Time = 00:02:40
90 Current Time = 00:06:24
Number of features: 500
0 Current Time = 00:10:12
10 Current Time = 00:30:33
20 Current Time = 00:51:01
30 Current Time = 01:12:19
40 Current Time = 01:33:45
50 Current Time = 01:55:27
60 Current Time = 02:17:42
70 Current Time = 02:39:39
80 Current Time = 03:01:35
90 Current Time = 03:23:53
Number of features: 1000
0 Current Time = 03:45:34
10 Current Time = 04:29:08
