Running job number  2
Start  2
End  3
outcome: 130014-0.0
Number of features: 5
0 Current Time = 19:25:15
10 Current Time = 19:25:42
20 Current Time = 19:26:08
30 Current Time = 19:26:34
40 Current Time = 19:27:02
50 Current Time = 19:27:28
60 Current Time = 19:27:55
70 Current Time = 19:28:22
80 Current Time = 19:28:48
90 Current Time = 19:29:15
Number of features: 50
0 Current Time = 19:29:41
10 Current Time = 19:31:15
20 Current Time = 19:32:49
30 Current Time = 19:34:22
40 Current Time = 19:35:56
50 Current Time = 19:37:29
60 Current Time = 19:39:03
70 Current Time = 19:40:37
80 Current Time = 19:42:10
90 Current Time = 19:43:43
Number of features: 100
0 Current Time = 19:45:17
10 Current Time = 19:48:17
20 Current Time = 19:51:15
30 Current Time = 19:54:15
40 Current Time = 19:57:19
50 Current Time = 20:00:13
60 Current Time = 20:03:28
70 Current Time = 20:06:46
80 Current Time = 20:09:45
90 Current Time = 20:12:52
Number of features: 500
0 Current Time = 20:15:57
10 Current Time = 20:31:32
20 Current Time = 20:46:23
30 Current Time = 21:02:44
40 Current Time = 21:19:45
50 Current Time = 21:35:37
60 Current Time = 21:50:52
70 Current Time = 22:06:15
80 Current Time = 22:21:45
90 Current Time = 22:36:05
Number of features: 1000
0 Current Time = 22:49:38
10 Current Time = 23:22:18
20 Current Time = 23:54:16
30 Current Time = 00:26:38
40 Current Time = 00:58:55
50 Current Time = 01:30:40
60 Current Time = 02:02:43
70 Current Time = 02:35:07
80 Current Time = 03:07:49
90 Current Time = 03:40:49
Number of features: 2923
Analyses complete. Current Time = 04:23:42
Results saved. All done. Current Time = 04:23:43
