Running job number  419
Start  419
End  420
outcome: 131794-0.0
Number of features: 5
0 Current Time = 02:22:45
10 Current Time = 02:23:29
20 Current Time = 02:24:12
30 Current Time = 02:24:56
40 Current Time = 02:25:40
50 Current Time = 02:26:23
60 Current Time = 02:27:09
70 Current Time = 02:27:52
80 Current Time = 02:28:36
90 Current Time = 02:29:20
Number of features: 50
0 Current Time = 02:30:04
10 Current Time = 02:33:43
20 Current Time = 02:37:14
30 Current Time = 02:40:52
40 Current Time = 02:44:19
50 Current Time = 02:47:50
60 Current Time = 02:51:19
70 Current Time = 02:54:44
80 Current Time = 02:58:14
90 Current Time = 03:01:36
Number of features: 100
0 Current Time = 03:05:10
10 Current Time = 03:11:46
20 Current Time = 03:18:18
30 Current Time = 03:24:57
40 Current Time = 03:31:27
50 Current Time = 03:37:50
60 Current Time = 03:44:16
70 Current Time = 03:50:50
80 Current Time = 03:57:11
90 Current Time = 04:03:19
Number of features: 500
0 Current Time = 04:09:39
10 Current Time = 04:43:47
20 Current Time = 05:18:18
30 Current Time = 05:53:20
40 Current Time = 06:28:44
50 Current Time = 07:08:45
60 Current Time = 07:48:08
70 Current Time = 08:22:33
80 Current Time = 08:56:57
90 Current Time = 09:31:14
Number of features: 1000
0 Current Time = 10:04:41
