Running job number  540
Start  540
End  541
outcome: 132116-0.0
Number of features: 5
0 Current Time = 02:40:15
10 Current Time = 02:40:50
20 Current Time = 02:41:25
30 Current Time = 02:42:00
40 Current Time = 02:42:34
50 Current Time = 02:43:09
60 Current Time = 02:43:43
70 Current Time = 02:44:17
80 Current Time = 02:44:51
90 Current Time = 02:45:25
Number of features: 50
0 Current Time = 02:46:00
10 Current Time = 02:48:19
20 Current Time = 02:50:39
30 Current Time = 02:52:58
40 Current Time = 02:55:14
50 Current Time = 02:57:32
60 Current Time = 02:59:51
70 Current Time = 03:02:09
80 Current Time = 03:04:30
90 Current Time = 03:06:48
Number of features: 100
0 Current Time = 03:09:10
10 Current Time = 03:13:49
20 Current Time = 03:18:29
30 Current Time = 03:23:09
40 Current Time = 03:27:47
50 Current Time = 03:32:28
60 Current Time = 03:37:01
70 Current Time = 03:41:41
80 Current Time = 03:46:20
90 Current Time = 03:51:00
Number of features: 500
0 Current Time = 03:55:37
10 Current Time = 04:19:11
20 Current Time = 04:42:19
30 Current Time = 05:05:39
40 Current Time = 05:28:49
50 Current Time = 05:51:46
60 Current Time = 06:15:00
70 Current Time = 06:38:10
80 Current Time = 07:01:23
90 Current Time = 07:24:35
Number of features: 1000
0 Current Time = 07:47:51
10 Current Time = 08:36:14
20 Current Time = 09:23:10
