Running job number  62
Start  62
End  63
outcome: 130686-0.0
Number of features: 5
0 Current Time = 23:09:25
10 Current Time = 23:09:58
20 Current Time = 23:10:31
30 Current Time = 23:11:04
40 Current Time = 23:11:37
50 Current Time = 23:12:11
60 Current Time = 23:12:44
70 Current Time = 23:13:17
80 Current Time = 23:13:50
90 Current Time = 23:14:22
Number of features: 50
0 Current Time = 23:14:55
10 Current Time = 23:17:11
20 Current Time = 23:19:24
30 Current Time = 23:21:41
40 Current Time = 23:23:57
50 Current Time = 23:26:13
60 Current Time = 23:28:26
70 Current Time = 23:30:39
80 Current Time = 23:32:52
90 Current Time = 23:35:04
Number of features: 100
0 Current Time = 23:37:19
10 Current Time = 23:41:17
20 Current Time = 23:45:13
30 Current Time = 23:49:05
40 Current Time = 23:53:04
50 Current Time = 23:57:06
60 Current Time = 00:00:58
70 Current Time = 00:05:01
80 Current Time = 00:09:18
90 Current Time = 00:13:37
Number of features: 500
0 Current Time = 00:18:01
10 Current Time = 00:41:08
20 Current Time = 01:04:07
30 Current Time = 01:27:19
40 Current Time = 01:50:12
50 Current Time = 02:13:26
60 Current Time = 02:36:29
70 Current Time = 02:59:35
80 Current Time = 03:22:37
90 Current Time = 03:45:54
Number of features: 1000
0 Current Time = 04:09:08
10 Current Time = 04:56:53
