Running job number  236
Start  236
End  237
outcome: 131304-0.0
Number of features: 5
0 Current Time = 01:50:24
10 Current Time = 01:51:07
20 Current Time = 01:51:51
30 Current Time = 01:52:33
40 Current Time = 01:53:15
50 Current Time = 01:53:58
60 Current Time = 01:54:41
70 Current Time = 01:55:24
80 Current Time = 01:56:06
90 Current Time = 01:56:48
Number of features: 50
0 Current Time = 01:57:33
10 Current Time = 02:00:03
20 Current Time = 02:02:34
30 Current Time = 02:05:04
40 Current Time = 02:07:34
50 Current Time = 02:10:08
60 Current Time = 02:12:40
70 Current Time = 02:15:11
80 Current Time = 02:17:42
90 Current Time = 02:20:13
Number of features: 100
0 Current Time = 02:22:46
10 Current Time = 02:27:31
20 Current Time = 02:32:14
30 Current Time = 02:37:04
40 Current Time = 02:41:47
50 Current Time = 02:46:39
60 Current Time = 02:51:28
70 Current Time = 02:56:09
80 Current Time = 03:00:56
90 Current Time = 03:05:40
Number of features: 500
0 Current Time = 03:10:27
10 Current Time = 03:34:56
20 Current Time = 03:59:25
30 Current Time = 04:23:59
40 Current Time = 04:48:48
50 Current Time = 05:13:45
60 Current Time = 05:38:16
70 Current Time = 06:03:03
80 Current Time = 06:27:31
90 Current Time = 06:52:32
Number of features: 1000
0 Current Time = 07:17:20
10 Current Time = 08:07:28
20 Current Time = 08:59:03
30 Current Time = 09:51:27
40 Current Time = 10:44:28
50 Current Time = 11:37:50
60 Current Time = 12:33:12
70 Current Time = 13:28:14
80 Current Time = 14:23:09
90 Current Time = 15:18:34
Number of features: 2923
Analyses complete. Current Time = 16:31:11
Results saved. All done. Current Time = 16:31:12
