Running job number  170
Start  170
End  171
outcome: 131120-0.0
Number of features: 5
0 Current Time = 23:12:43
10 Current Time = 23:13:15
20 Current Time = 23:13:46
30 Current Time = 23:14:18
40 Current Time = 23:14:49
50 Current Time = 23:15:20
60 Current Time = 23:15:51
70 Current Time = 23:16:22
80 Current Time = 23:16:54
90 Current Time = 23:17:25
Number of features: 50
0 Current Time = 23:17:57
10 Current Time = 23:19:59
20 Current Time = 23:22:02
30 Current Time = 23:24:04
40 Current Time = 23:26:04
50 Current Time = 23:28:06
60 Current Time = 23:30:08
70 Current Time = 23:32:05
80 Current Time = 23:34:04
90 Current Time = 23:36:05
Number of features: 100
0 Current Time = 23:38:07
10 Current Time = 23:42:05
20 Current Time = 23:46:06
30 Current Time = 23:50:07
40 Current Time = 23:54:04
50 Current Time = 23:58:03
60 Current Time = 00:01:58
70 Current Time = 00:05:56
80 Current Time = 00:09:55
90 Current Time = 00:13:52
Number of features: 500
0 Current Time = 00:17:55
10 Current Time = 00:38:45
20 Current Time = 00:59:41
30 Current Time = 01:20:34
40 Current Time = 01:41:47
50 Current Time = 02:03:09
60 Current Time = 02:24:32
70 Current Time = 02:45:55
80 Current Time = 03:06:57
90 Current Time = 03:28:11
Number of features: 1000
0 Current Time = 03:49:16
10 Current Time = 04:34:08
