Running job number  92
Start  92
End  93
outcome: 130824-0.0
Number of features: 5
0 Current Time = 01:33:39
10 Current Time = 01:34:07
20 Current Time = 01:34:34
30 Current Time = 01:35:01
40 Current Time = 01:35:28
50 Current Time = 01:35:55
60 Current Time = 01:36:23
70 Current Time = 01:36:50
80 Current Time = 01:37:18
90 Current Time = 01:37:45
Number of features: 50
0 Current Time = 01:38:14
10 Current Time = 01:39:55
20 Current Time = 01:41:34
30 Current Time = 01:43:14
40 Current Time = 01:44:54
50 Current Time = 01:46:34
60 Current Time = 01:48:12
70 Current Time = 01:49:51
80 Current Time = 01:51:28
90 Current Time = 01:53:07
Number of features: 100
0 Current Time = 01:54:52
10 Current Time = 01:57:58
20 Current Time = 02:01:02
30 Current Time = 02:04:07
40 Current Time = 02:07:10
50 Current Time = 02:10:15
60 Current Time = 02:13:20
70 Current Time = 02:16:25
80 Current Time = 02:19:29
90 Current Time = 02:22:37
Number of features: 500
0 Current Time = 02:25:42
10 Current Time = 02:42:36
20 Current Time = 02:59:10
30 Current Time = 03:16:03
40 Current Time = 03:33:27
50 Current Time = 03:50:55
60 Current Time = 04:08:19
70 Current Time = 04:25:58
80 Current Time = 04:43:20
90 Current Time = 05:00:48
Number of features: 1000
0 Current Time = 05:18:09
10 Current Time = 05:54:35
20 Current Time = 06:30:37
30 Current Time = 07:06:14
40 Current Time = 07:42:12
50 Current Time = 08:17:31
60 Current Time = 08:53:15
70 Current Time = 09:28:59
80 Current Time = 10:04:30
90 Current Time = 10:40:03
Number of features: 2923
Analyses complete. Current Time = 11:26:30
Results saved. All done. Current Time = 11:26:31
