Running job number  527
Start  527
End  528
outcome: 132086-0.0
Number of features: 5
0 Current Time = 02:38:28
10 Current Time = 02:39:09
20 Current Time = 02:39:49
30 Current Time = 02:40:26
40 Current Time = 02:41:08
50 Current Time = 02:41:49
60 Current Time = 02:42:28
70 Current Time = 02:43:08
80 Current Time = 02:43:48
90 Current Time = 02:44:27
Number of features: 50
0 Current Time = 02:45:08
10 Current Time = 02:48:16
20 Current Time = 02:51:27
30 Current Time = 02:54:25
40 Current Time = 02:57:39
50 Current Time = 03:00:46
60 Current Time = 03:03:57
70 Current Time = 03:07:13
80 Current Time = 03:10:20
90 Current Time = 03:13:26
Number of features: 100
0 Current Time = 03:16:28
10 Current Time = 03:22:37
20 Current Time = 03:29:00
30 Current Time = 03:35:06
40 Current Time = 03:41:17
50 Current Time = 03:47:29
60 Current Time = 03:53:34
70 Current Time = 03:59:37
80 Current Time = 04:05:46
90 Current Time = 04:11:56
Number of features: 500
0 Current Time = 04:17:51
10 Current Time = 04:48:04
20 Current Time = 05:15:43
30 Current Time = 05:42:25
40 Current Time = 06:09:17
50 Current Time = 06:35:41
60 Current Time = 07:01:04
70 Current Time = 07:26:26
80 Current Time = 07:51:17
90 Current Time = 08:16:14
Number of features: 1000
0 Current Time = 08:41:24
10 Current Time = 09:33:02
20 Current Time = 10:24:32
