Running job number  362
Start  362
End  363
outcome: 131628-0.0
Number of features: 5
0 Current Time = 02:10:02
10 Current Time = 02:10:36
20 Current Time = 02:11:10
30 Current Time = 02:11:43
40 Current Time = 02:12:14
50 Current Time = 02:12:45
60 Current Time = 02:13:16
70 Current Time = 02:13:47
80 Current Time = 02:14:19
90 Current Time = 02:14:50
Number of features: 50
0 Current Time = 02:15:21
10 Current Time = 02:18:07
20 Current Time = 02:21:04
30 Current Time = 02:23:41
40 Current Time = 02:26:06
50 Current Time = 02:28:33
60 Current Time = 02:30:59
70 Current Time = 02:33:17
80 Current Time = 02:35:32
90 Current Time = 02:37:48
Number of features: 100
0 Current Time = 02:40:10
10 Current Time = 02:46:25
20 Current Time = 02:52:39
30 Current Time = 02:58:56
40 Current Time = 03:04:58
50 Current Time = 03:10:53
60 Current Time = 03:16:35
70 Current Time = 03:22:08
80 Current Time = 03:27:59
90 Current Time = 03:33:58
Number of features: 500
0 Current Time = 03:40:02
10 Current Time = 04:17:13
20 Current Time = 04:55:50
30 Current Time = 05:34:12
40 Current Time = 06:12:09
50 Current Time = 06:41:35
60 Current Time = 07:07:34
70 Current Time = 07:32:56
80 Current Time = 07:58:38
90 Current Time = 08:24:27
Number of features: 1000
0 Current Time = 08:49:28
10 Current Time = 09:46:33
