Running job number  298
Start  298
End  299
outcome: 131464-0.0
Number of features: 5
0 Current Time = 01:44:11
10 Current Time = 01:44:50
20 Current Time = 01:45:28
30 Current Time = 01:46:06
40 Current Time = 01:46:45
50 Current Time = 01:47:24
60 Current Time = 01:48:01
70 Current Time = 01:48:39
80 Current Time = 01:49:19
90 Current Time = 01:49:59
Number of features: 50
0 Current Time = 01:50:39
10 Current Time = 01:52:51
20 Current Time = 01:55:01
30 Current Time = 01:57:08
40 Current Time = 01:59:18
50 Current Time = 02:01:30
60 Current Time = 02:03:40
70 Current Time = 02:05:52
80 Current Time = 02:08:09
90 Current Time = 02:10:21
Number of features: 100
0 Current Time = 02:12:32
10 Current Time = 02:16:45
20 Current Time = 02:21:11
30 Current Time = 02:25:35
40 Current Time = 02:29:47
50 Current Time = 02:34:09
60 Current Time = 02:38:21
70 Current Time = 02:42:49
80 Current Time = 02:47:15
90 Current Time = 02:51:39
Number of features: 500
0 Current Time = 02:56:00
10 Current Time = 03:19:49
20 Current Time = 03:44:32
30 Current Time = 04:08:35
40 Current Time = 04:32:01
50 Current Time = 04:55:17
60 Current Time = 05:18:25
70 Current Time = 05:41:37
80 Current Time = 06:05:43
90 Current Time = 06:29:11
Number of features: 1000
0 Current Time = 06:52:29
10 Current Time = 07:41:41
20 Current Time = 08:33:39
30 Current Time = 09:23:23
