Running job number  201
Start  201
End  202
outcome: 131204-0.0
Number of features: 5
0 Current Time = 23:14:45
10 Current Time = 23:15:19
20 Current Time = 23:15:52
30 Current Time = 23:16:25
40 Current Time = 23:16:58
50 Current Time = 23:17:30
60 Current Time = 23:18:03
70 Current Time = 23:18:36
80 Current Time = 23:19:09
90 Current Time = 23:19:42
Number of features: 50
0 Current Time = 23:20:15
10 Current Time = 23:22:31
20 Current Time = 23:24:41
30 Current Time = 23:26:47
40 Current Time = 23:28:50
50 Current Time = 23:30:54
60 Current Time = 23:33:04
70 Current Time = 23:35:14
80 Current Time = 23:37:25
90 Current Time = 23:39:35
Number of features: 100
0 Current Time = 23:41:47
10 Current Time = 23:46:16
20 Current Time = 23:50:42
30 Current Time = 23:55:11
40 Current Time = 23:59:36
50 Current Time = 00:04:02
60 Current Time = 00:08:28
70 Current Time = 00:12:46
80 Current Time = 00:17:06
90 Current Time = 00:21:31
Number of features: 500
0 Current Time = 00:25:56
10 Current Time = 00:50:01
20 Current Time = 01:14:56
30 Current Time = 01:40:11
40 Current Time = 02:04:19
50 Current Time = 02:29:39
60 Current Time = 02:53:25
70 Current Time = 03:18:20
80 Current Time = 03:41:33
90 Current Time = 04:06:27
Number of features: 1000
0 Current Time = 04:31:50
