Running job number  193
Start  193
End  194
outcome: 131182-0.0
Number of features: 5
0 Current Time = 21:33:16
10 Current Time = 21:34:08
20 Current Time = 21:34:59
30 Current Time = 21:35:50
40 Current Time = 21:36:40
50 Current Time = 21:37:29
60 Current Time = 21:38:21
70 Current Time = 21:39:11
80 Current Time = 21:40:03
90 Current Time = 21:40:55
Number of features: 50
0 Current Time = 21:41:46
10 Current Time = 21:44:32
20 Current Time = 21:47:17
30 Current Time = 21:50:05
40 Current Time = 21:52:46
50 Current Time = 21:55:27
60 Current Time = 21:58:11
70 Current Time = 22:00:55
80 Current Time = 22:03:39
90 Current Time = 22:06:28
Number of features: 100
0 Current Time = 22:09:14
10 Current Time = 22:14:31
20 Current Time = 22:19:44
30 Current Time = 22:25:05
40 Current Time = 22:30:14
50 Current Time = 22:35:21
60 Current Time = 22:40:36
70 Current Time = 22:45:41
80 Current Time = 22:50:47
90 Current Time = 22:55:56
Number of features: 500
0 Current Time = 23:01:07
10 Current Time = 23:27:12
20 Current Time = 23:53:16
30 Current Time = 00:20:00
40 Current Time = 00:45:52
50 Current Time = 01:11:54
60 Current Time = 01:38:30
70 Current Time = 02:05:03
80 Current Time = 02:31:40
90 Current Time = 02:58:10
Number of features: 1000
0 Current Time = 03:24:36
10 Current Time = 04:19:06
20 Current Time = 05:12:27
30 Current Time = 06:07:37
40 Current Time = 07:01:01
50 Current Time = 07:54:44
60 Current Time = 08:49:19
70 Current Time = 09:43:17
