Running job number  315
Start  315
End  316
outcome: 131502-0.0
Number of features: 5
0 Current Time = 01:53:28
10 Current Time = 01:54:00
20 Current Time = 01:54:32
30 Current Time = 01:55:03
40 Current Time = 01:55:34
50 Current Time = 01:56:06
60 Current Time = 01:56:37
70 Current Time = 01:57:08
80 Current Time = 01:57:40
90 Current Time = 01:58:11
Number of features: 50
0 Current Time = 01:58:42
10 Current Time = 02:00:29
20 Current Time = 02:02:12
30 Current Time = 02:03:57
40 Current Time = 02:05:40
50 Current Time = 02:07:23
60 Current Time = 02:09:08
70 Current Time = 02:10:49
80 Current Time = 02:12:31
90 Current Time = 02:14:14
Number of features: 100
0 Current Time = 02:15:57
10 Current Time = 02:19:14
20 Current Time = 02:22:25
30 Current Time = 02:25:38
40 Current Time = 02:28:51
50 Current Time = 02:32:07
60 Current Time = 02:35:23
70 Current Time = 02:38:36
80 Current Time = 02:41:50
90 Current Time = 02:45:04
Number of features: 500
0 Current Time = 02:48:22
10 Current Time = 03:04:49
20 Current Time = 03:21:31
30 Current Time = 03:38:02
40 Current Time = 03:53:54
50 Current Time = 04:09:15
60 Current Time = 04:24:47
70 Current Time = 04:40:12
80 Current Time = 04:55:43
90 Current Time = 05:11:22
Number of features: 1000
0 Current Time = 05:27:02
10 Current Time = 05:58:36
20 Current Time = 06:30:21
30 Current Time = 07:01:56
40 Current Time = 07:33:25
50 Current Time = 08:05:19
60 Current Time = 08:37:11
70 Current Time = 09:07:59
80 Current Time = 09:39:02
