Running job number  110
Start  110
End  111
outcome: 130890-0.0
Number of features: 5
0 Current Time = 01:47:42
10 Current Time = 01:48:10
20 Current Time = 01:48:37
30 Current Time = 01:49:05
40 Current Time = 01:49:33
50 Current Time = 01:50:00
60 Current Time = 01:50:28
70 Current Time = 01:50:56
80 Current Time = 01:51:24
90 Current Time = 01:51:52
Number of features: 50
0 Current Time = 01:52:20
10 Current Time = 01:54:03
20 Current Time = 01:55:45
30 Current Time = 01:57:26
40 Current Time = 01:59:08
50 Current Time = 02:00:50
60 Current Time = 02:02:32
70 Current Time = 02:04:15
80 Current Time = 02:05:57
90 Current Time = 02:07:39
Number of features: 100
0 Current Time = 02:09:20
10 Current Time = 02:12:42
20 Current Time = 02:16:06
30 Current Time = 02:19:28
40 Current Time = 02:22:51
50 Current Time = 02:26:11
60 Current Time = 02:29:32
70 Current Time = 02:32:51
80 Current Time = 02:36:13
90 Current Time = 02:39:32
Number of features: 500
0 Current Time = 02:42:57
10 Current Time = 03:01:40
20 Current Time = 03:20:12
30 Current Time = 03:38:46
40 Current Time = 03:57:26
50 Current Time = 04:16:07
60 Current Time = 04:35:08
70 Current Time = 04:53:56
80 Current Time = 05:12:55
90 Current Time = 05:32:02
Number of features: 1000
0 Current Time = 05:51:07
10 Current Time = 06:30:20
20 Current Time = 07:09:24
30 Current Time = 07:49:11
40 Current Time = 08:28:31
50 Current Time = 09:07:39
60 Current Time = 09:46:23
70 Current Time = 10:25:42
80 Current Time = 11:05:44
90 Current Time = 11:44:46
Number of features: 2923
Analyses complete. Current Time = 12:35:01
Results saved. All done. Current Time = 12:35:02
