Running job number  159
Start  159
End  160
outcome: 131086-0.0
Number of features: 5
0 Current Time = 01:48:39
10 Current Time = 01:49:36
20 Current Time = 01:50:34
30 Current Time = 01:51:33
40 Current Time = 01:52:29
50 Current Time = 01:53:26
60 Current Time = 01:54:24
70 Current Time = 01:55:21
80 Current Time = 01:56:17
90 Current Time = 01:57:13
Number of features: 50
0 Current Time = 01:58:11
10 Current Time = 02:02:49
20 Current Time = 02:07:33
30 Current Time = 02:12:16
40 Current Time = 02:16:59
50 Current Time = 02:21:36
60 Current Time = 02:26:17
70 Current Time = 02:30:54
80 Current Time = 02:35:32
90 Current Time = 02:40:07
Number of features: 100
0 Current Time = 02:44:44
10 Current Time = 02:53:56
20 Current Time = 03:02:56
30 Current Time = 03:11:38
40 Current Time = 03:20:26
50 Current Time = 03:29:33
60 Current Time = 03:38:35
70 Current Time = 03:47:07
80 Current Time = 03:55:36
90 Current Time = 04:04:25
Number of features: 500
0 Current Time = 04:13:12
10 Current Time = 04:57:51
20 Current Time = 05:43:02
30 Current Time = 06:28:15
40 Current Time = 07:13:39
50 Current Time = 07:59:26
60 Current Time = 08:45:33
70 Current Time = 09:30:55
80 Current Time = 10:15:28
90 Current Time = 11:00:43
Number of features: 1000
0 Current Time = 11:45:43
10 Current Time = 13:22:49
20 Current Time = 14:55:50
30 Current Time = 16:25:10
