Running job number  74
Start  74
End  75
outcome: 130722-0.0
Number of features: 5
0 Current Time = 01:34:06
10 Current Time = 01:34:47
20 Current Time = 01:35:30
30 Current Time = 01:36:11
40 Current Time = 01:36:52
50 Current Time = 01:37:33
60 Current Time = 01:38:15
70 Current Time = 01:38:56
80 Current Time = 01:39:38
90 Current Time = 01:40:19
Number of features: 50
0 Current Time = 01:41:03
10 Current Time = 01:43:55
20 Current Time = 01:46:45
30 Current Time = 01:49:32
40 Current Time = 01:52:18
50 Current Time = 01:55:11
60 Current Time = 01:58:01
70 Current Time = 02:00:51
80 Current Time = 02:03:38
90 Current Time = 02:06:26
Number of features: 100
0 Current Time = 02:09:17
10 Current Time = 02:14:53
20 Current Time = 02:20:31
30 Current Time = 02:25:55
40 Current Time = 02:31:31
50 Current Time = 02:37:11
60 Current Time = 02:42:47
70 Current Time = 02:48:10
80 Current Time = 02:53:38
90 Current Time = 02:59:02
Number of features: 500
0 Current Time = 03:04:33
10 Current Time = 03:32:31
20 Current Time = 03:59:55
30 Current Time = 04:27:43
40 Current Time = 04:55:37
50 Current Time = 05:23:52
60 Current Time = 05:51:47
70 Current Time = 06:19:36
80 Current Time = 06:47:11
90 Current Time = 07:14:04
Number of features: 1000
0 Current Time = 07:41:36
10 Current Time = 08:39:36
20 Current Time = 09:37:23
30 Current Time = 10:34:10
40 Current Time = 11:30:59
50 Current Time = 12:29:03
60 Current Time = 13:27:34
70 Current Time = 14:24:29
80 Current Time = 15:17:10
90 Current Time = 16:09:22
Number of features: 2923
Analyses complete. Current Time = 17:18:13
Results saved. All done. Current Time = 17:18:14
