Running job number  213
Start  213
End  214
outcome: 131236-0.0
Number of features: 5
0 Current Time = 01:49:15
10 Current Time = 01:50:02
20 Current Time = 01:50:47
30 Current Time = 01:51:29
40 Current Time = 01:52:12
50 Current Time = 01:52:55
60 Current Time = 01:53:36
70 Current Time = 01:54:18
80 Current Time = 01:55:00
90 Current Time = 01:55:41
Number of features: 50
0 Current Time = 01:56:23
10 Current Time = 01:58:57
20 Current Time = 02:01:20
30 Current Time = 02:03:41
40 Current Time = 02:06:07
50 Current Time = 02:08:34
60 Current Time = 02:10:56
70 Current Time = 02:13:20
80 Current Time = 02:15:44
90 Current Time = 02:18:07
Number of features: 100
0 Current Time = 02:20:32
10 Current Time = 02:25:16
20 Current Time = 02:29:58
30 Current Time = 02:34:33
40 Current Time = 02:39:18
50 Current Time = 02:44:02
60 Current Time = 02:48:37
70 Current Time = 02:53:17
80 Current Time = 02:57:59
90 Current Time = 03:02:43
Number of features: 500
0 Current Time = 03:07:25
10 Current Time = 03:30:46
20 Current Time = 03:54:10
30 Current Time = 04:17:29
40 Current Time = 04:41:08
50 Current Time = 05:04:30
60 Current Time = 05:27:50
70 Current Time = 05:51:22
80 Current Time = 06:15:01
90 Current Time = 06:39:00
Number of features: 1000
0 Current Time = 07:05:17
10 Current Time = 08:04:04
20 Current Time = 09:06:27
30 Current Time = 10:04:36
40 Current Time = 11:05:41
50 Current Time = 12:10:10
60 Current Time = 13:08:21
70 Current Time = 13:57:35
80 Current Time = 14:46:48
90 Current Time = 15:37:17
Number of features: 2923
Analyses complete. Current Time = 16:39:56
Results saved. All done. Current Time = 16:39:57
