Running job number  242
Start  242
End  243
outcome: 131320-0.0
Number of features: 5
0 Current Time = 01:50:25
10 Current Time = 01:50:57
20 Current Time = 01:51:29
30 Current Time = 01:52:01
40 Current Time = 01:52:33
50 Current Time = 01:53:06
60 Current Time = 01:53:39
70 Current Time = 01:54:11
80 Current Time = 01:54:43
90 Current Time = 01:55:16
Number of features: 50
0 Current Time = 01:55:48
10 Current Time = 01:57:50
20 Current Time = 01:59:55
30 Current Time = 02:01:44
40 Current Time = 02:03:43
50 Current Time = 02:05:41
60 Current Time = 02:07:34
70 Current Time = 02:09:33
80 Current Time = 02:11:37
90 Current Time = 02:13:39
Number of features: 100
0 Current Time = 02:15:42
10 Current Time = 02:19:32
20 Current Time = 02:23:14
30 Current Time = 02:26:54
40 Current Time = 02:30:58
50 Current Time = 02:35:01
60 Current Time = 02:38:46
70 Current Time = 02:42:35
80 Current Time = 02:46:34
90 Current Time = 02:50:56
Number of features: 500
0 Current Time = 02:54:55
10 Current Time = 03:13:00
20 Current Time = 03:32:06
30 Current Time = 03:52:43
40 Current Time = 04:14:06
50 Current Time = 04:35:47
60 Current Time = 04:58:07
70 Current Time = 05:20:17
80 Current Time = 05:43:42
90 Current Time = 06:07:09
Number of features: 1000
0 Current Time = 06:29:12
10 Current Time = 07:19:04
20 Current Time = 08:09:39
30 Current Time = 08:57:25
40 Current Time = 09:43:50
50 Current Time = 10:30:37
60 Current Time = 11:20:11
70 Current Time = 12:11:36
80 Current Time = 13:00:52
90 Current Time = 13:50:07
Number of features: 2923
Analyses complete. Current Time = 14:54:47
Results saved. All done. Current Time = 14:54:48
