Running job number  593
Start  593
End  594
outcome: 132312-0.0
Number of features: 5
0 Current Time = 02:47:03
10 Current Time = 02:47:55
20 Current Time = 02:48:47
30 Current Time = 02:49:40
40 Current Time = 02:50:32
50 Current Time = 02:51:24
60 Current Time = 02:52:17
70 Current Time = 02:53:08
80 Current Time = 02:54:00
90 Current Time = 02:54:51
Number of features: 50
0 Current Time = 02:55:43
10 Current Time = 02:58:40
20 Current Time = 03:01:40
30 Current Time = 03:04:37
40 Current Time = 03:07:33
50 Current Time = 03:10:35
60 Current Time = 03:13:34
70 Current Time = 03:16:30
80 Current Time = 03:19:26
90 Current Time = 03:22:20
Number of features: 100
0 Current Time = 03:25:13
10 Current Time = 03:30:59
20 Current Time = 03:36:39
30 Current Time = 03:42:26
40 Current Time = 03:48:18
50 Current Time = 03:54:07
60 Current Time = 03:59:55
70 Current Time = 04:05:45
80 Current Time = 04:11:40
90 Current Time = 04:17:25
Number of features: 500
0 Current Time = 04:23:12
10 Current Time = 04:51:48
20 Current Time = 05:21:01
30 Current Time = 05:49:03
40 Current Time = 06:16:44
50 Current Time = 06:43:15
60 Current Time = 07:09:27
70 Current Time = 07:35:32
80 Current Time = 08:01:35
90 Current Time = 08:28:21
Number of features: 1000
0 Current Time = 08:55:17
10 Current Time = 09:50:16
