Running job number  109
Start  109
End  110
outcome: 130888-0.0
Number of features: 5
0 Current Time = 23:09:36
10 Current Time = 23:10:09
20 Current Time = 23:10:42
30 Current Time = 23:11:14
40 Current Time = 23:11:47
50 Current Time = 23:12:20
60 Current Time = 23:12:53
70 Current Time = 23:13:26
80 Current Time = 23:13:59
90 Current Time = 23:14:31
Number of features: 50
0 Current Time = 23:15:04
10 Current Time = 23:17:15
20 Current Time = 23:19:24
30 Current Time = 23:21:30
40 Current Time = 23:23:38
50 Current Time = 23:25:44
60 Current Time = 23:27:53
70 Current Time = 23:29:59
80 Current Time = 23:32:04
90 Current Time = 23:34:11
Number of features: 100
0 Current Time = 23:36:17
10 Current Time = 23:40:28
20 Current Time = 23:44:45
30 Current Time = 23:48:54
40 Current Time = 23:53:03
50 Current Time = 23:57:10
60 Current Time = 00:01:15
70 Current Time = 00:05:21
80 Current Time = 00:09:24
90 Current Time = 00:13:25
Number of features: 500
0 Current Time = 00:17:23
10 Current Time = 00:37:10
20 Current Time = 00:57:26
30 Current Time = 01:17:54
40 Current Time = 01:38:07
50 Current Time = 01:58:08
60 Current Time = 02:18:05
70 Current Time = 02:38:03
80 Current Time = 02:57:59
90 Current Time = 03:17:49
Number of features: 1000
0 Current Time = 03:37:49
10 Current Time = 04:19:03
20 Current Time = 05:00:21
