Running job number  163
Start  163
End  164
outcome: 131102-0.0
Number of features: 5
0 Current Time = 23:12:35
10 Current Time = 23:13:17
20 Current Time = 23:13:58
30 Current Time = 23:14:40
40 Current Time = 23:15:21
50 Current Time = 23:16:03
60 Current Time = 23:16:46
70 Current Time = 23:17:27
80 Current Time = 23:18:09
90 Current Time = 23:18:50
Number of features: 50
0 Current Time = 23:19:32
10 Current Time = 23:22:17
20 Current Time = 23:24:55
30 Current Time = 23:27:32
40 Current Time = 23:30:11
50 Current Time = 23:32:52
60 Current Time = 23:35:33
70 Current Time = 23:38:16
80 Current Time = 23:40:57
90 Current Time = 23:43:36
Number of features: 100
0 Current Time = 23:46:14
10 Current Time = 23:51:46
20 Current Time = 23:57:15
30 Current Time = 00:02:39
40 Current Time = 00:08:01
50 Current Time = 00:13:23
60 Current Time = 00:18:48
70 Current Time = 00:24:22
80 Current Time = 00:29:55
90 Current Time = 00:35:20
Number of features: 500
0 Current Time = 00:40:53
10 Current Time = 01:08:50
20 Current Time = 01:36:27
30 Current Time = 02:03:36
40 Current Time = 02:30:46
50 Current Time = 02:58:04
60 Current Time = 03:25:06
70 Current Time = 03:51:24
80 Current Time = 04:17:27
90 Current Time = 04:43:36
Number of features: 1000
0 Current Time = 05:09:09
