Running job number  170
Start  170
End  171
outcome: 131120-0.0
Number of features: 5
0 Current Time = 21:33:05
10 Current Time = 21:33:36
20 Current Time = 21:34:07
30 Current Time = 21:34:38
40 Current Time = 21:35:09
50 Current Time = 21:35:39
60 Current Time = 21:36:10
70 Current Time = 21:36:41
80 Current Time = 21:37:12
90 Current Time = 21:37:42
Number of features: 50
0 Current Time = 21:38:13
10 Current Time = 21:40:26
20 Current Time = 21:42:40
30 Current Time = 21:44:50
40 Current Time = 21:46:54
50 Current Time = 21:48:59
60 Current Time = 21:51:12
70 Current Time = 21:53:29
80 Current Time = 21:55:32
90 Current Time = 21:57:34
Number of features: 100
0 Current Time = 21:59:43
10 Current Time = 22:03:56
20 Current Time = 22:07:54
30 Current Time = 22:11:53
40 Current Time = 22:15:52
50 Current Time = 22:20:00
60 Current Time = 22:23:56
70 Current Time = 22:27:54
80 Current Time = 22:32:02
90 Current Time = 22:36:02
Number of features: 500
0 Current Time = 22:39:58
10 Current Time = 23:00:42
20 Current Time = 23:21:43
30 Current Time = 23:43:01
40 Current Time = 00:04:12
50 Current Time = 00:24:44
60 Current Time = 00:46:24
70 Current Time = 01:08:30
80 Current Time = 01:29:24
90 Current Time = 01:50:32
Number of features: 1000
0 Current Time = 02:11:20
10 Current Time = 02:58:06
20 Current Time = 03:41:17
30 Current Time = 04:22:25
40 Current Time = 05:02:37
50 Current Time = 05:43:00
60 Current Time = 06:23:34
70 Current Time = 07:04:25
80 Current Time = 07:43:41
90 Current Time = 08:22:42
Number of features: 2923
Analyses complete. Current Time = 09:12:42
Results saved. All done. Current Time = 09:12:44
