Running job number  225
Start  225
End  226
outcome: 131270-0.0
Number of features: 5
0 Current Time = 23:14:34
10 Current Time = 23:15:10
20 Current Time = 23:15:45
30 Current Time = 23:16:23
40 Current Time = 23:17:00
50 Current Time = 23:17:37
60 Current Time = 23:18:13
70 Current Time = 23:18:50
80 Current Time = 23:19:26
90 Current Time = 23:20:04
Number of features: 50
0 Current Time = 23:20:41
10 Current Time = 23:22:54
20 Current Time = 23:25:06
30 Current Time = 23:27:17
40 Current Time = 23:29:23
50 Current Time = 23:31:31
60 Current Time = 23:33:41
70 Current Time = 23:35:56
80 Current Time = 23:38:04
90 Current Time = 23:40:16
Number of features: 100
0 Current Time = 23:42:28
10 Current Time = 23:46:49
20 Current Time = 23:50:57
30 Current Time = 23:55:16
40 Current Time = 23:59:38
50 Current Time = 00:04:01
60 Current Time = 00:08:19
70 Current Time = 00:12:39
80 Current Time = 00:16:54
90 Current Time = 00:21:15
Number of features: 500
0 Current Time = 00:25:39
10 Current Time = 00:48:02
20 Current Time = 01:11:15
30 Current Time = 01:34:05
40 Current Time = 01:56:37
50 Current Time = 02:20:49
60 Current Time = 02:44:54
70 Current Time = 03:09:13
80 Current Time = 03:32:32
90 Current Time = 03:56:22
Number of features: 1000
0 Current Time = 04:20:26
10 Current Time = 05:09:04
