Running job number  517
Start  517
End  518
outcome: 132062-0.0
Number of features: 5
0 Current Time = 02:36:50
10 Current Time = 02:37:26
20 Current Time = 02:38:01
30 Current Time = 02:38:33
40 Current Time = 02:39:06
50 Current Time = 02:39:41
60 Current Time = 02:40:17
70 Current Time = 02:40:53
80 Current Time = 02:41:29
90 Current Time = 02:42:06
Number of features: 50
0 Current Time = 02:42:42
10 Current Time = 02:45:16
20 Current Time = 02:47:59
30 Current Time = 02:50:44
40 Current Time = 02:53:24
50 Current Time = 02:55:59
60 Current Time = 02:58:35
70 Current Time = 03:00:58
80 Current Time = 03:03:30
90 Current Time = 03:06:08
Number of features: 100
0 Current Time = 03:08:45
10 Current Time = 03:14:11
20 Current Time = 03:19:15
30 Current Time = 03:24:00
40 Current Time = 03:29:04
50 Current Time = 03:34:13
60 Current Time = 03:39:19
70 Current Time = 03:44:16
80 Current Time = 03:49:09
90 Current Time = 03:54:17
Number of features: 500
0 Current Time = 03:59:29
10 Current Time = 04:25:32
20 Current Time = 04:51:24
30 Current Time = 05:17:07
40 Current Time = 05:39:35
50 Current Time = 06:01:31
60 Current Time = 06:22:40
70 Current Time = 06:43:18
80 Current Time = 07:03:48
90 Current Time = 07:24:24
Number of features: 1000
0 Current Time = 07:44:59
10 Current Time = 08:27:30
20 Current Time = 09:10:34
30 Current Time = 09:54:42
