Running job number  177
Start  177
End  178
outcome: 131136-0.0
Number of features: 5
0 Current Time = 23:12:46
10 Current Time = 23:13:36
20 Current Time = 23:14:27
30 Current Time = 23:15:17
40 Current Time = 23:16:07
50 Current Time = 23:16:58
60 Current Time = 23:17:50
70 Current Time = 23:18:41
80 Current Time = 23:19:33
90 Current Time = 23:20:23
Number of features: 50
0 Current Time = 23:21:14
10 Current Time = 23:24:14
20 Current Time = 23:27:15
30 Current Time = 23:30:21
40 Current Time = 23:33:25
50 Current Time = 23:36:28
60 Current Time = 23:39:28
70 Current Time = 23:42:26
80 Current Time = 23:45:26
90 Current Time = 23:48:18
Number of features: 100
0 Current Time = 23:51:09
10 Current Time = 23:56:52
20 Current Time = 00:02:37
30 Current Time = 00:08:20
40 Current Time = 00:13:56
50 Current Time = 00:19:33
60 Current Time = 00:25:23
70 Current Time = 00:31:19
80 Current Time = 00:37:31
90 Current Time = 00:43:24
Number of features: 500
0 Current Time = 00:49:16
10 Current Time = 01:18:41
20 Current Time = 01:47:14
30 Current Time = 02:16:07
40 Current Time = 02:44:46
50 Current Time = 03:13:56
60 Current Time = 03:43:01
70 Current Time = 04:11:38
80 Current Time = 04:40:35
90 Current Time = 05:09:38
