Running job number  23
Start  23
End  24
outcome: 130194-0.0
Number of features: 5
0 Current Time = 23:04:51
10 Current Time = 23:05:23
20 Current Time = 23:05:55
30 Current Time = 23:06:27
40 Current Time = 23:06:58
50 Current Time = 23:07:29
60 Current Time = 23:08:01
70 Current Time = 23:08:32
80 Current Time = 23:09:04
90 Current Time = 23:09:36
Number of features: 50
0 Current Time = 23:10:08
10 Current Time = 23:12:05
20 Current Time = 23:14:01
30 Current Time = 23:15:58
40 Current Time = 23:17:54
50 Current Time = 23:19:52
60 Current Time = 23:21:47
70 Current Time = 23:23:46
80 Current Time = 23:25:43
90 Current Time = 23:27:41
Number of features: 100
0 Current Time = 23:29:38
10 Current Time = 23:33:38
20 Current Time = 23:37:40
30 Current Time = 23:41:45
40 Current Time = 23:45:49
50 Current Time = 23:49:52
60 Current Time = 23:53:54
70 Current Time = 23:57:51
80 Current Time = 00:01:44
90 Current Time = 00:05:50
Number of features: 500
0 Current Time = 00:10:05
10 Current Time = 00:32:17
20 Current Time = 00:53:55
30 Current Time = 01:15:50
40 Current Time = 01:38:09
50 Current Time = 02:00:22
60 Current Time = 02:21:11
70 Current Time = 02:41:52
80 Current Time = 03:03:29
90 Current Time = 03:25:07
Number of features: 1000
0 Current Time = 03:46:55
10 Current Time = 04:33:11
