Running job number  79
Start  79
End  80
outcome: 130738-0.0
Number of features: 5
0 Current Time = 23:07:50
10 Current Time = 23:08:21
20 Current Time = 23:08:52
30 Current Time = 23:09:23
40 Current Time = 23:09:55
50 Current Time = 23:10:27
60 Current Time = 23:10:58
70 Current Time = 23:11:29
80 Current Time = 23:12:01
90 Current Time = 23:12:32
Number of features: 50
0 Current Time = 23:13:03
10 Current Time = 23:15:06
20 Current Time = 23:17:05
30 Current Time = 23:19:05
40 Current Time = 23:21:03
50 Current Time = 23:23:03
60 Current Time = 23:25:05
70 Current Time = 23:27:09
80 Current Time = 23:29:13
90 Current Time = 23:31:15
Number of features: 100
0 Current Time = 23:33:15
10 Current Time = 23:37:10
20 Current Time = 23:41:13
30 Current Time = 23:45:13
40 Current Time = 23:49:07
50 Current Time = 23:53:02
60 Current Time = 23:57:00
70 Current Time = 00:00:58
80 Current Time = 00:04:58
90 Current Time = 00:08:58
Number of features: 500
0 Current Time = 00:12:58
10 Current Time = 00:33:37
20 Current Time = 00:54:13
30 Current Time = 01:14:47
40 Current Time = 01:35:13
50 Current Time = 01:55:49
60 Current Time = 02:16:17
70 Current Time = 02:36:50
80 Current Time = 02:57:32
90 Current Time = 03:18:13
Number of features: 1000
0 Current Time = 03:38:46
10 Current Time = 04:21:23
20 Current Time = 05:04:14
