Running job number  254
Start  254
End  255
outcome: 131352-0.0
Number of features: 5
0 Current Time = 01:13:51
10 Current Time = 01:14:36
20 Current Time = 01:15:20
30 Current Time = 01:16:05
40 Current Time = 01:16:49
50 Current Time = 01:17:34
60 Current Time = 01:18:18
70 Current Time = 01:19:03
80 Current Time = 01:19:46
90 Current Time = 01:20:31
Number of features: 50
0 Current Time = 01:21:16
10 Current Time = 01:23:56
20 Current Time = 01:26:35
30 Current Time = 01:29:17
40 Current Time = 01:32:01
50 Current Time = 01:34:41
60 Current Time = 01:37:20
70 Current Time = 01:40:05
80 Current Time = 01:42:46
90 Current Time = 01:45:33
Number of features: 100
0 Current Time = 01:48:17
10 Current Time = 01:54:00
20 Current Time = 01:59:44
30 Current Time = 02:05:26
40 Current Time = 02:11:01
50 Current Time = 02:16:46
60 Current Time = 02:22:26
70 Current Time = 02:28:18
80 Current Time = 02:34:06
90 Current Time = 02:39:47
Number of features: 500
0 Current Time = 02:45:39
10 Current Time = 03:15:21
20 Current Time = 03:45:31
30 Current Time = 04:13:43
40 Current Time = 04:40:53
50 Current Time = 05:08:11
60 Current Time = 05:35:38
70 Current Time = 06:02:58
80 Current Time = 06:30:36
90 Current Time = 06:57:57
Number of features: 1000
0 Current Time = 07:25:10
10 Current Time = 08:23:32
20 Current Time = 09:20:28
