Running job number  118
Start  118
End  119
outcome: 130908-0.0
Number of features: 5
0 Current Time = 23:09:45
10 Current Time = 23:10:18
20 Current Time = 23:10:51
30 Current Time = 23:11:24
40 Current Time = 23:11:56
50 Current Time = 23:12:30
60 Current Time = 23:13:03
70 Current Time = 23:13:35
80 Current Time = 23:14:07
90 Current Time = 23:14:40
Number of features: 50
0 Current Time = 23:15:12
10 Current Time = 23:17:15
20 Current Time = 23:19:17
30 Current Time = 23:21:23
40 Current Time = 23:23:28
50 Current Time = 23:25:34
60 Current Time = 23:27:39
70 Current Time = 23:29:46
80 Current Time = 23:31:49
90 Current Time = 23:33:52
Number of features: 100
0 Current Time = 23:35:56
10 Current Time = 23:40:04
20 Current Time = 23:44:13
30 Current Time = 23:48:26
40 Current Time = 23:52:35
50 Current Time = 23:56:47
60 Current Time = 00:00:57
70 Current Time = 00:05:05
80 Current Time = 00:09:14
90 Current Time = 00:13:17
Number of features: 500
0 Current Time = 00:17:25
10 Current Time = 00:38:56
20 Current Time = 01:00:20
30 Current Time = 01:21:44
40 Current Time = 01:43:36
50 Current Time = 02:05:15
60 Current Time = 02:27:01
70 Current Time = 02:48:58
80 Current Time = 03:11:30
90 Current Time = 03:34:06
Number of features: 1000
0 Current Time = 03:56:58
10 Current Time = 04:43:45
