Running job number  3
Start  3
End  4
outcome: 130016-0.0
Number of features: 5
0 Current Time = 23:05:11
10 Current Time = 23:05:50
20 Current Time = 23:06:28
30 Current Time = 23:07:03
40 Current Time = 23:07:40
50 Current Time = 23:08:19
60 Current Time = 23:08:57
70 Current Time = 23:09:35
80 Current Time = 23:10:13
90 Current Time = 23:10:48
Number of features: 50
0 Current Time = 23:11:26
10 Current Time = 23:14:04
20 Current Time = 23:16:38
30 Current Time = 23:19:12
40 Current Time = 23:21:41
50 Current Time = 23:24:11
60 Current Time = 23:26:41
70 Current Time = 23:29:20
80 Current Time = 23:31:51
90 Current Time = 23:34:30
Number of features: 100
0 Current Time = 23:37:10
10 Current Time = 23:42:06
20 Current Time = 23:46:55
30 Current Time = 23:51:50
40 Current Time = 23:56:43
50 Current Time = 00:01:36
60 Current Time = 00:06:29
70 Current Time = 00:11:15
80 Current Time = 00:15:54
90 Current Time = 00:20:38
Number of features: 500
0 Current Time = 00:25:20
10 Current Time = 00:49:11
20 Current Time = 01:11:55
30 Current Time = 01:35:27
40 Current Time = 01:59:02
50 Current Time = 02:22:29
60 Current Time = 02:46:19
70 Current Time = 03:10:29
80 Current Time = 03:34:47
90 Current Time = 03:58:54
Number of features: 1000
0 Current Time = 04:23:11
