Running job number  143
Start  143
End  144
outcome: 131050-0.0
Number of features: 5
0 Current Time = 01:47:50
10 Current Time = 01:48:22
20 Current Time = 01:48:54
30 Current Time = 01:49:26
40 Current Time = 01:49:59
50 Current Time = 01:50:31
60 Current Time = 01:51:04
70 Current Time = 01:51:36
80 Current Time = 01:52:09
90 Current Time = 01:52:41
Number of features: 50
0 Current Time = 01:53:13
10 Current Time = 01:55:34
20 Current Time = 01:57:55
30 Current Time = 02:00:16
40 Current Time = 02:02:36
50 Current Time = 02:04:57
60 Current Time = 02:07:18
70 Current Time = 02:09:39
80 Current Time = 02:11:59
90 Current Time = 02:14:19
Number of features: 100
0 Current Time = 02:16:42
10 Current Time = 02:21:17
20 Current Time = 02:25:54
30 Current Time = 02:30:31
40 Current Time = 02:35:07
50 Current Time = 02:39:43
60 Current Time = 02:44:18
70 Current Time = 02:48:56
80 Current Time = 02:53:31
90 Current Time = 02:58:07
Number of features: 500
0 Current Time = 03:02:43
10 Current Time = 03:26:51
20 Current Time = 03:51:13
30 Current Time = 04:15:35
40 Current Time = 04:40:02
50 Current Time = 05:04:24
60 Current Time = 05:28:44
70 Current Time = 05:53:04
80 Current Time = 06:17:27
90 Current Time = 06:41:49
Number of features: 1000
0 Current Time = 07:06:05
10 Current Time = 07:59:29
20 Current Time = 08:53:01
30 Current Time = 09:46:22
40 Current Time = 10:39:49
50 Current Time = 11:32:38
60 Current Time = 12:25:45
70 Current Time = 13:19:02
80 Current Time = 14:12:30
90 Current Time = 15:01:23
Number of features: 2923
Analyses complete. Current Time = 15:46:31
Results saved. All done. Current Time = 15:46:32
