Running job number  292
Start  292
End  293
outcome: 131446-0.0
Number of features: 5
0 Current Time = 23:19:12
10 Current Time = 23:19:43
20 Current Time = 23:20:16
30 Current Time = 23:20:49
40 Current Time = 23:21:22
50 Current Time = 23:21:54
60 Current Time = 23:22:27
70 Current Time = 23:22:59
80 Current Time = 23:23:32
90 Current Time = 23:24:04
Number of features: 50
0 Current Time = 23:24:38
10 Current Time = 23:26:47
20 Current Time = 23:28:55
30 Current Time = 23:31:04
40 Current Time = 23:33:12
50 Current Time = 23:35:23
60 Current Time = 23:37:33
70 Current Time = 23:39:42
80 Current Time = 23:41:49
90 Current Time = 23:44:00
Number of features: 100
0 Current Time = 23:46:10
10 Current Time = 23:50:26
20 Current Time = 23:54:40
30 Current Time = 23:58:52
40 Current Time = 00:03:04
50 Current Time = 00:07:19
60 Current Time = 00:11:30
70 Current Time = 00:15:37
80 Current Time = 00:19:40
90 Current Time = 00:23:46
Number of features: 500
0 Current Time = 00:27:55
10 Current Time = 00:49:12
20 Current Time = 01:10:30
30 Current Time = 01:31:48
40 Current Time = 01:53:09
50 Current Time = 02:14:22
60 Current Time = 02:35:38
70 Current Time = 02:56:49
80 Current Time = 03:17:59
90 Current Time = 03:39:11
Number of features: 1000
0 Current Time = 04:00:32
10 Current Time = 04:44:25
