Running job number  115
Start  115
End  116
outcome: 130902-0.0
Number of features: 5
0 Current Time = 21:33:01
10 Current Time = 21:33:32
20 Current Time = 21:34:03
30 Current Time = 21:34:35
40 Current Time = 21:35:06
50 Current Time = 21:35:38
60 Current Time = 21:36:10
70 Current Time = 21:36:41
80 Current Time = 21:37:12
90 Current Time = 21:37:44
Number of features: 50
0 Current Time = 21:38:16
10 Current Time = 21:40:05
20 Current Time = 21:41:52
30 Current Time = 21:43:40
40 Current Time = 21:45:27
50 Current Time = 21:47:14
60 Current Time = 21:49:03
70 Current Time = 21:50:52
80 Current Time = 21:52:40
90 Current Time = 21:54:29
Number of features: 100
0 Current Time = 21:56:19
10 Current Time = 22:00:11
20 Current Time = 22:03:59
30 Current Time = 22:07:52
40 Current Time = 22:11:43
50 Current Time = 22:15:36
60 Current Time = 22:19:26
70 Current Time = 22:23:19
80 Current Time = 22:27:01
90 Current Time = 22:30:34
Number of features: 500
0 Current Time = 22:34:09
10 Current Time = 22:54:47
20 Current Time = 23:12:31
30 Current Time = 23:30:46
40 Current Time = 23:48:47
50 Current Time = 00:06:49
60 Current Time = 00:24:52
70 Current Time = 00:43:13
80 Current Time = 01:01:27
90 Current Time = 01:19:36
Number of features: 1000
0 Current Time = 01:37:54
10 Current Time = 02:16:07
20 Current Time = 02:54:24
30 Current Time = 03:32:47
40 Current Time = 04:09:53
50 Current Time = 04:45:11
60 Current Time = 05:21:47
70 Current Time = 05:58:37
80 Current Time = 06:35:14
90 Current Time = 07:11:32
Number of features: 2923
Analyses complete. Current Time = 07:58:53
Results saved. All done. Current Time = 07:58:54
