Running job number  186
Start  186
End  187
outcome: 131160-0.0
Number of features: 5
0 Current Time = 01:49:13
10 Current Time = 01:49:50
20 Current Time = 01:50:26
30 Current Time = 01:51:01
40 Current Time = 01:51:37
50 Current Time = 01:52:11
60 Current Time = 01:52:47
70 Current Time = 01:53:23
80 Current Time = 01:53:58
90 Current Time = 01:54:34
Number of features: 50
0 Current Time = 01:55:09
10 Current Time = 01:57:13
20 Current Time = 01:59:30
30 Current Time = 02:01:46
40 Current Time = 02:04:07
50 Current Time = 02:06:30
60 Current Time = 02:08:51
70 Current Time = 02:11:06
80 Current Time = 02:13:24
90 Current Time = 02:15:37
Number of features: 100
0 Current Time = 02:17:45
10 Current Time = 02:22:11
20 Current Time = 02:26:41
30 Current Time = 02:31:09
40 Current Time = 02:35:36
50 Current Time = 02:40:07
60 Current Time = 02:44:38
70 Current Time = 02:49:02
80 Current Time = 02:53:27
90 Current Time = 02:58:05
Number of features: 500
0 Current Time = 03:02:48
10 Current Time = 03:26:03
20 Current Time = 03:48:57
30 Current Time = 04:11:53
40 Current Time = 04:34:58
50 Current Time = 04:57:37
60 Current Time = 05:20:28
70 Current Time = 05:43:09
80 Current Time = 06:05:31
90 Current Time = 06:27:22
Number of features: 1000
0 Current Time = 06:49:32
10 Current Time = 07:35:01
20 Current Time = 08:20:34
30 Current Time = 09:03:29
40 Current Time = 09:49:59
50 Current Time = 10:39:45
60 Current Time = 11:31:34
70 Current Time = 12:27:48
80 Current Time = 13:12:22
90 Current Time = 13:56:54
Number of features: 2923
Analyses complete. Current Time = 14:57:00
Results saved. All done. Current Time = 14:57:01
