Running job number  49
Start  49
End  50
outcome: 130634-0.0
Number of features: 5
0 Current Time = 01:32:09
10 Current Time = 01:32:42
20 Current Time = 01:33:14
30 Current Time = 01:33:49
40 Current Time = 01:34:23
50 Current Time = 01:34:58
60 Current Time = 01:35:32
70 Current Time = 01:36:06
80 Current Time = 01:36:40
90 Current Time = 01:37:15
Number of features: 50
0 Current Time = 01:37:49
10 Current Time = 01:39:46
20 Current Time = 01:41:43
30 Current Time = 01:43:43
40 Current Time = 01:45:42
50 Current Time = 01:47:44
60 Current Time = 01:49:47
70 Current Time = 01:51:47
80 Current Time = 01:53:49
90 Current Time = 01:55:52
Number of features: 100
0 Current Time = 01:57:52
10 Current Time = 02:01:47
20 Current Time = 02:05:43
30 Current Time = 02:09:41
40 Current Time = 02:13:38
50 Current Time = 02:17:40
60 Current Time = 02:21:43
70 Current Time = 02:25:44
80 Current Time = 02:29:43
90 Current Time = 02:33:43
Number of features: 500
0 Current Time = 02:37:41
10 Current Time = 02:57:41
20 Current Time = 03:17:49
30 Current Time = 03:37:38
40 Current Time = 03:58:35
50 Current Time = 04:19:29
60 Current Time = 04:39:58
70 Current Time = 05:00:07
80 Current Time = 05:20:36
90 Current Time = 05:41:20
Number of features: 1000
0 Current Time = 06:01:43
10 Current Time = 06:43:03
20 Current Time = 07:25:22
30 Current Time = 08:07:37
40 Current Time = 08:50:26
50 Current Time = 09:33:23
60 Current Time = 10:16:11
70 Current Time = 10:58:54
80 Current Time = 11:41:26
90 Current Time = 12:26:19
Number of features: 2923
Analyses complete. Current Time = 13:20:59
Results saved. All done. Current Time = 13:21:00
