Running job number  171
Start  171
End  172
outcome: 131122-0.0
Number of features: 5
0 Current Time = 23:12:43
10 Current Time = 23:13:14
20 Current Time = 23:13:44
30 Current Time = 23:14:15
40 Current Time = 23:14:45
50 Current Time = 23:15:15
60 Current Time = 23:15:45
70 Current Time = 23:16:16
80 Current Time = 23:16:46
90 Current Time = 23:17:17
Number of features: 50
0 Current Time = 23:17:47
10 Current Time = 23:19:48
20 Current Time = 23:21:48
30 Current Time = 23:23:48
40 Current Time = 23:25:47
50 Current Time = 23:27:47
60 Current Time = 23:29:47
70 Current Time = 23:31:42
80 Current Time = 23:33:39
90 Current Time = 23:35:38
Number of features: 100
0 Current Time = 23:37:38
10 Current Time = 23:41:34
20 Current Time = 23:45:31
30 Current Time = 23:49:30
40 Current Time = 23:53:26
50 Current Time = 23:57:26
60 Current Time = 00:01:21
70 Current Time = 00:05:15
80 Current Time = 00:09:15
90 Current Time = 00:13:10
Number of features: 500
0 Current Time = 00:17:10
10 Current Time = 00:37:44
20 Current Time = 00:58:26
30 Current Time = 01:18:59
40 Current Time = 01:39:47
50 Current Time = 02:00:52
60 Current Time = 02:21:58
70 Current Time = 02:42:59
80 Current Time = 03:03:48
90 Current Time = 03:24:39
Number of features: 1000
0 Current Time = 03:45:30
10 Current Time = 04:29:46
