Running job number  155
Start  155
End  156
outcome: 131078-0.0
Number of features: 5
0 Current Time = 01:48:15
10 Current Time = 01:48:43
20 Current Time = 01:49:10
30 Current Time = 01:49:39
40 Current Time = 01:50:07
50 Current Time = 01:50:35
60 Current Time = 01:51:02
70 Current Time = 01:51:31
80 Current Time = 01:51:59
90 Current Time = 01:52:28
Number of features: 50
0 Current Time = 01:52:56
10 Current Time = 01:54:37
20 Current Time = 01:56:20
30 Current Time = 01:58:02
40 Current Time = 01:59:43
50 Current Time = 02:01:25
60 Current Time = 02:03:06
70 Current Time = 02:04:50
80 Current Time = 02:06:32
90 Current Time = 02:08:15
Number of features: 100
0 Current Time = 02:09:56
10 Current Time = 02:13:10
20 Current Time = 02:16:27
30 Current Time = 02:19:41
40 Current Time = 02:22:56
50 Current Time = 02:26:10
60 Current Time = 02:29:22
70 Current Time = 02:32:36
80 Current Time = 02:35:50
90 Current Time = 02:39:05
Number of features: 500
0 Current Time = 02:42:19
10 Current Time = 02:59:24
20 Current Time = 03:16:39
30 Current Time = 03:33:50
40 Current Time = 03:51:06
50 Current Time = 04:08:18
60 Current Time = 04:25:21
70 Current Time = 04:42:32
80 Current Time = 04:59:48
90 Current Time = 05:17:04
Number of features: 1000
0 Current Time = 05:34:16
10 Current Time = 06:09:27
20 Current Time = 06:45:09
30 Current Time = 07:20:55
40 Current Time = 07:56:56
50 Current Time = 08:32:54
60 Current Time = 09:08:39
70 Current Time = 09:44:54
80 Current Time = 10:20:29
90 Current Time = 10:55:28
Number of features: 2923
Analyses complete. Current Time = 11:39:35
Results saved. All done. Current Time = 11:39:36
