Running job number  179
Start  179
End  180
outcome: 131142-0.0
Number of features: 5
0 Current Time = 23:12:29
10 Current Time = 23:13:16
20 Current Time = 23:14:05
30 Current Time = 23:14:52
40 Current Time = 23:15:39
50 Current Time = 23:16:28
60 Current Time = 23:17:17
70 Current Time = 23:18:06
80 Current Time = 23:18:53
90 Current Time = 23:19:40
Number of features: 50
0 Current Time = 23:20:29
10 Current Time = 23:23:07
20 Current Time = 23:25:51
30 Current Time = 23:28:31
40 Current Time = 23:31:14
50 Current Time = 23:34:01
60 Current Time = 23:36:43
70 Current Time = 23:39:26
80 Current Time = 23:42:07
90 Current Time = 23:44:47
Number of features: 100
0 Current Time = 23:47:29
10 Current Time = 23:52:42
20 Current Time = 23:57:56
30 Current Time = 00:03:04
40 Current Time = 00:08:15
50 Current Time = 00:13:34
60 Current Time = 00:18:39
70 Current Time = 00:23:45
80 Current Time = 00:28:57
90 Current Time = 00:34:09
Number of features: 500
0 Current Time = 00:39:25
10 Current Time = 01:05:15
20 Current Time = 01:31:24
30 Current Time = 01:57:34
40 Current Time = 02:23:38
50 Current Time = 02:49:56
60 Current Time = 03:15:43
70 Current Time = 03:41:31
80 Current Time = 04:07:06
90 Current Time = 04:33:00
Number of features: 1000
0 Current Time = 04:59:06
