Running job number  42
Start  42
End  43
outcome: 130340-0.0
Number of features: 5
0 Current Time = 23:04:53
10 Current Time = 23:05:26
20 Current Time = 23:06:00
30 Current Time = 23:06:33
40 Current Time = 23:07:06
50 Current Time = 23:07:40
60 Current Time = 23:08:14
70 Current Time = 23:08:47
80 Current Time = 23:09:19
90 Current Time = 23:09:51
Number of features: 50
0 Current Time = 23:10:24
10 Current Time = 23:12:26
20 Current Time = 23:14:28
30 Current Time = 23:16:28
40 Current Time = 23:18:32
50 Current Time = 23:20:36
60 Current Time = 23:22:39
70 Current Time = 23:24:40
80 Current Time = 23:26:42
90 Current Time = 23:28:45
Number of features: 100
0 Current Time = 23:30:50
10 Current Time = 23:34:42
20 Current Time = 23:38:33
30 Current Time = 23:42:20
40 Current Time = 23:46:11
50 Current Time = 23:50:07
60 Current Time = 23:54:01
70 Current Time = 23:57:57
80 Current Time = 00:01:48
90 Current Time = 00:05:47
Number of features: 500
0 Current Time = 00:09:46
10 Current Time = 00:30:49
20 Current Time = 00:51:42
30 Current Time = 01:13:03
40 Current Time = 01:34:20
50 Current Time = 01:55:06
60 Current Time = 02:16:16
70 Current Time = 02:37:25
80 Current Time = 02:58:19
90 Current Time = 03:21:14
Number of features: 1000
0 Current Time = 03:43:13
10 Current Time = 04:27:43
