Running job number  68
Start  68
End  69
outcome: 130704-0.0
Number of features: 5
0 Current Time = 01:34:07
10 Current Time = 01:34:44
20 Current Time = 01:35:21
30 Current Time = 01:35:57
40 Current Time = 01:36:32
50 Current Time = 01:37:09
60 Current Time = 01:37:45
70 Current Time = 01:38:20
80 Current Time = 01:38:56
90 Current Time = 01:39:30
Number of features: 50
0 Current Time = 01:40:07
10 Current Time = 01:42:25
20 Current Time = 01:44:50
30 Current Time = 01:47:10
40 Current Time = 01:49:35
50 Current Time = 01:52:02
60 Current Time = 01:54:24
70 Current Time = 01:56:51
80 Current Time = 01:59:15
90 Current Time = 02:01:35
Number of features: 100
0 Current Time = 02:03:56
10 Current Time = 02:08:55
20 Current Time = 02:13:58
30 Current Time = 02:18:59
40 Current Time = 02:23:54
50 Current Time = 02:28:53
60 Current Time = 02:33:39
70 Current Time = 02:38:35
80 Current Time = 02:43:30
90 Current Time = 02:48:02
Number of features: 500
0 Current Time = 02:52:48
10 Current Time = 03:17:38
20 Current Time = 03:42:19
30 Current Time = 04:06:40
40 Current Time = 04:30:55
50 Current Time = 04:55:17
60 Current Time = 05:19:51
70 Current Time = 05:44:34
80 Current Time = 06:08:27
90 Current Time = 06:32:32
Number of features: 1000
0 Current Time = 06:56:33
10 Current Time = 07:46:19
20 Current Time = 08:37:18
30 Current Time = 09:27:15
40 Current Time = 10:17:26
50 Current Time = 11:07:02
60 Current Time = 11:56:49
70 Current Time = 12:47:23
80 Current Time = 13:37:28
90 Current Time = 14:27:56
Number of features: 2923
Analyses complete. Current Time = 15:31:23
Results saved. All done. Current Time = 15:31:24
