Running job number  297
Start  297
End  298
outcome: 131462-0.0
Number of features: 5
0 Current Time = 01:42:40
10 Current Time = 01:43:43
20 Current Time = 01:44:47
30 Current Time = 01:45:53
40 Current Time = 01:46:56
50 Current Time = 01:47:58
60 Current Time = 01:49:02
70 Current Time = 01:50:04
80 Current Time = 01:51:07
90 Current Time = 01:52:12
Number of features: 50
0 Current Time = 01:53:17
10 Current Time = 01:57:19
20 Current Time = 02:01:29
30 Current Time = 02:05:33
40 Current Time = 02:09:31
50 Current Time = 02:13:31
60 Current Time = 02:17:31
70 Current Time = 02:21:36
80 Current Time = 02:25:45
90 Current Time = 02:29:41
Number of features: 100
0 Current Time = 02:33:35
10 Current Time = 02:41:34
20 Current Time = 02:49:34
30 Current Time = 02:57:27
40 Current Time = 03:05:13
50 Current Time = 03:13:07
60 Current Time = 03:21:09
70 Current Time = 03:29:09
80 Current Time = 03:36:58
90 Current Time = 03:45:04
Number of features: 500
0 Current Time = 03:52:55
10 Current Time = 04:31:38
20 Current Time = 05:10:34
30 Current Time = 05:47:40
40 Current Time = 06:24:17
50 Current Time = 07:00:41
60 Current Time = 07:37:01
70 Current Time = 08:13:45
80 Current Time = 08:50:12
90 Current Time = 09:28:17
Number of features: 1000
0 Current Time = 10:05:33
