Running job number  243
Start  243
End  244
outcome: 131322-0.0
Number of features: 5
0 Current Time = 01:08:13
10 Current Time = 01:08:56
20 Current Time = 01:09:38
30 Current Time = 01:10:22
40 Current Time = 01:11:05
50 Current Time = 01:11:50
60 Current Time = 01:12:34
70 Current Time = 01:13:18
80 Current Time = 01:14:01
90 Current Time = 01:14:45
Number of features: 50
0 Current Time = 01:15:31
10 Current Time = 01:18:04
20 Current Time = 01:20:37
30 Current Time = 01:23:11
40 Current Time = 01:25:43
50 Current Time = 01:28:15
60 Current Time = 01:30:47
70 Current Time = 01:33:19
80 Current Time = 01:35:49
90 Current Time = 01:38:22
Number of features: 100
0 Current Time = 01:40:55
10 Current Time = 01:46:04
20 Current Time = 01:51:16
30 Current Time = 01:56:21
40 Current Time = 02:01:36
50 Current Time = 02:06:52
60 Current Time = 02:12:03
70 Current Time = 02:17:16
80 Current Time = 02:22:42
90 Current Time = 02:28:09
Number of features: 500
0 Current Time = 02:33:43
10 Current Time = 03:02:03
20 Current Time = 03:28:12
30 Current Time = 03:52:49
40 Current Time = 04:17:15
50 Current Time = 04:42:17
60 Current Time = 05:07:24
70 Current Time = 05:32:56
80 Current Time = 05:58:49
90 Current Time = 06:25:08
Number of features: 1000
0 Current Time = 06:50:36
10 Current Time = 07:43:01
20 Current Time = 08:32:55
30 Current Time = 09:25:06
