Running job number  175
Start  175
End  176
outcome: 131130-0.0
Number of features: 5
0 Current Time = 23:12:46
10 Current Time = 23:13:29
20 Current Time = 23:14:11
30 Current Time = 23:14:55
40 Current Time = 23:15:37
50 Current Time = 23:16:20
60 Current Time = 23:17:04
70 Current Time = 23:17:47
80 Current Time = 23:18:32
90 Current Time = 23:19:16
Number of features: 50
0 Current Time = 23:20:01
10 Current Time = 23:22:39
20 Current Time = 23:25:16
30 Current Time = 23:27:54
40 Current Time = 23:30:37
50 Current Time = 23:33:25
60 Current Time = 23:36:11
70 Current Time = 23:38:58
80 Current Time = 23:41:33
90 Current Time = 23:44:18
Number of features: 100
0 Current Time = 23:47:01
10 Current Time = 23:52:16
20 Current Time = 23:57:31
30 Current Time = 00:02:38
40 Current Time = 00:07:57
50 Current Time = 00:13:17
60 Current Time = 00:18:32
70 Current Time = 00:23:34
80 Current Time = 00:29:14
90 Current Time = 00:34:42
Number of features: 500
0 Current Time = 00:40:15
10 Current Time = 01:06:18
20 Current Time = 01:30:50
30 Current Time = 01:54:44
40 Current Time = 02:18:56
50 Current Time = 02:43:07
60 Current Time = 03:07:36
70 Current Time = 03:31:45
80 Current Time = 03:55:55
90 Current Time = 04:19:45
Number of features: 1000
0 Current Time = 04:43:47
