Running job number  46
Start  46
End  47
outcome: 130624-0.0
Number of features: 5
0 Current Time = 01:32:11
10 Current Time = 01:32:47
20 Current Time = 01:33:23
30 Current Time = 01:33:58
40 Current Time = 01:34:33
50 Current Time = 01:35:09
60 Current Time = 01:35:44
70 Current Time = 01:36:19
80 Current Time = 01:36:55
90 Current Time = 01:37:29
Number of features: 50
0 Current Time = 01:38:04
10 Current Time = 01:40:25
20 Current Time = 01:42:44
30 Current Time = 01:45:03
40 Current Time = 01:47:21
50 Current Time = 01:49:48
60 Current Time = 01:52:09
70 Current Time = 01:54:32
80 Current Time = 01:56:54
90 Current Time = 01:59:14
Number of features: 100
0 Current Time = 02:01:34
10 Current Time = 02:06:38
20 Current Time = 02:11:48
30 Current Time = 02:16:48
40 Current Time = 02:21:48
50 Current Time = 02:26:56
60 Current Time = 02:31:52
70 Current Time = 02:36:41
80 Current Time = 02:41:44
90 Current Time = 02:46:41
Number of features: 500
0 Current Time = 02:51:40
10 Current Time = 03:18:00
20 Current Time = 03:44:27
30 Current Time = 04:10:10
40 Current Time = 04:34:06
50 Current Time = 04:58:37
60 Current Time = 05:22:20
70 Current Time = 05:46:36
80 Current Time = 06:10:56
90 Current Time = 06:34:40
Number of features: 1000
0 Current Time = 06:58:23
10 Current Time = 07:49:25
20 Current Time = 08:40:37
30 Current Time = 09:31:49
40 Current Time = 10:22:27
50 Current Time = 11:13:34
60 Current Time = 12:04:31
70 Current Time = 12:56:07
80 Current Time = 13:46:23
90 Current Time = 14:35:43
Number of features: 2923
Analyses complete. Current Time = 15:39:34
Results saved. All done. Current Time = 15:39:37
