Running job number  371
Start  371
End  372
outcome: 131646-0.0
Number of features: 5
0 Current Time = 02:09:53
10 Current Time = 02:10:43
20 Current Time = 02:11:31
30 Current Time = 02:12:20
40 Current Time = 02:13:09
50 Current Time = 02:13:58
60 Current Time = 02:14:47
70 Current Time = 02:15:36
80 Current Time = 02:16:24
90 Current Time = 02:17:13
Number of features: 50
0 Current Time = 02:18:04
10 Current Time = 02:21:28
20 Current Time = 02:24:52
30 Current Time = 02:28:09
40 Current Time = 02:31:21
50 Current Time = 02:34:24
60 Current Time = 02:37:30
70 Current Time = 02:40:47
80 Current Time = 02:44:10
90 Current Time = 02:47:22
Number of features: 100
0 Current Time = 02:50:31
10 Current Time = 02:56:53
20 Current Time = 03:03:22
30 Current Time = 03:10:01
40 Current Time = 03:16:18
50 Current Time = 03:22:37
60 Current Time = 03:29:11
70 Current Time = 03:35:37
80 Current Time = 03:41:58
90 Current Time = 03:48:26
Number of features: 500
0 Current Time = 03:54:53
10 Current Time = 04:27:44
20 Current Time = 05:00:17
30 Current Time = 05:32:41
40 Current Time = 06:03:54
50 Current Time = 06:32:58
60 Current Time = 06:59:28
70 Current Time = 07:25:46
80 Current Time = 07:52:49
90 Current Time = 08:19:07
Number of features: 1000
0 Current Time = 08:45:19
10 Current Time = 09:42:56
