Running job number  449
Start  449
End  450
outcome: 131878-0.0
Number of features: 5
0 Current Time = 02:30:04
10 Current Time = 02:30:43
20 Current Time = 02:31:23
30 Current Time = 02:32:04
40 Current Time = 02:32:45
50 Current Time = 02:33:24
60 Current Time = 02:34:02
70 Current Time = 02:34:42
80 Current Time = 02:35:21
90 Current Time = 02:36:02
Number of features: 50
0 Current Time = 02:36:43
10 Current Time = 02:39:21
20 Current Time = 02:41:57
30 Current Time = 02:44:34
40 Current Time = 02:47:11
50 Current Time = 02:49:50
60 Current Time = 02:52:27
70 Current Time = 02:55:06
80 Current Time = 02:57:45
90 Current Time = 03:00:19
Number of features: 100
0 Current Time = 03:02:56
10 Current Time = 03:08:06
20 Current Time = 03:13:19
30 Current Time = 03:18:20
40 Current Time = 03:23:28
50 Current Time = 03:28:39
60 Current Time = 03:33:43
70 Current Time = 03:38:52
80 Current Time = 03:43:55
90 Current Time = 03:48:59
Number of features: 500
0 Current Time = 03:54:11
10 Current Time = 04:21:14
20 Current Time = 04:48:07
30 Current Time = 05:15:28
40 Current Time = 05:42:40
50 Current Time = 06:09:50
60 Current Time = 06:36:41
70 Current Time = 07:03:05
80 Current Time = 07:28:36
90 Current Time = 07:55:02
Number of features: 1000
0 Current Time = 08:20:22
10 Current Time = 09:12:19
20 Current Time = 10:02:24
