Running job number  106
Start  106
End  107
outcome: 130868-0.0
Number of features: 5
0 Current Time = 21:33:07
10 Current Time = 21:34:01
20 Current Time = 21:34:56
30 Current Time = 21:35:51
40 Current Time = 21:36:43
50 Current Time = 21:37:37
60 Current Time = 21:38:32
70 Current Time = 21:39:25
80 Current Time = 21:40:21
90 Current Time = 21:41:10
Number of features: 50
0 Current Time = 21:42:08
10 Current Time = 21:47:11
20 Current Time = 21:52:12
30 Current Time = 21:57:10
40 Current Time = 22:02:12
50 Current Time = 22:07:19
60 Current Time = 22:12:26
70 Current Time = 22:17:40
80 Current Time = 22:22:30
90 Current Time = 22:27:07
Number of features: 100
0 Current Time = 22:31:46
10 Current Time = 22:42:15
20 Current Time = 22:52:43
30 Current Time = 23:03:03
40 Current Time = 23:13:22
50 Current Time = 23:23:42
60 Current Time = 23:33:50
70 Current Time = 23:44:16
80 Current Time = 23:53:59
90 Current Time = 00:03:43
Number of features: 500
0 Current Time = 00:13:28
10 Current Time = 01:01:44
20 Current Time = 01:52:50
30 Current Time = 02:43:22
40 Current Time = 03:33:57
50 Current Time = 04:23:56
60 Current Time = 05:14:48
70 Current Time = 06:04:57
80 Current Time = 06:55:03
90 Current Time = 07:46:40
Number of features: 1000
0 Current Time = 08:37:15
