Running job number  574
Start  574
End  575
outcome: 132220-0.0
Number of features: 5
0 Current Time = 02:43:58
10 Current Time = 02:44:48
20 Current Time = 02:45:38
30 Current Time = 02:46:27
40 Current Time = 02:47:20
50 Current Time = 02:48:13
60 Current Time = 02:49:07
70 Current Time = 02:49:59
80 Current Time = 02:50:49
90 Current Time = 02:51:38
Number of features: 50
0 Current Time = 02:52:27
10 Current Time = 02:55:22
20 Current Time = 02:58:11
30 Current Time = 03:01:04
40 Current Time = 03:03:58
50 Current Time = 03:06:51
60 Current Time = 03:09:44
70 Current Time = 03:12:34
80 Current Time = 03:15:26
90 Current Time = 03:18:27
Number of features: 100
0 Current Time = 03:21:27
10 Current Time = 03:26:55
20 Current Time = 03:32:21
30 Current Time = 03:37:52
40 Current Time = 03:43:31
50 Current Time = 03:48:59
60 Current Time = 03:54:25
70 Current Time = 03:59:56
80 Current Time = 04:05:27
90 Current Time = 04:10:58
Number of features: 500
0 Current Time = 04:16:32
10 Current Time = 04:44:18
20 Current Time = 05:10:57
30 Current Time = 05:37:38
40 Current Time = 06:04:06
50 Current Time = 06:30:47
60 Current Time = 06:57:29
70 Current Time = 07:23:39
80 Current Time = 07:49:32
90 Current Time = 08:15:00
Number of features: 1000
0 Current Time = 08:41:23
10 Current Time = 09:36:43
20 Current Time = 10:30:40
