Running job number  380
Start  380
End  381
outcome: 131670-0.0
Number of features: 5
0 Current Time = 02:12:48
10 Current Time = 02:13:34
20 Current Time = 02:14:23
30 Current Time = 02:15:09
40 Current Time = 02:15:53
50 Current Time = 02:16:39
60 Current Time = 02:17:28
70 Current Time = 02:18:15
80 Current Time = 02:19:00
90 Current Time = 02:19:44
Number of features: 50
0 Current Time = 02:20:29
10 Current Time = 02:23:43
20 Current Time = 02:27:03
30 Current Time = 02:30:20
40 Current Time = 02:33:30
50 Current Time = 02:36:42
60 Current Time = 02:39:53
70 Current Time = 02:43:08
80 Current Time = 02:46:16
90 Current Time = 02:49:28
Number of features: 100
0 Current Time = 02:52:37
10 Current Time = 02:59:00
20 Current Time = 03:05:26
30 Current Time = 03:11:41
40 Current Time = 03:18:00
50 Current Time = 03:24:24
60 Current Time = 03:30:44
70 Current Time = 03:37:06
80 Current Time = 03:43:22
90 Current Time = 03:49:42
Number of features: 500
0 Current Time = 03:56:07
10 Current Time = 04:29:00
20 Current Time = 05:02:09
30 Current Time = 05:35:02
40 Current Time = 06:07:36
50 Current Time = 06:41:04
60 Current Time = 07:14:33
70 Current Time = 07:47:28
80 Current Time = 08:20:36
90 Current Time = 08:54:12
Number of features: 1000
0 Current Time = 09:27:32
