Running job number  251
Start  251
End  252
outcome: 131346-0.0
Number of features: 5
0 Current Time = 01:12:15
10 Current Time = 01:12:54
20 Current Time = 01:13:35
30 Current Time = 01:14:14
40 Current Time = 01:14:53
50 Current Time = 01:15:31
60 Current Time = 01:16:09
70 Current Time = 01:16:48
80 Current Time = 01:17:28
90 Current Time = 01:18:06
Number of features: 50
0 Current Time = 01:18:46
10 Current Time = 01:21:15
20 Current Time = 01:23:46
30 Current Time = 01:26:25
40 Current Time = 01:28:54
50 Current Time = 01:31:26
60 Current Time = 01:33:58
70 Current Time = 01:36:28
80 Current Time = 01:39:01
90 Current Time = 01:41:31
Number of features: 100
0 Current Time = 01:44:01
10 Current Time = 01:48:50
20 Current Time = 01:53:50
30 Current Time = 01:58:54
40 Current Time = 02:03:44
50 Current Time = 02:08:41
60 Current Time = 02:13:42
70 Current Time = 02:18:38
80 Current Time = 02:23:38
90 Current Time = 02:28:41
Number of features: 500
0 Current Time = 02:33:42
10 Current Time = 02:58:56
20 Current Time = 03:23:39
30 Current Time = 03:50:16
40 Current Time = 04:17:12
50 Current Time = 04:43:58
60 Current Time = 05:11:39
70 Current Time = 05:38:50
80 Current Time = 06:06:19
90 Current Time = 06:33:31
Number of features: 1000
0 Current Time = 07:00:27
10 Current Time = 07:52:15
20 Current Time = 08:44:31
30 Current Time = 09:36:18
