Running job number  530
Start  530
End  531
outcome: 132092-0.0
Number of features: 5
0 Current Time = 02:38:35
10 Current Time = 02:39:21
20 Current Time = 02:40:05
30 Current Time = 02:40:49
40 Current Time = 02:41:37
50 Current Time = 02:42:24
60 Current Time = 02:43:09
70 Current Time = 02:43:54
80 Current Time = 02:44:38
90 Current Time = 02:45:20
Number of features: 50
0 Current Time = 02:46:05
10 Current Time = 02:49:56
20 Current Time = 02:53:26
30 Current Time = 02:57:09
40 Current Time = 03:01:06
50 Current Time = 03:05:12
60 Current Time = 03:08:57
70 Current Time = 03:12:51
80 Current Time = 03:16:38
90 Current Time = 03:20:22
Number of features: 100
0 Current Time = 03:24:26
10 Current Time = 03:31:59
20 Current Time = 03:39:17
30 Current Time = 03:46:47
40 Current Time = 03:53:59
50 Current Time = 04:01:14
60 Current Time = 04:08:56
70 Current Time = 04:16:25
80 Current Time = 04:23:45
90 Current Time = 04:31:12
Number of features: 500
0 Current Time = 04:38:28
10 Current Time = 05:13:16
20 Current Time = 05:48:08
30 Current Time = 06:22:34
40 Current Time = 06:53:44
50 Current Time = 07:24:38
60 Current Time = 07:55:53
70 Current Time = 08:27:22
80 Current Time = 08:58:27
90 Current Time = 09:30:31
Number of features: 1000
0 Current Time = 10:02:42
