Running job number  195
Start  195
End  196
outcome: 131186-0.0
Number of features: 5
0 Current Time = 21:33:10
10 Current Time = 21:33:56
20 Current Time = 21:34:41
30 Current Time = 21:35:27
40 Current Time = 21:36:14
50 Current Time = 21:36:59
60 Current Time = 21:37:44
70 Current Time = 21:38:28
80 Current Time = 21:39:15
90 Current Time = 21:40:01
Number of features: 50
0 Current Time = 21:40:46
10 Current Time = 21:43:14
20 Current Time = 21:45:39
30 Current Time = 21:48:08
40 Current Time = 21:50:35
50 Current Time = 21:53:02
60 Current Time = 21:55:30
70 Current Time = 21:57:55
80 Current Time = 22:00:20
90 Current Time = 22:02:45
Number of features: 100
0 Current Time = 22:05:12
10 Current Time = 22:09:45
20 Current Time = 22:14:13
30 Current Time = 22:18:44
40 Current Time = 22:23:15
50 Current Time = 22:27:42
60 Current Time = 22:32:08
70 Current Time = 22:36:34
80 Current Time = 22:41:08
90 Current Time = 22:45:45
Number of features: 500
0 Current Time = 22:51:07
10 Current Time = 23:14:39
20 Current Time = 23:37:00
30 Current Time = 23:59:41
40 Current Time = 00:22:25
50 Current Time = 00:44:30
60 Current Time = 01:07:45
70 Current Time = 01:29:55
80 Current Time = 01:52:15
90 Current Time = 02:14:39
Number of features: 1000
0 Current Time = 02:37:11
10 Current Time = 03:23:56
20 Current Time = 04:10:34
30 Current Time = 04:57:29
40 Current Time = 05:44:38
50 Current Time = 06:31:38
60 Current Time = 07:18:50
70 Current Time = 08:05:59
80 Current Time = 08:53:30
90 Current Time = 09:39:44
