Running job number  15
Start  15
End  16
outcome: 130148-0.0
Number of features: 5
0 Current Time = 23:04:55
10 Current Time = 23:05:26
20 Current Time = 23:05:55
30 Current Time = 23:06:26
40 Current Time = 23:06:56
50 Current Time = 23:07:26
60 Current Time = 23:07:56
70 Current Time = 23:08:27
80 Current Time = 23:08:57
90 Current Time = 23:09:27
Number of features: 50
0 Current Time = 23:09:58
10 Current Time = 23:11:58
20 Current Time = 23:13:56
30 Current Time = 23:15:52
40 Current Time = 23:17:51
50 Current Time = 23:19:50
60 Current Time = 23:21:49
70 Current Time = 23:23:52
80 Current Time = 23:25:55
90 Current Time = 23:27:57
Number of features: 100
0 Current Time = 23:29:59
10 Current Time = 23:34:16
20 Current Time = 23:38:38
30 Current Time = 23:42:59
40 Current Time = 23:46:54
50 Current Time = 23:50:45
60 Current Time = 23:54:37
70 Current Time = 23:58:36
80 Current Time = 00:02:28
90 Current Time = 00:06:10
Number of features: 500
0 Current Time = 00:09:56
10 Current Time = 00:30:23
20 Current Time = 00:50:48
30 Current Time = 01:12:18
40 Current Time = 01:33:54
50 Current Time = 01:55:31
60 Current Time = 02:17:44
70 Current Time = 02:39:39
80 Current Time = 03:01:35
90 Current Time = 03:23:50
Number of features: 1000
0 Current Time = 03:45:36
10 Current Time = 04:29:33
