Running job number  164
Start  164
End  165
outcome: 131104-0.0
Number of features: 5
0 Current Time = 23:13:09
10 Current Time = 23:13:40
20 Current Time = 23:14:11
30 Current Time = 23:14:42
40 Current Time = 23:15:14
50 Current Time = 23:15:45
60 Current Time = 23:16:16
70 Current Time = 23:16:47
80 Current Time = 23:17:18
90 Current Time = 23:17:49
Number of features: 50
0 Current Time = 23:18:20
10 Current Time = 23:20:17
20 Current Time = 23:22:13
30 Current Time = 23:24:08
40 Current Time = 23:26:03
50 Current Time = 23:27:59
60 Current Time = 23:29:55
70 Current Time = 23:31:52
80 Current Time = 23:33:54
90 Current Time = 23:35:55
Number of features: 100
0 Current Time = 23:37:57
10 Current Time = 23:41:58
20 Current Time = 23:46:01
30 Current Time = 23:50:04
40 Current Time = 23:54:04
50 Current Time = 23:58:04
60 Current Time = 00:02:07
70 Current Time = 00:06:09
80 Current Time = 00:10:12
90 Current Time = 00:14:12
Number of features: 500
0 Current Time = 00:18:16
10 Current Time = 00:39:13
20 Current Time = 01:00:25
30 Current Time = 01:21:31
40 Current Time = 01:42:45
50 Current Time = 02:03:56
60 Current Time = 02:25:09
70 Current Time = 02:46:15
80 Current Time = 03:07:20
90 Current Time = 03:28:20
Number of features: 1000
0 Current Time = 03:49:29
10 Current Time = 04:32:46
