Running job number  52
Start  52
End  53
outcome: 130644-0.0
Number of features: 5
0 Current Time = 23:08:14
10 Current Time = 23:08:45
20 Current Time = 23:09:16
30 Current Time = 23:09:48
40 Current Time = 23:10:19
50 Current Time = 23:10:50
60 Current Time = 23:11:21
70 Current Time = 23:11:52
80 Current Time = 23:12:23
90 Current Time = 23:12:54
Number of features: 50
0 Current Time = 23:13:26
10 Current Time = 23:15:29
20 Current Time = 23:17:31
30 Current Time = 23:19:33
40 Current Time = 23:21:34
50 Current Time = 23:23:35
60 Current Time = 23:25:35
70 Current Time = 23:27:32
80 Current Time = 23:29:28
90 Current Time = 23:31:28
Number of features: 100
0 Current Time = 23:33:27
10 Current Time = 23:37:42
20 Current Time = 23:41:54
30 Current Time = 23:46:11
40 Current Time = 23:50:26
50 Current Time = 23:54:49
60 Current Time = 23:59:07
70 Current Time = 00:03:10
80 Current Time = 00:07:24
90 Current Time = 00:11:47
Number of features: 500
0 Current Time = 00:15:57
10 Current Time = 00:38:43
20 Current Time = 01:03:20
30 Current Time = 01:29:38
40 Current Time = 01:55:55
50 Current Time = 02:21:54
60 Current Time = 02:48:23
70 Current Time = 03:14:13
80 Current Time = 03:41:04
90 Current Time = 04:12:46
Number of features: 1000
0 Current Time = 04:47:53
