Running job number  24
Start  24
End  25
outcome: 130196-0.0
Number of features: 5
0 Current Time = 01:32:37
10 Current Time = 01:33:05
20 Current Time = 01:33:34
30 Current Time = 01:34:02
40 Current Time = 01:34:30
50 Current Time = 01:34:58
60 Current Time = 01:35:27
70 Current Time = 01:35:55
80 Current Time = 01:36:24
90 Current Time = 01:36:52
Number of features: 50
0 Current Time = 01:37:20
10 Current Time = 01:39:18
20 Current Time = 01:41:18
30 Current Time = 01:43:20
40 Current Time = 01:45:20
50 Current Time = 01:47:22
60 Current Time = 01:49:23
70 Current Time = 01:51:23
80 Current Time = 01:53:24
90 Current Time = 01:55:24
Number of features: 100
0 Current Time = 01:57:23
10 Current Time = 02:01:33
20 Current Time = 02:05:49
30 Current Time = 02:10:12
40 Current Time = 02:14:20
50 Current Time = 02:18:24
60 Current Time = 02:22:27
70 Current Time = 02:26:29
80 Current Time = 02:30:33
90 Current Time = 02:34:35
Number of features: 500
0 Current Time = 02:38:36
10 Current Time = 03:00:02
20 Current Time = 03:21:38
30 Current Time = 03:43:13
40 Current Time = 04:04:45
50 Current Time = 04:27:03
60 Current Time = 04:49:50
70 Current Time = 05:12:26
80 Current Time = 05:35:13
90 Current Time = 05:57:56
Number of features: 1000
0 Current Time = 06:20:38
10 Current Time = 07:10:02
20 Current Time = 07:59:41
30 Current Time = 08:49:52
40 Current Time = 09:40:17
50 Current Time = 10:30:22
60 Current Time = 11:20:33
70 Current Time = 12:10:37
80 Current Time = 13:01:02
90 Current Time = 13:51:32
Number of features: 2923
Analyses complete. Current Time = 14:57:11
Results saved. All done. Current Time = 14:57:12
