Running job number  129
Start  129
End  130
outcome: 130998-0.0
Number of features: 5
0 Current Time = 23:10:10
10 Current Time = 23:10:40
20 Current Time = 23:11:11
30 Current Time = 23:11:42
40 Current Time = 23:12:14
50 Current Time = 23:12:46
60 Current Time = 23:13:17
70 Current Time = 23:13:49
80 Current Time = 23:14:20
90 Current Time = 23:14:50
Number of features: 50
0 Current Time = 23:15:20
10 Current Time = 23:17:12
20 Current Time = 23:19:12
30 Current Time = 23:21:09
40 Current Time = 23:22:57
50 Current Time = 23:24:44
60 Current Time = 23:26:34
70 Current Time = 23:28:26
80 Current Time = 23:30:25
90 Current Time = 23:32:19
Number of features: 100
0 Current Time = 23:34:06
10 Current Time = 23:37:38
20 Current Time = 23:41:35
30 Current Time = 23:45:11
40 Current Time = 23:48:38
50 Current Time = 23:52:24
60 Current Time = 23:56:24
70 Current Time = 00:00:26
80 Current Time = 00:04:48
90 Current Time = 00:09:05
Number of features: 500
0 Current Time = 00:13:24
10 Current Time = 00:35:39
20 Current Time = 00:57:45
30 Current Time = 01:19:50
40 Current Time = 01:42:03
50 Current Time = 02:04:10
60 Current Time = 02:26:30
70 Current Time = 02:48:27
80 Current Time = 03:10:42
90 Current Time = 03:32:56
Number of features: 1000
0 Current Time = 03:55:04
10 Current Time = 04:41:09
