Running job number  357
Start  357
End  358
outcome: 131616-0.0
Number of features: 5
0 Current Time = 02:09:46
10 Current Time = 02:10:24
20 Current Time = 02:11:03
30 Current Time = 02:11:41
40 Current Time = 02:12:19
50 Current Time = 02:12:59
60 Current Time = 02:13:37
70 Current Time = 02:14:15
80 Current Time = 02:14:53
90 Current Time = 02:15:33
Number of features: 50
0 Current Time = 02:16:13
10 Current Time = 02:19:15
20 Current Time = 02:22:18
30 Current Time = 02:25:21
40 Current Time = 02:28:23
50 Current Time = 02:31:22
60 Current Time = 02:34:19
70 Current Time = 02:37:20
80 Current Time = 02:40:21
90 Current Time = 02:43:20
Number of features: 100
0 Current Time = 02:46:17
10 Current Time = 02:52:29
20 Current Time = 02:58:24
30 Current Time = 03:04:24
40 Current Time = 03:10:23
50 Current Time = 03:16:21
60 Current Time = 03:22:40
70 Current Time = 03:28:36
80 Current Time = 03:34:41
90 Current Time = 03:40:52
Number of features: 500
0 Current Time = 03:46:45
10 Current Time = 04:16:49
20 Current Time = 04:48:11
30 Current Time = 05:19:27
40 Current Time = 05:50:08
50 Current Time = 06:21:00
60 Current Time = 06:52:19
70 Current Time = 07:22:20
80 Current Time = 07:52:31
90 Current Time = 08:22:49
Number of features: 1000
0 Current Time = 08:53:01
10 Current Time = 09:56:26
