Running job number  0
Start  0
End  1
outcome: 130004-0.0
Number of features: 5
0 Current Time = 01:32:24
10 Current Time = 01:33:14
20 Current Time = 01:34:04
30 Current Time = 01:34:55
40 Current Time = 01:35:47
50 Current Time = 01:36:39
60 Current Time = 01:37:30
70 Current Time = 01:38:21
80 Current Time = 01:39:12
90 Current Time = 01:40:05
Number of features: 50
0 Current Time = 01:40:58
10 Current Time = 01:45:14
20 Current Time = 01:49:30
30 Current Time = 01:53:40
40 Current Time = 01:57:49
50 Current Time = 02:02:04
60 Current Time = 02:06:16
70 Current Time = 02:10:33
80 Current Time = 02:14:52
90 Current Time = 02:19:09
Number of features: 100
0 Current Time = 02:23:25
10 Current Time = 02:31:35
20 Current Time = 02:39:47
30 Current Time = 02:48:16
40 Current Time = 02:56:26
50 Current Time = 03:04:38
60 Current Time = 03:12:59
70 Current Time = 03:21:09
80 Current Time = 03:29:24
90 Current Time = 03:37:29
Number of features: 500
0 Current Time = 03:45:47
10 Current Time = 04:29:38
20 Current Time = 05:13:42
30 Current Time = 05:57:30
40 Current Time = 06:33:31
50 Current Time = 07:19:15
60 Current Time = 08:03:14
70 Current Time = 08:49:32
80 Current Time = 09:35:59
90 Current Time = 10:22:35
Number of features: 1000
0 Current Time = 11:09:20
10 Current Time = 12:51:30
20 Current Time = 14:36:28
30 Current Time = 16:23:49
