Running job number  250
Start  250
End  251
outcome: 131344-0.0
Number of features: 5
0 Current Time = 23:19:31
10 Current Time = 23:20:55
20 Current Time = 23:22:16
30 Current Time = 23:23:39
40 Current Time = 23:25:01
50 Current Time = 23:26:27
60 Current Time = 23:27:48
70 Current Time = 23:29:14
80 Current Time = 23:30:34
90 Current Time = 23:31:56
Number of features: 50
0 Current Time = 23:33:20
10 Current Time = 23:38:32
20 Current Time = 23:43:41
30 Current Time = 23:48:54
40 Current Time = 23:54:08
50 Current Time = 23:59:19
60 Current Time = 00:04:13
70 Current Time = 00:09:28
80 Current Time = 00:14:43
90 Current Time = 00:19:45
Number of features: 100
0 Current Time = 00:24:58
10 Current Time = 00:34:46
20 Current Time = 00:44:22
30 Current Time = 00:54:08
40 Current Time = 01:03:56
50 Current Time = 01:13:54
60 Current Time = 01:23:31
70 Current Time = 01:33:32
80 Current Time = 01:43:34
90 Current Time = 01:53:25
Number of features: 500
0 Current Time = 02:03:26
10 Current Time = 02:49:22
20 Current Time = 03:33:37
30 Current Time = 04:18:00
40 Current Time = 05:02:19
