Running job number  550
Start  550
End  551
outcome: 132138-0.0
Number of features: 5
0 Current Time = 02:42:42
10 Current Time = 02:43:19
20 Current Time = 02:43:54
30 Current Time = 02:44:29
40 Current Time = 02:45:04
50 Current Time = 02:45:39
60 Current Time = 02:46:10
70 Current Time = 02:46:43
80 Current Time = 02:47:19
90 Current Time = 02:47:54
Number of features: 50
0 Current Time = 02:48:31
10 Current Time = 02:51:10
20 Current Time = 02:53:45
30 Current Time = 02:56:18
40 Current Time = 02:58:51
50 Current Time = 03:01:27
60 Current Time = 03:03:57
70 Current Time = 03:06:31
80 Current Time = 03:09:06
90 Current Time = 03:11:39
Number of features: 100
0 Current Time = 03:14:13
10 Current Time = 03:19:23
20 Current Time = 03:24:37
30 Current Time = 03:29:45
40 Current Time = 03:34:50
50 Current Time = 03:39:58
60 Current Time = 03:45:12
70 Current Time = 03:50:27
80 Current Time = 03:55:44
90 Current Time = 04:00:56
Number of features: 500
0 Current Time = 04:06:12
10 Current Time = 04:33:33
20 Current Time = 05:00:34
30 Current Time = 05:27:48
40 Current Time = 05:54:22
50 Current Time = 06:20:15
60 Current Time = 06:45:00
70 Current Time = 07:10:07
80 Current Time = 07:34:42
90 Current Time = 07:59:35
Number of features: 1000
0 Current Time = 08:24:41
10 Current Time = 09:16:37
