Running job number  168
Start  168
End  169
outcome: 131114-0.0
Number of features: 5
0 Current Time = 01:48:37
10 Current Time = 01:49:09
20 Current Time = 01:49:41
30 Current Time = 01:50:12
40 Current Time = 01:50:41
50 Current Time = 01:51:12
60 Current Time = 01:51:41
70 Current Time = 01:52:12
80 Current Time = 01:52:42
90 Current Time = 01:53:13
Number of features: 50
0 Current Time = 01:53:43
10 Current Time = 01:56:11
20 Current Time = 01:58:22
30 Current Time = 02:00:32
40 Current Time = 02:02:45
50 Current Time = 02:04:53
60 Current Time = 02:07:02
70 Current Time = 02:09:13
80 Current Time = 02:11:22
90 Current Time = 02:13:31
Number of features: 100
0 Current Time = 02:15:37
10 Current Time = 02:19:58
20 Current Time = 02:24:18
30 Current Time = 02:28:38
40 Current Time = 02:32:56
50 Current Time = 02:37:14
60 Current Time = 02:41:28
70 Current Time = 02:45:46
80 Current Time = 02:50:02
90 Current Time = 02:54:21
Number of features: 500
0 Current Time = 02:58:44
10 Current Time = 03:22:34
20 Current Time = 03:45:45
30 Current Time = 04:08:53
40 Current Time = 04:32:02
50 Current Time = 04:55:07
60 Current Time = 05:18:16
70 Current Time = 05:41:20
80 Current Time = 06:04:18
90 Current Time = 06:27:20
Number of features: 1000
0 Current Time = 06:50:57
10 Current Time = 07:42:08
20 Current Time = 08:34:04
30 Current Time = 09:24:48
40 Current Time = 10:14:09
50 Current Time = 11:03:58
60 Current Time = 11:53:34
70 Current Time = 12:43:25
80 Current Time = 13:32:21
90 Current Time = 14:22:15
Number of features: 2923
Analyses complete. Current Time = 15:28:09
Results saved. All done. Current Time = 15:28:10
