Running job number  227
Start  227
End  228
outcome: 131280-0.0
Number of features: 5
0 Current Time = 23:14:38
10 Current Time = 23:15:16
20 Current Time = 23:15:55
30 Current Time = 23:16:34
40 Current Time = 23:17:11
50 Current Time = 23:17:51
60 Current Time = 23:18:28
70 Current Time = 23:19:07
80 Current Time = 23:19:44
90 Current Time = 23:20:23
Number of features: 50
0 Current Time = 23:21:00
10 Current Time = 23:23:28
20 Current Time = 23:25:56
30 Current Time = 23:28:26
40 Current Time = 23:30:58
50 Current Time = 23:33:27
60 Current Time = 23:35:59
70 Current Time = 23:38:31
80 Current Time = 23:41:04
90 Current Time = 23:43:38
Number of features: 100
0 Current Time = 23:46:09
10 Current Time = 23:51:03
20 Current Time = 23:55:58
30 Current Time = 00:00:40
40 Current Time = 00:05:34
50 Current Time = 00:10:30
60 Current Time = 00:15:21
70 Current Time = 00:20:17
80 Current Time = 00:25:16
90 Current Time = 00:30:17
Number of features: 500
0 Current Time = 00:35:18
10 Current Time = 01:03:24
20 Current Time = 01:31:39
30 Current Time = 01:59:10
40 Current Time = 02:25:35
50 Current Time = 02:53:21
60 Current Time = 03:20:48
70 Current Time = 03:45:34
80 Current Time = 04:10:09
90 Current Time = 04:33:22
Number of features: 1000
0 Current Time = 04:59:07
