Running job number  102
Start  102
End  103
outcome: 130848-0.0
Number of features: 5
0 Current Time = 23:09:36
10 Current Time = 23:10:16
20 Current Time = 23:10:56
30 Current Time = 23:11:37
40 Current Time = 23:12:18
50 Current Time = 23:12:59
60 Current Time = 23:13:40
70 Current Time = 23:14:22
80 Current Time = 23:15:03
90 Current Time = 23:15:44
Number of features: 50
0 Current Time = 23:16:24
10 Current Time = 23:18:49
20 Current Time = 23:21:16
30 Current Time = 23:23:43
40 Current Time = 23:26:04
50 Current Time = 23:28:25
60 Current Time = 23:30:47
70 Current Time = 23:33:07
80 Current Time = 23:35:29
90 Current Time = 23:37:50
Number of features: 100
0 Current Time = 23:40:11
10 Current Time = 23:44:42
20 Current Time = 23:49:14
30 Current Time = 23:53:43
40 Current Time = 23:58:14
50 Current Time = 00:02:43
60 Current Time = 00:07:16
70 Current Time = 00:11:47
80 Current Time = 00:16:17
90 Current Time = 00:20:49
Number of features: 500
0 Current Time = 00:25:22
10 Current Time = 00:47:48
20 Current Time = 01:10:31
30 Current Time = 01:33:07
40 Current Time = 01:55:40
50 Current Time = 02:18:16
60 Current Time = 02:40:50
70 Current Time = 03:03:16
80 Current Time = 03:25:41
90 Current Time = 03:47:59
Number of features: 1000
0 Current Time = 04:10:21
10 Current Time = 04:56:28
