Running job number  578
Start  578
End  579
outcome: 132240-0.0
Number of features: 5
0 Current Time = 02:44:04
10 Current Time = 02:44:47
20 Current Time = 02:45:30
30 Current Time = 02:46:14
40 Current Time = 02:46:59
50 Current Time = 02:47:44
60 Current Time = 02:48:29
70 Current Time = 02:49:14
80 Current Time = 02:49:57
90 Current Time = 02:50:41
Number of features: 50
0 Current Time = 02:51:27
10 Current Time = 02:54:17
20 Current Time = 02:57:04
30 Current Time = 02:59:44
40 Current Time = 03:02:30
50 Current Time = 03:05:13
60 Current Time = 03:08:05
70 Current Time = 03:10:59
80 Current Time = 03:13:44
90 Current Time = 03:16:20
Number of features: 100
0 Current Time = 03:18:57
10 Current Time = 03:24:20
20 Current Time = 03:29:40
30 Current Time = 03:35:04
40 Current Time = 03:40:23
50 Current Time = 03:45:32
60 Current Time = 03:50:59
70 Current Time = 03:56:27
80 Current Time = 04:01:48
90 Current Time = 04:07:19
Number of features: 500
0 Current Time = 04:12:44
10 Current Time = 04:39:09
20 Current Time = 05:05:19
30 Current Time = 05:31:17
40 Current Time = 05:54:58
50 Current Time = 06:18:43
60 Current Time = 06:42:46
70 Current Time = 07:06:26
80 Current Time = 07:30:29
90 Current Time = 07:54:29
Number of features: 1000
0 Current Time = 08:18:10
10 Current Time = 09:07:36
20 Current Time = 09:55:48
