Running job number  44
Start  44
End  45
outcome: 130344-0.0
Number of features: 5
0 Current Time = 23:04:52
10 Current Time = 23:05:25
20 Current Time = 23:05:58
30 Current Time = 23:06:32
40 Current Time = 23:07:06
50 Current Time = 23:07:39
60 Current Time = 23:08:13
70 Current Time = 23:08:47
80 Current Time = 23:09:21
90 Current Time = 23:09:55
Number of features: 50
0 Current Time = 23:10:28
10 Current Time = 23:12:38
20 Current Time = 23:14:43
30 Current Time = 23:16:46
40 Current Time = 23:18:48
50 Current Time = 23:20:53
60 Current Time = 23:22:59
70 Current Time = 23:25:05
80 Current Time = 23:27:12
90 Current Time = 23:29:18
Number of features: 100
0 Current Time = 23:31:25
10 Current Time = 23:35:30
20 Current Time = 23:39:40
30 Current Time = 23:43:50
40 Current Time = 23:47:59
50 Current Time = 23:52:09
60 Current Time = 23:56:17
70 Current Time = 00:00:25
80 Current Time = 00:04:29
90 Current Time = 00:08:30
Number of features: 500
0 Current Time = 00:12:31
10 Current Time = 00:33:48
20 Current Time = 00:54:54
30 Current Time = 01:15:52
40 Current Time = 01:36:53
50 Current Time = 01:57:58
60 Current Time = 02:19:20
70 Current Time = 02:40:36
80 Current Time = 03:02:09
90 Current Time = 03:23:52
Number of features: 1000
0 Current Time = 03:45:30
10 Current Time = 04:30:48
