Running job number  349
Start  349
End  350
outcome: 131598-0.0
Number of features: 5
0 Current Time = 02:05:12
10 Current Time = 02:06:11
20 Current Time = 02:07:11
30 Current Time = 02:08:10
40 Current Time = 02:09:06
50 Current Time = 02:10:01
60 Current Time = 02:10:58
70 Current Time = 02:11:55
80 Current Time = 02:12:53
90 Current Time = 02:13:49
Number of features: 50
0 Current Time = 02:14:46
10 Current Time = 02:18:37
20 Current Time = 02:22:31
30 Current Time = 02:26:22
40 Current Time = 02:30:09
50 Current Time = 02:33:54
60 Current Time = 02:37:37
70 Current Time = 02:41:33
80 Current Time = 02:45:27
90 Current Time = 02:49:16
Number of features: 100
0 Current Time = 02:53:00
10 Current Time = 03:00:43
20 Current Time = 03:08:31
30 Current Time = 03:16:07
40 Current Time = 03:23:26
50 Current Time = 03:30:49
60 Current Time = 03:37:49
70 Current Time = 03:44:51
80 Current Time = 03:52:00
90 Current Time = 03:58:40
Number of features: 500
0 Current Time = 04:05:22
10 Current Time = 04:39:55
20 Current Time = 05:14:21
30 Current Time = 05:48:03
40 Current Time = 06:20:39
50 Current Time = 06:53:00
60 Current Time = 07:24:50
70 Current Time = 07:56:28
80 Current Time = 08:28:13
90 Current Time = 08:59:24
Number of features: 1000
0 Current Time = 09:31:10
