Running job number  274
Start  274
End  275
outcome: 131402-0.0
Number of features: 5
0 Current Time = 01:33:42
10 Current Time = 01:34:27
20 Current Time = 01:35:09
30 Current Time = 01:35:51
40 Current Time = 01:36:33
50 Current Time = 01:37:18
60 Current Time = 01:38:01
70 Current Time = 01:38:44
80 Current Time = 01:39:26
90 Current Time = 01:40:11
Number of features: 50
0 Current Time = 01:40:55
10 Current Time = 01:43:38
20 Current Time = 01:46:22
30 Current Time = 01:49:01
40 Current Time = 01:51:43
50 Current Time = 01:54:29
60 Current Time = 01:57:10
70 Current Time = 01:59:58
80 Current Time = 02:02:43
90 Current Time = 02:05:24
Number of features: 100
0 Current Time = 02:08:06
10 Current Time = 02:13:32
20 Current Time = 02:19:01
30 Current Time = 02:24:22
40 Current Time = 02:29:48
50 Current Time = 02:35:20
60 Current Time = 02:40:44
70 Current Time = 02:46:16
80 Current Time = 02:51:45
90 Current Time = 02:57:11
Number of features: 500
0 Current Time = 03:02:36
10 Current Time = 03:31:43
20 Current Time = 04:01:16
30 Current Time = 04:30:19
40 Current Time = 04:58:56
50 Current Time = 05:28:52
60 Current Time = 05:57:46
70 Current Time = 06:26:26
80 Current Time = 06:55:36
90 Current Time = 07:24:23
Number of features: 1000
0 Current Time = 07:53:08
10 Current Time = 08:52:25
20 Current Time = 09:49:17
