Running job number  374
Start  374
End  375
outcome: 131652-0.0
Number of features: 5
0 Current Time = 02:09:42
10 Current Time = 02:10:23
20 Current Time = 02:11:04
30 Current Time = 02:11:44
40 Current Time = 02:12:25
50 Current Time = 02:13:06
60 Current Time = 02:13:47
70 Current Time = 02:14:26
80 Current Time = 02:15:08
90 Current Time = 02:15:48
Number of features: 50
0 Current Time = 02:16:29
10 Current Time = 02:19:24
20 Current Time = 02:22:17
30 Current Time = 02:25:14
40 Current Time = 02:28:06
50 Current Time = 02:30:54
60 Current Time = 02:33:51
70 Current Time = 02:36:45
80 Current Time = 02:39:39
90 Current Time = 02:42:43
Number of features: 100
0 Current Time = 02:45:41
10 Current Time = 02:51:29
20 Current Time = 02:56:58
30 Current Time = 03:02:39
40 Current Time = 03:08:32
50 Current Time = 03:14:06
60 Current Time = 03:19:38
70 Current Time = 03:25:16
80 Current Time = 03:30:59
90 Current Time = 03:36:30
Number of features: 500
0 Current Time = 03:42:04
10 Current Time = 04:10:19
20 Current Time = 04:37:27
30 Current Time = 05:02:21
40 Current Time = 05:27:04
50 Current Time = 05:51:15
60 Current Time = 06:13:57
70 Current Time = 06:36:24
80 Current Time = 06:58:44
90 Current Time = 07:21:11
Number of features: 1000
0 Current Time = 07:43:31
10 Current Time = 08:29:17
20 Current Time = 09:16:32
30 Current Time = 10:17:20
