Running job number  561
Start  561
End  562
outcome: 132166-0.0
Number of features: 5
0 Current Time = 02:42:34
10 Current Time = 02:43:17
20 Current Time = 02:44:01
30 Current Time = 02:44:43
40 Current Time = 02:45:26
50 Current Time = 02:46:09
60 Current Time = 02:46:51
70 Current Time = 02:47:34
80 Current Time = 02:48:16
90 Current Time = 02:48:59
Number of features: 50
0 Current Time = 02:49:42
10 Current Time = 02:52:01
20 Current Time = 02:54:21
30 Current Time = 02:56:37
40 Current Time = 02:58:54
50 Current Time = 03:01:08
60 Current Time = 03:03:23
70 Current Time = 03:05:39
80 Current Time = 03:07:56
90 Current Time = 03:10:11
Number of features: 100
0 Current Time = 03:12:29
10 Current Time = 03:16:44
20 Current Time = 03:20:57
30 Current Time = 03:25:05
40 Current Time = 03:29:18
50 Current Time = 03:33:30
60 Current Time = 03:37:39
70 Current Time = 03:41:52
80 Current Time = 03:46:03
90 Current Time = 03:50:17
Number of features: 500
0 Current Time = 03:54:33
10 Current Time = 04:16:31
20 Current Time = 04:38:35
30 Current Time = 05:00:16
40 Current Time = 05:22:15
50 Current Time = 05:44:09
60 Current Time = 06:07:49
70 Current Time = 06:30:47
80 Current Time = 06:52:49
90 Current Time = 07:15:18
Number of features: 1000
0 Current Time = 07:37:45
10 Current Time = 08:23:30
20 Current Time = 09:08:59
30 Current Time = 09:53:16
