Running job number  162
Start  162
End  163
outcome: 131096-0.0
Number of features: 5
0 Current Time = 23:12:34
10 Current Time = 23:13:07
20 Current Time = 23:13:39
30 Current Time = 23:14:11
40 Current Time = 23:14:43
50 Current Time = 23:15:15
60 Current Time = 23:15:47
70 Current Time = 23:16:19
80 Current Time = 23:16:52
90 Current Time = 23:17:24
Number of features: 50
0 Current Time = 23:17:56
10 Current Time = 23:20:01
20 Current Time = 23:22:07
30 Current Time = 23:24:12
40 Current Time = 23:26:17
50 Current Time = 23:28:23
60 Current Time = 23:30:28
70 Current Time = 23:32:35
80 Current Time = 23:34:41
90 Current Time = 23:36:46
Number of features: 100
0 Current Time = 23:38:52
10 Current Time = 23:43:09
20 Current Time = 23:47:42
30 Current Time = 23:52:10
40 Current Time = 23:56:35
50 Current Time = 00:01:00
60 Current Time = 00:05:24
70 Current Time = 00:09:48
80 Current Time = 00:14:04
90 Current Time = 00:18:29
Number of features: 500
0 Current Time = 00:22:58
10 Current Time = 00:46:13
20 Current Time = 01:08:51
30 Current Time = 01:31:45
40 Current Time = 01:54:10
50 Current Time = 02:16:32
60 Current Time = 02:38:38
70 Current Time = 03:00:55
80 Current Time = 03:23:00
90 Current Time = 03:44:35
Number of features: 1000
0 Current Time = 04:05:40
10 Current Time = 04:49:35
