Running job number  180
Start  180
End  181
outcome: 131144-0.0
Number of features: 5
0 Current Time = 23:12:29
10 Current Time = 23:13:11
20 Current Time = 23:13:52
30 Current Time = 23:14:33
40 Current Time = 23:15:15
50 Current Time = 23:15:58
60 Current Time = 23:16:39
70 Current Time = 23:17:21
80 Current Time = 23:18:03
90 Current Time = 23:18:46
Number of features: 50
0 Current Time = 23:19:29
10 Current Time = 23:21:53
20 Current Time = 23:24:20
30 Current Time = 23:26:45
40 Current Time = 23:29:11
50 Current Time = 23:31:35
60 Current Time = 23:34:00
70 Current Time = 23:36:28
80 Current Time = 23:38:54
90 Current Time = 23:41:21
Number of features: 100
0 Current Time = 23:43:44
10 Current Time = 23:48:31
20 Current Time = 23:53:13
30 Current Time = 23:57:55
40 Current Time = 00:02:42
50 Current Time = 00:07:23
60 Current Time = 00:12:01
70 Current Time = 00:16:48
80 Current Time = 00:21:37
90 Current Time = 00:26:25
Number of features: 500
0 Current Time = 00:31:05
10 Current Time = 00:54:48
20 Current Time = 01:18:31
30 Current Time = 01:42:14
40 Current Time = 02:05:57
50 Current Time = 02:29:46
60 Current Time = 02:53:38
70 Current Time = 03:17:32
80 Current Time = 03:41:18
90 Current Time = 04:05:02
Number of features: 1000
0 Current Time = 04:28:40
