Running job number  76
Start  76
End  77
outcome: 130726-0.0
Number of features: 5
0 Current Time = 01:34:06
10 Current Time = 01:34:39
20 Current Time = 01:35:13
30 Current Time = 01:35:46
40 Current Time = 01:36:19
50 Current Time = 01:36:52
60 Current Time = 01:37:25
70 Current Time = 01:37:58
80 Current Time = 01:38:31
90 Current Time = 01:39:03
Number of features: 50
0 Current Time = 01:39:36
10 Current Time = 01:41:46
20 Current Time = 01:43:56
30 Current Time = 01:46:07
40 Current Time = 01:48:20
50 Current Time = 01:50:33
60 Current Time = 01:52:43
70 Current Time = 01:54:54
80 Current Time = 01:57:05
90 Current Time = 01:59:15
Number of features: 100
0 Current Time = 02:01:27
10 Current Time = 02:05:41
20 Current Time = 02:09:54
30 Current Time = 02:14:08
40 Current Time = 02:18:25
50 Current Time = 02:22:40
60 Current Time = 02:26:54
70 Current Time = 02:31:11
80 Current Time = 02:35:26
90 Current Time = 02:39:38
Number of features: 500
0 Current Time = 02:43:52
10 Current Time = 03:05:50
20 Current Time = 03:27:47
30 Current Time = 03:49:42
40 Current Time = 04:11:49
50 Current Time = 04:33:53
60 Current Time = 04:55:38
70 Current Time = 05:17:28
80 Current Time = 05:39:27
90 Current Time = 06:01:13
Number of features: 1000
0 Current Time = 06:23:02
10 Current Time = 07:08:17
20 Current Time = 07:53:44
30 Current Time = 08:39:20
40 Current Time = 09:24:43
50 Current Time = 10:10:00
60 Current Time = 10:55:05
70 Current Time = 11:40:19
80 Current Time = 12:25:55
90 Current Time = 13:11:55
Number of features: 2923
Analyses complete. Current Time = 14:11:34
Results saved. All done. Current Time = 14:11:35
