Running job number  72
Start  72
End  73
outcome: 130714-0.0
Number of features: 5
0 Current Time = 01:34:07
10 Current Time = 01:35:08
20 Current Time = 01:36:11
30 Current Time = 01:37:16
40 Current Time = 01:38:18
50 Current Time = 01:39:22
60 Current Time = 01:40:29
70 Current Time = 01:41:31
80 Current Time = 01:42:35
90 Current Time = 01:43:37
Number of features: 50
0 Current Time = 01:44:42
10 Current Time = 01:50:33
20 Current Time = 01:56:28
30 Current Time = 02:02:20
40 Current Time = 02:07:54
50 Current Time = 02:13:39
60 Current Time = 02:19:26
70 Current Time = 02:25:04
80 Current Time = 02:30:53
90 Current Time = 02:36:36
Number of features: 100
0 Current Time = 02:42:12
10 Current Time = 02:54:19
20 Current Time = 03:06:53
30 Current Time = 03:19:03
40 Current Time = 03:31:12
50 Current Time = 03:43:15
60 Current Time = 03:55:17
70 Current Time = 04:07:25
80 Current Time = 04:19:28
90 Current Time = 04:31:37
Number of features: 500
0 Current Time = 04:43:43
10 Current Time = 05:45:32
20 Current Time = 06:48:07
30 Current Time = 07:50:48
40 Current Time = 08:51:52
50 Current Time = 09:54:14
60 Current Time = 10:55:38
70 Current Time = 11:56:38
80 Current Time = 12:58:04
90 Current Time = 14:00:33
Number of features: 1000
0 Current Time = 15:01:40
10 Current Time = 16:59:56
