Running job number  48
Start  48
End  49
outcome: 130632-0.0
Number of features: 5
0 Current Time = 23:04:55
10 Current Time = 23:05:28
20 Current Time = 23:06:00
30 Current Time = 23:06:33
40 Current Time = 23:07:05
50 Current Time = 23:07:37
60 Current Time = 23:08:09
70 Current Time = 23:08:40
80 Current Time = 23:09:13
90 Current Time = 23:09:45
Number of features: 50
0 Current Time = 23:10:18
10 Current Time = 23:12:23
20 Current Time = 23:14:29
30 Current Time = 23:16:34
40 Current Time = 23:18:40
50 Current Time = 23:20:45
60 Current Time = 23:22:52
70 Current Time = 23:24:57
80 Current Time = 23:27:01
90 Current Time = 23:29:06
Number of features: 100
0 Current Time = 23:31:13
10 Current Time = 23:35:21
20 Current Time = 23:39:17
30 Current Time = 23:43:16
40 Current Time = 23:47:30
50 Current Time = 23:51:33
60 Current Time = 23:55:39
70 Current Time = 23:59:49
80 Current Time = 00:03:55
90 Current Time = 00:08:05
Number of features: 500
0 Current Time = 00:12:17
10 Current Time = 00:33:59
20 Current Time = 00:56:19
30 Current Time = 01:19:11
40 Current Time = 01:42:08
50 Current Time = 02:04:57
60 Current Time = 02:28:13
70 Current Time = 02:51:33
80 Current Time = 03:15:08
90 Current Time = 03:38:46
Number of features: 1000
0 Current Time = 04:02:27
10 Current Time = 04:52:47
