Running job number  122
Start  122
End  123
outcome: 130916-0.0
Number of features: 5
0 Current Time = 21:33:06
10 Current Time = 21:33:36
20 Current Time = 21:34:07
30 Current Time = 21:34:38
40 Current Time = 21:35:08
50 Current Time = 21:35:39
60 Current Time = 21:36:09
70 Current Time = 21:36:39
80 Current Time = 21:37:10
90 Current Time = 21:37:41
Number of features: 50
0 Current Time = 21:38:12
10 Current Time = 21:40:08
20 Current Time = 21:42:02
30 Current Time = 21:43:55
40 Current Time = 21:45:50
50 Current Time = 21:47:46
60 Current Time = 21:49:40
70 Current Time = 21:51:36
80 Current Time = 21:53:31
90 Current Time = 21:55:26
Number of features: 100
0 Current Time = 21:57:22
10 Current Time = 22:01:14
20 Current Time = 22:05:06
30 Current Time = 22:09:06
40 Current Time = 22:13:04
50 Current Time = 22:17:04
60 Current Time = 22:21:04
70 Current Time = 22:25:05
80 Current Time = 22:29:05
90 Current Time = 22:33:07
Number of features: 500
0 Current Time = 22:37:14
10 Current Time = 22:59:41
20 Current Time = 23:21:20
30 Current Time = 23:42:23
40 Current Time = 00:02:44
50 Current Time = 00:23:06
60 Current Time = 00:42:47
70 Current Time = 01:01:49
80 Current Time = 01:20:49
90 Current Time = 01:39:55
Number of features: 1000
0 Current Time = 01:59:16
10 Current Time = 02:41:25
20 Current Time = 03:20:55
30 Current Time = 04:00:28
40 Current Time = 04:39:42
50 Current Time = 05:18:58
60 Current Time = 05:58:12
70 Current Time = 06:37:36
80 Current Time = 07:16:59
90 Current Time = 07:56:18
Number of features: 2923
Analyses complete. Current Time = 08:47:27
Results saved. All done. Current Time = 08:47:29
