Running job number  264
Start  264
End  265
outcome: 131378-0.0
Number of features: 5
0 Current Time = 23:19:38
10 Current Time = 23:20:23
20 Current Time = 23:21:07
30 Current Time = 23:21:50
40 Current Time = 23:22:32
50 Current Time = 23:23:15
60 Current Time = 23:23:58
70 Current Time = 23:24:40
80 Current Time = 23:25:24
90 Current Time = 23:26:06
Number of features: 50
0 Current Time = 23:26:49
10 Current Time = 23:29:39
20 Current Time = 23:32:21
30 Current Time = 23:35:04
40 Current Time = 23:37:44
50 Current Time = 23:40:25
60 Current Time = 23:43:09
70 Current Time = 23:45:53
80 Current Time = 23:48:35
90 Current Time = 23:51:17
Number of features: 100
0 Current Time = 23:53:59
10 Current Time = 23:59:24
20 Current Time = 00:04:54
30 Current Time = 00:10:25
40 Current Time = 00:15:57
50 Current Time = 00:21:27
60 Current Time = 00:26:43
70 Current Time = 00:32:07
80 Current Time = 00:37:24
90 Current Time = 00:42:43
Number of features: 500
0 Current Time = 00:48:02
10 Current Time = 01:14:42
20 Current Time = 01:41:02
30 Current Time = 02:08:00
40 Current Time = 02:35:11
50 Current Time = 03:02:29
60 Current Time = 03:29:55
70 Current Time = 03:57:04
80 Current Time = 04:24:04
90 Current Time = 04:49:27
Number of features: 1000
0 Current Time = 05:14:45
