Running job number  563
Start  563
End  564
outcome: 132170-0.0
Number of features: 5
0 Current Time = 02:42:38
10 Current Time = 02:43:26
20 Current Time = 02:44:13
30 Current Time = 02:45:02
40 Current Time = 02:45:50
50 Current Time = 02:46:38
60 Current Time = 02:47:26
70 Current Time = 02:48:14
80 Current Time = 02:49:02
90 Current Time = 02:49:50
Number of features: 50
0 Current Time = 02:50:37
10 Current Time = 02:53:45
20 Current Time = 02:56:48
30 Current Time = 02:59:52
40 Current Time = 03:02:54
50 Current Time = 03:05:57
60 Current Time = 03:09:02
70 Current Time = 03:12:11
80 Current Time = 03:15:13
90 Current Time = 03:18:11
Number of features: 100
0 Current Time = 03:21:09
10 Current Time = 03:27:00
20 Current Time = 03:32:50
30 Current Time = 03:38:38
40 Current Time = 03:44:16
50 Current Time = 03:50:03
60 Current Time = 03:55:41
70 Current Time = 04:01:23
80 Current Time = 04:07:07
90 Current Time = 04:12:52
Number of features: 500
0 Current Time = 04:18:21
10 Current Time = 04:44:35
20 Current Time = 05:10:54
30 Current Time = 05:37:21
40 Current Time = 06:03:30
50 Current Time = 06:29:55
60 Current Time = 06:55:58
70 Current Time = 07:21:59
80 Current Time = 07:48:22
90 Current Time = 08:14:58
Number of features: 1000
0 Current Time = 08:41:19
10 Current Time = 09:34:55
20 Current Time = 10:25:20
