Running job number  183
Start  183
End  184
outcome: 131152-0.0
Number of features: 5
0 Current Time = 01:49:11
10 Current Time = 01:49:43
20 Current Time = 01:50:16
30 Current Time = 01:50:47
40 Current Time = 01:51:19
50 Current Time = 01:51:51
60 Current Time = 01:52:23
70 Current Time = 01:52:55
80 Current Time = 01:53:28
90 Current Time = 01:54:01
Number of features: 50
0 Current Time = 01:54:33
10 Current Time = 01:56:40
20 Current Time = 01:58:44
30 Current Time = 02:00:49
40 Current Time = 02:02:55
50 Current Time = 02:05:01
60 Current Time = 02:07:09
70 Current Time = 02:09:16
80 Current Time = 02:11:23
90 Current Time = 02:13:31
Number of features: 100
0 Current Time = 02:15:36
10 Current Time = 02:19:47
20 Current Time = 02:23:59
30 Current Time = 02:28:10
40 Current Time = 02:32:24
50 Current Time = 02:36:39
60 Current Time = 02:40:56
70 Current Time = 02:45:12
80 Current Time = 02:49:28
90 Current Time = 02:53:42
Number of features: 500
0 Current Time = 02:57:57
10 Current Time = 03:19:48
20 Current Time = 03:41:33
30 Current Time = 04:03:17
40 Current Time = 04:25:03
50 Current Time = 04:46:57
60 Current Time = 05:08:50
70 Current Time = 05:31:00
80 Current Time = 05:53:17
90 Current Time = 06:15:33
Number of features: 1000
0 Current Time = 06:37:42
10 Current Time = 07:23:46
20 Current Time = 08:09:51
30 Current Time = 08:55:51
40 Current Time = 09:42:07
50 Current Time = 10:28:18
60 Current Time = 11:14:27
70 Current Time = 11:59:26
80 Current Time = 12:46:08
90 Current Time = 13:30:14
Number of features: 2923
Analyses complete. Current Time = 14:28:29
Results saved. All done. Current Time = 14:28:30
