Running job number  29
Start  29
End  30
outcome: 130216-0.0
Number of features: 5
0 Current Time = 01:32:18
10 Current Time = 01:33:02
20 Current Time = 01:33:45
30 Current Time = 01:34:29
40 Current Time = 01:35:14
50 Current Time = 01:35:59
60 Current Time = 01:36:44
70 Current Time = 01:37:29
80 Current Time = 01:38:14
90 Current Time = 01:38:58
Number of features: 50
0 Current Time = 01:39:44
10 Current Time = 01:42:16
20 Current Time = 01:44:49
30 Current Time = 01:47:20
40 Current Time = 01:49:53
50 Current Time = 01:52:27
60 Current Time = 01:55:01
70 Current Time = 01:57:35
80 Current Time = 02:00:10
90 Current Time = 02:02:43
Number of features: 100
0 Current Time = 02:05:16
10 Current Time = 02:10:13
20 Current Time = 02:15:13
30 Current Time = 02:20:12
40 Current Time = 02:25:09
50 Current Time = 02:30:09
60 Current Time = 02:35:03
70 Current Time = 02:39:57
80 Current Time = 02:44:52
90 Current Time = 02:49:50
Number of features: 500
0 Current Time = 02:54:43
10 Current Time = 03:19:09
20 Current Time = 03:43:50
30 Current Time = 04:08:13
40 Current Time = 04:32:57
50 Current Time = 04:57:15
60 Current Time = 05:21:36
70 Current Time = 05:46:12
80 Current Time = 06:12:13
90 Current Time = 06:39:11
Number of features: 1000
0 Current Time = 07:05:46
10 Current Time = 08:00:28
20 Current Time = 08:53:09
30 Current Time = 09:46:46
40 Current Time = 10:39:13
50 Current Time = 11:31:10
60 Current Time = 12:21:28
70 Current Time = 13:12:00
80 Current Time = 14:00:56
90 Current Time = 14:48:12
Number of features: 2923
Analyses complete. Current Time = 15:49:08
Results saved. All done. Current Time = 15:49:09
