Running job number  174
Start  174
End  175
outcome: 131128-0.0
Number of features: 5
0 Current Time = 21:33:18
10 Current Time = 21:33:56
20 Current Time = 21:34:34
30 Current Time = 21:35:12
40 Current Time = 21:35:50
50 Current Time = 21:36:29
60 Current Time = 21:37:07
70 Current Time = 21:37:43
80 Current Time = 21:38:21
90 Current Time = 21:38:58
Number of features: 50
0 Current Time = 21:39:37
10 Current Time = 21:41:53
20 Current Time = 21:44:04
30 Current Time = 21:46:13
40 Current Time = 21:48:24
50 Current Time = 21:50:35
60 Current Time = 21:52:46
70 Current Time = 21:54:57
80 Current Time = 21:57:10
90 Current Time = 21:59:21
Number of features: 100
0 Current Time = 22:01:31
10 Current Time = 22:05:42
20 Current Time = 22:09:53
30 Current Time = 22:14:06
40 Current Time = 22:18:14
50 Current Time = 22:22:27
60 Current Time = 22:26:35
70 Current Time = 22:30:45
80 Current Time = 22:34:55
90 Current Time = 22:39:08
Number of features: 500
0 Current Time = 22:43:22
10 Current Time = 23:04:13
20 Current Time = 23:25:10
30 Current Time = 23:45:52
40 Current Time = 00:06:39
50 Current Time = 00:27:36
60 Current Time = 00:48:48
70 Current Time = 01:09:40
80 Current Time = 01:30:20
90 Current Time = 01:51:07
Number of features: 1000
0 Current Time = 02:12:06
10 Current Time = 02:55:40
20 Current Time = 03:39:09
30 Current Time = 04:22:22
40 Current Time = 05:04:55
50 Current Time = 05:47:42
60 Current Time = 06:30:18
70 Current Time = 07:12:06
80 Current Time = 07:54:43
90 Current Time = 08:37:31
Number of features: 2923
Analyses complete. Current Time = 09:31:21
Results saved. All done. Current Time = 09:31:22
