Running job number  99
Start  99
End  100
outcome: 130840-0.0
Number of features: 5
0 Current Time = 23:09:43
10 Current Time = 23:10:32
20 Current Time = 23:11:20
30 Current Time = 23:12:09
40 Current Time = 23:12:59
50 Current Time = 23:13:49
60 Current Time = 23:14:41
70 Current Time = 23:15:29
80 Current Time = 23:16:16
90 Current Time = 23:17:07
Number of features: 50
0 Current Time = 23:17:57
10 Current Time = 23:20:57
20 Current Time = 23:24:00
30 Current Time = 23:27:08
40 Current Time = 23:30:15
50 Current Time = 23:33:12
60 Current Time = 23:36:18
70 Current Time = 23:39:26
80 Current Time = 23:42:32
90 Current Time = 23:45:36
Number of features: 100
0 Current Time = 23:48:41
10 Current Time = 23:54:24
20 Current Time = 00:00:09
30 Current Time = 00:05:48
40 Current Time = 00:11:25
50 Current Time = 00:17:12
60 Current Time = 00:22:46
70 Current Time = 00:28:30
80 Current Time = 00:34:17
90 Current Time = 00:40:05
Number of features: 500
0 Current Time = 00:45:49
10 Current Time = 01:12:29
20 Current Time = 01:37:18
30 Current Time = 02:02:21
40 Current Time = 02:27:32
50 Current Time = 02:51:43
60 Current Time = 03:17:12
70 Current Time = 03:42:45
80 Current Time = 04:08:09
90 Current Time = 04:32:54
Number of features: 1000
0 Current Time = 04:58:27
