Running job number  219
Start  219
End  220
outcome: 131252-0.0
Number of features: 5
0 Current Time = 21:33:08
10 Current Time = 21:33:46
20 Current Time = 21:34:24
30 Current Time = 21:35:01
40 Current Time = 21:35:37
50 Current Time = 21:36:14
60 Current Time = 21:36:50
70 Current Time = 21:37:25
80 Current Time = 21:38:01
90 Current Time = 21:38:37
Number of features: 50
0 Current Time = 21:39:12
10 Current Time = 21:41:16
20 Current Time = 21:43:24
30 Current Time = 21:45:30
40 Current Time = 21:47:33
50 Current Time = 21:49:36
60 Current Time = 21:51:36
70 Current Time = 21:53:35
80 Current Time = 21:55:36
90 Current Time = 21:57:40
Number of features: 100
0 Current Time = 21:59:38
10 Current Time = 22:03:25
20 Current Time = 22:07:13
30 Current Time = 22:11:06
40 Current Time = 22:15:03
50 Current Time = 22:18:53
60 Current Time = 22:22:42
70 Current Time = 22:26:28
80 Current Time = 22:30:16
90 Current Time = 22:34:12
Number of features: 500
0 Current Time = 22:37:58
10 Current Time = 22:57:23
20 Current Time = 23:17:05
30 Current Time = 23:36:45
40 Current Time = 23:56:30
50 Current Time = 00:16:13
60 Current Time = 00:35:46
70 Current Time = 00:55:32
80 Current Time = 01:15:50
90 Current Time = 01:37:05
Number of features: 1000
0 Current Time = 01:59:02
10 Current Time = 02:44:43
20 Current Time = 03:30:48
30 Current Time = 04:16:37
40 Current Time = 05:02:33
50 Current Time = 05:49:29
60 Current Time = 06:37:04
70 Current Time = 07:24:43
80 Current Time = 08:12:55
90 Current Time = 09:00:36
Number of features: 2923
Analyses complete. Current Time = 10:02:15
Results saved. All done. Current Time = 10:02:16
