Running job number  136
Start  136
End  137
outcome: 131030-0.0
Number of features: 5
0 Current Time = 23:09:44
10 Current Time = 23:10:16
20 Current Time = 23:10:49
30 Current Time = 23:11:21
40 Current Time = 23:11:53
50 Current Time = 23:12:25
60 Current Time = 23:12:58
70 Current Time = 23:13:30
80 Current Time = 23:14:03
90 Current Time = 23:14:35
Number of features: 50
0 Current Time = 23:15:08
10 Current Time = 23:17:11
20 Current Time = 23:19:16
30 Current Time = 23:21:18
40 Current Time = 23:23:24
50 Current Time = 23:25:27
60 Current Time = 23:27:30
70 Current Time = 23:29:34
80 Current Time = 23:31:38
90 Current Time = 23:33:42
Number of features: 100
0 Current Time = 23:35:48
10 Current Time = 23:40:02
20 Current Time = 23:44:14
30 Current Time = 23:48:21
40 Current Time = 23:52:30
50 Current Time = 23:56:34
60 Current Time = 00:00:39
70 Current Time = 00:04:48
80 Current Time = 00:08:59
90 Current Time = 00:13:07
Number of features: 500
0 Current Time = 00:17:16
10 Current Time = 00:38:28
20 Current Time = 00:59:48
30 Current Time = 01:21:03
40 Current Time = 01:42:12
50 Current Time = 02:03:28
60 Current Time = 02:24:45
70 Current Time = 02:45:55
80 Current Time = 03:06:55
90 Current Time = 03:28:28
Number of features: 1000
0 Current Time = 03:49:41
10 Current Time = 04:34:42
