Running job number  219
Start  219
End  220
outcome: 131252-0.0
Number of features: 5
0 Current Time = 01:49:12
10 Current Time = 01:49:58
20 Current Time = 01:50:46
30 Current Time = 01:51:33
40 Current Time = 01:52:21
50 Current Time = 01:53:09
60 Current Time = 01:53:55
70 Current Time = 01:54:41
80 Current Time = 01:55:27
90 Current Time = 01:56:15
Number of features: 50
0 Current Time = 01:57:02
10 Current Time = 02:00:13
20 Current Time = 02:03:03
30 Current Time = 02:05:54
40 Current Time = 02:08:44
50 Current Time = 02:11:35
60 Current Time = 02:14:37
70 Current Time = 02:17:39
80 Current Time = 02:20:41
90 Current Time = 02:23:25
Number of features: 100
0 Current Time = 02:26:06
10 Current Time = 02:31:27
20 Current Time = 02:37:22
30 Current Time = 02:43:14
40 Current Time = 02:48:38
50 Current Time = 02:54:17
60 Current Time = 03:00:13
70 Current Time = 03:05:41
80 Current Time = 03:10:57
90 Current Time = 03:16:50
Number of features: 500
0 Current Time = 03:22:45
10 Current Time = 03:50:26
20 Current Time = 04:18:48
30 Current Time = 04:47:02
40 Current Time = 05:14:40
50 Current Time = 05:43:11
60 Current Time = 06:10:33
70 Current Time = 06:37:15
80 Current Time = 07:05:04
90 Current Time = 07:32:50
Number of features: 1000
0 Current Time = 08:00:49
10 Current Time = 08:56:51
20 Current Time = 09:52:37
30 Current Time = 10:48:55
40 Current Time = 11:46:13
50 Current Time = 12:48:08
60 Current Time = 13:51:29
70 Current Time = 14:54:14
80 Current Time = 15:54:56
90 Current Time = 16:46:29
Number of features: 2923
