Running job number  567
Start  567
End  568
outcome: 132192-0.0
Number of features: 5
0 Current Time = 02:42:37
10 Current Time = 02:43:16
20 Current Time = 02:43:54
30 Current Time = 02:44:33
40 Current Time = 02:45:13
50 Current Time = 02:45:51
60 Current Time = 02:46:28
70 Current Time = 02:47:07
80 Current Time = 02:47:47
90 Current Time = 02:48:26
Number of features: 50
0 Current Time = 02:49:05
10 Current Time = 02:51:37
20 Current Time = 02:54:07
30 Current Time = 02:56:43
40 Current Time = 02:59:18
50 Current Time = 03:01:53
60 Current Time = 03:04:29
70 Current Time = 03:07:03
80 Current Time = 03:09:41
90 Current Time = 03:12:17
Number of features: 100
0 Current Time = 03:14:49
10 Current Time = 03:19:53
20 Current Time = 03:25:01
30 Current Time = 03:30:00
40 Current Time = 03:35:03
50 Current Time = 03:40:07
60 Current Time = 03:45:08
70 Current Time = 03:49:58
80 Current Time = 03:54:48
90 Current Time = 03:59:43
Number of features: 500
0 Current Time = 04:04:34
10 Current Time = 04:29:11
20 Current Time = 04:52:54
30 Current Time = 05:16:30
40 Current Time = 05:40:17
50 Current Time = 06:03:57
60 Current Time = 06:27:22
70 Current Time = 06:51:01
80 Current Time = 07:14:40
90 Current Time = 07:38:25
Number of features: 1000
0 Current Time = 08:01:57
10 Current Time = 08:50:25
20 Current Time = 09:38:25
