Running job number  592
Start  592
End  593
outcome: 132280-0.0
Number of features: 5
0 Current Time = 02:47:05
10 Current Time = 02:47:53
20 Current Time = 02:48:40
30 Current Time = 02:49:28
40 Current Time = 02:50:16
50 Current Time = 02:51:04
60 Current Time = 02:51:53
70 Current Time = 02:52:41
80 Current Time = 02:53:29
90 Current Time = 02:54:15
Number of features: 50
0 Current Time = 02:55:02
10 Current Time = 02:57:47
20 Current Time = 03:00:36
30 Current Time = 03:03:25
40 Current Time = 03:06:13
50 Current Time = 03:09:01
60 Current Time = 03:11:54
70 Current Time = 03:14:41
80 Current Time = 03:17:27
90 Current Time = 03:20:12
Number of features: 100
0 Current Time = 03:22:59
10 Current Time = 03:28:34
20 Current Time = 03:33:57
30 Current Time = 03:39:22
40 Current Time = 03:44:56
50 Current Time = 03:50:34
60 Current Time = 03:56:07
70 Current Time = 04:01:40
80 Current Time = 04:07:18
90 Current Time = 04:12:53
Number of features: 500
0 Current Time = 04:18:28
10 Current Time = 04:46:20
20 Current Time = 05:14:42
30 Current Time = 05:42:18
40 Current Time = 06:09:17
50 Current Time = 06:35:01
60 Current Time = 07:00:42
70 Current Time = 07:26:06
80 Current Time = 07:51:33
90 Current Time = 08:17:03
Number of features: 1000
0 Current Time = 08:43:01
10 Current Time = 09:36:52
