Running job number  299
Start  299
End  300
outcome: 131466-0.0
Number of features: 5
0 Current Time = 23:28:55
10 Current Time = 23:29:34
20 Current Time = 23:30:13
30 Current Time = 23:30:51
40 Current Time = 23:31:30
50 Current Time = 23:32:11
60 Current Time = 23:32:49
70 Current Time = 23:33:28
80 Current Time = 23:34:07
90 Current Time = 23:34:45
Number of features: 50
0 Current Time = 23:35:24
10 Current Time = 23:37:42
20 Current Time = 23:40:06
30 Current Time = 23:42:27
40 Current Time = 23:44:53
50 Current Time = 23:47:19
60 Current Time = 23:49:43
70 Current Time = 23:52:02
80 Current Time = 23:54:23
90 Current Time = 23:56:45
Number of features: 100
0 Current Time = 23:59:09
10 Current Time = 00:03:46
20 Current Time = 00:08:26
30 Current Time = 00:13:00
40 Current Time = 00:17:43
50 Current Time = 00:22:16
60 Current Time = 00:26:42
70 Current Time = 00:31:10
80 Current Time = 00:35:47
90 Current Time = 00:40:27
Number of features: 500
0 Current Time = 00:45:11
10 Current Time = 01:09:25
20 Current Time = 01:33:08
30 Current Time = 01:57:13
40 Current Time = 02:21:18
50 Current Time = 02:45:20
60 Current Time = 03:10:03
70 Current Time = 03:34:37
80 Current Time = 03:58:01
90 Current Time = 04:21:23
Number of features: 1000
0 Current Time = 04:44:53
