Running job number  579
Start  579
End  580
outcome: 132242-0.0
Number of features: 5
0 Current Time = 02:44:05
10 Current Time = 02:44:49
20 Current Time = 02:45:33
30 Current Time = 02:46:19
40 Current Time = 02:47:06
50 Current Time = 02:47:51
60 Current Time = 02:48:36
70 Current Time = 02:49:22
80 Current Time = 02:50:10
90 Current Time = 02:50:58
Number of features: 50
0 Current Time = 02:51:43
10 Current Time = 02:54:43
20 Current Time = 02:57:44
30 Current Time = 03:00:49
40 Current Time = 03:03:43
50 Current Time = 03:06:42
60 Current Time = 03:09:34
70 Current Time = 03:12:26
80 Current Time = 03:15:23
90 Current Time = 03:18:20
Number of features: 100
0 Current Time = 03:21:20
10 Current Time = 03:27:01
20 Current Time = 03:32:38
30 Current Time = 03:38:33
40 Current Time = 03:44:26
50 Current Time = 03:50:10
60 Current Time = 03:55:46
70 Current Time = 04:01:28
80 Current Time = 04:07:21
90 Current Time = 04:12:57
Number of features: 500
0 Current Time = 04:18:27
10 Current Time = 04:46:13
20 Current Time = 05:13:58
30 Current Time = 05:40:23
40 Current Time = 06:04:10
50 Current Time = 06:26:28
60 Current Time = 06:48:18
70 Current Time = 07:09:26
80 Current Time = 07:31:02
90 Current Time = 07:52:40
Number of features: 1000
0 Current Time = 08:14:17
10 Current Time = 08:58:05
20 Current Time = 09:41:42
30 Current Time = 10:26:19
