Running job number  174
Start  174
End  175
outcome: 131128-0.0
Number of features: 5
0 Current Time = 23:12:35
10 Current Time = 23:13:17
20 Current Time = 23:13:59
30 Current Time = 23:14:42
40 Current Time = 23:15:24
50 Current Time = 23:16:05
60 Current Time = 23:16:48
70 Current Time = 23:17:29
80 Current Time = 23:18:12
90 Current Time = 23:18:54
Number of features: 50
0 Current Time = 23:19:37
10 Current Time = 23:21:57
20 Current Time = 23:24:14
30 Current Time = 23:26:31
40 Current Time = 23:28:49
50 Current Time = 23:31:05
60 Current Time = 23:33:21
70 Current Time = 23:35:40
80 Current Time = 23:37:51
90 Current Time = 23:39:57
Number of features: 100
0 Current Time = 23:42:05
10 Current Time = 23:46:03
20 Current Time = 23:50:04
30 Current Time = 23:53:53
40 Current Time = 23:57:39
50 Current Time = 00:01:26
60 Current Time = 00:05:16
70 Current Time = 00:09:03
80 Current Time = 00:12:56
90 Current Time = 00:17:04
Number of features: 500
0 Current Time = 00:21:08
10 Current Time = 00:41:52
20 Current Time = 01:03:29
30 Current Time = 01:24:45
40 Current Time = 01:46:29
50 Current Time = 02:08:50
60 Current Time = 02:32:35
70 Current Time = 02:56:00
80 Current Time = 03:17:40
90 Current Time = 03:39:55
Number of features: 1000
0 Current Time = 04:01:52
10 Current Time = 04:50:32
