Running job number  413
Start  413
End  414
outcome: 131774-0.0
Number of features: 5
0 Current Time = 02:19:49
10 Current Time = 02:20:33
20 Current Time = 02:21:18
30 Current Time = 02:22:01
40 Current Time = 02:22:46
50 Current Time = 02:23:30
60 Current Time = 02:24:14
70 Current Time = 02:24:59
80 Current Time = 02:25:42
90 Current Time = 02:26:25
Number of features: 50
0 Current Time = 02:27:13
10 Current Time = 02:30:01
20 Current Time = 02:32:51
30 Current Time = 02:35:28
40 Current Time = 02:38:11
50 Current Time = 02:40:51
60 Current Time = 02:43:33
70 Current Time = 02:46:13
80 Current Time = 02:48:55
90 Current Time = 02:51:38
Number of features: 100
0 Current Time = 02:54:20
10 Current Time = 02:59:38
20 Current Time = 03:04:53
30 Current Time = 03:10:12
40 Current Time = 03:15:26
50 Current Time = 03:20:32
60 Current Time = 03:25:42
70 Current Time = 03:30:47
80 Current Time = 03:35:39
90 Current Time = 03:40:17
Number of features: 500
0 Current Time = 03:45:07
10 Current Time = 04:08:58
20 Current Time = 04:32:29
30 Current Time = 04:56:23
40 Current Time = 05:19:58
50 Current Time = 05:43:51
60 Current Time = 06:06:33
70 Current Time = 06:28:43
80 Current Time = 06:51:47
90 Current Time = 07:14:45
Number of features: 1000
0 Current Time = 07:37:24
10 Current Time = 08:26:00
20 Current Time = 09:13:21
30 Current Time = 10:02:37
