Running job number  344
Start  344
End  345
outcome: 131584-0.0
Number of features: 5
0 Current Time = 02:04:43
10 Current Time = 02:05:38
20 Current Time = 02:06:33
30 Current Time = 02:07:27
40 Current Time = 02:08:18
50 Current Time = 02:09:13
60 Current Time = 02:10:07
70 Current Time = 02:11:03
80 Current Time = 02:11:57
90 Current Time = 02:12:51
Number of features: 50
0 Current Time = 02:13:44
10 Current Time = 02:17:23
20 Current Time = 02:21:03
30 Current Time = 02:24:37
40 Current Time = 02:28:09
50 Current Time = 02:31:53
60 Current Time = 02:35:28
70 Current Time = 02:39:08
80 Current Time = 02:42:52
90 Current Time = 02:46:27
Number of features: 100
0 Current Time = 02:50:03
10 Current Time = 02:57:17
20 Current Time = 03:04:36
30 Current Time = 03:11:40
40 Current Time = 03:18:41
50 Current Time = 03:25:51
60 Current Time = 03:32:53
70 Current Time = 03:40:07
80 Current Time = 03:47:02
90 Current Time = 03:53:52
Number of features: 500
0 Current Time = 04:00:47
10 Current Time = 04:39:00
20 Current Time = 05:14:26
30 Current Time = 05:48:46
40 Current Time = 06:23:20
50 Current Time = 06:57:59
60 Current Time = 07:32:02
70 Current Time = 08:07:03
80 Current Time = 08:41:11
90 Current Time = 09:15:57
Number of features: 1000
0 Current Time = 09:51:09
