Running job number  310
Start  310
End  311
outcome: 131490-0.0
Number of features: 5
0 Current Time = 01:53:29
10 Current Time = 01:54:09
20 Current Time = 01:54:50
30 Current Time = 01:55:31
40 Current Time = 01:56:10
50 Current Time = 01:56:51
60 Current Time = 01:57:31
70 Current Time = 01:58:11
80 Current Time = 01:58:53
90 Current Time = 01:59:35
Number of features: 50
0 Current Time = 02:00:20
10 Current Time = 02:03:02
20 Current Time = 02:05:37
30 Current Time = 02:08:15
40 Current Time = 02:10:47
50 Current Time = 02:13:26
60 Current Time = 02:15:59
70 Current Time = 02:18:34
80 Current Time = 02:21:12
90 Current Time = 02:23:49
Number of features: 100
0 Current Time = 02:26:29
10 Current Time = 02:31:40
20 Current Time = 02:36:32
30 Current Time = 02:41:33
40 Current Time = 02:46:22
50 Current Time = 02:51:18
60 Current Time = 02:56:31
70 Current Time = 03:01:22
80 Current Time = 03:06:20
90 Current Time = 03:11:37
Number of features: 500
0 Current Time = 03:16:36
10 Current Time = 03:43:01
20 Current Time = 04:09:01
30 Current Time = 04:35:18
40 Current Time = 05:01:28
50 Current Time = 05:27:50
60 Current Time = 05:54:10
70 Current Time = 06:20:12
80 Current Time = 06:46:21
90 Current Time = 07:12:46
Number of features: 1000
0 Current Time = 07:39:05
10 Current Time = 08:31:39
20 Current Time = 09:23:41
30 Current Time = 10:15:11
