Running job number  437
Start  437
End  438
outcome: 131848-0.0
Number of features: 5
0 Current Time = 02:28:19
10 Current Time = 02:29:07
20 Current Time = 02:29:53
30 Current Time = 02:30:41
40 Current Time = 02:31:26
50 Current Time = 02:32:09
60 Current Time = 02:32:53
70 Current Time = 02:33:39
80 Current Time = 02:34:25
90 Current Time = 02:35:11
Number of features: 50
0 Current Time = 02:35:56
10 Current Time = 02:39:30
20 Current Time = 02:42:56
30 Current Time = 02:46:10
40 Current Time = 02:49:21
50 Current Time = 02:52:17
60 Current Time = 02:55:26
70 Current Time = 02:58:26
80 Current Time = 03:01:38
90 Current Time = 03:04:55
Number of features: 100
0 Current Time = 03:08:02
10 Current Time = 03:13:55
20 Current Time = 03:19:40
30 Current Time = 03:25:43
40 Current Time = 03:31:57
50 Current Time = 03:37:56
60 Current Time = 03:43:49
70 Current Time = 03:49:29
80 Current Time = 03:55:10
90 Current Time = 04:00:37
Number of features: 500
0 Current Time = 04:06:04
10 Current Time = 04:31:27
20 Current Time = 04:56:13
30 Current Time = 05:19:24
40 Current Time = 05:42:35
50 Current Time = 06:05:16
60 Current Time = 06:27:43
70 Current Time = 06:50:06
80 Current Time = 07:10:36
90 Current Time = 07:30:27
Number of features: 1000
0 Current Time = 07:50:39
10 Current Time = 08:31:26
20 Current Time = 09:10:15
30 Current Time = 09:49:17
