Running job number  279
Start  279
End  280
outcome: 131414-0.0
Number of features: 5
0 Current Time = 23:19:17
10 Current Time = 23:19:53
20 Current Time = 23:20:28
30 Current Time = 23:21:02
40 Current Time = 23:21:37
50 Current Time = 23:22:13
60 Current Time = 23:22:48
70 Current Time = 23:23:24
80 Current Time = 23:23:58
90 Current Time = 23:24:33
Number of features: 50
0 Current Time = 23:25:11
10 Current Time = 23:27:33
20 Current Time = 23:29:49
30 Current Time = 23:32:04
40 Current Time = 23:34:21
50 Current Time = 23:36:38
60 Current Time = 23:38:52
70 Current Time = 23:41:09
80 Current Time = 23:43:27
90 Current Time = 23:45:49
Number of features: 100
0 Current Time = 23:48:15
10 Current Time = 23:52:52
20 Current Time = 23:57:27
30 Current Time = 00:01:59
40 Current Time = 00:06:38
50 Current Time = 00:11:13
60 Current Time = 00:15:51
70 Current Time = 00:20:31
80 Current Time = 00:25:01
90 Current Time = 00:29:45
Number of features: 500
0 Current Time = 00:34:35
10 Current Time = 00:59:31
20 Current Time = 01:24:26
30 Current Time = 01:49:27
40 Current Time = 02:14:50
50 Current Time = 02:39:48
60 Current Time = 03:04:46
70 Current Time = 03:29:23
80 Current Time = 03:54:07
90 Current Time = 04:19:10
Number of features: 1000
0 Current Time = 04:44:02
