Running job number  93
Start  93
End  94
outcome: 130826-0.0
Number of features: 5
0 Current Time = 01:33:39
10 Current Time = 01:34:27
20 Current Time = 01:35:15
30 Current Time = 01:36:03
40 Current Time = 01:36:50
50 Current Time = 01:37:38
60 Current Time = 01:38:25
70 Current Time = 01:39:13
80 Current Time = 01:40:02
90 Current Time = 01:40:49
Number of features: 50
0 Current Time = 01:41:38
10 Current Time = 01:44:34
20 Current Time = 01:47:23
30 Current Time = 01:50:14
40 Current Time = 01:53:02
50 Current Time = 01:56:00
60 Current Time = 01:58:49
70 Current Time = 02:01:41
80 Current Time = 02:04:31
90 Current Time = 02:07:18
Number of features: 100
0 Current Time = 02:10:09
10 Current Time = 02:15:34
20 Current Time = 02:20:51
30 Current Time = 02:26:04
40 Current Time = 02:31:12
50 Current Time = 02:36:27
60 Current Time = 02:41:45
70 Current Time = 02:47:08
80 Current Time = 02:52:27
90 Current Time = 02:57:41
Number of features: 500
0 Current Time = 03:03:00
10 Current Time = 03:30:18
20 Current Time = 03:57:25
30 Current Time = 04:24:44
40 Current Time = 04:51:45
50 Current Time = 05:19:08
60 Current Time = 05:46:33
70 Current Time = 06:13:48
80 Current Time = 06:41:18
90 Current Time = 07:09:02
Number of features: 1000
0 Current Time = 07:36:54
10 Current Time = 08:33:21
20 Current Time = 09:29:39
30 Current Time = 10:25:00
40 Current Time = 11:20:43
50 Current Time = 12:14:44
60 Current Time = 13:07:30
70 Current Time = 14:01:03
80 Current Time = 14:54:05
90 Current Time = 15:47:14
Number of features: 2923
Analyses complete. Current Time = 16:56:52
Results saved. All done. Current Time = 16:56:53
