Running job number  216
Start  216
End  217
outcome: 131244-0.0
Number of features: 5
0 Current Time = 01:49:12
10 Current Time = 01:49:45
20 Current Time = 01:50:20
30 Current Time = 01:50:54
40 Current Time = 01:51:28
50 Current Time = 01:52:03
60 Current Time = 01:52:38
70 Current Time = 01:53:13
80 Current Time = 01:53:48
90 Current Time = 01:54:22
Number of features: 50
0 Current Time = 01:54:56
10 Current Time = 01:57:25
20 Current Time = 01:59:55
30 Current Time = 02:02:14
40 Current Time = 02:04:24
50 Current Time = 02:06:37
60 Current Time = 02:08:50
70 Current Time = 02:11:02
80 Current Time = 02:13:29
90 Current Time = 02:15:55
Number of features: 100
0 Current Time = 02:18:24
10 Current Time = 02:22:58
20 Current Time = 02:27:18
30 Current Time = 02:31:38
40 Current Time = 02:36:26
50 Current Time = 02:41:17
60 Current Time = 02:45:38
70 Current Time = 02:50:02
80 Current Time = 02:54:39
90 Current Time = 02:59:29
Number of features: 500
0 Current Time = 03:04:04
10 Current Time = 03:27:15
20 Current Time = 03:50:39
30 Current Time = 04:13:58
40 Current Time = 04:37:36
50 Current Time = 05:01:16
60 Current Time = 05:24:52
70 Current Time = 05:48:17
80 Current Time = 06:11:17
90 Current Time = 06:33:32
Number of features: 1000
0 Current Time = 06:56:23
10 Current Time = 07:45:48
20 Current Time = 08:35:05
30 Current Time = 09:21:36
40 Current Time = 10:08:56
50 Current Time = 10:55:43
60 Current Time = 11:45:08
70 Current Time = 12:37:27
80 Current Time = 13:33:00
90 Current Time = 14:27:43
Number of features: 2923
Analyses complete. Current Time = 15:39:12
Results saved. All done. Current Time = 15:39:13
