Running job number  282
Start  282
End  283
outcome: 131422-0.0
Number of features: 5
0 Current Time = 01:54:54
10 Current Time = 01:55:38
20 Current Time = 01:56:22
30 Current Time = 01:57:05
40 Current Time = 01:57:46
50 Current Time = 01:58:29
60 Current Time = 01:59:14
70 Current Time = 01:59:58
80 Current Time = 02:00:42
90 Current Time = 02:01:25
Number of features: 50
0 Current Time = 02:02:10
10 Current Time = 02:05:28
20 Current Time = 02:08:49
30 Current Time = 02:12:16
40 Current Time = 02:15:39
50 Current Time = 02:19:02
60 Current Time = 02:22:23
70 Current Time = 02:25:42
80 Current Time = 02:29:04
90 Current Time = 02:32:22
Number of features: 100
0 Current Time = 02:35:47
10 Current Time = 02:42:26
20 Current Time = 02:49:12
30 Current Time = 02:55:40
40 Current Time = 03:02:12
50 Current Time = 03:08:57
60 Current Time = 03:15:43
70 Current Time = 03:22:19
80 Current Time = 03:28:47
90 Current Time = 03:35:28
Number of features: 500
0 Current Time = 03:42:07
10 Current Time = 04:15:50
20 Current Time = 04:49:41
30 Current Time = 05:23:30
40 Current Time = 05:57:04
50 Current Time = 06:24:48
60 Current Time = 06:48:06
70 Current Time = 07:12:16
80 Current Time = 07:36:15
90 Current Time = 08:00:06
Number of features: 1000
0 Current Time = 08:24:00
10 Current Time = 09:14:22
20 Current Time = 10:04:46
30 Current Time = 10:58:08
40 Current Time = 11:50:11
50 Current Time = 12:45:00
60 Current Time = 13:37:18
70 Current Time = 14:26:18
80 Current Time = 15:15:24
90 Current Time = 16:07:12
Number of features: 2923
Analyses complete. Current Time = 17:16:35
Results saved. All done. Current Time = 17:16:36
