Running job number  241
Start  241
End  242
outcome: 131316-0.0
Number of features: 5
0 Current Time = 23:19:17
10 Current Time = 23:19:56
20 Current Time = 23:20:36
30 Current Time = 23:21:15
40 Current Time = 23:21:53
50 Current Time = 23:22:34
60 Current Time = 23:23:13
70 Current Time = 23:23:50
80 Current Time = 23:24:28
90 Current Time = 23:25:05
Number of features: 50
0 Current Time = 23:25:45
10 Current Time = 23:28:19
20 Current Time = 23:30:50
30 Current Time = 23:33:21
40 Current Time = 23:35:55
50 Current Time = 23:38:30
60 Current Time = 23:41:00
70 Current Time = 23:43:34
80 Current Time = 23:46:10
90 Current Time = 23:48:44
Number of features: 100
0 Current Time = 23:51:15
10 Current Time = 23:56:15
20 Current Time = 00:01:21
30 Current Time = 00:06:27
40 Current Time = 00:11:30
50 Current Time = 00:16:32
60 Current Time = 00:21:34
70 Current Time = 00:26:38
80 Current Time = 00:31:38
90 Current Time = 00:36:40
Number of features: 500
0 Current Time = 00:41:56
10 Current Time = 01:09:20
20 Current Time = 01:37:17
30 Current Time = 02:05:02
40 Current Time = 02:32:36
50 Current Time = 03:00:27
60 Current Time = 03:27:48
70 Current Time = 03:55:15
80 Current Time = 04:23:24
90 Current Time = 04:51:17
Number of features: 1000
0 Current Time = 05:19:02
