Running job number  311
Start  311
End  312
outcome: 131492-0.0
Number of features: 5
0 Current Time = 01:53:28
10 Current Time = 01:54:21
20 Current Time = 01:55:15
30 Current Time = 01:56:08
40 Current Time = 01:56:59
50 Current Time = 01:57:56
60 Current Time = 01:58:51
70 Current Time = 01:59:44
80 Current Time = 02:00:37
90 Current Time = 02:01:28
Number of features: 50
0 Current Time = 02:02:22
10 Current Time = 02:06:07
20 Current Time = 02:09:54
30 Current Time = 02:13:36
40 Current Time = 02:17:21
50 Current Time = 02:21:10
60 Current Time = 02:24:55
70 Current Time = 02:28:37
80 Current Time = 02:32:24
90 Current Time = 02:36:10
Number of features: 100
0 Current Time = 02:39:50
10 Current Time = 02:47:26
20 Current Time = 02:54:36
30 Current Time = 03:01:48
40 Current Time = 03:09:02
50 Current Time = 03:16:32
60 Current Time = 03:23:53
70 Current Time = 03:31:13
80 Current Time = 03:38:47
90 Current Time = 03:46:06
Number of features: 500
0 Current Time = 03:53:36
10 Current Time = 04:31:24
20 Current Time = 05:08:42
30 Current Time = 05:46:31
40 Current Time = 06:24:30
50 Current Time = 07:02:15
60 Current Time = 07:39:09
70 Current Time = 08:14:42
80 Current Time = 08:49:38
90 Current Time = 09:25:09
Number of features: 1000
0 Current Time = 09:59:56
