Running job number  206
Start  206
End  207
outcome: 131216-0.0
Number of features: 5
0 Current Time = 23:14:45
10 Current Time = 23:15:26
20 Current Time = 23:16:09
30 Current Time = 23:16:52
40 Current Time = 23:17:34
50 Current Time = 23:18:16
60 Current Time = 23:18:58
70 Current Time = 23:19:42
80 Current Time = 23:20:25
90 Current Time = 23:21:07
Number of features: 50
0 Current Time = 23:21:50
10 Current Time = 23:24:20
20 Current Time = 23:26:48
30 Current Time = 23:29:17
40 Current Time = 23:31:41
50 Current Time = 23:34:05
60 Current Time = 23:36:36
70 Current Time = 23:39:04
80 Current Time = 23:41:23
90 Current Time = 23:43:52
Number of features: 100
0 Current Time = 23:46:24
10 Current Time = 23:51:23
20 Current Time = 23:56:13
30 Current Time = 00:01:02
40 Current Time = 00:05:56
50 Current Time = 00:10:45
60 Current Time = 00:15:22
70 Current Time = 00:20:04
80 Current Time = 00:24:26
90 Current Time = 00:29:10
Number of features: 500
0 Current Time = 00:33:46
10 Current Time = 00:58:18
20 Current Time = 01:23:02
30 Current Time = 01:48:03
40 Current Time = 02:13:10
50 Current Time = 02:38:16
60 Current Time = 03:03:07
70 Current Time = 03:28:08
80 Current Time = 03:52:57
90 Current Time = 04:18:13
Number of features: 1000
0 Current Time = 04:43:07
