Running job number  458
Start  458
End  459
outcome: 131900-0.0
Number of features: 5
0 Current Time = 02:32:36
10 Current Time = 02:33:28
20 Current Time = 02:34:21
30 Current Time = 02:35:14
40 Current Time = 02:36:07
50 Current Time = 02:37:01
60 Current Time = 02:37:53
70 Current Time = 02:38:46
80 Current Time = 02:39:38
90 Current Time = 02:40:30
Number of features: 50
0 Current Time = 02:41:23
10 Current Time = 02:44:57
20 Current Time = 02:48:28
30 Current Time = 02:51:57
40 Current Time = 02:55:25
50 Current Time = 02:58:55
60 Current Time = 03:02:27
70 Current Time = 03:06:04
80 Current Time = 03:09:36
90 Current Time = 03:13:03
Number of features: 100
0 Current Time = 03:16:31
10 Current Time = 03:23:23
20 Current Time = 03:30:28
30 Current Time = 03:37:15
40 Current Time = 03:44:10
50 Current Time = 03:51:04
60 Current Time = 03:57:52
70 Current Time = 04:04:38
80 Current Time = 04:11:39
90 Current Time = 04:18:22
Number of features: 500
0 Current Time = 04:25:03
10 Current Time = 04:58:38
20 Current Time = 05:31:45
30 Current Time = 06:05:13
40 Current Time = 06:38:51
50 Current Time = 07:10:44
60 Current Time = 07:41:31
70 Current Time = 08:12:25
80 Current Time = 08:43:40
90 Current Time = 09:15:05
Number of features: 1000
0 Current Time = 09:46:09
