Running job number  472
Start  472
End  473
outcome: 131938-0.0
Number of features: 5
0 Current Time = 02:32:31
10 Current Time = 02:33:13
20 Current Time = 02:33:54
30 Current Time = 02:34:35
40 Current Time = 02:35:17
50 Current Time = 02:35:59
60 Current Time = 02:36:41
70 Current Time = 02:37:23
80 Current Time = 02:38:04
90 Current Time = 02:38:45
Number of features: 50
0 Current Time = 02:39:27
10 Current Time = 02:42:07
20 Current Time = 02:44:50
30 Current Time = 02:47:33
40 Current Time = 02:50:19
50 Current Time = 02:53:03
60 Current Time = 02:55:37
70 Current Time = 02:58:17
80 Current Time = 03:00:57
90 Current Time = 03:03:38
Number of features: 100
0 Current Time = 03:06:21
10 Current Time = 03:11:36
20 Current Time = 03:16:47
30 Current Time = 03:21:59
40 Current Time = 03:27:22
50 Current Time = 03:32:46
60 Current Time = 03:38:01
70 Current Time = 03:43:17
80 Current Time = 03:48:37
90 Current Time = 03:53:47
Number of features: 500
0 Current Time = 03:58:53
10 Current Time = 04:25:30
20 Current Time = 04:52:46
30 Current Time = 05:19:31
40 Current Time = 05:45:22
50 Current Time = 06:10:52
60 Current Time = 06:36:20
70 Current Time = 07:01:13
80 Current Time = 07:26:14
90 Current Time = 07:51:20
Number of features: 1000
0 Current Time = 08:16:14
10 Current Time = 09:08:31
20 Current Time = 09:58:02
