Running job number  215
Start  215
End  216
outcome: 131242-0.0
Number of features: 5
0 Current Time = 01:49:15
10 Current Time = 01:49:55
20 Current Time = 01:50:32
30 Current Time = 01:51:08
40 Current Time = 01:51:42
50 Current Time = 01:52:15
60 Current Time = 01:52:50
70 Current Time = 01:53:26
80 Current Time = 01:54:01
90 Current Time = 01:54:35
Number of features: 50
0 Current Time = 01:55:10
10 Current Time = 01:57:29
20 Current Time = 01:59:42
30 Current Time = 02:01:48
40 Current Time = 02:03:53
50 Current Time = 02:06:03
60 Current Time = 02:08:13
70 Current Time = 02:10:24
80 Current Time = 02:12:31
90 Current Time = 02:14:37
Number of features: 100
0 Current Time = 02:16:44
10 Current Time = 02:21:01
20 Current Time = 02:25:17
30 Current Time = 02:29:33
40 Current Time = 02:33:45
50 Current Time = 02:37:58
60 Current Time = 02:42:16
70 Current Time = 02:46:32
80 Current Time = 02:50:45
90 Current Time = 02:55:00
Number of features: 500
0 Current Time = 02:59:15
10 Current Time = 03:20:59
20 Current Time = 03:42:47
30 Current Time = 04:04:26
40 Current Time = 04:26:18
50 Current Time = 04:47:53
60 Current Time = 05:09:42
70 Current Time = 05:31:28
80 Current Time = 05:53:15
90 Current Time = 06:15:10
Number of features: 1000
0 Current Time = 06:37:20
10 Current Time = 07:30:51
20 Current Time = 08:27:27
30 Current Time = 09:24:59
40 Current Time = 10:21:18
50 Current Time = 11:19:27
60 Current Time = 12:21:33
70 Current Time = 13:13:46
80 Current Time = 13:59:32
90 Current Time = 14:45:43
Number of features: 2923
Analyses complete. Current Time = 15:46:34
Results saved. All done. Current Time = 15:46:35
