Running job number  137
Start  137
End  138
outcome: 131032-0.0
Number of features: 5
0 Current Time = 23:10:00
10 Current Time = 23:10:39
20 Current Time = 23:11:19
30 Current Time = 23:11:58
40 Current Time = 23:12:39
50 Current Time = 23:13:18
60 Current Time = 23:13:58
70 Current Time = 23:14:39
80 Current Time = 23:15:20
90 Current Time = 23:16:00
Number of features: 50
0 Current Time = 23:16:41
10 Current Time = 23:18:58
20 Current Time = 23:21:12
30 Current Time = 23:23:32
40 Current Time = 23:25:48
50 Current Time = 23:28:06
60 Current Time = 23:30:25
70 Current Time = 23:32:45
80 Current Time = 23:35:03
90 Current Time = 23:37:19
Number of features: 100
0 Current Time = 23:39:38
10 Current Time = 23:44:02
20 Current Time = 23:48:20
30 Current Time = 23:52:44
40 Current Time = 23:57:09
50 Current Time = 00:01:31
60 Current Time = 00:05:43
70 Current Time = 00:09:59
80 Current Time = 00:14:20
90 Current Time = 00:18:33
Number of features: 500
0 Current Time = 00:22:51
10 Current Time = 00:45:45
20 Current Time = 01:08:48
30 Current Time = 01:32:04
40 Current Time = 01:55:02
50 Current Time = 02:18:10
60 Current Time = 02:41:07
70 Current Time = 03:04:13
80 Current Time = 03:27:14
90 Current Time = 03:49:11
Number of features: 1000
0 Current Time = 04:12:22
10 Current Time = 04:59:18
