Running job number  116
Start  116
End  117
outcome: 130904-0.0
Number of features: 5
0 Current Time = 21:33:01
10 Current Time = 21:33:35
20 Current Time = 21:34:07
30 Current Time = 21:34:40
40 Current Time = 21:35:12
50 Current Time = 21:35:46
60 Current Time = 21:36:20
70 Current Time = 21:36:53
80 Current Time = 21:37:25
90 Current Time = 21:37:56
Number of features: 50
0 Current Time = 21:38:30
10 Current Time = 21:40:20
20 Current Time = 21:42:11
30 Current Time = 21:44:01
40 Current Time = 21:45:51
50 Current Time = 21:47:41
60 Current Time = 21:49:29
70 Current Time = 21:51:19
80 Current Time = 21:53:09
90 Current Time = 21:54:58
Number of features: 100
0 Current Time = 21:56:51
10 Current Time = 22:00:20
20 Current Time = 22:03:52
30 Current Time = 22:07:21
40 Current Time = 22:10:45
50 Current Time = 22:14:15
60 Current Time = 22:17:41
70 Current Time = 22:21:08
80 Current Time = 22:24:39
90 Current Time = 22:28:12
Number of features: 500
0 Current Time = 22:31:39
10 Current Time = 22:50:11
20 Current Time = 23:08:37
30 Current Time = 23:27:06
40 Current Time = 23:45:42
50 Current Time = 00:04:28
60 Current Time = 00:23:01
70 Current Time = 00:41:39
80 Current Time = 01:00:16
90 Current Time = 01:18:44
Number of features: 1000
0 Current Time = 01:36:55
10 Current Time = 02:14:57
20 Current Time = 02:53:06
30 Current Time = 03:30:57
40 Current Time = 04:06:27
50 Current Time = 04:41:46
60 Current Time = 05:17:12
70 Current Time = 05:52:36
80 Current Time = 06:28:40
90 Current Time = 07:03:47
Number of features: 2923
Analyses complete. Current Time = 07:49:43
Results saved. All done. Current Time = 07:49:44
