Running job number  320
Start  320
End  321
outcome: 131532-0.0
Number of features: 5
0 Current Time = 01:56:04
10 Current Time = 01:56:35
20 Current Time = 01:57:06
30 Current Time = 01:57:37
40 Current Time = 01:58:07
50 Current Time = 01:58:38
60 Current Time = 01:59:08
70 Current Time = 01:59:38
80 Current Time = 02:00:08
90 Current Time = 02:00:38
Number of features: 50
0 Current Time = 02:01:08
10 Current Time = 02:02:51
20 Current Time = 02:04:35
30 Current Time = 02:06:19
40 Current Time = 02:08:01
50 Current Time = 02:09:41
60 Current Time = 02:11:24
70 Current Time = 02:13:08
80 Current Time = 02:14:50
90 Current Time = 02:16:34
Number of features: 100
0 Current Time = 02:18:19
10 Current Time = 02:21:33
20 Current Time = 02:24:46
30 Current Time = 02:27:54
40 Current Time = 02:31:02
50 Current Time = 02:34:12
60 Current Time = 02:37:22
70 Current Time = 02:40:33
80 Current Time = 02:43:42
90 Current Time = 02:46:49
Number of features: 500
0 Current Time = 02:49:56
10 Current Time = 03:04:54
20 Current Time = 03:20:46
30 Current Time = 03:35:36
40 Current Time = 03:50:24
50 Current Time = 04:06:35
60 Current Time = 04:22:36
70 Current Time = 04:38:58
80 Current Time = 04:54:04
90 Current Time = 05:08:54
Number of features: 1000
0 Current Time = 05:24:04
10 Current Time = 05:55:06
20 Current Time = 06:25:11
30 Current Time = 06:52:03
40 Current Time = 07:19:01
50 Current Time = 07:45:54
60 Current Time = 08:12:24
70 Current Time = 08:39:29
80 Current Time = 09:06:27
90 Current Time = 09:33:26
Number of features: 2923
Analyses complete. Current Time = 10:08:14
Results saved. All done. Current Time = 10:08:15
