Running job number  243
Start  243
End  244
outcome: 131322-0.0
Number of features: 5
0 Current Time = 23:14:46
10 Current Time = 23:15:35
20 Current Time = 23:16:24
30 Current Time = 23:17:14
40 Current Time = 23:18:02
50 Current Time = 23:18:52
60 Current Time = 23:19:41
70 Current Time = 23:20:31
80 Current Time = 23:21:20
90 Current Time = 23:22:09
Number of features: 50
0 Current Time = 23:23:00
10 Current Time = 23:25:59
20 Current Time = 23:28:55
30 Current Time = 23:31:55
40 Current Time = 23:34:50
50 Current Time = 23:37:48
60 Current Time = 23:40:44
70 Current Time = 23:43:40
80 Current Time = 23:46:32
90 Current Time = 23:49:27
Number of features: 100
0 Current Time = 23:52:21
10 Current Time = 23:58:00
20 Current Time = 00:03:39
30 Current Time = 00:09:19
40 Current Time = 00:15:05
50 Current Time = 00:20:44
60 Current Time = 00:26:12
70 Current Time = 00:31:49
80 Current Time = 00:37:42
90 Current Time = 00:43:42
Number of features: 500
0 Current Time = 00:49:41
10 Current Time = 01:18:57
20 Current Time = 01:48:54
30 Current Time = 02:19:05
40 Current Time = 02:48:51
50 Current Time = 03:19:24
60 Current Time = 03:48:57
70 Current Time = 04:18:40
80 Current Time = 04:48:43
