Running job number  111
Start  111
End  112
outcome: 130892-0.0
Number of features: 5
0 Current Time = 01:47:50
10 Current Time = 01:48:19
20 Current Time = 01:48:48
30 Current Time = 01:49:18
40 Current Time = 01:49:46
50 Current Time = 01:50:14
60 Current Time = 01:50:44
70 Current Time = 01:51:13
80 Current Time = 01:51:42
90 Current Time = 01:52:10
Number of features: 50
0 Current Time = 01:52:41
10 Current Time = 01:54:31
20 Current Time = 01:56:23
30 Current Time = 01:58:14
40 Current Time = 02:00:05
50 Current Time = 02:01:53
60 Current Time = 02:03:43
70 Current Time = 02:05:35
80 Current Time = 02:07:23
90 Current Time = 02:09:15
Number of features: 100
0 Current Time = 02:11:06
10 Current Time = 02:14:38
20 Current Time = 02:18:10
30 Current Time = 02:21:40
40 Current Time = 02:25:11
50 Current Time = 02:28:41
60 Current Time = 02:32:11
70 Current Time = 02:35:41
80 Current Time = 02:39:08
90 Current Time = 02:42:40
Number of features: 500
0 Current Time = 02:46:13
10 Current Time = 03:04:33
20 Current Time = 03:22:59
30 Current Time = 03:43:13
40 Current Time = 04:03:48
50 Current Time = 04:24:21
60 Current Time = 04:44:41
70 Current Time = 05:05:17
80 Current Time = 05:25:47
90 Current Time = 05:46:33
Number of features: 1000
0 Current Time = 06:07:26
10 Current Time = 06:50:36
20 Current Time = 07:34:07
30 Current Time = 08:16:56
40 Current Time = 08:59:48
50 Current Time = 09:42:06
60 Current Time = 10:24:10
70 Current Time = 11:07:18
80 Current Time = 11:49:54
90 Current Time = 12:33:07
Number of features: 2923
Analyses complete. Current Time = 13:28:22
Results saved. All done. Current Time = 13:28:23
