Running job number  218
Start  218
End  219
outcome: 131250-0.0
Number of features: 5
0 Current Time = 01:49:12
10 Current Time = 01:49:45
20 Current Time = 01:50:20
30 Current Time = 01:50:54
40 Current Time = 01:51:29
50 Current Time = 01:52:05
60 Current Time = 01:52:40
70 Current Time = 01:53:15
80 Current Time = 01:53:50
90 Current Time = 01:54:25
Number of features: 50
0 Current Time = 01:54:59
10 Current Time = 01:57:26
20 Current Time = 01:59:54
30 Current Time = 02:02:14
40 Current Time = 02:04:21
50 Current Time = 02:06:34
60 Current Time = 02:08:47
70 Current Time = 02:10:59
80 Current Time = 02:13:23
90 Current Time = 02:15:46
Number of features: 100
0 Current Time = 02:18:12
10 Current Time = 02:22:45
20 Current Time = 02:26:59
30 Current Time = 02:31:15
40 Current Time = 02:35:58
50 Current Time = 02:40:40
60 Current Time = 02:45:01
70 Current Time = 02:49:19
80 Current Time = 02:53:46
90 Current Time = 02:58:28
Number of features: 500
0 Current Time = 03:03:11
10 Current Time = 03:26:20
20 Current Time = 03:49:56
30 Current Time = 04:13:20
40 Current Time = 04:37:00
50 Current Time = 05:00:38
60 Current Time = 05:24:19
70 Current Time = 05:47:42
80 Current Time = 06:10:41
90 Current Time = 06:33:02
Number of features: 1000
0 Current Time = 06:55:53
10 Current Time = 07:45:44
20 Current Time = 08:34:44
30 Current Time = 09:21:26
40 Current Time = 10:09:04
50 Current Time = 10:56:08
60 Current Time = 11:45:47
70 Current Time = 12:38:03
80 Current Time = 13:33:16
90 Current Time = 14:27:22
Number of features: 2923
Analyses complete. Current Time = 15:38:32
Results saved. All done. Current Time = 15:38:33
