Running job number  244
Start  244
End  245
outcome: 131324-0.0
Number of features: 5
0 Current Time = 23:14:46
10 Current Time = 23:15:41
20 Current Time = 23:16:35
30 Current Time = 23:17:28
40 Current Time = 23:18:21
50 Current Time = 23:19:14
60 Current Time = 23:20:08
70 Current Time = 23:21:02
80 Current Time = 23:21:55
90 Current Time = 23:22:48
Number of features: 50
0 Current Time = 23:23:42
10 Current Time = 23:26:52
20 Current Time = 23:30:04
30 Current Time = 23:33:12
40 Current Time = 23:36:17
50 Current Time = 23:39:23
60 Current Time = 23:42:30
70 Current Time = 23:45:36
80 Current Time = 23:48:41
90 Current Time = 23:51:45
Number of features: 100
0 Current Time = 23:54:52
10 Current Time = 00:00:43
20 Current Time = 00:06:39
30 Current Time = 00:12:41
40 Current Time = 00:18:34
50 Current Time = 00:24:27
60 Current Time = 00:30:14
70 Current Time = 00:36:26
80 Current Time = 00:42:33
90 Current Time = 00:48:43
Number of features: 500
0 Current Time = 00:55:01
10 Current Time = 01:26:03
20 Current Time = 01:57:22
30 Current Time = 02:28:47
40 Current Time = 03:00:08
50 Current Time = 03:31:31
60 Current Time = 04:02:05
70 Current Time = 04:33:10
80 Current Time = 05:04:13
