Running job number  412
Start  412
End  413
outcome: 131768-0.0
Number of features: 5
0 Current Time = 02:19:45
10 Current Time = 02:20:50
20 Current Time = 02:21:58
30 Current Time = 02:23:06
40 Current Time = 02:24:12
50 Current Time = 02:25:16
60 Current Time = 02:26:24
70 Current Time = 02:27:34
80 Current Time = 02:28:41
90 Current Time = 02:29:48
Number of features: 50
0 Current Time = 02:30:54
10 Current Time = 02:34:48
20 Current Time = 02:38:43
30 Current Time = 02:42:37
40 Current Time = 02:46:28
50 Current Time = 02:50:25
60 Current Time = 02:54:24
70 Current Time = 02:58:28
80 Current Time = 03:02:30
90 Current Time = 03:06:28
Number of features: 100
0 Current Time = 03:10:25
10 Current Time = 03:17:53
20 Current Time = 03:25:24
30 Current Time = 03:32:42
40 Current Time = 03:39:59
50 Current Time = 03:47:05
60 Current Time = 03:54:14
70 Current Time = 04:01:13
80 Current Time = 04:08:03
90 Current Time = 04:14:39
Number of features: 500
0 Current Time = 04:21:17
10 Current Time = 04:53:54
20 Current Time = 05:26:53
30 Current Time = 05:59:26
40 Current Time = 06:31:47
50 Current Time = 07:04:22
60 Current Time = 07:37:25
70 Current Time = 08:10:08
80 Current Time = 08:42:53
90 Current Time = 09:16:05
Number of features: 1000
0 Current Time = 09:48:27
