Running job number  78
Start  78
End  79
outcome: 130736-0.0
Number of features: 5
0 Current Time = 01:34:06
10 Current Time = 01:34:48
20 Current Time = 01:35:31
30 Current Time = 01:36:14
40 Current Time = 01:36:58
50 Current Time = 01:37:39
60 Current Time = 01:38:22
70 Current Time = 01:39:03
80 Current Time = 01:39:45
90 Current Time = 01:40:28
Number of features: 50
0 Current Time = 01:41:11
10 Current Time = 01:43:51
20 Current Time = 01:46:29
30 Current Time = 01:49:08
40 Current Time = 01:51:48
50 Current Time = 01:54:26
60 Current Time = 01:57:02
70 Current Time = 01:59:43
80 Current Time = 02:02:21
90 Current Time = 02:05:01
Number of features: 100
0 Current Time = 02:07:37
10 Current Time = 02:12:47
20 Current Time = 02:17:54
30 Current Time = 02:23:05
40 Current Time = 02:28:10
50 Current Time = 02:33:16
60 Current Time = 02:38:22
70 Current Time = 02:43:28
80 Current Time = 02:48:35
90 Current Time = 02:53:47
Number of features: 500
0 Current Time = 02:58:54
10 Current Time = 03:24:16
20 Current Time = 03:49:53
30 Current Time = 04:15:11
40 Current Time = 04:40:50
50 Current Time = 05:06:05
60 Current Time = 05:31:35
70 Current Time = 05:57:07
80 Current Time = 06:22:30
90 Current Time = 06:48:20
Number of features: 1000
0 Current Time = 07:13:43
10 Current Time = 08:05:17
20 Current Time = 08:57:23
30 Current Time = 09:49:17
40 Current Time = 10:41:07
50 Current Time = 11:32:58
60 Current Time = 12:24:47
70 Current Time = 13:17:15
80 Current Time = 14:09:39
90 Current Time = 14:57:23
Number of features: 2923
Analyses complete. Current Time = 15:59:10
Results saved. All done. Current Time = 15:59:11
