Running job number  286
Start  286
End  287
outcome: 131430-0.0
Number of features: 5
0 Current Time = 01:41:32
10 Current Time = 01:42:19
20 Current Time = 01:43:06
30 Current Time = 01:43:53
40 Current Time = 01:44:41
50 Current Time = 01:45:29
60 Current Time = 01:46:17
70 Current Time = 01:47:06
80 Current Time = 01:47:53
90 Current Time = 01:48:43
Number of features: 50
0 Current Time = 01:49:31
10 Current Time = 01:52:38
20 Current Time = 01:55:44
30 Current Time = 01:58:48
40 Current Time = 02:01:56
50 Current Time = 02:05:00
60 Current Time = 02:07:51
70 Current Time = 02:10:47
80 Current Time = 02:13:41
90 Current Time = 02:16:36
Number of features: 100
0 Current Time = 02:19:32
10 Current Time = 02:25:28
20 Current Time = 02:31:30
30 Current Time = 02:37:20
40 Current Time = 02:43:18
50 Current Time = 02:49:20
60 Current Time = 02:55:20
70 Current Time = 03:01:08
80 Current Time = 03:06:57
90 Current Time = 03:12:52
Number of features: 500
0 Current Time = 03:18:51
10 Current Time = 03:48:54
20 Current Time = 04:16:42
30 Current Time = 04:44:05
40 Current Time = 05:11:51
50 Current Time = 05:39:18
60 Current Time = 06:06:58
70 Current Time = 06:34:42
80 Current Time = 07:01:49
90 Current Time = 07:29:23
Number of features: 1000
0 Current Time = 07:56:48
10 Current Time = 08:55:02
20 Current Time = 09:52:18
