Running job number  166
Start  166
End  167
outcome: 131108-0.0
Number of features: 5
0 Current Time = 01:48:35
10 Current Time = 01:49:15
20 Current Time = 01:49:56
30 Current Time = 01:50:30
40 Current Time = 01:51:03
50 Current Time = 01:51:34
60 Current Time = 01:52:06
70 Current Time = 01:52:38
80 Current Time = 01:53:09
90 Current Time = 01:53:40
Number of features: 50
0 Current Time = 01:54:12
10 Current Time = 01:56:21
20 Current Time = 01:58:26
30 Current Time = 02:00:32
40 Current Time = 02:02:37
50 Current Time = 02:04:42
60 Current Time = 02:06:47
70 Current Time = 02:08:51
80 Current Time = 02:10:54
90 Current Time = 02:12:56
Number of features: 100
0 Current Time = 02:14:57
10 Current Time = 02:19:00
20 Current Time = 02:23:09
30 Current Time = 02:27:19
40 Current Time = 02:31:27
50 Current Time = 02:35:33
60 Current Time = 02:39:40
70 Current Time = 02:43:45
80 Current Time = 02:47:47
90 Current Time = 02:51:45
Number of features: 500
0 Current Time = 02:55:50
10 Current Time = 03:18:17
20 Current Time = 03:39:58
30 Current Time = 04:01:31
40 Current Time = 04:23:15
50 Current Time = 04:44:54
60 Current Time = 05:06:35
70 Current Time = 05:28:20
80 Current Time = 05:50:04
90 Current Time = 06:11:41
Number of features: 1000
0 Current Time = 06:33:25
10 Current Time = 07:21:19
20 Current Time = 08:08:47
30 Current Time = 08:55:53
40 Current Time = 09:42:36
50 Current Time = 10:29:02
60 Current Time = 11:15:38
70 Current Time = 12:02:30
80 Current Time = 12:49:26
90 Current Time = 13:35:29
Number of features: 2923
Analyses complete. Current Time = 14:36:45
Results saved. All done. Current Time = 14:36:46
