Running job number  79
Start  79
End  80
outcome: 130738-0.0
Number of features: 5
0 Current Time = 01:34:06
10 Current Time = 01:34:39
20 Current Time = 01:35:11
30 Current Time = 01:35:43
40 Current Time = 01:36:16
50 Current Time = 01:36:48
60 Current Time = 01:37:21
70 Current Time = 01:37:53
80 Current Time = 01:38:26
90 Current Time = 01:38:58
Number of features: 50
0 Current Time = 01:39:30
10 Current Time = 01:41:38
20 Current Time = 01:43:46
30 Current Time = 01:45:53
40 Current Time = 01:48:01
50 Current Time = 01:50:09
60 Current Time = 01:52:15
70 Current Time = 01:54:24
80 Current Time = 01:56:33
90 Current Time = 01:58:41
Number of features: 100
0 Current Time = 02:00:49
10 Current Time = 02:05:00
20 Current Time = 02:09:15
30 Current Time = 02:13:26
40 Current Time = 02:17:37
50 Current Time = 02:21:47
60 Current Time = 02:25:58
70 Current Time = 02:30:13
80 Current Time = 02:34:25
90 Current Time = 02:38:39
Number of features: 500
0 Current Time = 02:42:53
10 Current Time = 03:04:29
20 Current Time = 03:26:06
30 Current Time = 03:47:43
40 Current Time = 04:09:11
50 Current Time = 04:30:52
60 Current Time = 04:52:20
70 Current Time = 05:13:50
80 Current Time = 05:35:23
90 Current Time = 05:56:56
Number of features: 1000
0 Current Time = 06:18:22
10 Current Time = 07:02:57
20 Current Time = 07:47:35
30 Current Time = 08:32:32
40 Current Time = 09:16:57
50 Current Time = 10:01:28
60 Current Time = 10:45:37
70 Current Time = 11:29:42
80 Current Time = 12:13:58
90 Current Time = 12:58:39
Number of features: 2923
Analyses complete. Current Time = 13:57:06
Results saved. All done. Current Time = 13:57:07
