Running job number  426
Start  426
End  427
outcome: 131812-0.0
Number of features: 5
0 Current Time = 02:24:13
10 Current Time = 02:24:55
20 Current Time = 02:25:36
30 Current Time = 02:26:17
40 Current Time = 02:26:57
50 Current Time = 02:27:39
60 Current Time = 02:28:18
70 Current Time = 02:29:01
80 Current Time = 02:29:42
90 Current Time = 02:30:23
Number of features: 50
0 Current Time = 02:31:02
10 Current Time = 02:33:47
20 Current Time = 02:36:32
30 Current Time = 02:39:10
40 Current Time = 02:41:59
50 Current Time = 02:44:52
60 Current Time = 02:47:34
70 Current Time = 02:50:25
80 Current Time = 02:53:15
90 Current Time = 02:56:05
Number of features: 100
0 Current Time = 02:58:46
10 Current Time = 03:04:05
20 Current Time = 03:09:29
30 Current Time = 03:14:48
40 Current Time = 03:20:06
50 Current Time = 03:25:24
60 Current Time = 03:30:34
70 Current Time = 03:35:46
80 Current Time = 03:41:06
90 Current Time = 03:46:32
Number of features: 500
0 Current Time = 03:51:49
10 Current Time = 04:19:28
20 Current Time = 04:47:14
30 Current Time = 05:14:54
40 Current Time = 05:42:14
50 Current Time = 06:09:29
60 Current Time = 06:36:16
70 Current Time = 07:01:10
80 Current Time = 07:25:27
90 Current Time = 07:51:53
Number of features: 1000
0 Current Time = 08:16:37
10 Current Time = 09:17:15
20 Current Time = 10:06:43
