Running job number  257
Start  257
End  258
outcome: 131360-0.0
Number of features: 5
0 Current Time = 23:19:27
10 Current Time = 23:20:02
20 Current Time = 23:20:35
30 Current Time = 23:21:09
40 Current Time = 23:21:41
50 Current Time = 23:22:15
60 Current Time = 23:22:48
70 Current Time = 23:23:21
80 Current Time = 23:23:54
90 Current Time = 23:24:28
Number of features: 50
0 Current Time = 23:25:00
10 Current Time = 23:27:06
20 Current Time = 23:29:13
30 Current Time = 23:31:18
40 Current Time = 23:33:23
50 Current Time = 23:35:27
60 Current Time = 23:37:30
70 Current Time = 23:39:34
80 Current Time = 23:41:39
90 Current Time = 23:43:45
Number of features: 100
0 Current Time = 23:45:53
10 Current Time = 23:50:08
20 Current Time = 23:54:25
30 Current Time = 23:58:40
40 Current Time = 00:03:00
50 Current Time = 00:07:18
60 Current Time = 00:11:36
70 Current Time = 00:15:51
80 Current Time = 00:20:02
90 Current Time = 00:24:00
Number of features: 500
0 Current Time = 00:28:07
10 Current Time = 00:49:32
20 Current Time = 01:10:36
30 Current Time = 01:32:30
40 Current Time = 01:54:39
50 Current Time = 02:16:16
60 Current Time = 02:37:32
70 Current Time = 02:57:46
80 Current Time = 03:16:29
90 Current Time = 03:33:09
Number of features: 1000
0 Current Time = 03:56:59
10 Current Time = 04:40:24
