Running job number  219
Start  219
End  220
outcome: 131252-0.0
Number of features: 5
0 Current Time = 23:14:37
10 Current Time = 23:15:20
20 Current Time = 23:16:04
30 Current Time = 23:16:47
40 Current Time = 23:17:29
50 Current Time = 23:18:11
60 Current Time = 23:18:53
70 Current Time = 23:19:35
80 Current Time = 23:20:16
90 Current Time = 23:20:58
Number of features: 50
0 Current Time = 23:21:39
10 Current Time = 23:24:11
20 Current Time = 23:26:40
30 Current Time = 23:29:11
40 Current Time = 23:31:41
50 Current Time = 23:34:10
60 Current Time = 23:36:35
70 Current Time = 23:39:01
80 Current Time = 23:41:27
90 Current Time = 23:43:54
Number of features: 100
0 Current Time = 23:46:19
10 Current Time = 23:51:20
20 Current Time = 23:56:09
30 Current Time = 00:01:03
40 Current Time = 00:06:07
50 Current Time = 00:11:12
60 Current Time = 00:16:32
70 Current Time = 00:21:47
80 Current Time = 00:26:55
90 Current Time = 00:32:07
Number of features: 500
0 Current Time = 00:37:24
10 Current Time = 01:03:45
20 Current Time = 01:30:14
30 Current Time = 01:56:49
40 Current Time = 02:23:05
50 Current Time = 02:49:35
60 Current Time = 03:15:50
70 Current Time = 03:41:52
80 Current Time = 04:07:50
90 Current Time = 04:34:12
Number of features: 1000
0 Current Time = 05:00:08
