Running job number  562
Start  562
End  563
outcome: 132168-0.0
Number of features: 5
0 Current Time = 02:42:38
10 Current Time = 02:43:24
20 Current Time = 02:44:09
30 Current Time = 02:44:56
40 Current Time = 02:45:43
50 Current Time = 02:46:30
60 Current Time = 02:47:16
70 Current Time = 02:48:04
80 Current Time = 02:48:50
90 Current Time = 02:49:38
Number of features: 50
0 Current Time = 02:50:25
10 Current Time = 02:53:37
20 Current Time = 02:56:42
30 Current Time = 02:59:48
40 Current Time = 03:02:52
50 Current Time = 03:05:58
60 Current Time = 03:09:02
70 Current Time = 03:12:14
80 Current Time = 03:15:18
90 Current Time = 03:18:21
Number of features: 100
0 Current Time = 03:21:23
10 Current Time = 03:27:16
20 Current Time = 03:33:10
30 Current Time = 03:39:01
40 Current Time = 03:44:42
50 Current Time = 03:50:29
60 Current Time = 03:56:09
70 Current Time = 04:01:49
80 Current Time = 04:07:32
90 Current Time = 04:13:16
Number of features: 500
0 Current Time = 04:18:48
10 Current Time = 04:45:34
20 Current Time = 05:12:24
30 Current Time = 05:39:06
40 Current Time = 06:05:51
50 Current Time = 06:32:18
60 Current Time = 06:58:50
70 Current Time = 07:25:39
80 Current Time = 07:52:08
90 Current Time = 08:19:19
Number of features: 1000
0 Current Time = 08:46:05
10 Current Time = 09:39:54
