Running job number  99
Start  99
End  100
outcome: 130840-0.0
Number of features: 5
0 Current Time = 01:33:39
10 Current Time = 01:34:16
20 Current Time = 01:34:53
30 Current Time = 01:35:30
40 Current Time = 01:36:07
50 Current Time = 01:36:44
60 Current Time = 01:37:23
70 Current Time = 01:38:00
80 Current Time = 01:38:38
90 Current Time = 01:39:15
Number of features: 50
0 Current Time = 01:39:52
10 Current Time = 01:41:54
20 Current Time = 01:43:58
30 Current Time = 01:46:01
40 Current Time = 01:48:03
50 Current Time = 01:50:04
60 Current Time = 01:52:07
70 Current Time = 01:54:10
80 Current Time = 01:56:19
90 Current Time = 01:58:19
Number of features: 100
0 Current Time = 02:00:20
10 Current Time = 02:04:05
20 Current Time = 02:07:51
30 Current Time = 02:11:37
40 Current Time = 02:15:21
50 Current Time = 02:19:06
60 Current Time = 02:22:50
70 Current Time = 02:26:34
80 Current Time = 02:30:22
90 Current Time = 02:34:06
Number of features: 500
0 Current Time = 02:37:54
10 Current Time = 02:57:29
20 Current Time = 03:17:04
30 Current Time = 03:37:05
40 Current Time = 03:56:46
50 Current Time = 04:16:24
60 Current Time = 04:36:35
70 Current Time = 04:56:38
80 Current Time = 05:16:32
90 Current Time = 05:36:33
Number of features: 1000
0 Current Time = 05:56:21
10 Current Time = 06:36:03
20 Current Time = 07:17:04
30 Current Time = 07:58:32
40 Current Time = 08:38:35
50 Current Time = 09:19:05
60 Current Time = 10:00:27
70 Current Time = 10:40:59
80 Current Time = 11:21:44
90 Current Time = 12:03:26
Number of features: 2923
Analyses complete. Current Time = 12:57:04
Results saved. All done. Current Time = 12:57:04
