Running job number  477
Start  477
End  478
outcome: 131950-0.0
Number of features: 5
0 Current Time = 02:32:34
10 Current Time = 02:33:25
20 Current Time = 02:34:10
30 Current Time = 02:34:53
40 Current Time = 02:35:38
50 Current Time = 02:36:25
60 Current Time = 02:37:11
70 Current Time = 02:37:59
80 Current Time = 02:38:49
90 Current Time = 02:39:36
Number of features: 50
0 Current Time = 02:40:25
10 Current Time = 02:43:37
20 Current Time = 02:46:47
30 Current Time = 02:49:46
40 Current Time = 02:52:46
50 Current Time = 02:55:52
60 Current Time = 02:58:51
70 Current Time = 03:02:05
80 Current Time = 03:05:04
90 Current Time = 03:08:05
Number of features: 100
0 Current Time = 03:10:51
10 Current Time = 03:16:42
20 Current Time = 03:22:41
30 Current Time = 03:28:23
40 Current Time = 03:34:05
50 Current Time = 03:39:52
60 Current Time = 03:45:51
70 Current Time = 03:51:33
80 Current Time = 03:57:09
90 Current Time = 04:02:51
Number of features: 500
0 Current Time = 04:08:19
10 Current Time = 04:35:20
20 Current Time = 05:02:26
30 Current Time = 05:29:36
40 Current Time = 05:56:57
50 Current Time = 06:22:56
60 Current Time = 06:48:39
70 Current Time = 07:14:14
80 Current Time = 07:38:47
90 Current Time = 08:03:02
Number of features: 1000
0 Current Time = 08:27:09
10 Current Time = 09:19:55
20 Current Time = 10:12:46
