Running job number  245
Start  245
End  246
outcome: 131326-0.0
Number of features: 5
0 Current Time = 23:15:06
10 Current Time = 23:15:38
20 Current Time = 23:16:12
30 Current Time = 23:16:45
40 Current Time = 23:17:18
50 Current Time = 23:17:51
60 Current Time = 23:18:25
70 Current Time = 23:18:58
80 Current Time = 23:19:31
90 Current Time = 23:20:04
Number of features: 50
0 Current Time = 23:20:37
10 Current Time = 23:22:40
20 Current Time = 23:24:45
30 Current Time = 23:26:50
40 Current Time = 23:28:56
50 Current Time = 23:31:01
60 Current Time = 23:33:06
70 Current Time = 23:35:12
80 Current Time = 23:37:14
90 Current Time = 23:39:20
Number of features: 100
0 Current Time = 23:41:25
10 Current Time = 23:45:31
20 Current Time = 23:49:59
30 Current Time = 23:54:31
40 Current Time = 23:59:14
50 Current Time = 00:04:00
60 Current Time = 00:08:51
70 Current Time = 00:13:41
80 Current Time = 00:18:30
90 Current Time = 00:23:09
Number of features: 500
0 Current Time = 00:27:55
10 Current Time = 00:52:14
20 Current Time = 01:17:06
30 Current Time = 01:41:31
40 Current Time = 02:05:45
50 Current Time = 02:29:41
60 Current Time = 02:53:57
70 Current Time = 03:18:23
80 Current Time = 03:42:45
90 Current Time = 04:07:02
Number of features: 1000
0 Current Time = 04:31:05
