Running job number  536
Start  536
End  537
outcome: 132106-0.0
Number of features: 5
0 Current Time = 02:40:18
10 Current Time = 02:40:53
20 Current Time = 02:41:28
30 Current Time = 02:42:01
40 Current Time = 02:42:36
50 Current Time = 02:43:10
60 Current Time = 02:43:45
70 Current Time = 02:44:21
80 Current Time = 02:44:57
90 Current Time = 02:45:32
Number of features: 50
0 Current Time = 02:46:08
10 Current Time = 02:48:32
20 Current Time = 02:51:00
30 Current Time = 02:53:26
40 Current Time = 02:55:45
50 Current Time = 02:58:11
60 Current Time = 03:00:34
70 Current Time = 03:02:56
80 Current Time = 03:05:29
90 Current Time = 03:07:56
Number of features: 100
0 Current Time = 03:10:25
10 Current Time = 03:15:08
20 Current Time = 03:19:54
30 Current Time = 03:24:37
40 Current Time = 03:29:31
50 Current Time = 03:34:21
60 Current Time = 03:39:03
70 Current Time = 03:43:45
80 Current Time = 03:48:47
90 Current Time = 03:53:43
Number of features: 500
0 Current Time = 03:58:27
10 Current Time = 04:22:38
20 Current Time = 04:44:43
30 Current Time = 05:06:37
40 Current Time = 05:28:22
50 Current Time = 05:48:56
60 Current Time = 06:09:24
70 Current Time = 06:30:00
80 Current Time = 06:50:42
90 Current Time = 07:11:11
Number of features: 1000
0 Current Time = 07:31:34
10 Current Time = 08:13:39
20 Current Time = 08:55:41
30 Current Time = 09:35:24
