Running job number  434
Start  434
End  435
outcome: 131834-0.0
Number of features: 5
0 Current Time = 02:24:14
10 Current Time = 02:25:05
20 Current Time = 02:25:56
30 Current Time = 02:26:47
40 Current Time = 02:27:36
50 Current Time = 02:28:29
60 Current Time = 02:29:21
70 Current Time = 02:30:15
80 Current Time = 02:31:09
90 Current Time = 02:32:01
Number of features: 50
0 Current Time = 02:32:56
10 Current Time = 02:36:18
20 Current Time = 02:39:38
30 Current Time = 02:42:46
40 Current Time = 02:45:59
50 Current Time = 02:49:15
60 Current Time = 02:52:37
70 Current Time = 02:55:58
80 Current Time = 02:59:22
90 Current Time = 03:02:46
Number of features: 100
0 Current Time = 03:06:07
10 Current Time = 03:12:49
20 Current Time = 03:19:23
30 Current Time = 03:25:58
40 Current Time = 03:32:29
50 Current Time = 03:39:05
60 Current Time = 03:45:48
70 Current Time = 03:52:30
80 Current Time = 03:59:15
90 Current Time = 04:05:57
Number of features: 500
0 Current Time = 04:12:42
10 Current Time = 04:45:30
20 Current Time = 05:18:34
30 Current Time = 05:50:50
40 Current Time = 06:22:38
50 Current Time = 06:52:40
60 Current Time = 07:22:52
70 Current Time = 07:53:02
80 Current Time = 08:23:40
90 Current Time = 08:54:48
Number of features: 1000
0 Current Time = 09:26:13
10 Current Time = 10:30:36
