Running job number  38
Start  38
End  39
outcome: 130310-0.0
Number of features: 5
0 Current Time = 23:05:07
10 Current Time = 23:05:38
20 Current Time = 23:06:09
30 Current Time = 23:06:40
40 Current Time = 23:07:11
50 Current Time = 23:07:42
60 Current Time = 23:08:13
70 Current Time = 23:08:45
80 Current Time = 23:09:16
90 Current Time = 23:09:48
Number of features: 50
0 Current Time = 23:10:19
10 Current Time = 23:12:20
20 Current Time = 23:14:19
30 Current Time = 23:16:18
40 Current Time = 23:18:16
50 Current Time = 23:20:10
60 Current Time = 23:22:09
70 Current Time = 23:24:09
80 Current Time = 23:26:07
90 Current Time = 23:28:05
Number of features: 100
0 Current Time = 23:30:01
10 Current Time = 23:33:56
20 Current Time = 23:37:53
30 Current Time = 23:41:57
40 Current Time = 23:46:06
50 Current Time = 23:50:07
60 Current Time = 23:54:16
70 Current Time = 23:58:12
80 Current Time = 00:02:09
90 Current Time = 00:06:05
Number of features: 500
0 Current Time = 00:10:01
10 Current Time = 00:30:00
20 Current Time = 00:50:19
30 Current Time = 01:10:39
40 Current Time = 01:30:44
50 Current Time = 01:50:51
60 Current Time = 02:11:09
70 Current Time = 02:31:25
80 Current Time = 02:51:31
90 Current Time = 03:11:43
Number of features: 1000
0 Current Time = 03:31:48
10 Current Time = 04:15:11
20 Current Time = 04:56:55
