Running job number  19
Start  19
End  20
outcome: 130184-0.0
Number of features: 5
0 Current Time = 19:25:11
10 Current Time = 19:25:55
20 Current Time = 19:26:40
30 Current Time = 19:27:24
40 Current Time = 19:28:10
50 Current Time = 19:28:55
60 Current Time = 19:29:41
70 Current Time = 19:30:26
80 Current Time = 19:31:11
90 Current Time = 19:31:55
Number of features: 50
0 Current Time = 19:32:42
10 Current Time = 19:35:23
20 Current Time = 19:38:05
30 Current Time = 19:40:48
40 Current Time = 19:43:28
50 Current Time = 19:46:08
60 Current Time = 19:48:45
70 Current Time = 19:51:20
80 Current Time = 19:53:50
90 Current Time = 19:56:26
Number of features: 100
0 Current Time = 19:59:04
10 Current Time = 20:04:02
20 Current Time = 20:09:04
30 Current Time = 20:13:44
40 Current Time = 20:18:20
50 Current Time = 20:23:01
60 Current Time = 20:27:45
70 Current Time = 20:32:26
80 Current Time = 20:37:04
90 Current Time = 20:41:43
Number of features: 500
0 Current Time = 20:46:24
10 Current Time = 21:09:38
20 Current Time = 21:31:51
30 Current Time = 21:58:19
40 Current Time = 22:26:19
50 Current Time = 22:55:37
60 Current Time = 23:24:42
70 Current Time = 23:53:25
80 Current Time = 00:23:06
90 Current Time = 00:52:19
Number of features: 1000
0 Current Time = 01:21:55
10 Current Time = 02:24:08
20 Current Time = 03:27:52
30 Current Time = 04:31:56
40 Current Time = 05:35:39
50 Current Time = 06:40:02
60 Current Time = 07:44:06
70 Current Time = 08:48:28
80 Current Time = 09:54:54
