Running job number  182
Start  182
End  183
outcome: 131150-0.0
Number of features: 5
0 Current Time = 23:12:29
10 Current Time = 23:13:02
20 Current Time = 23:13:35
30 Current Time = 23:14:07
40 Current Time = 23:14:40
50 Current Time = 23:15:12
60 Current Time = 23:15:45
70 Current Time = 23:16:17
80 Current Time = 23:16:51
90 Current Time = 23:17:24
Number of features: 50
0 Current Time = 23:17:57
10 Current Time = 23:20:03
20 Current Time = 23:22:09
30 Current Time = 23:24:14
40 Current Time = 23:26:20
50 Current Time = 23:28:25
60 Current Time = 23:30:31
70 Current Time = 23:32:36
80 Current Time = 23:34:42
90 Current Time = 23:36:48
Number of features: 100
0 Current Time = 23:38:52
10 Current Time = 23:43:02
20 Current Time = 23:47:13
30 Current Time = 23:51:21
40 Current Time = 23:55:30
50 Current Time = 23:59:39
60 Current Time = 00:03:46
70 Current Time = 00:07:54
80 Current Time = 00:11:59
90 Current Time = 00:16:07
Number of features: 500
0 Current Time = 00:20:14
10 Current Time = 00:41:40
20 Current Time = 01:02:58
30 Current Time = 01:24:15
40 Current Time = 01:45:34
50 Current Time = 02:06:46
60 Current Time = 02:28:05
70 Current Time = 02:49:29
80 Current Time = 03:10:49
90 Current Time = 03:32:06
Number of features: 1000
0 Current Time = 03:53:33
10 Current Time = 04:37:35
