Running job number  53
Start  53
End  54
outcome: 130646-0.0
Number of features: 5
0 Current Time = 01:33:24
10 Current Time = 01:34:06
20 Current Time = 01:34:48
30 Current Time = 01:35:29
40 Current Time = 01:36:10
50 Current Time = 01:36:51
60 Current Time = 01:37:34
70 Current Time = 01:38:16
80 Current Time = 01:38:58
90 Current Time = 01:39:39
Number of features: 50
0 Current Time = 01:40:22
10 Current Time = 01:42:49
20 Current Time = 01:45:11
30 Current Time = 01:47:37
40 Current Time = 01:50:00
50 Current Time = 01:52:29
60 Current Time = 01:54:55
70 Current Time = 01:57:22
80 Current Time = 01:59:47
90 Current Time = 02:02:16
Number of features: 100
0 Current Time = 02:04:44
10 Current Time = 02:09:20
20 Current Time = 02:13:58
30 Current Time = 02:18:39
40 Current Time = 02:23:15
50 Current Time = 02:27:58
60 Current Time = 02:32:39
70 Current Time = 02:37:23
80 Current Time = 02:42:00
90 Current Time = 02:46:40
Number of features: 500
0 Current Time = 02:51:21
10 Current Time = 03:14:23
20 Current Time = 03:37:17
30 Current Time = 04:00:50
40 Current Time = 04:24:05
50 Current Time = 04:47:38
60 Current Time = 05:10:36
70 Current Time = 05:34:04
80 Current Time = 05:57:26
90 Current Time = 06:20:14
Number of features: 1000
0 Current Time = 06:43:11
10 Current Time = 07:31:15
20 Current Time = 08:19:26
30 Current Time = 09:08:52
40 Current Time = 09:57:15
50 Current Time = 10:46:10
60 Current Time = 11:34:24
70 Current Time = 12:25:12
80 Current Time = 13:13:20
90 Current Time = 14:00:55
Number of features: 2923
Analyses complete. Current Time = 15:02:51
Results saved. All done. Current Time = 15:02:54
