Running job number  27
Start  27
End  28
outcome: 130202-0.0
Number of features: 5
0 Current Time = 01:32:23
10 Current Time = 01:32:47
20 Current Time = 01:33:10
30 Current Time = 01:33:35
40 Current Time = 01:34:00
50 Current Time = 01:34:24
60 Current Time = 01:34:48
70 Current Time = 01:35:12
80 Current Time = 01:35:36
90 Current Time = 01:36:00
Number of features: 50
0 Current Time = 01:36:24
10 Current Time = 01:37:50
20 Current Time = 01:39:17
30 Current Time = 01:40:42
40 Current Time = 01:42:09
50 Current Time = 01:43:36
60 Current Time = 01:45:01
70 Current Time = 01:46:27
80 Current Time = 01:47:52
90 Current Time = 01:49:18
Number of features: 100
0 Current Time = 01:50:44
10 Current Time = 01:53:31
20 Current Time = 01:56:18
30 Current Time = 01:59:02
40 Current Time = 02:01:47
50 Current Time = 02:04:32
60 Current Time = 02:07:16
70 Current Time = 02:10:02
80 Current Time = 02:12:47
90 Current Time = 02:15:32
Number of features: 500
0 Current Time = 02:18:18
10 Current Time = 02:32:28
20 Current Time = 02:46:41
30 Current Time = 03:01:03
40 Current Time = 03:15:17
50 Current Time = 03:29:31
60 Current Time = 03:43:41
70 Current Time = 03:58:01
80 Current Time = 04:12:13
90 Current Time = 04:26:33
Number of features: 1000
0 Current Time = 04:40:50
10 Current Time = 05:10:24
20 Current Time = 05:40:01
30 Current Time = 06:09:38
40 Current Time = 06:39:14
50 Current Time = 07:16:00
60 Current Time = 07:54:23
70 Current Time = 09:04:04
80 Current Time = 10:30:41
90 Current Time = 11:57:32
Number of features: 2923
Analyses complete. Current Time = 13:18:02
Results saved. All done. Current Time = 13:18:03
