Running job number  36
Start  36
End  37
outcome: 130254-0.0
Number of features: 5
0 Current Time = 23:04:57
10 Current Time = 23:05:28
20 Current Time = 23:05:59
30 Current Time = 23:06:31
40 Current Time = 23:07:02
50 Current Time = 23:07:33
60 Current Time = 23:08:05
70 Current Time = 23:08:36
80 Current Time = 23:09:07
90 Current Time = 23:09:38
Number of features: 50
0 Current Time = 23:10:09
10 Current Time = 23:12:12
20 Current Time = 23:14:14
30 Current Time = 23:16:13
40 Current Time = 23:18:13
50 Current Time = 23:20:14
60 Current Time = 23:22:14
70 Current Time = 23:24:16
80 Current Time = 23:26:16
90 Current Time = 23:28:17
Number of features: 100
0 Current Time = 23:30:18
10 Current Time = 23:34:45
20 Current Time = 23:39:11
30 Current Time = 23:44:03
40 Current Time = 23:48:53
50 Current Time = 23:53:46
60 Current Time = 23:58:39
70 Current Time = 00:03:31
80 Current Time = 00:08:13
90 Current Time = 00:13:02
Number of features: 500
0 Current Time = 00:17:42
10 Current Time = 00:42:41
20 Current Time = 01:09:08
30 Current Time = 01:34:47
40 Current Time = 01:59:26
50 Current Time = 02:23:39
60 Current Time = 02:46:36
70 Current Time = 03:11:21
80 Current Time = 03:35:17
90 Current Time = 03:57:16
Number of features: 1000
0 Current Time = 04:19:22
