Running job number  179
Start  179
End  180
outcome: 131142-0.0
Number of features: 5
0 Current Time = 21:33:18
10 Current Time = 21:34:05
20 Current Time = 21:34:53
30 Current Time = 21:35:39
40 Current Time = 21:36:25
50 Current Time = 21:37:13
60 Current Time = 21:38:01
70 Current Time = 21:38:49
80 Current Time = 21:39:35
90 Current Time = 21:40:21
Number of features: 50
0 Current Time = 21:41:09
10 Current Time = 21:43:45
20 Current Time = 21:46:26
30 Current Time = 21:49:02
40 Current Time = 21:51:42
50 Current Time = 21:54:26
60 Current Time = 21:57:04
70 Current Time = 21:59:45
80 Current Time = 22:02:23
90 Current Time = 22:04:59
Number of features: 100
0 Current Time = 22:07:38
10 Current Time = 22:12:42
20 Current Time = 22:17:49
30 Current Time = 22:22:50
40 Current Time = 22:27:53
50 Current Time = 22:33:05
60 Current Time = 22:38:05
70 Current Time = 22:43:04
80 Current Time = 22:48:08
90 Current Time = 22:53:13
Number of features: 500
0 Current Time = 22:58:17
10 Current Time = 23:22:43
20 Current Time = 23:47:36
30 Current Time = 00:12:27
40 Current Time = 00:37:14
50 Current Time = 01:02:06
60 Current Time = 01:26:28
70 Current Time = 01:50:52
80 Current Time = 02:15:08
90 Current Time = 02:39:45
Number of features: 1000
0 Current Time = 03:04:34
10 Current Time = 03:55:47
20 Current Time = 04:47:01
30 Current Time = 05:37:59
40 Current Time = 06:29:20
50 Current Time = 07:18:57
60 Current Time = 08:08:52
70 Current Time = 08:58:12
80 Current Time = 09:46:20
