Running job number  106
Start  106
End  107
outcome: 130868-0.0
Number of features: 5
0 Current Time = 23:09:47
10 Current Time = 23:10:42
20 Current Time = 23:11:39
30 Current Time = 23:12:36
40 Current Time = 23:13:30
50 Current Time = 23:14:27
60 Current Time = 23:15:23
70 Current Time = 23:16:18
80 Current Time = 23:17:16
90 Current Time = 23:18:07
Number of features: 50
0 Current Time = 23:19:06
10 Current Time = 23:24:07
20 Current Time = 23:29:02
30 Current Time = 23:33:53
40 Current Time = 23:38:50
50 Current Time = 23:43:47
60 Current Time = 23:48:47
70 Current Time = 23:53:54
80 Current Time = 23:58:42
90 Current Time = 00:03:34
Number of features: 100
0 Current Time = 00:08:36
10 Current Time = 00:18:50
20 Current Time = 00:29:05
30 Current Time = 00:39:33
40 Current Time = 00:49:58
50 Current Time = 01:00:25
60 Current Time = 01:10:51
70 Current Time = 01:21:46
80 Current Time = 01:32:20
90 Current Time = 01:42:54
Number of features: 500
0 Current Time = 01:53:23
10 Current Time = 02:44:09
20 Current Time = 03:37:29
30 Current Time = 04:30:11
