Running job number  281
Start  281
End  282
outcome: 131420-0.0
Number of features: 5
0 Current Time = 23:19:22
10 Current Time = 23:19:55
20 Current Time = 23:20:29
30 Current Time = 23:21:01
40 Current Time = 23:21:34
50 Current Time = 23:22:08
60 Current Time = 23:22:42
70 Current Time = 23:23:16
80 Current Time = 23:23:49
90 Current Time = 23:24:21
Number of features: 50
0 Current Time = 23:24:54
10 Current Time = 23:26:56
20 Current Time = 23:29:01
30 Current Time = 23:31:04
40 Current Time = 23:33:08
50 Current Time = 23:35:09
60 Current Time = 23:37:13
70 Current Time = 23:39:16
80 Current Time = 23:41:20
90 Current Time = 23:43:23
Number of features: 100
0 Current Time = 23:45:22
10 Current Time = 23:49:24
20 Current Time = 23:53:24
30 Current Time = 23:57:21
40 Current Time = 00:01:20
50 Current Time = 00:05:11
60 Current Time = 00:09:08
70 Current Time = 00:13:06
80 Current Time = 00:17:05
90 Current Time = 00:21:06
Number of features: 500
0 Current Time = 00:25:02
10 Current Time = 00:46:35
20 Current Time = 01:09:33
30 Current Time = 01:32:45
40 Current Time = 01:56:09
50 Current Time = 02:18:33
60 Current Time = 02:41:21
70 Current Time = 03:04:16
80 Current Time = 03:27:07
90 Current Time = 03:49:10
Number of features: 1000
0 Current Time = 04:11:25
10 Current Time = 04:57:51
