Running job number  443
Start  443
End  444
outcome: 131864-0.0
Number of features: 5
0 Current Time = 02:28:16
10 Current Time = 02:29:55
20 Current Time = 02:31:37
30 Current Time = 02:33:17
40 Current Time = 02:34:58
50 Current Time = 02:36:37
60 Current Time = 02:38:18
70 Current Time = 02:39:54
80 Current Time = 02:41:33
90 Current Time = 02:43:09
Number of features: 50
0 Current Time = 02:44:53
10 Current Time = 02:51:04
20 Current Time = 02:57:32
30 Current Time = 03:04:11
40 Current Time = 03:10:39
50 Current Time = 03:17:21
60 Current Time = 03:23:41
70 Current Time = 03:30:32
80 Current Time = 03:37:23
90 Current Time = 03:44:02
Number of features: 100
0 Current Time = 03:50:50
10 Current Time = 04:03:41
20 Current Time = 04:16:30
30 Current Time = 04:29:08
40 Current Time = 04:41:57
50 Current Time = 04:54:49
60 Current Time = 05:07:21
70 Current Time = 05:20:27
80 Current Time = 05:32:56
90 Current Time = 05:45:54
Number of features: 500
0 Current Time = 05:58:26
10 Current Time = 07:01:49
20 Current Time = 08:00:18
30 Current Time = 08:55:17
40 Current Time = 09:51:34
