Running job number  582
Start  582
End  583
outcome: 132250-0.0
Number of features: 5
0 Current Time = 02:43:59
10 Current Time = 02:44:51
20 Current Time = 02:45:43
30 Current Time = 02:46:36
40 Current Time = 02:47:30
50 Current Time = 02:48:24
60 Current Time = 02:49:17
70 Current Time = 02:50:09
80 Current Time = 02:51:00
90 Current Time = 02:51:51
Number of features: 50
0 Current Time = 02:52:41
10 Current Time = 02:55:47
20 Current Time = 02:58:53
30 Current Time = 03:02:08
40 Current Time = 03:05:24
50 Current Time = 03:08:45
60 Current Time = 03:12:03
70 Current Time = 03:15:11
80 Current Time = 03:18:20
90 Current Time = 03:21:27
Number of features: 100
0 Current Time = 03:24:41
10 Current Time = 03:31:00
20 Current Time = 03:37:05
30 Current Time = 03:43:10
40 Current Time = 03:49:25
50 Current Time = 03:55:45
60 Current Time = 04:01:53
70 Current Time = 04:08:07
80 Current Time = 04:14:39
90 Current Time = 04:20:36
Number of features: 500
0 Current Time = 04:26:26
10 Current Time = 04:53:47
20 Current Time = 05:20:40
30 Current Time = 05:47:06
40 Current Time = 06:11:44
50 Current Time = 06:35:49
60 Current Time = 07:00:04
70 Current Time = 07:23:58
80 Current Time = 07:47:49
90 Current Time = 08:11:41
Number of features: 1000
0 Current Time = 08:35:39
10 Current Time = 09:28:44
20 Current Time = 10:31:11
