Running job number  131
Start  131
End  132
outcome: 131014-0.0
Number of features: 5
0 Current Time = 01:47:56
10 Current Time = 01:48:23
20 Current Time = 01:48:51
30 Current Time = 01:49:18
40 Current Time = 01:49:44
50 Current Time = 01:50:11
60 Current Time = 01:50:37
70 Current Time = 01:51:04
80 Current Time = 01:51:30
90 Current Time = 01:51:57
Number of features: 50
0 Current Time = 01:52:24
10 Current Time = 01:54:04
20 Current Time = 01:55:39
30 Current Time = 01:57:18
40 Current Time = 01:58:55
50 Current Time = 02:00:33
60 Current Time = 02:02:12
70 Current Time = 02:03:50
80 Current Time = 02:05:28
90 Current Time = 02:07:07
Number of features: 100
0 Current Time = 02:08:44
10 Current Time = 02:11:54
20 Current Time = 02:15:02
30 Current Time = 02:18:10
40 Current Time = 02:21:21
50 Current Time = 02:24:32
60 Current Time = 02:27:39
70 Current Time = 02:30:45
80 Current Time = 02:33:53
90 Current Time = 02:37:05
Number of features: 500
0 Current Time = 02:40:14
10 Current Time = 02:57:08
20 Current Time = 03:14:05
30 Current Time = 03:31:02
40 Current Time = 03:47:53
50 Current Time = 04:04:52
60 Current Time = 04:21:49
70 Current Time = 04:38:48
80 Current Time = 04:55:45
90 Current Time = 05:12:40
Number of features: 1000
0 Current Time = 05:29:34
10 Current Time = 06:05:39
20 Current Time = 06:41:00
30 Current Time = 07:16:13
40 Current Time = 07:51:09
50 Current Time = 08:26:09
60 Current Time = 09:01:12
70 Current Time = 09:36:24
80 Current Time = 10:11:37
90 Current Time = 10:47:23
Number of features: 2923
Analyses complete. Current Time = 11:34:18
Results saved. All done. Current Time = 11:34:19
