Running job number  88
Start  88
End  89
outcome: 130814-0.0
Number of features: 5
0 Current Time = 01:33:35
10 Current Time = 01:34:40
20 Current Time = 01:35:48
30 Current Time = 01:36:54
40 Current Time = 01:38:00
50 Current Time = 01:39:09
60 Current Time = 01:40:15
70 Current Time = 01:41:21
80 Current Time = 01:42:28
90 Current Time = 01:43:35
Number of features: 50
0 Current Time = 01:44:42
10 Current Time = 01:49:36
20 Current Time = 01:54:31
30 Current Time = 01:59:28
40 Current Time = 02:04:15
50 Current Time = 02:09:14
60 Current Time = 02:14:04
70 Current Time = 02:18:58
80 Current Time = 02:23:39
90 Current Time = 02:28:32
Number of features: 100
0 Current Time = 02:33:13
10 Current Time = 02:43:17
20 Current Time = 02:53:10
30 Current Time = 03:03:07
40 Current Time = 03:12:43
50 Current Time = 03:22:19
60 Current Time = 03:32:00
70 Current Time = 03:42:01
80 Current Time = 03:51:42
90 Current Time = 04:01:30
Number of features: 500
0 Current Time = 04:11:09
10 Current Time = 05:14:22
20 Current Time = 06:16:42
30 Current Time = 07:19:36
40 Current Time = 08:21:32
50 Current Time = 09:22:25
60 Current Time = 10:24:44
70 Current Time = 11:26:53
80 Current Time = 12:27:15
90 Current Time = 13:26:06
Number of features: 1000
0 Current Time = 14:24:02
10 Current Time = 16:30:19
