Running job number  334
Start  334
End  335
outcome: 131564-0.0
Number of features: 5
0 Current Time = 01:59:51
10 Current Time = 02:00:21
20 Current Time = 02:00:50
30 Current Time = 02:01:19
40 Current Time = 02:01:49
50 Current Time = 02:02:18
60 Current Time = 02:02:47
70 Current Time = 02:03:17
80 Current Time = 02:03:47
90 Current Time = 02:04:17
Number of features: 50
0 Current Time = 02:04:47
10 Current Time = 02:06:30
20 Current Time = 02:08:10
30 Current Time = 02:09:50
40 Current Time = 02:11:31
50 Current Time = 02:13:11
60 Current Time = 02:14:52
70 Current Time = 02:16:34
80 Current Time = 02:18:15
90 Current Time = 02:19:57
Number of features: 100
0 Current Time = 02:21:40
10 Current Time = 02:24:50
20 Current Time = 02:27:54
30 Current Time = 02:30:59
40 Current Time = 02:34:03
50 Current Time = 02:37:08
60 Current Time = 02:40:13
70 Current Time = 02:43:27
80 Current Time = 02:46:33
90 Current Time = 02:49:40
Number of features: 500
0 Current Time = 02:52:45
10 Current Time = 03:07:34
20 Current Time = 03:22:46
30 Current Time = 03:37:24
40 Current Time = 03:51:57
50 Current Time = 04:06:35
60 Current Time = 04:21:09
70 Current Time = 04:36:01
80 Current Time = 04:50:58
90 Current Time = 05:05:40
Number of features: 1000
0 Current Time = 05:20:33
10 Current Time = 05:50:12
20 Current Time = 06:17:34
30 Current Time = 06:44:30
40 Current Time = 07:12:54
50 Current Time = 07:41:36
60 Current Time = 08:09:08
70 Current Time = 08:37:08
80 Current Time = 09:06:35
90 Current Time = 09:36:19
Number of features: 2923
