Running job number  318
Start  318
End  319
outcome: 131524-0.0
Number of features: 5
0 Current Time = 01:55:47
10 Current Time = 01:56:25
20 Current Time = 01:57:02
30 Current Time = 01:57:39
40 Current Time = 01:58:15
50 Current Time = 01:58:52
60 Current Time = 01:59:29
70 Current Time = 02:00:06
80 Current Time = 02:00:42
90 Current Time = 02:01:20
Number of features: 50
0 Current Time = 02:01:58
10 Current Time = 02:04:08
20 Current Time = 02:06:17
30 Current Time = 02:08:26
40 Current Time = 02:10:35
50 Current Time = 02:12:44
60 Current Time = 02:14:52
70 Current Time = 02:17:02
80 Current Time = 02:19:08
90 Current Time = 02:21:16
Number of features: 100
0 Current Time = 02:23:23
10 Current Time = 02:27:30
20 Current Time = 02:31:41
30 Current Time = 02:35:47
40 Current Time = 02:39:53
50 Current Time = 02:44:04
60 Current Time = 02:48:10
70 Current Time = 02:52:23
80 Current Time = 02:56:33
90 Current Time = 03:00:47
Number of features: 500
0 Current Time = 03:04:58
10 Current Time = 03:25:54
20 Current Time = 03:46:57
30 Current Time = 04:08:12
40 Current Time = 04:29:31
50 Current Time = 04:50:28
60 Current Time = 05:11:21
70 Current Time = 05:32:23
80 Current Time = 05:52:49
90 Current Time = 06:12:54
Number of features: 1000
0 Current Time = 06:32:57
10 Current Time = 07:15:03
20 Current Time = 07:56:29
30 Current Time = 08:38:04
40 Current Time = 09:19:51
50 Current Time = 10:01:04
