Running job number  4
Start  4
End  5
outcome: 130018-0.0
Number of features: 5
0 Current Time = 23:04:55
10 Current Time = 23:05:39
20 Current Time = 23:06:23
30 Current Time = 23:07:07
40 Current Time = 23:07:51
50 Current Time = 23:08:37
60 Current Time = 23:09:23
70 Current Time = 23:10:08
80 Current Time = 23:10:54
90 Current Time = 23:11:38
Number of features: 50
0 Current Time = 23:12:23
10 Current Time = 23:15:04
20 Current Time = 23:17:44
30 Current Time = 23:20:24
40 Current Time = 23:23:03
50 Current Time = 23:25:47
60 Current Time = 23:28:26
70 Current Time = 23:31:10
80 Current Time = 23:33:49
90 Current Time = 23:36:23
Number of features: 100
0 Current Time = 23:38:57
10 Current Time = 23:43:33
20 Current Time = 23:48:22
30 Current Time = 23:53:08
40 Current Time = 23:57:49
50 Current Time = 00:02:34
60 Current Time = 00:07:14
70 Current Time = 00:12:06
80 Current Time = 00:16:53
90 Current Time = 00:21:30
Number of features: 500
0 Current Time = 00:26:16
10 Current Time = 00:50:04
20 Current Time = 01:14:19
30 Current Time = 01:38:53
40 Current Time = 02:04:31
50 Current Time = 02:31:49
60 Current Time = 02:58:20
70 Current Time = 03:25:36
80 Current Time = 03:51:43
90 Current Time = 04:18:11
Number of features: 1000
0 Current Time = 04:44:51
