Running job number  287
Start  287
End  288
outcome: 131432-0.0
Number of features: 5
0 Current Time = 01:41:27
10 Current Time = 01:42:14
20 Current Time = 01:43:01
30 Current Time = 01:43:46
40 Current Time = 01:44:33
50 Current Time = 01:45:20
60 Current Time = 01:46:07
70 Current Time = 01:46:53
80 Current Time = 01:47:39
90 Current Time = 01:48:25
Number of features: 50
0 Current Time = 01:49:11
10 Current Time = 01:52:03
20 Current Time = 01:54:45
30 Current Time = 01:57:28
40 Current Time = 02:00:09
50 Current Time = 02:02:54
60 Current Time = 02:05:35
70 Current Time = 02:08:17
80 Current Time = 02:11:00
90 Current Time = 02:13:41
Number of features: 100
0 Current Time = 02:16:26
10 Current Time = 02:21:54
20 Current Time = 02:27:24
30 Current Time = 02:32:50
40 Current Time = 02:38:11
50 Current Time = 02:43:38
60 Current Time = 02:48:56
70 Current Time = 02:54:08
80 Current Time = 02:59:31
90 Current Time = 03:04:50
Number of features: 500
0 Current Time = 03:09:47
10 Current Time = 03:35:07
20 Current Time = 03:59:34
30 Current Time = 04:23:42
40 Current Time = 04:47:41
50 Current Time = 05:11:55
60 Current Time = 05:35:53
70 Current Time = 06:00:04
80 Current Time = 06:24:10
90 Current Time = 06:48:35
Number of features: 1000
0 Current Time = 07:12:23
10 Current Time = 08:00:22
20 Current Time = 08:47:57
30 Current Time = 09:32:38
