Running job number  77
Start  77
End  78
outcome: 130734-0.0
Number of features: 5
0 Current Time = 01:34:06
10 Current Time = 01:34:39
20 Current Time = 01:35:13
30 Current Time = 01:35:47
40 Current Time = 01:36:21
50 Current Time = 01:36:54
60 Current Time = 01:37:28
70 Current Time = 01:38:02
80 Current Time = 01:38:35
90 Current Time = 01:39:08
Number of features: 50
0 Current Time = 01:39:43
10 Current Time = 01:41:59
20 Current Time = 01:44:16
30 Current Time = 01:46:33
40 Current Time = 01:48:52
50 Current Time = 01:51:07
60 Current Time = 01:53:21
70 Current Time = 01:55:38
80 Current Time = 01:57:55
90 Current Time = 02:00:10
Number of features: 100
0 Current Time = 02:02:27
10 Current Time = 02:06:51
20 Current Time = 02:11:14
30 Current Time = 02:15:36
40 Current Time = 02:20:02
50 Current Time = 02:24:25
60 Current Time = 02:28:49
70 Current Time = 02:33:10
80 Current Time = 02:37:34
90 Current Time = 02:41:55
Number of features: 500
0 Current Time = 02:46:24
10 Current Time = 03:08:56
20 Current Time = 03:31:23
30 Current Time = 03:53:53
40 Current Time = 04:16:17
50 Current Time = 04:38:39
60 Current Time = 05:00:59
70 Current Time = 05:23:32
80 Current Time = 05:45:49
90 Current Time = 06:08:07
Number of features: 1000
0 Current Time = 06:30:28
10 Current Time = 07:16:47
20 Current Time = 08:03:40
30 Current Time = 08:50:01
40 Current Time = 09:36:34
50 Current Time = 10:22:52
60 Current Time = 11:08:53
70 Current Time = 11:55:22
80 Current Time = 12:41:53
90 Current Time = 13:28:04
Number of features: 2923
Analyses complete. Current Time = 14:27:42
Results saved. All done. Current Time = 14:27:43
