Running job number  47
Start  47
End  48
outcome: 130626-0.0
Number of features: 5
0 Current Time = 23:05:07
10 Current Time = 23:05:47
20 Current Time = 23:06:25
30 Current Time = 23:07:04
40 Current Time = 23:07:42
50 Current Time = 23:08:19
60 Current Time = 23:08:58
70 Current Time = 23:09:36
80 Current Time = 23:10:12
90 Current Time = 23:10:47
Number of features: 50
0 Current Time = 23:11:24
10 Current Time = 23:13:43
20 Current Time = 23:15:56
30 Current Time = 23:18:07
40 Current Time = 23:20:17
50 Current Time = 23:22:26
60 Current Time = 23:24:38
70 Current Time = 23:26:49
80 Current Time = 23:29:00
90 Current Time = 23:31:10
Number of features: 100
0 Current Time = 23:33:21
10 Current Time = 23:38:05
20 Current Time = 23:42:20
30 Current Time = 23:47:04
40 Current Time = 23:51:49
50 Current Time = 23:56:08
60 Current Time = 00:00:28
70 Current Time = 00:04:55
80 Current Time = 00:09:14
90 Current Time = 00:13:26
Number of features: 500
0 Current Time = 00:17:45
10 Current Time = 00:40:43
20 Current Time = 01:03:18
30 Current Time = 01:26:07
40 Current Time = 01:48:20
50 Current Time = 02:10:24
60 Current Time = 02:32:39
70 Current Time = 02:54:45
80 Current Time = 03:16:55
90 Current Time = 03:39:07
Number of features: 1000
0 Current Time = 04:01:20
10 Current Time = 04:47:45
