Running job number  178
Start  178
End  179
outcome: 131138-0.0
Number of features: 5
0 Current Time = 01:48:58
10 Current Time = 01:49:38
20 Current Time = 01:50:17
30 Current Time = 01:50:53
40 Current Time = 01:51:29
50 Current Time = 01:52:04
60 Current Time = 01:52:40
70 Current Time = 01:53:16
80 Current Time = 01:53:50
90 Current Time = 01:54:26
Number of features: 50
0 Current Time = 01:55:01
10 Current Time = 01:57:26
20 Current Time = 01:59:48
30 Current Time = 02:02:17
40 Current Time = 02:04:49
50 Current Time = 02:07:27
60 Current Time = 02:10:01
70 Current Time = 02:12:18
80 Current Time = 02:14:33
90 Current Time = 02:16:46
Number of features: 100
0 Current Time = 02:18:58
10 Current Time = 02:25:10
20 Current Time = 02:31:05
30 Current Time = 02:37:00
40 Current Time = 02:43:23
50 Current Time = 02:50:15
60 Current Time = 02:56:58
70 Current Time = 03:03:07
80 Current Time = 03:08:41
90 Current Time = 03:14:33
Number of features: 500
0 Current Time = 03:21:35
10 Current Time = 03:56:32
20 Current Time = 04:32:24
30 Current Time = 05:11:16
40 Current Time = 05:47:53
50 Current Time = 06:17:57
60 Current Time = 06:46:25
70 Current Time = 07:15:07
80 Current Time = 07:43:26
90 Current Time = 08:11:17
Number of features: 1000
0 Current Time = 08:39:05
10 Current Time = 09:40:13
20 Current Time = 10:52:59
30 Current Time = 12:25:47
40 Current Time = 13:49:56
50 Current Time = 15:02:53
60 Current Time = 16:24:01
70 Current Time = 17:45:44
