Running job number  321
Start  321
End  322
outcome: 131534-0.0
Number of features: 5
0 Current Time = 01:55:58
10 Current Time = 01:56:51
20 Current Time = 01:57:42
30 Current Time = 01:58:33
40 Current Time = 01:59:25
50 Current Time = 02:00:17
60 Current Time = 02:01:08
70 Current Time = 02:02:00
80 Current Time = 02:02:51
90 Current Time = 02:03:44
Number of features: 50
0 Current Time = 02:04:38
10 Current Time = 02:07:37
20 Current Time = 02:10:38
30 Current Time = 02:13:39
40 Current Time = 02:16:36
50 Current Time = 02:19:33
60 Current Time = 02:22:30
70 Current Time = 02:25:28
80 Current Time = 02:28:23
90 Current Time = 02:31:19
Number of features: 100
0 Current Time = 02:34:13
10 Current Time = 02:39:46
20 Current Time = 02:45:21
30 Current Time = 02:50:56
40 Current Time = 02:56:20
50 Current Time = 03:01:44
60 Current Time = 03:07:08
70 Current Time = 03:12:35
80 Current Time = 03:18:03
90 Current Time = 03:23:33
Number of features: 500
0 Current Time = 03:29:01
10 Current Time = 03:56:34
20 Current Time = 04:23:38
30 Current Time = 04:50:39
40 Current Time = 05:17:34
50 Current Time = 05:44:37
60 Current Time = 06:11:21
70 Current Time = 06:37:09
80 Current Time = 07:00:59
90 Current Time = 07:24:47
Number of features: 1000
0 Current Time = 07:47:51
10 Current Time = 08:37:13
20 Current Time = 09:38:29
30 Current Time = 10:36:28
