Running job number  137
Start  137
End  138
outcome: 131032-0.0
Number of features: 5
0 Current Time = 01:48:04
10 Current Time = 01:48:41
20 Current Time = 01:49:17
30 Current Time = 01:49:54
40 Current Time = 01:50:31
50 Current Time = 01:51:06
60 Current Time = 01:51:43
70 Current Time = 01:52:20
80 Current Time = 01:52:58
90 Current Time = 01:53:34
Number of features: 50
0 Current Time = 01:54:11
10 Current Time = 01:56:24
20 Current Time = 01:58:35
30 Current Time = 02:00:50
40 Current Time = 02:03:00
50 Current Time = 02:05:14
60 Current Time = 02:07:30
70 Current Time = 02:09:46
80 Current Time = 02:12:00
90 Current Time = 02:14:12
Number of features: 100
0 Current Time = 02:16:25
10 Current Time = 02:20:48
20 Current Time = 02:25:05
30 Current Time = 02:29:29
40 Current Time = 02:33:52
50 Current Time = 02:38:12
60 Current Time = 02:42:29
70 Current Time = 02:46:53
80 Current Time = 02:51:16
90 Current Time = 02:55:31
Number of features: 500
0 Current Time = 02:59:50
10 Current Time = 03:22:19
20 Current Time = 03:44:38
30 Current Time = 04:07:12
40 Current Time = 04:29:35
50 Current Time = 04:52:15
60 Current Time = 05:14:36
70 Current Time = 05:37:08
80 Current Time = 05:59:39
90 Current Time = 06:22:30
Number of features: 1000
0 Current Time = 06:45:08
10 Current Time = 07:31:39
20 Current Time = 08:17:53
30 Current Time = 09:03:54
40 Current Time = 09:50:14
50 Current Time = 10:36:30
60 Current Time = 11:22:48
70 Current Time = 12:09:12
80 Current Time = 12:55:47
90 Current Time = 13:38:12
Number of features: 2923
Analyses complete. Current Time = 14:33:37
Results saved. All done. Current Time = 14:33:38
