Running job number  498
Start  498
End  499
outcome: 132004-0.0
Number of features: 5
0 Current Time = 02:35:18
10 Current Time = 02:36:01
20 Current Time = 02:36:45
30 Current Time = 02:37:29
40 Current Time = 02:38:12
50 Current Time = 02:38:56
60 Current Time = 02:39:39
70 Current Time = 02:40:21
80 Current Time = 02:41:04
90 Current Time = 02:41:45
Number of features: 50
0 Current Time = 02:42:30
10 Current Time = 02:44:54
20 Current Time = 02:47:18
30 Current Time = 02:49:42
40 Current Time = 02:52:05
50 Current Time = 02:54:29
60 Current Time = 02:56:54
70 Current Time = 02:59:15
80 Current Time = 03:01:36
90 Current Time = 03:03:56
Number of features: 100
0 Current Time = 03:06:20
10 Current Time = 03:10:57
20 Current Time = 03:15:32
30 Current Time = 03:20:09
40 Current Time = 03:24:37
50 Current Time = 03:29:11
60 Current Time = 03:33:53
70 Current Time = 03:38:31
80 Current Time = 03:43:08
90 Current Time = 03:47:50
Number of features: 500
0 Current Time = 03:52:30
10 Current Time = 04:16:29
20 Current Time = 04:39:31
30 Current Time = 05:02:41
40 Current Time = 05:25:56
50 Current Time = 05:49:09
60 Current Time = 06:12:41
70 Current Time = 06:35:54
80 Current Time = 06:59:06
90 Current Time = 07:22:47
Number of features: 1000
0 Current Time = 07:45:49
10 Current Time = 08:36:02
20 Current Time = 09:22:46
