Running job number  452
Start  452
End  453
outcome: 131884-0.0
Number of features: 5
0 Current Time = 02:30:15
10 Current Time = 02:30:52
20 Current Time = 02:31:27
30 Current Time = 02:32:03
40 Current Time = 02:32:42
50 Current Time = 02:33:19
60 Current Time = 02:33:55
70 Current Time = 02:34:31
80 Current Time = 02:35:07
90 Current Time = 02:35:44
Number of features: 50
0 Current Time = 02:36:22
10 Current Time = 02:39:03
20 Current Time = 02:41:46
30 Current Time = 02:44:27
40 Current Time = 02:47:09
50 Current Time = 02:49:59
60 Current Time = 02:52:46
70 Current Time = 02:55:33
80 Current Time = 02:58:17
90 Current Time = 03:01:02
Number of features: 100
0 Current Time = 03:03:46
10 Current Time = 03:09:50
20 Current Time = 03:15:21
30 Current Time = 03:20:49
40 Current Time = 03:26:14
50 Current Time = 03:31:46
60 Current Time = 03:37:18
70 Current Time = 03:42:34
80 Current Time = 03:47:51
90 Current Time = 03:53:10
Number of features: 500
0 Current Time = 03:58:32
10 Current Time = 04:29:03
20 Current Time = 04:59:02
30 Current Time = 05:29:09
40 Current Time = 05:58:57
50 Current Time = 06:26:24
60 Current Time = 06:52:33
70 Current Time = 07:18:51
80 Current Time = 07:45:11
90 Current Time = 08:11:52
Number of features: 1000
0 Current Time = 08:38:14
10 Current Time = 09:34:15
