Running job number  91
Start  91
End  92
outcome: 130820-0.0
Number of features: 5
0 Current Time = 01:33:35
10 Current Time = 01:34:17
20 Current Time = 01:34:59
30 Current Time = 01:35:41
40 Current Time = 01:36:24
50 Current Time = 01:37:07
60 Current Time = 01:37:50
70 Current Time = 01:38:32
80 Current Time = 01:39:17
90 Current Time = 01:39:58
Number of features: 50
0 Current Time = 01:40:41
10 Current Time = 01:43:15
20 Current Time = 01:45:54
30 Current Time = 01:48:29
40 Current Time = 01:51:07
50 Current Time = 01:53:46
60 Current Time = 01:56:27
70 Current Time = 01:59:04
80 Current Time = 02:01:49
90 Current Time = 02:04:26
Number of features: 100
0 Current Time = 02:07:04
10 Current Time = 02:12:01
20 Current Time = 02:17:01
30 Current Time = 02:21:54
40 Current Time = 02:26:53
50 Current Time = 02:31:47
60 Current Time = 02:36:50
70 Current Time = 02:41:48
80 Current Time = 02:46:49
90 Current Time = 02:51:43
Number of features: 500
0 Current Time = 02:56:40
10 Current Time = 03:22:46
20 Current Time = 03:49:02
30 Current Time = 04:14:53
40 Current Time = 04:41:33
50 Current Time = 05:07:58
60 Current Time = 05:34:47
70 Current Time = 06:01:36
80 Current Time = 06:28:30
90 Current Time = 06:54:35
Number of features: 1000
0 Current Time = 07:21:04
10 Current Time = 08:15:25
20 Current Time = 09:10:09
30 Current Time = 10:03:29
40 Current Time = 10:57:56
50 Current Time = 11:51:52
60 Current Time = 12:41:56
70 Current Time = 13:31:21
80 Current Time = 14:21:22
90 Current Time = 15:12:12
Number of features: 2923
Analyses complete. Current Time = 16:17:18
Results saved. All done. Current Time = 16:17:19
