Running job number  486
Start  486
End  487
outcome: 131974-0.0
Number of features: 5
0 Current Time = 02:32:29
10 Current Time = 02:33:03
20 Current Time = 02:33:38
30 Current Time = 02:34:13
40 Current Time = 02:34:46
50 Current Time = 02:35:22
60 Current Time = 02:35:58
70 Current Time = 02:36:33
80 Current Time = 02:37:08
90 Current Time = 02:37:42
Number of features: 50
0 Current Time = 02:38:17
10 Current Time = 02:40:46
20 Current Time = 02:43:17
30 Current Time = 02:45:42
40 Current Time = 02:48:02
50 Current Time = 02:50:21
60 Current Time = 02:52:44
70 Current Time = 02:55:09
80 Current Time = 02:57:29
90 Current Time = 02:59:47
Number of features: 100
0 Current Time = 03:02:01
10 Current Time = 03:06:55
20 Current Time = 03:11:38
30 Current Time = 03:16:23
40 Current Time = 03:21:21
50 Current Time = 03:26:22
60 Current Time = 03:31:08
70 Current Time = 03:35:50
80 Current Time = 03:40:33
90 Current Time = 03:45:32
Number of features: 500
0 Current Time = 03:50:19
10 Current Time = 04:13:33
20 Current Time = 04:36:57
30 Current Time = 05:00:31
40 Current Time = 05:24:35
50 Current Time = 05:48:11
60 Current Time = 06:10:40
70 Current Time = 06:32:41
80 Current Time = 06:54:33
90 Current Time = 07:16:31
Number of features: 1000
0 Current Time = 07:38:26
10 Current Time = 08:23:14
20 Current Time = 09:08:39
30 Current Time = 09:54:10
