Running job number  65
Start  65
End  66
outcome: 130698-0.0
Number of features: 5
0 Current Time = 23:08:06
10 Current Time = 23:08:45
20 Current Time = 23:09:24
30 Current Time = 23:10:02
40 Current Time = 23:10:39
50 Current Time = 23:11:16
60 Current Time = 23:11:53
70 Current Time = 23:12:31
80 Current Time = 23:13:09
90 Current Time = 23:13:46
Number of features: 50
0 Current Time = 23:14:24
10 Current Time = 23:17:02
20 Current Time = 23:19:43
30 Current Time = 23:22:24
40 Current Time = 23:25:06
50 Current Time = 23:27:49
60 Current Time = 23:30:23
70 Current Time = 23:33:00
80 Current Time = 23:35:36
90 Current Time = 23:38:09
Number of features: 100
0 Current Time = 23:40:36
10 Current Time = 23:45:38
20 Current Time = 23:50:54
30 Current Time = 23:56:21
40 Current Time = 00:01:42
50 Current Time = 00:07:13
60 Current Time = 00:12:28
70 Current Time = 00:17:45
80 Current Time = 00:23:12
90 Current Time = 00:28:24
Number of features: 500
0 Current Time = 00:33:32
10 Current Time = 01:00:34
20 Current Time = 01:28:00
30 Current Time = 01:56:07
40 Current Time = 02:23:56
50 Current Time = 02:52:16
60 Current Time = 03:20:41
70 Current Time = 03:49:18
80 Current Time = 04:17:44
90 Current Time = 04:46:10
