Running job number  245
Start  245
End  246
outcome: 131326-0.0
Number of features: 5
0 Current Time = 01:52:24
10 Current Time = 01:53:04
20 Current Time = 01:53:45
30 Current Time = 01:54:27
40 Current Time = 01:55:09
50 Current Time = 01:55:50
60 Current Time = 01:56:31
70 Current Time = 01:57:11
80 Current Time = 01:57:49
90 Current Time = 01:58:28
Number of features: 50
0 Current Time = 01:59:08
10 Current Time = 02:02:01
20 Current Time = 02:04:59
30 Current Time = 02:07:50
40 Current Time = 02:10:41
50 Current Time = 02:13:44
60 Current Time = 02:16:45
70 Current Time = 02:19:49
80 Current Time = 02:22:44
90 Current Time = 02:25:39
Number of features: 100
0 Current Time = 02:28:28
10 Current Time = 02:34:02
20 Current Time = 02:39:40
30 Current Time = 02:45:36
40 Current Time = 02:51:00
50 Current Time = 02:56:33
60 Current Time = 03:02:16
70 Current Time = 03:08:11
80 Current Time = 03:13:59
90 Current Time = 03:19:23
Number of features: 500
0 Current Time = 03:24:47
10 Current Time = 03:52:40
20 Current Time = 04:21:18
30 Current Time = 04:49:49
40 Current Time = 05:17:54
50 Current Time = 05:45:56
60 Current Time = 06:14:08
70 Current Time = 06:42:38
80 Current Time = 07:10:45
90 Current Time = 07:39:04
Number of features: 1000
0 Current Time = 08:07:08
10 Current Time = 09:05:57
20 Current Time = 10:02:46
30 Current Time = 10:58:01
40 Current Time = 11:53:05
50 Current Time = 12:48:02
60 Current Time = 13:43:48
70 Current Time = 14:37:37
80 Current Time = 15:31:30
90 Current Time = 16:26:58
Number of features: 2923
Analyses complete. Current Time = 17:37:57
Results saved. All done. Current Time = 17:37:58
