Running job number  389
Start  389
End  390
outcome: 131692-0.0
Number of features: 5
0 Current Time = 02:14:33
10 Current Time = 02:15:23
20 Current Time = 02:16:13
30 Current Time = 02:17:04
40 Current Time = 02:17:53
50 Current Time = 02:18:44
60 Current Time = 02:19:35
70 Current Time = 02:20:26
80 Current Time = 02:21:17
90 Current Time = 02:22:07
Number of features: 50
0 Current Time = 02:22:57
10 Current Time = 02:26:28
20 Current Time = 02:29:58
30 Current Time = 02:33:28
40 Current Time = 02:37:06
50 Current Time = 02:40:44
60 Current Time = 02:44:23
70 Current Time = 02:47:54
80 Current Time = 02:51:26
90 Current Time = 02:54:52
Number of features: 100
0 Current Time = 02:58:21
10 Current Time = 03:05:22
20 Current Time = 03:12:11
30 Current Time = 03:19:12
40 Current Time = 03:26:15
50 Current Time = 03:33:16
60 Current Time = 03:40:16
70 Current Time = 03:47:19
80 Current Time = 03:54:22
90 Current Time = 04:01:10
Number of features: 500
0 Current Time = 04:08:06
10 Current Time = 04:42:53
20 Current Time = 05:17:15
30 Current Time = 05:51:51
40 Current Time = 06:26:21
50 Current Time = 07:00:56
60 Current Time = 07:32:11
70 Current Time = 08:03:57
80 Current Time = 08:36:01
90 Current Time = 09:08:35
Number of features: 1000
0 Current Time = 09:40:36
