Running job number  258
Start  258
End  259
outcome: 131362-0.0
Number of features: 5
0 Current Time = 23:19:27
10 Current Time = 23:20:03
20 Current Time = 23:20:38
30 Current Time = 23:21:14
40 Current Time = 23:21:50
50 Current Time = 23:22:27
60 Current Time = 23:23:03
70 Current Time = 23:23:40
80 Current Time = 23:24:16
90 Current Time = 23:24:53
Number of features: 50
0 Current Time = 23:25:30
10 Current Time = 23:27:41
20 Current Time = 23:29:51
30 Current Time = 23:32:01
40 Current Time = 23:34:12
50 Current Time = 23:36:23
60 Current Time = 23:38:33
70 Current Time = 23:40:39
80 Current Time = 23:42:44
90 Current Time = 23:44:51
Number of features: 100
0 Current Time = 23:46:57
10 Current Time = 23:51:11
20 Current Time = 23:55:42
30 Current Time = 00:00:12
40 Current Time = 00:04:36
50 Current Time = 00:09:01
60 Current Time = 00:13:32
70 Current Time = 00:17:56
80 Current Time = 00:22:10
90 Current Time = 00:26:27
Number of features: 500
0 Current Time = 00:30:47
10 Current Time = 00:52:37
20 Current Time = 01:14:46
30 Current Time = 01:37:13
40 Current Time = 01:59:58
50 Current Time = 02:22:38
60 Current Time = 02:45:19
70 Current Time = 03:07:09
80 Current Time = 03:28:36
90 Current Time = 03:52:58
Number of features: 1000
0 Current Time = 04:17:42
10 Current Time = 05:09:03
