Running job number  86
Start  86
End  87
outcome: 130804-0.0
Number of features: 5
0 Current Time = 01:33:35
10 Current Time = 01:34:01
20 Current Time = 01:34:27
30 Current Time = 01:34:54
40 Current Time = 01:35:20
50 Current Time = 01:35:47
60 Current Time = 01:36:14
70 Current Time = 01:36:40
80 Current Time = 01:37:06
90 Current Time = 01:37:33
Number of features: 50
0 Current Time = 01:37:59
10 Current Time = 01:39:37
20 Current Time = 01:41:15
30 Current Time = 01:42:52
40 Current Time = 01:44:32
50 Current Time = 01:46:11
60 Current Time = 01:47:50
70 Current Time = 01:49:29
80 Current Time = 01:51:07
90 Current Time = 01:52:46
Number of features: 100
0 Current Time = 01:54:25
10 Current Time = 01:57:47
20 Current Time = 02:01:10
30 Current Time = 02:04:24
40 Current Time = 02:07:36
50 Current Time = 02:10:50
60 Current Time = 02:14:06
70 Current Time = 02:17:23
80 Current Time = 02:20:39
90 Current Time = 02:23:55
Number of features: 500
0 Current Time = 02:27:10
10 Current Time = 02:45:08
20 Current Time = 03:03:24
30 Current Time = 03:21:27
40 Current Time = 03:39:32
50 Current Time = 03:57:53
60 Current Time = 04:15:58
70 Current Time = 04:34:20
80 Current Time = 04:52:39
90 Current Time = 05:11:00
Number of features: 1000
0 Current Time = 05:29:26
10 Current Time = 06:07:50
20 Current Time = 06:45:47
30 Current Time = 07:23:53
40 Current Time = 08:02:36
50 Current Time = 08:40:57
60 Current Time = 09:19:18
70 Current Time = 09:57:21
80 Current Time = 10:35:29
90 Current Time = 11:13:42
Number of features: 2923
Analyses complete. Current Time = 12:03:11
Results saved. All done. Current Time = 12:03:12
