Running job number  532
Start  532
End  533
outcome: 132098-0.0
Number of features: 5
0 Current Time = 02:38:34
10 Current Time = 02:39:14
20 Current Time = 02:39:51
30 Current Time = 02:40:29
40 Current Time = 02:41:08
50 Current Time = 02:41:46
60 Current Time = 02:42:23
70 Current Time = 02:43:01
80 Current Time = 02:43:40
90 Current Time = 02:44:18
Number of features: 50
0 Current Time = 02:44:56
10 Current Time = 02:47:31
20 Current Time = 02:50:08
30 Current Time = 02:52:38
40 Current Time = 02:55:12
50 Current Time = 02:57:51
60 Current Time = 03:00:27
70 Current Time = 03:03:10
80 Current Time = 03:05:50
90 Current Time = 03:08:19
Number of features: 100
0 Current Time = 03:10:59
10 Current Time = 03:16:02
20 Current Time = 03:21:10
30 Current Time = 03:26:31
40 Current Time = 03:31:32
50 Current Time = 03:36:30
60 Current Time = 03:41:38
70 Current Time = 03:46:56
80 Current Time = 03:52:00
90 Current Time = 03:56:55
Number of features: 500
0 Current Time = 04:02:00
10 Current Time = 04:28:00
20 Current Time = 04:53:25
30 Current Time = 05:18:46
40 Current Time = 05:44:21
50 Current Time = 06:10:04
60 Current Time = 06:33:44
70 Current Time = 06:56:52
80 Current Time = 07:19:46
90 Current Time = 07:42:40
Number of features: 1000
0 Current Time = 08:05:39
10 Current Time = 08:52:32
20 Current Time = 09:40:13
