Running job number  148
Start  148
End  149
outcome: 131062-0.0
Number of features: 5
0 Current Time = 23:12:43
10 Current Time = 23:13:17
20 Current Time = 23:13:49
30 Current Time = 23:14:23
40 Current Time = 23:14:56
50 Current Time = 23:15:28
60 Current Time = 23:16:01
70 Current Time = 23:16:33
80 Current Time = 23:17:05
90 Current Time = 23:17:37
Number of features: 50
0 Current Time = 23:18:10
10 Current Time = 23:20:17
20 Current Time = 23:22:22
30 Current Time = 23:24:30
40 Current Time = 23:26:38
50 Current Time = 23:28:46
60 Current Time = 23:30:51
70 Current Time = 23:32:58
80 Current Time = 23:35:04
90 Current Time = 23:37:11
Number of features: 100
0 Current Time = 23:39:19
10 Current Time = 23:43:33
20 Current Time = 23:47:50
30 Current Time = 23:52:10
40 Current Time = 23:56:22
50 Current Time = 00:00:38
60 Current Time = 00:04:54
70 Current Time = 00:09:12
80 Current Time = 00:13:33
90 Current Time = 00:17:52
Number of features: 500
0 Current Time = 00:22:11
10 Current Time = 00:45:05
20 Current Time = 01:07:44
30 Current Time = 01:30:21
40 Current Time = 01:52:44
50 Current Time = 02:14:51
60 Current Time = 02:36:24
70 Current Time = 02:58:11
80 Current Time = 03:19:48
90 Current Time = 03:41:23
Number of features: 1000
0 Current Time = 04:03:31
10 Current Time = 04:48:43
