Running job number  109
Start  109
End  110
outcome: 130888-0.0
Number of features: 5
0 Current Time = 01:47:42
10 Current Time = 01:48:11
20 Current Time = 01:48:38
30 Current Time = 01:49:06
40 Current Time = 01:49:34
50 Current Time = 01:50:03
60 Current Time = 01:50:31
70 Current Time = 01:50:59
80 Current Time = 01:51:27
90 Current Time = 01:51:54
Number of features: 50
0 Current Time = 01:52:23
10 Current Time = 01:54:06
20 Current Time = 01:55:49
30 Current Time = 01:57:30
40 Current Time = 01:59:13
50 Current Time = 02:00:55
60 Current Time = 02:02:38
70 Current Time = 02:04:20
80 Current Time = 02:06:03
90 Current Time = 02:07:46
Number of features: 100
0 Current Time = 02:09:28
10 Current Time = 02:12:51
20 Current Time = 02:16:14
30 Current Time = 02:19:37
40 Current Time = 02:23:00
50 Current Time = 02:26:24
60 Current Time = 02:29:46
70 Current Time = 02:33:08
80 Current Time = 02:36:30
90 Current Time = 02:39:54
Number of features: 500
0 Current Time = 02:43:18
10 Current Time = 03:01:56
20 Current Time = 03:20:25
30 Current Time = 03:39:02
40 Current Time = 03:57:54
50 Current Time = 04:16:32
60 Current Time = 04:35:39
70 Current Time = 04:54:42
80 Current Time = 05:13:39
90 Current Time = 05:32:44
Number of features: 1000
0 Current Time = 05:51:44
10 Current Time = 06:31:51
20 Current Time = 07:11:37
30 Current Time = 07:51:18
40 Current Time = 08:31:17
50 Current Time = 09:11:12
60 Current Time = 09:50:39
70 Current Time = 10:30:27
80 Current Time = 11:10:43
90 Current Time = 11:50:12
Number of features: 2923
Analyses complete. Current Time = 12:40:06
Results saved. All done. Current Time = 12:40:07
