Running job number  430
Start  430
End  431
outcome: 131826-0.0
Number of features: 5
0 Current Time = 02:24:21
10 Current Time = 02:24:58
20 Current Time = 02:25:35
30 Current Time = 02:26:11
40 Current Time = 02:26:48
50 Current Time = 02:27:25
60 Current Time = 02:28:02
70 Current Time = 02:28:38
80 Current Time = 02:29:16
90 Current Time = 02:29:53
Number of features: 50
0 Current Time = 02:30:30
10 Current Time = 02:33:20
20 Current Time = 02:36:04
30 Current Time = 02:38:17
40 Current Time = 02:40:38
50 Current Time = 02:43:00
60 Current Time = 02:45:18
70 Current Time = 02:47:56
80 Current Time = 02:50:36
90 Current Time = 02:53:15
Number of features: 100
0 Current Time = 02:55:54
10 Current Time = 03:00:24
20 Current Time = 03:04:52
30 Current Time = 03:09:54
40 Current Time = 03:15:07
50 Current Time = 03:20:00
60 Current Time = 03:24:34
70 Current Time = 03:29:15
80 Current Time = 03:34:25
90 Current Time = 03:39:40
Number of features: 500
0 Current Time = 03:44:07
10 Current Time = 04:06:44
20 Current Time = 04:28:41
30 Current Time = 04:50:35
40 Current Time = 05:12:13
50 Current Time = 05:33:30
60 Current Time = 05:53:52
70 Current Time = 06:13:08
80 Current Time = 06:31:57
90 Current Time = 06:48:28
Number of features: 1000
0 Current Time = 07:04:47
10 Current Time = 07:38:03
20 Current Time = 08:11:23
30 Current Time = 08:45:29
40 Current Time = 09:24:03
50 Current Time = 10:03:59
