Running job number  115
Start  115
End  116
outcome: 130902-0.0
Number of features: 5
0 Current Time = 01:48:11
10 Current Time = 01:49:00
20 Current Time = 01:49:50
30 Current Time = 01:50:40
40 Current Time = 01:51:30
50 Current Time = 01:52:20
60 Current Time = 01:53:11
70 Current Time = 01:54:00
80 Current Time = 01:54:50
90 Current Time = 01:55:40
Number of features: 50
0 Current Time = 01:56:30
10 Current Time = 02:00:30
20 Current Time = 02:04:20
30 Current Time = 02:08:05
40 Current Time = 02:11:31
50 Current Time = 02:14:46
60 Current Time = 02:17:48
70 Current Time = 02:21:11
80 Current Time = 02:24:49
90 Current Time = 02:28:26
Number of features: 100
0 Current Time = 02:32:09
10 Current Time = 02:39:36
20 Current Time = 02:45:54
30 Current Time = 02:53:08
40 Current Time = 03:00:26
50 Current Time = 03:07:41
60 Current Time = 03:14:36
70 Current Time = 03:21:48
80 Current Time = 03:28:57
90 Current Time = 03:36:05
Number of features: 500
0 Current Time = 03:42:48
10 Current Time = 04:23:07
20 Current Time = 04:58:44
30 Current Time = 05:36:56
40 Current Time = 06:13:51
50 Current Time = 06:51:27
60 Current Time = 07:17:46
70 Current Time = 07:41:14
80 Current Time = 08:03:36
90 Current Time = 08:26:07
Number of features: 1000
0 Current Time = 08:48:48
10 Current Time = 10:00:34
20 Current Time = 10:53:38
30 Current Time = 11:40:59
40 Current Time = 12:30:27
50 Current Time = 13:15:44
60 Current Time = 14:02:33
70 Current Time = 14:52:18
80 Current Time = 16:00:40
90 Current Time = 16:48:35
Number of features: 2923
