Running job number  129
Start  129
End  130
outcome: 130998-0.0
Number of features: 5
0 Current Time = 01:47:45
10 Current Time = 01:48:11
20 Current Time = 01:48:39
30 Current Time = 01:49:06
40 Current Time = 01:49:33
50 Current Time = 01:50:01
60 Current Time = 01:50:28
70 Current Time = 01:50:56
80 Current Time = 01:51:22
90 Current Time = 01:51:50
Number of features: 50
0 Current Time = 01:52:17
10 Current Time = 01:54:00
20 Current Time = 01:55:39
30 Current Time = 01:57:16
40 Current Time = 01:58:55
50 Current Time = 02:00:34
60 Current Time = 02:02:12
70 Current Time = 02:03:50
80 Current Time = 02:05:28
90 Current Time = 02:07:05
Number of features: 100
0 Current Time = 02:08:43
10 Current Time = 02:11:47
20 Current Time = 02:14:54
30 Current Time = 02:18:02
40 Current Time = 02:21:11
50 Current Time = 02:24:18
60 Current Time = 02:27:31
70 Current Time = 02:30:37
80 Current Time = 02:33:43
90 Current Time = 02:36:49
Number of features: 500
0 Current Time = 02:39:57
10 Current Time = 02:56:15
20 Current Time = 03:12:42
30 Current Time = 03:29:10
40 Current Time = 03:45:32
50 Current Time = 04:02:03
60 Current Time = 04:18:34
70 Current Time = 04:35:01
80 Current Time = 04:51:31
90 Current Time = 05:07:58
Number of features: 1000
0 Current Time = 05:24:20
10 Current Time = 05:58:22
20 Current Time = 06:32:25
30 Current Time = 07:06:39
40 Current Time = 07:41:10
50 Current Time = 08:15:00
60 Current Time = 08:48:25
70 Current Time = 09:21:35
80 Current Time = 09:54:03
90 Current Time = 10:26:13
Number of features: 2923
Analyses complete. Current Time = 11:10:09
Results saved. All done. Current Time = 11:10:10
