Running job number  213
Start  213
End  214
outcome: 131236-0.0
Number of features: 5
0 Current Time = 23:14:58
10 Current Time = 23:15:41
20 Current Time = 23:16:25
30 Current Time = 23:17:09
40 Current Time = 23:17:55
50 Current Time = 23:18:39
60 Current Time = 23:19:21
70 Current Time = 23:20:06
80 Current Time = 23:20:49
90 Current Time = 23:21:33
Number of features: 50
0 Current Time = 23:22:17
10 Current Time = 23:25:00
20 Current Time = 23:27:41
30 Current Time = 23:30:22
40 Current Time = 23:33:00
50 Current Time = 23:35:43
60 Current Time = 23:38:23
70 Current Time = 23:41:04
80 Current Time = 23:43:45
90 Current Time = 23:46:24
Number of features: 100
0 Current Time = 23:49:06
10 Current Time = 23:54:22
20 Current Time = 23:59:30
30 Current Time = 00:04:36
40 Current Time = 00:09:56
50 Current Time = 00:15:05
60 Current Time = 00:19:56
70 Current Time = 00:25:06
80 Current Time = 00:30:24
90 Current Time = 00:35:39
Number of features: 500
0 Current Time = 00:41:00
10 Current Time = 01:07:18
20 Current Time = 01:34:34
30 Current Time = 02:00:47
40 Current Time = 02:27:43
50 Current Time = 02:53:51
60 Current Time = 03:20:09
70 Current Time = 03:46:09
80 Current Time = 04:12:32
90 Current Time = 04:39:29
Number of features: 1000
0 Current Time = 05:05:44
