Running job number  173
Start  173
End  174
outcome: 131126-0.0
Number of features: 5
0 Current Time = 23:12:43
10 Current Time = 23:13:20
20 Current Time = 23:13:58
30 Current Time = 23:14:35
40 Current Time = 23:15:12
50 Current Time = 23:15:48
60 Current Time = 23:16:25
70 Current Time = 23:17:02
80 Current Time = 23:17:38
90 Current Time = 23:18:15
Number of features: 50
0 Current Time = 23:18:52
10 Current Time = 23:21:22
20 Current Time = 23:23:51
30 Current Time = 23:26:22
40 Current Time = 23:28:52
50 Current Time = 23:31:19
60 Current Time = 23:33:46
70 Current Time = 23:36:13
80 Current Time = 23:38:39
90 Current Time = 23:41:03
Number of features: 100
0 Current Time = 23:43:30
10 Current Time = 23:48:24
20 Current Time = 23:53:27
30 Current Time = 23:58:32
40 Current Time = 00:03:36
50 Current Time = 00:08:32
60 Current Time = 00:13:33
70 Current Time = 00:18:37
80 Current Time = 00:23:41
90 Current Time = 00:28:39
Number of features: 500
0 Current Time = 00:33:36
10 Current Time = 00:59:02
20 Current Time = 01:24:44
30 Current Time = 01:50:35
40 Current Time = 02:16:23
50 Current Time = 02:42:15
60 Current Time = 03:08:16
70 Current Time = 03:34:15
80 Current Time = 04:00:19
90 Current Time = 04:26:14
Number of features: 1000
0 Current Time = 04:52:10
