Running job number  162
Start  162
End  163
outcome: 131096-0.0
Number of features: 5
0 Current Time = 21:33:05
10 Current Time = 21:33:38
20 Current Time = 21:34:09
30 Current Time = 21:34:41
40 Current Time = 21:35:13
50 Current Time = 21:35:44
60 Current Time = 21:36:15
70 Current Time = 21:36:47
80 Current Time = 21:37:19
90 Current Time = 21:37:50
Number of features: 50
0 Current Time = 21:38:22
10 Current Time = 21:40:34
20 Current Time = 21:42:35
30 Current Time = 21:44:35
40 Current Time = 21:46:37
50 Current Time = 21:48:38
60 Current Time = 21:50:39
70 Current Time = 21:52:39
80 Current Time = 21:54:39
90 Current Time = 21:56:43
Number of features: 100
0 Current Time = 21:58:46
10 Current Time = 22:03:05
20 Current Time = 22:07:10
30 Current Time = 22:11:14
40 Current Time = 22:15:14
50 Current Time = 22:19:22
60 Current Time = 22:23:23
70 Current Time = 22:27:23
80 Current Time = 22:31:34
90 Current Time = 22:35:42
Number of features: 500
0 Current Time = 22:39:40
10 Current Time = 23:00:25
20 Current Time = 23:21:20
30 Current Time = 23:42:57
40 Current Time = 00:04:03
50 Current Time = 00:24:45
60 Current Time = 00:46:22
70 Current Time = 01:08:18
80 Current Time = 01:29:27
90 Current Time = 01:50:31
Number of features: 1000
0 Current Time = 02:11:23
10 Current Time = 02:58:30
20 Current Time = 03:41:12
30 Current Time = 04:21:56
40 Current Time = 05:02:09
50 Current Time = 05:42:31
60 Current Time = 06:23:12
70 Current Time = 07:03:50
80 Current Time = 07:43:07
90 Current Time = 08:22:25
Number of features: 2923
Analyses complete. Current Time = 09:12:22
Results saved. All done. Current Time = 09:12:24
