Running job number  287
Start  287
End  288
outcome: 131432-0.0
Number of features: 5
0 Current Time = 01:54:44
10 Current Time = 01:55:31
20 Current Time = 01:56:19
30 Current Time = 01:57:05
40 Current Time = 01:57:53
50 Current Time = 01:58:42
60 Current Time = 01:59:27
70 Current Time = 02:00:13
80 Current Time = 02:00:58
90 Current Time = 02:01:42
Number of features: 50
0 Current Time = 02:02:28
10 Current Time = 02:05:08
20 Current Time = 02:07:50
30 Current Time = 02:10:31
40 Current Time = 02:13:09
50 Current Time = 02:15:49
60 Current Time = 02:18:26
70 Current Time = 02:21:08
80 Current Time = 02:23:49
90 Current Time = 02:26:28
Number of features: 100
0 Current Time = 02:29:11
10 Current Time = 02:34:18
20 Current Time = 02:39:28
30 Current Time = 02:44:39
40 Current Time = 02:49:46
50 Current Time = 02:54:55
60 Current Time = 03:00:05
70 Current Time = 03:05:17
80 Current Time = 03:10:30
90 Current Time = 03:15:35
Number of features: 500
0 Current Time = 03:20:48
10 Current Time = 03:46:32
20 Current Time = 04:11:49
30 Current Time = 04:37:26
40 Current Time = 05:03:05
50 Current Time = 05:28:52
60 Current Time = 05:54:31
70 Current Time = 06:20:39
80 Current Time = 06:47:28
90 Current Time = 07:16:28
Number of features: 1000
0 Current Time = 07:46:29
10 Current Time = 08:52:45
20 Current Time = 09:57:16
30 Current Time = 11:03:58
40 Current Time = 12:13:49
50 Current Time = 13:15:53
60 Current Time = 14:09:41
70 Current Time = 15:03:47
80 Current Time = 15:58:04
90 Current Time = 16:50:21
Number of features: 2923
