Running job number  52
Start  52
End  53
outcome: 130644-0.0
Number of features: 5
0 Current Time = 01:33:24
10 Current Time = 01:33:52
20 Current Time = 01:34:20
30 Current Time = 01:34:48
40 Current Time = 01:35:16
50 Current Time = 01:35:43
60 Current Time = 01:36:11
70 Current Time = 01:36:39
80 Current Time = 01:37:06
90 Current Time = 01:37:34
Number of features: 50
0 Current Time = 01:38:02
10 Current Time = 01:39:42
20 Current Time = 01:41:23
30 Current Time = 01:43:05
40 Current Time = 01:44:48
50 Current Time = 01:46:31
60 Current Time = 01:48:15
70 Current Time = 01:49:58
80 Current Time = 01:51:40
90 Current Time = 01:53:23
Number of features: 100
0 Current Time = 01:55:05
10 Current Time = 01:58:29
20 Current Time = 02:01:54
30 Current Time = 02:05:21
40 Current Time = 02:08:45
50 Current Time = 02:12:10
60 Current Time = 02:15:35
70 Current Time = 02:19:02
80 Current Time = 02:22:28
90 Current Time = 02:25:54
Number of features: 500
0 Current Time = 02:29:21
10 Current Time = 02:47:28
20 Current Time = 03:05:42
30 Current Time = 03:23:51
40 Current Time = 03:42:17
50 Current Time = 04:00:55
60 Current Time = 04:19:34
70 Current Time = 04:38:16
80 Current Time = 04:56:44
90 Current Time = 05:15:29
Number of features: 1000
0 Current Time = 05:33:59
10 Current Time = 06:13:01
20 Current Time = 06:51:15
30 Current Time = 07:30:17
40 Current Time = 08:09:31
50 Current Time = 08:49:02
60 Current Time = 09:28:55
70 Current Time = 10:08:48
80 Current Time = 10:48:34
90 Current Time = 11:28:07
Number of features: 2923
Analyses complete. Current Time = 12:21:42
Results saved. All done. Current Time = 12:21:44
