Running job number  231
Start  231
End  232
outcome: 131290-0.0
Number of features: 5
0 Current Time = 00:59:38
10 Current Time = 01:00:25
20 Current Time = 01:01:13
30 Current Time = 01:01:59
40 Current Time = 01:02:46
50 Current Time = 01:03:33
60 Current Time = 01:04:20
70 Current Time = 01:05:06
80 Current Time = 01:05:53
90 Current Time = 01:06:38
Number of features: 50
0 Current Time = 01:07:29
10 Current Time = 01:10:15
20 Current Time = 01:13:02
30 Current Time = 01:15:50
40 Current Time = 01:18:37
50 Current Time = 01:21:20
60 Current Time = 01:24:08
70 Current Time = 01:26:52
80 Current Time = 01:29:38
90 Current Time = 01:32:25
Number of features: 100
0 Current Time = 01:35:16
10 Current Time = 01:40:30
20 Current Time = 01:45:47
30 Current Time = 01:51:03
40 Current Time = 01:56:18
50 Current Time = 02:01:27
60 Current Time = 02:06:44
70 Current Time = 02:12:03
80 Current Time = 02:17:19
90 Current Time = 02:22:35
Number of features: 500
0 Current Time = 02:28:01
10 Current Time = 02:53:53
20 Current Time = 03:20:15
30 Current Time = 03:46:13
40 Current Time = 04:11:55
50 Current Time = 04:38:11
60 Current Time = 05:04:16
70 Current Time = 05:31:02
80 Current Time = 05:58:10
90 Current Time = 06:25:34
Number of features: 1000
0 Current Time = 06:53:46
10 Current Time = 07:48:45
20 Current Time = 08:43:43
30 Current Time = 09:38:25
