Running job number  432
Start  432
End  433
outcome: 131830-0.0
Number of features: 5
0 Current Time = 02:24:11
10 Current Time = 02:24:47
20 Current Time = 02:25:23
30 Current Time = 02:25:58
40 Current Time = 02:26:33
50 Current Time = 02:27:10
60 Current Time = 02:27:45
70 Current Time = 02:28:20
80 Current Time = 02:28:56
90 Current Time = 02:29:32
Number of features: 50
0 Current Time = 02:30:08
10 Current Time = 02:32:41
20 Current Time = 02:35:10
30 Current Time = 02:37:31
40 Current Time = 02:39:56
50 Current Time = 02:42:22
60 Current Time = 02:44:46
70 Current Time = 02:47:18
80 Current Time = 02:49:44
90 Current Time = 02:52:13
Number of features: 100
0 Current Time = 02:54:40
10 Current Time = 02:59:26
20 Current Time = 03:04:14
30 Current Time = 03:09:00
40 Current Time = 03:13:52
50 Current Time = 03:18:46
60 Current Time = 03:23:32
70 Current Time = 03:28:25
80 Current Time = 03:33:18
90 Current Time = 03:38:11
Number of features: 500
0 Current Time = 03:42:58
10 Current Time = 04:07:46
20 Current Time = 04:32:11
30 Current Time = 04:56:24
40 Current Time = 05:20:11
50 Current Time = 05:43:52
60 Current Time = 06:06:24
70 Current Time = 06:27:37
80 Current Time = 06:48:15
90 Current Time = 07:08:51
Number of features: 1000
0 Current Time = 07:29:23
10 Current Time = 08:12:19
20 Current Time = 08:55:46
30 Current Time = 09:39:07
40 Current Time = 10:19:15
