Running job number  82
Start  82
End  83
outcome: 130770-0.0
Number of features: 5
0 Current Time = 23:08:06
10 Current Time = 23:08:49
20 Current Time = 23:09:33
30 Current Time = 23:10:15
40 Current Time = 23:10:57
50 Current Time = 23:11:42
60 Current Time = 23:12:26
70 Current Time = 23:13:09
80 Current Time = 23:13:54
90 Current Time = 23:14:37
Number of features: 50
0 Current Time = 23:15:21
10 Current Time = 23:18:12
20 Current Time = 23:21:02
30 Current Time = 23:23:50
40 Current Time = 23:26:45
50 Current Time = 23:29:42
60 Current Time = 23:32:35
70 Current Time = 23:35:30
80 Current Time = 23:38:29
90 Current Time = 23:41:15
Number of features: 100
0 Current Time = 23:44:12
10 Current Time = 23:49:37
20 Current Time = 23:55:06
30 Current Time = 00:00:40
40 Current Time = 00:06:02
50 Current Time = 00:11:32
60 Current Time = 00:16:56
70 Current Time = 00:22:15
80 Current Time = 00:27:55
90 Current Time = 00:33:30
Number of features: 500
0 Current Time = 00:39:13
10 Current Time = 01:06:49
20 Current Time = 01:35:07
30 Current Time = 02:03:30
40 Current Time = 02:31:19
50 Current Time = 03:00:10
60 Current Time = 03:28:31
70 Current Time = 03:56:49
80 Current Time = 04:25:10
90 Current Time = 04:53:47
