Running job number  255
Start  255
End  256
outcome: 131354-0.0
Number of features: 5
0 Current Time = 01:16:19
10 Current Time = 01:17:15
20 Current Time = 01:18:11
30 Current Time = 01:19:06
40 Current Time = 01:20:00
50 Current Time = 01:20:55
60 Current Time = 01:21:53
70 Current Time = 01:22:49
80 Current Time = 01:23:45
90 Current Time = 01:24:38
Number of features: 50
0 Current Time = 01:25:35
10 Current Time = 01:29:07
20 Current Time = 01:32:39
30 Current Time = 01:36:12
40 Current Time = 01:39:42
50 Current Time = 01:43:12
60 Current Time = 01:46:45
70 Current Time = 01:50:19
80 Current Time = 01:54:02
90 Current Time = 01:57:37
Number of features: 100
0 Current Time = 02:01:09
10 Current Time = 02:08:00
20 Current Time = 02:14:39
30 Current Time = 02:21:29
40 Current Time = 02:28:19
50 Current Time = 02:35:17
60 Current Time = 02:42:14
70 Current Time = 02:49:15
80 Current Time = 02:56:19
90 Current Time = 03:03:20
Number of features: 500
0 Current Time = 03:10:14
10 Current Time = 03:46:25
20 Current Time = 04:21:36
30 Current Time = 04:56:08
40 Current Time = 05:30:50
50 Current Time = 06:05:01
60 Current Time = 06:39:31
70 Current Time = 07:14:23
80 Current Time = 07:49:46
90 Current Time = 08:25:11
Number of features: 1000
0 Current Time = 08:59:23
10 Current Time = 10:10:23
