Running job number  94
Start  94
End  95
outcome: 130828-0.0
Number of features: 5
0 Current Time = 21:33:07
10 Current Time = 21:34:08
20 Current Time = 21:35:07
30 Current Time = 21:36:09
40 Current Time = 21:37:09
50 Current Time = 21:38:12
60 Current Time = 21:39:15
70 Current Time = 21:40:17
80 Current Time = 21:41:18
90 Current Time = 21:42:19
Number of features: 50
0 Current Time = 21:43:22
10 Current Time = 21:47:34
20 Current Time = 21:51:41
30 Current Time = 21:55:49
40 Current Time = 21:59:55
50 Current Time = 22:04:08
60 Current Time = 22:08:14
70 Current Time = 22:12:28
80 Current Time = 22:16:42
90 Current Time = 22:20:54
Number of features: 100
0 Current Time = 22:24:54
10 Current Time = 22:32:41
20 Current Time = 22:40:25
30 Current Time = 22:48:12
40 Current Time = 22:55:59
50 Current Time = 23:03:53
60 Current Time = 23:11:44
70 Current Time = 23:19:44
80 Current Time = 23:27:34
90 Current Time = 23:35:25
Number of features: 500
0 Current Time = 23:43:05
10 Current Time = 00:22:33
20 Current Time = 01:02:32
30 Current Time = 01:44:56
40 Current Time = 02:27:31
50 Current Time = 03:08:54
60 Current Time = 03:50:29
70 Current Time = 04:30:51
80 Current Time = 05:11:35
90 Current Time = 05:52:27
Number of features: 1000
0 Current Time = 06:33:16
10 Current Time = 08:01:43
20 Current Time = 09:28:37
