Running job number  39
Start  39
End  40
outcome: 130320-0.0
Number of features: 5
0 Current Time = 23:05:07
10 Current Time = 23:05:38
20 Current Time = 23:06:09
30 Current Time = 23:06:40
40 Current Time = 23:07:12
50 Current Time = 23:07:43
60 Current Time = 23:08:14
70 Current Time = 23:08:44
80 Current Time = 23:09:16
90 Current Time = 23:09:47
Number of features: 50
0 Current Time = 23:10:18
10 Current Time = 23:12:07
20 Current Time = 23:13:56
30 Current Time = 23:15:46
40 Current Time = 23:17:36
50 Current Time = 23:19:26
60 Current Time = 23:21:16
70 Current Time = 23:23:06
80 Current Time = 23:24:56
90 Current Time = 23:26:47
Number of features: 100
0 Current Time = 23:28:38
10 Current Time = 23:32:06
20 Current Time = 23:35:39
30 Current Time = 23:39:14
40 Current Time = 23:42:48
50 Current Time = 23:46:22
60 Current Time = 23:49:56
70 Current Time = 23:53:30
80 Current Time = 23:57:02
90 Current Time = 00:00:33
Number of features: 500
0 Current Time = 00:04:07
10 Current Time = 00:22:56
20 Current Time = 00:41:04
30 Current Time = 00:59:27
40 Current Time = 01:17:25
50 Current Time = 01:35:53
60 Current Time = 01:54:00
70 Current Time = 02:11:52
80 Current Time = 02:29:48
90 Current Time = 02:49:01
Number of features: 1000
0 Current Time = 03:08:29
10 Current Time = 03:48:28
20 Current Time = 04:30:44
