Running job number  125
Start  125
End  126
outcome: 130922-0.0
Number of features: 5
0 Current Time = 01:47:44
10 Current Time = 01:48:17
20 Current Time = 01:48:50
30 Current Time = 01:49:24
40 Current Time = 01:49:56
50 Current Time = 01:50:28
60 Current Time = 01:50:59
70 Current Time = 01:51:30
80 Current Time = 01:52:02
90 Current Time = 01:52:33
Number of features: 50
0 Current Time = 01:53:03
10 Current Time = 01:55:05
20 Current Time = 01:57:04
30 Current Time = 01:59:04
40 Current Time = 02:01:03
50 Current Time = 02:03:03
60 Current Time = 02:05:02
70 Current Time = 02:07:02
80 Current Time = 02:09:05
90 Current Time = 02:11:06
Number of features: 100
0 Current Time = 02:13:05
10 Current Time = 02:17:09
20 Current Time = 02:21:05
30 Current Time = 02:25:03
40 Current Time = 02:29:01
50 Current Time = 02:32:57
60 Current Time = 02:36:53
70 Current Time = 02:40:52
80 Current Time = 02:44:55
90 Current Time = 02:48:51
Number of features: 500
0 Current Time = 02:52:52
10 Current Time = 03:13:39
20 Current Time = 03:34:17
30 Current Time = 03:55:10
40 Current Time = 04:15:53
50 Current Time = 04:36:44
60 Current Time = 04:57:39
70 Current Time = 05:18:25
80 Current Time = 05:39:18
90 Current Time = 06:00:14
Number of features: 1000
0 Current Time = 06:21:06
10 Current Time = 07:05:20
20 Current Time = 07:50:45
30 Current Time = 08:36:16
40 Current Time = 09:21:49
50 Current Time = 10:06:49
60 Current Time = 11:15:07
70 Current Time = 12:02:29
80 Current Time = 12:55:12
90 Current Time = 13:41:07
Number of features: 2923
Analyses complete. Current Time = 14:41:06
Results saved. All done. Current Time = 14:41:07
