Running job number  538
Start  538
End  539
outcome: 132110-0.0
Number of features: 5
0 Current Time = 02:40:13
10 Current Time = 02:40:48
20 Current Time = 02:41:22
30 Current Time = 02:41:55
40 Current Time = 02:42:31
50 Current Time = 02:43:05
60 Current Time = 02:43:38
70 Current Time = 02:44:12
80 Current Time = 02:44:45
90 Current Time = 02:45:17
Number of features: 50
0 Current Time = 02:45:52
10 Current Time = 02:48:08
20 Current Time = 02:50:20
30 Current Time = 02:52:34
40 Current Time = 02:54:52
50 Current Time = 02:57:08
60 Current Time = 02:59:24
70 Current Time = 03:01:43
80 Current Time = 03:03:57
90 Current Time = 03:06:10
Number of features: 100
0 Current Time = 03:08:21
10 Current Time = 03:12:46
20 Current Time = 03:17:15
30 Current Time = 03:21:47
40 Current Time = 03:26:09
50 Current Time = 03:30:33
60 Current Time = 03:35:04
70 Current Time = 03:39:37
80 Current Time = 03:43:59
90 Current Time = 03:48:15
Number of features: 500
0 Current Time = 03:52:40
10 Current Time = 04:15:22
20 Current Time = 04:38:00
30 Current Time = 04:59:29
40 Current Time = 05:20:10
50 Current Time = 05:39:00
60 Current Time = 05:57:35
70 Current Time = 06:16:13
80 Current Time = 06:34:24
90 Current Time = 06:52:36
Number of features: 1000
0 Current Time = 07:10:44
10 Current Time = 07:47:57
20 Current Time = 08:25:13
30 Current Time = 09:03:09
40 Current Time = 09:41:05
50 Current Time = 10:18:30
