Running job number  16
Start  16
End  17
outcome: 130174-0.0
Number of features: 5
0 Current Time = 23:04:56
10 Current Time = 23:05:33
20 Current Time = 23:06:12
30 Current Time = 23:06:51
40 Current Time = 23:07:30
50 Current Time = 23:08:09
60 Current Time = 23:08:47
70 Current Time = 23:09:23
80 Current Time = 23:10:02
90 Current Time = 23:10:37
Number of features: 50
0 Current Time = 23:11:13
10 Current Time = 23:13:44
20 Current Time = 23:16:13
30 Current Time = 23:18:42
40 Current Time = 23:21:07
50 Current Time = 23:23:30
60 Current Time = 23:26:00
70 Current Time = 23:28:28
80 Current Time = 23:30:55
90 Current Time = 23:33:19
Number of features: 100
0 Current Time = 23:35:46
10 Current Time = 23:40:33
20 Current Time = 23:45:30
30 Current Time = 23:50:25
40 Current Time = 23:55:14
50 Current Time = 00:00:08
60 Current Time = 00:05:00
70 Current Time = 00:10:02
80 Current Time = 00:15:02
90 Current Time = 00:20:11
Number of features: 500
0 Current Time = 00:25:10
10 Current Time = 00:49:46
20 Current Time = 01:13:16
30 Current Time = 01:35:42
40 Current Time = 01:58:44
50 Current Time = 02:21:37
60 Current Time = 02:44:21
70 Current Time = 03:06:54
80 Current Time = 03:30:16
90 Current Time = 03:53:54
Number of features: 1000
0 Current Time = 04:17:48
