Running job number  87
Start  87
End  88
outcome: 130806-0.0
Number of features: 5
0 Current Time = 23:07:34
10 Current Time = 23:08:07
20 Current Time = 23:08:40
30 Current Time = 23:09:12
40 Current Time = 23:09:46
50 Current Time = 23:10:18
60 Current Time = 23:10:51
70 Current Time = 23:11:24
80 Current Time = 23:11:56
90 Current Time = 23:12:29
Number of features: 50
0 Current Time = 23:13:01
10 Current Time = 23:15:11
20 Current Time = 23:17:20
30 Current Time = 23:19:28
40 Current Time = 23:21:36
50 Current Time = 23:23:43
60 Current Time = 23:25:47
70 Current Time = 23:27:52
80 Current Time = 23:29:55
90 Current Time = 23:31:57
Number of features: 100
0 Current Time = 23:34:00
10 Current Time = 23:38:04
20 Current Time = 23:42:06
30 Current Time = 23:46:09
40 Current Time = 23:50:08
50 Current Time = 23:54:06
60 Current Time = 23:58:03
70 Current Time = 00:02:05
80 Current Time = 00:06:06
90 Current Time = 00:10:04
Number of features: 500
0 Current Time = 00:13:58
10 Current Time = 00:34:39
20 Current Time = 00:55:27
30 Current Time = 01:16:20
40 Current Time = 01:37:07
50 Current Time = 01:58:02
60 Current Time = 02:18:48
70 Current Time = 02:39:27
80 Current Time = 03:00:06
90 Current Time = 03:20:45
Number of features: 1000
0 Current Time = 03:41:21
10 Current Time = 04:23:53
20 Current Time = 05:06:31
