Running job number  370
Start  370
End  371
outcome: 131644-0.0
Number of features: 5
0 Current Time = 02:09:50
10 Current Time = 02:10:24
20 Current Time = 02:10:58
30 Current Time = 02:11:32
40 Current Time = 02:12:05
50 Current Time = 02:12:39
60 Current Time = 02:13:13
70 Current Time = 02:13:45
80 Current Time = 02:14:18
90 Current Time = 02:14:51
Number of features: 50
0 Current Time = 02:15:24
10 Current Time = 02:17:47
20 Current Time = 02:20:07
30 Current Time = 02:22:29
40 Current Time = 02:24:53
50 Current Time = 02:27:17
60 Current Time = 02:29:44
70 Current Time = 02:32:09
80 Current Time = 02:34:29
90 Current Time = 02:36:45
Number of features: 100
0 Current Time = 02:39:07
10 Current Time = 02:43:55
20 Current Time = 02:48:38
30 Current Time = 02:53:23
40 Current Time = 02:58:09
50 Current Time = 03:03:03
60 Current Time = 03:07:53
70 Current Time = 03:12:44
80 Current Time = 03:17:31
90 Current Time = 03:22:15
Number of features: 500
0 Current Time = 03:27:06
10 Current Time = 03:51:07
20 Current Time = 04:14:38
30 Current Time = 04:37:36
40 Current Time = 05:00:10
50 Current Time = 05:22:43
60 Current Time = 05:45:27
70 Current Time = 06:08:00
80 Current Time = 06:30:29
90 Current Time = 06:52:54
Number of features: 1000
0 Current Time = 07:15:24
10 Current Time = 08:02:00
20 Current Time = 08:49:30
30 Current Time = 09:35:17
