Running job number  233
Start  233
End  234
outcome: 131296-0.0
Number of features: 5
0 Current Time = 01:50:16
10 Current Time = 01:51:20
20 Current Time = 01:52:24
30 Current Time = 01:53:28
40 Current Time = 01:54:33
50 Current Time = 01:55:38
60 Current Time = 01:56:43
70 Current Time = 01:57:46
80 Current Time = 01:58:50
90 Current Time = 01:59:55
Number of features: 50
0 Current Time = 02:01:00
10 Current Time = 02:05:13
20 Current Time = 02:09:30
30 Current Time = 02:13:40
40 Current Time = 02:17:53
50 Current Time = 02:22:12
60 Current Time = 02:26:25
70 Current Time = 02:30:34
80 Current Time = 02:34:48
90 Current Time = 02:38:59
Number of features: 100
0 Current Time = 02:43:08
10 Current Time = 02:51:21
20 Current Time = 02:59:32
30 Current Time = 03:07:50
40 Current Time = 03:15:52
50 Current Time = 03:24:05
60 Current Time = 03:32:12
70 Current Time = 03:40:29
80 Current Time = 03:48:43
90 Current Time = 03:56:54
Number of features: 500
0 Current Time = 04:05:05
10 Current Time = 04:47:30
20 Current Time = 05:29:49
30 Current Time = 06:12:11
40 Current Time = 06:54:00
50 Current Time = 07:36:42
60 Current Time = 08:19:13
70 Current Time = 09:01:16
80 Current Time = 09:46:44
90 Current Time = 10:34:14
Number of features: 1000
0 Current Time = 11:21:18
10 Current Time = 13:04:42
20 Current Time = 14:49:16
30 Current Time = 16:33:13
