Running job number  75
Start  75
End  76
outcome: 130724-0.0
Number of features: 5
0 Current Time = 23:07:58
10 Current Time = 23:08:31
20 Current Time = 23:09:04
30 Current Time = 23:09:37
40 Current Time = 23:10:10
50 Current Time = 23:10:42
60 Current Time = 23:11:14
70 Current Time = 23:11:47
80 Current Time = 23:12:19
90 Current Time = 23:12:51
Number of features: 50
0 Current Time = 23:13:24
10 Current Time = 23:15:27
20 Current Time = 23:17:25
30 Current Time = 23:19:23
40 Current Time = 23:21:26
50 Current Time = 23:23:27
60 Current Time = 23:25:31
70 Current Time = 23:27:34
80 Current Time = 23:29:35
90 Current Time = 23:31:35
Number of features: 100
0 Current Time = 23:33:35
10 Current Time = 23:38:20
20 Current Time = 23:42:50
30 Current Time = 23:47:11
40 Current Time = 23:51:30
50 Current Time = 23:56:10
60 Current Time = 00:00:46
70 Current Time = 00:05:33
80 Current Time = 00:10:17
90 Current Time = 00:14:59
Number of features: 500
0 Current Time = 00:19:34
10 Current Time = 00:47:07
20 Current Time = 01:15:35
30 Current Time = 01:44:00
40 Current Time = 02:09:16
50 Current Time = 02:34:51
60 Current Time = 03:02:39
70 Current Time = 03:30:08
80 Current Time = 03:56:54
90 Current Time = 04:22:09
Number of features: 1000
0 Current Time = 04:47:22
