Running job number  165
Start  165
End  166
outcome: 131106-0.0
Number of features: 5
0 Current Time = 23:12:40
10 Current Time = 23:13:17
20 Current Time = 23:13:53
30 Current Time = 23:14:30
40 Current Time = 23:15:06
50 Current Time = 23:15:42
60 Current Time = 23:16:18
70 Current Time = 23:16:53
80 Current Time = 23:17:29
90 Current Time = 23:18:04
Number of features: 50
0 Current Time = 23:18:39
10 Current Time = 23:21:02
20 Current Time = 23:23:22
30 Current Time = 23:25:41
40 Current Time = 23:28:04
50 Current Time = 23:30:26
60 Current Time = 23:32:48
70 Current Time = 23:35:12
80 Current Time = 23:37:35
90 Current Time = 23:39:57
Number of features: 100
0 Current Time = 23:42:17
10 Current Time = 23:47:03
20 Current Time = 23:51:32
30 Current Time = 23:56:10
40 Current Time = 00:01:04
50 Current Time = 00:06:05
60 Current Time = 00:10:56
70 Current Time = 00:14:59
80 Current Time = 00:19:02
90 Current Time = 00:23:39
Number of features: 500
0 Current Time = 00:28:26
10 Current Time = 00:52:57
20 Current Time = 01:18:03
30 Current Time = 01:43:26
40 Current Time = 02:08:54
50 Current Time = 02:34:11
60 Current Time = 02:59:15
70 Current Time = 03:24:30
80 Current Time = 03:49:38
90 Current Time = 04:15:19
Number of features: 1000
0 Current Time = 04:40:44
