Running job number  271
Start  271
End  272
outcome: 131392-0.0
Number of features: 5
0 Current Time = 23:19:09
10 Current Time = 23:19:42
20 Current Time = 23:20:15
30 Current Time = 23:20:47
40 Current Time = 23:21:19
50 Current Time = 23:21:52
60 Current Time = 23:22:26
70 Current Time = 23:22:58
80 Current Time = 23:23:31
90 Current Time = 23:24:04
Number of features: 50
0 Current Time = 23:24:36
10 Current Time = 23:26:46
20 Current Time = 23:28:56
30 Current Time = 23:31:02
40 Current Time = 23:33:11
50 Current Time = 23:35:20
60 Current Time = 23:37:30
70 Current Time = 23:39:40
80 Current Time = 23:41:51
90 Current Time = 23:44:05
Number of features: 100
0 Current Time = 23:46:16
10 Current Time = 23:50:30
20 Current Time = 23:54:41
30 Current Time = 23:58:52
40 Current Time = 00:03:01
50 Current Time = 00:07:15
60 Current Time = 00:11:20
70 Current Time = 00:15:25
80 Current Time = 00:19:23
90 Current Time = 00:23:19
Number of features: 500
0 Current Time = 00:27:11
10 Current Time = 00:47:15
20 Current Time = 01:07:59
30 Current Time = 01:28:31
40 Current Time = 01:48:45
50 Current Time = 02:09:01
60 Current Time = 02:29:20
70 Current Time = 02:49:30
80 Current Time = 03:09:50
90 Current Time = 03:30:03
Number of features: 1000
0 Current Time = 03:50:13
10 Current Time = 04:31:48
20 Current Time = 05:13:33
