Running job number  548
Start  548
End  549
outcome: 132134-0.0
Number of features: 5
0 Current Time = 02:42:54
10 Current Time = 02:43:33
20 Current Time = 02:44:12
30 Current Time = 02:44:49
40 Current Time = 02:45:27
50 Current Time = 02:46:05
60 Current Time = 02:46:44
70 Current Time = 02:47:23
80 Current Time = 02:48:01
90 Current Time = 02:48:41
Number of features: 50
0 Current Time = 02:49:20
10 Current Time = 02:52:01
20 Current Time = 02:54:41
30 Current Time = 02:57:21
40 Current Time = 03:00:07
50 Current Time = 03:02:52
60 Current Time = 03:05:23
70 Current Time = 03:08:02
80 Current Time = 03:10:42
90 Current Time = 03:13:20
Number of features: 100
0 Current Time = 03:16:02
10 Current Time = 03:21:18
20 Current Time = 03:26:36
30 Current Time = 03:31:53
40 Current Time = 03:36:57
50 Current Time = 03:42:16
60 Current Time = 03:47:27
70 Current Time = 03:52:44
80 Current Time = 03:58:00
90 Current Time = 04:03:25
Number of features: 500
0 Current Time = 04:08:38
10 Current Time = 04:33:54
20 Current Time = 04:58:33
30 Current Time = 05:23:01
40 Current Time = 05:47:38
50 Current Time = 06:12:19
60 Current Time = 06:36:20
70 Current Time = 07:00:29
80 Current Time = 07:24:18
90 Current Time = 07:48:11
Number of features: 1000
0 Current Time = 08:12:20
10 Current Time = 09:01:25
20 Current Time = 09:50:57
