Running job number  595
Start  595
End  596
outcome: 132472-0.0
Number of features: 5
0 Current Time = 02:47:04
10 Current Time = 02:47:40
20 Current Time = 02:48:14
30 Current Time = 02:48:50
40 Current Time = 02:49:25
50 Current Time = 02:50:00
60 Current Time = 02:50:35
70 Current Time = 02:51:09
80 Current Time = 02:51:44
90 Current Time = 02:52:20
Number of features: 50
0 Current Time = 02:52:54
10 Current Time = 02:55:10
20 Current Time = 02:57:29
30 Current Time = 02:59:49
40 Current Time = 03:02:13
50 Current Time = 03:04:32
60 Current Time = 03:06:46
70 Current Time = 03:09:02
80 Current Time = 03:11:20
90 Current Time = 03:13:36
Number of features: 100
0 Current Time = 03:15:50
10 Current Time = 03:20:20
20 Current Time = 03:24:59
30 Current Time = 03:29:33
40 Current Time = 03:34:02
50 Current Time = 03:38:32
60 Current Time = 03:43:11
70 Current Time = 03:47:55
80 Current Time = 03:52:35
90 Current Time = 03:57:14
Number of features: 500
0 Current Time = 04:01:50
10 Current Time = 04:25:50
20 Current Time = 04:49:29
30 Current Time = 05:13:53
40 Current Time = 05:37:47
50 Current Time = 06:01:06
60 Current Time = 06:23:36
70 Current Time = 06:45:33
80 Current Time = 07:07:28
90 Current Time = 07:29:14
Number of features: 1000
0 Current Time = 07:50:51
10 Current Time = 08:36:24
20 Current Time = 09:22:46
