Running job number  58
Start  58
End  59
outcome: 130664-0.0
Number of features: 5
0 Current Time = 23:07:36
10 Current Time = 23:08:11
20 Current Time = 23:08:46
30 Current Time = 23:09:21
40 Current Time = 23:09:56
50 Current Time = 23:10:30
60 Current Time = 23:11:04
70 Current Time = 23:11:37
80 Current Time = 23:12:11
90 Current Time = 23:12:46
Number of features: 50
0 Current Time = 23:13:21
10 Current Time = 23:15:33
20 Current Time = 23:17:42
30 Current Time = 23:19:53
40 Current Time = 23:22:04
50 Current Time = 23:24:14
60 Current Time = 23:26:22
70 Current Time = 23:28:31
80 Current Time = 23:30:42
90 Current Time = 23:32:51
Number of features: 100
0 Current Time = 23:35:01
10 Current Time = 23:39:41
20 Current Time = 23:44:22
30 Current Time = 23:49:01
40 Current Time = 23:53:49
50 Current Time = 23:58:39
60 Current Time = 00:03:12
70 Current Time = 00:07:53
80 Current Time = 00:12:42
90 Current Time = 00:18:13
Number of features: 500
0 Current Time = 00:22:51
10 Current Time = 00:47:21
20 Current Time = 01:11:33
30 Current Time = 01:34:57
40 Current Time = 01:59:16
50 Current Time = 02:24:27
60 Current Time = 02:48:23
70 Current Time = 03:12:54
80 Current Time = 03:37:14
90 Current Time = 04:01:19
Number of features: 1000
0 Current Time = 04:25:09
