Running job number  37
Start  37
End  38
outcome: 130264-0.0
Number of features: 5
0 Current Time = 01:32:17
10 Current Time = 01:32:46
20 Current Time = 01:33:15
30 Current Time = 01:33:44
40 Current Time = 01:34:13
50 Current Time = 01:34:41
60 Current Time = 01:35:11
70 Current Time = 01:35:39
80 Current Time = 01:36:08
90 Current Time = 01:36:38
Number of features: 50
0 Current Time = 01:37:07
10 Current Time = 01:38:50
20 Current Time = 01:40:32
30 Current Time = 01:42:12
40 Current Time = 01:43:52
50 Current Time = 01:45:33
60 Current Time = 01:47:13
70 Current Time = 01:48:53
80 Current Time = 01:50:33
90 Current Time = 01:52:14
Number of features: 100
0 Current Time = 01:53:52
10 Current Time = 01:57:07
20 Current Time = 02:00:22
30 Current Time = 02:03:36
40 Current Time = 02:06:49
50 Current Time = 02:10:10
60 Current Time = 02:13:24
70 Current Time = 02:16:38
80 Current Time = 02:19:53
90 Current Time = 02:23:08
Number of features: 500
0 Current Time = 02:26:21
10 Current Time = 02:44:23
20 Current Time = 03:02:31
30 Current Time = 03:20:33
40 Current Time = 03:38:43
50 Current Time = 03:56:48
60 Current Time = 04:14:55
70 Current Time = 04:33:01
80 Current Time = 04:51:05
90 Current Time = 05:09:01
Number of features: 1000
0 Current Time = 05:26:56
10 Current Time = 06:04:21
20 Current Time = 06:42:11
30 Current Time = 07:19:51
40 Current Time = 07:57:32
50 Current Time = 08:35:04
60 Current Time = 09:12:48
70 Current Time = 09:50:11
80 Current Time = 10:27:45
90 Current Time = 11:05:27
Number of features: 2923
Analyses complete. Current Time = 11:53:13
Results saved. All done. Current Time = 11:53:14
