Running job number  237
Start  237
End  238
outcome: 131306-0.0
Number of features: 5
0 Current Time = 23:14:37
10 Current Time = 23:15:49
20 Current Time = 23:17:03
30 Current Time = 23:18:17
40 Current Time = 23:19:29
50 Current Time = 23:20:44
60 Current Time = 23:21:56
70 Current Time = 23:23:08
80 Current Time = 23:24:20
90 Current Time = 23:25:30
Number of features: 50
0 Current Time = 23:26:42
10 Current Time = 23:31:47
20 Current Time = 23:36:53
30 Current Time = 23:41:54
40 Current Time = 23:46:54
50 Current Time = 23:52:07
60 Current Time = 23:57:15
70 Current Time = 00:02:25
80 Current Time = 00:07:36
90 Current Time = 00:12:44
Number of features: 100
0 Current Time = 00:17:53
10 Current Time = 00:28:18
20 Current Time = 00:38:28
30 Current Time = 00:48:29
40 Current Time = 00:58:45
50 Current Time = 01:09:11
60 Current Time = 01:19:11
70 Current Time = 01:29:26
80 Current Time = 01:39:48
90 Current Time = 01:49:54
Number of features: 500
0 Current Time = 01:59:59
10 Current Time = 02:51:36
20 Current Time = 03:43:18
30 Current Time = 04:35:19
