Running job number  239
Start  239
End  240
outcome: 131310-0.0
Number of features: 5
0 Current Time = 01:06:36
10 Current Time = 01:07:24
20 Current Time = 01:08:11
30 Current Time = 01:08:57
40 Current Time = 01:09:44
50 Current Time = 01:10:33
60 Current Time = 01:11:19
70 Current Time = 01:12:04
80 Current Time = 01:12:50
90 Current Time = 01:13:36
Number of features: 50
0 Current Time = 01:14:24
10 Current Time = 01:17:19
20 Current Time = 01:20:10
30 Current Time = 01:22:57
40 Current Time = 01:25:46
50 Current Time = 01:28:38
60 Current Time = 01:31:26
70 Current Time = 01:34:11
80 Current Time = 01:37:07
90 Current Time = 01:40:02
Number of features: 100
0 Current Time = 01:42:53
10 Current Time = 01:48:21
20 Current Time = 01:53:49
30 Current Time = 01:59:21
40 Current Time = 02:04:52
50 Current Time = 02:10:31
60 Current Time = 02:16:01
70 Current Time = 02:21:28
80 Current Time = 02:27:06
90 Current Time = 02:32:37
Number of features: 500
0 Current Time = 02:38:10
10 Current Time = 03:06:14
20 Current Time = 03:34:23
30 Current Time = 04:01:43
40 Current Time = 04:30:11
50 Current Time = 04:58:05
60 Current Time = 05:26:06
70 Current Time = 05:55:05
80 Current Time = 06:24:44
90 Current Time = 06:54:04
Number of features: 1000
0 Current Time = 07:23:45
10 Current Time = 08:23:59
20 Current Time = 09:24:19
30 Current Time = 10:23:20
