Running job number  580
Start  580
End  581
outcome: 132244-0.0
Number of features: 5
0 Current Time = 02:43:58
10 Current Time = 02:44:37
20 Current Time = 02:45:17
30 Current Time = 02:45:55
40 Current Time = 02:46:36
50 Current Time = 02:47:15
60 Current Time = 02:47:53
70 Current Time = 02:48:32
80 Current Time = 02:49:11
90 Current Time = 02:49:51
Number of features: 50
0 Current Time = 02:50:30
10 Current Time = 02:52:53
20 Current Time = 02:55:15
30 Current Time = 02:57:35
40 Current Time = 02:59:52
50 Current Time = 03:02:07
60 Current Time = 03:04:25
70 Current Time = 03:06:42
80 Current Time = 03:09:03
90 Current Time = 03:11:26
Number of features: 100
0 Current Time = 03:13:50
10 Current Time = 03:18:44
20 Current Time = 03:24:12
30 Current Time = 03:29:14
40 Current Time = 03:34:41
50 Current Time = 03:39:30
60 Current Time = 03:44:34
70 Current Time = 03:49:28
80 Current Time = 03:54:24
90 Current Time = 03:59:11
Number of features: 500
0 Current Time = 04:04:10
10 Current Time = 04:31:11
20 Current Time = 04:55:37
30 Current Time = 05:18:21
40 Current Time = 05:40:50
50 Current Time = 06:03:21
60 Current Time = 06:25:48
70 Current Time = 06:47:40
80 Current Time = 07:09:31
90 Current Time = 07:31:24
Number of features: 1000
0 Current Time = 07:53:24
10 Current Time = 08:37:46
20 Current Time = 09:21:52
30 Current Time = 10:05:44
