Running job number  182
Start  182
End  183
outcome: 131150-0.0
Number of features: 5
0 Current Time = 01:49:06
10 Current Time = 01:49:39
20 Current Time = 01:50:12
30 Current Time = 01:50:45
40 Current Time = 01:51:17
50 Current Time = 01:51:50
60 Current Time = 01:52:23
70 Current Time = 01:52:56
80 Current Time = 01:53:29
90 Current Time = 01:54:02
Number of features: 50
0 Current Time = 01:54:36
10 Current Time = 01:56:42
20 Current Time = 01:58:47
30 Current Time = 02:00:50
40 Current Time = 02:02:57
50 Current Time = 02:05:02
60 Current Time = 02:07:07
70 Current Time = 02:09:11
80 Current Time = 02:11:17
90 Current Time = 02:13:23
Number of features: 100
0 Current Time = 02:15:27
10 Current Time = 02:19:31
20 Current Time = 02:23:33
30 Current Time = 02:27:37
40 Current Time = 02:31:42
50 Current Time = 02:35:48
60 Current Time = 02:39:52
70 Current Time = 02:43:52
80 Current Time = 02:48:00
90 Current Time = 02:52:09
Number of features: 500
0 Current Time = 02:56:18
10 Current Time = 03:17:50
20 Current Time = 03:39:25
30 Current Time = 04:01:04
40 Current Time = 04:22:52
50 Current Time = 04:44:26
60 Current Time = 05:06:05
70 Current Time = 05:26:47
80 Current Time = 05:47:36
90 Current Time = 06:08:01
Number of features: 1000
0 Current Time = 06:28:45
10 Current Time = 07:11:20
20 Current Time = 07:54:16
30 Current Time = 08:37:34
40 Current Time = 09:23:59
50 Current Time = 10:10:02
60 Current Time = 10:55:17
70 Current Time = 11:42:17
80 Current Time = 12:40:11
90 Current Time = 13:32:35
Number of features: 2923
Analyses complete. Current Time = 14:41:59
Results saved. All done. Current Time = 14:42:00
