Running job number  77
Start  77
End  78
outcome: 130734-0.0
Number of features: 5
0 Current Time = 23:07:51
10 Current Time = 23:08:27
20 Current Time = 23:09:04
30 Current Time = 23:09:41
40 Current Time = 23:10:18
50 Current Time = 23:10:54
60 Current Time = 23:11:31
70 Current Time = 23:12:07
80 Current Time = 23:12:44
90 Current Time = 23:13:20
Number of features: 50
0 Current Time = 23:13:58
10 Current Time = 23:16:33
20 Current Time = 23:18:58
30 Current Time = 23:21:33
40 Current Time = 23:24:09
50 Current Time = 23:26:45
60 Current Time = 23:29:20
70 Current Time = 23:31:58
80 Current Time = 23:34:30
90 Current Time = 23:36:58
Number of features: 100
0 Current Time = 23:39:30
10 Current Time = 23:44:21
20 Current Time = 23:49:12
30 Current Time = 23:54:04
40 Current Time = 23:59:01
50 Current Time = 00:04:03
60 Current Time = 00:09:08
70 Current Time = 00:14:10
80 Current Time = 00:19:06
90 Current Time = 00:24:09
Number of features: 500
0 Current Time = 00:29:16
10 Current Time = 00:54:48
20 Current Time = 01:20:16
30 Current Time = 01:45:49
40 Current Time = 02:11:06
50 Current Time = 02:36:17
60 Current Time = 03:01:28
70 Current Time = 03:26:43
80 Current Time = 03:51:39
90 Current Time = 04:16:57
Number of features: 1000
0 Current Time = 04:42:07
