Running job number  199
Start  199
End  200
outcome: 131198-0.0
Number of features: 5
0 Current Time = 01:49:04
10 Current Time = 01:49:39
20 Current Time = 01:50:15
30 Current Time = 01:50:49
40 Current Time = 01:51:24
50 Current Time = 01:51:59
60 Current Time = 01:52:34
70 Current Time = 01:53:10
80 Current Time = 01:53:45
90 Current Time = 01:54:22
Number of features: 50
0 Current Time = 01:54:58
10 Current Time = 01:57:14
20 Current Time = 01:59:29
30 Current Time = 02:01:44
40 Current Time = 02:04:00
50 Current Time = 02:06:16
60 Current Time = 02:08:31
70 Current Time = 02:10:49
80 Current Time = 02:13:06
90 Current Time = 02:15:24
Number of features: 100
0 Current Time = 02:17:41
10 Current Time = 02:22:06
20 Current Time = 02:26:38
30 Current Time = 02:31:02
40 Current Time = 02:35:29
50 Current Time = 02:39:56
60 Current Time = 02:44:21
70 Current Time = 02:48:48
80 Current Time = 02:53:13
90 Current Time = 02:57:46
Number of features: 500
0 Current Time = 03:02:12
10 Current Time = 03:25:12
20 Current Time = 03:48:09
30 Current Time = 04:11:11
40 Current Time = 04:34:03
50 Current Time = 04:57:17
60 Current Time = 05:20:04
70 Current Time = 05:43:04
80 Current Time = 06:06:01
90 Current Time = 06:29:07
Number of features: 1000
0 Current Time = 06:51:58
10 Current Time = 07:39:26
20 Current Time = 08:27:04
30 Current Time = 09:14:36
40 Current Time = 10:02:25
50 Current Time = 10:49:58
60 Current Time = 11:37:37
70 Current Time = 12:25:26
80 Current Time = 13:12:30
90 Current Time = 14:00:20
Number of features: 2923
Analyses complete. Current Time = 15:02:47
Results saved. All done. Current Time = 15:02:47
