Running job number  240
Start  240
End  241
outcome: 131314-0.0
Number of features: 5
0 Current Time = 23:14:35
10 Current Time = 23:15:07
20 Current Time = 23:15:40
30 Current Time = 23:16:13
40 Current Time = 23:16:45
50 Current Time = 23:17:17
60 Current Time = 23:17:48
70 Current Time = 23:18:20
80 Current Time = 23:18:51
90 Current Time = 23:19:24
Number of features: 50
0 Current Time = 23:19:55
10 Current Time = 23:22:12
20 Current Time = 23:24:16
30 Current Time = 23:26:16
40 Current Time = 23:28:18
50 Current Time = 23:30:20
60 Current Time = 23:32:23
70 Current Time = 23:34:27
80 Current Time = 23:36:35
90 Current Time = 23:38:44
Number of features: 100
0 Current Time = 23:40:53
10 Current Time = 23:45:40
20 Current Time = 23:50:31
30 Current Time = 23:55:17
40 Current Time = 00:00:10
50 Current Time = 00:04:23
60 Current Time = 00:08:42
70 Current Time = 00:12:48
80 Current Time = 00:17:18
90 Current Time = 00:22:02
Number of features: 500
0 Current Time = 00:26:14
10 Current Time = 00:51:04
20 Current Time = 01:14:33
30 Current Time = 01:38:05
40 Current Time = 02:00:56
50 Current Time = 02:23:30
60 Current Time = 02:46:27
70 Current Time = 03:09:49
80 Current Time = 03:34:18
90 Current Time = 03:58:06
Number of features: 1000
0 Current Time = 04:23:00
