Running job number  70
Start  70
End  71
outcome: 130708-0.0
Number of features: 5
0 Current Time = 01:34:07
10 Current Time = 01:35:18
20 Current Time = 01:36:30
30 Current Time = 01:37:46
40 Current Time = 01:38:59
50 Current Time = 01:40:12
60 Current Time = 01:41:29
70 Current Time = 01:42:43
80 Current Time = 01:43:57
90 Current Time = 01:45:10
Number of features: 50
0 Current Time = 01:46:26
10 Current Time = 01:53:22
20 Current Time = 02:00:17
30 Current Time = 02:06:59
40 Current Time = 02:13:35
50 Current Time = 02:20:15
60 Current Time = 02:26:59
70 Current Time = 02:33:40
80 Current Time = 02:40:24
90 Current Time = 02:47:15
Number of features: 100
0 Current Time = 02:53:46
10 Current Time = 03:08:05
20 Current Time = 03:22:44
30 Current Time = 03:36:57
40 Current Time = 03:51:07
50 Current Time = 04:05:08
60 Current Time = 04:19:10
70 Current Time = 04:33:15
80 Current Time = 04:47:32
90 Current Time = 05:01:49
Number of features: 500
0 Current Time = 05:15:32
10 Current Time = 06:28:11
20 Current Time = 07:40:00
30 Current Time = 08:52:10
40 Current Time = 10:02:47
50 Current Time = 11:14:23
60 Current Time = 12:24:05
70 Current Time = 13:35:15
80 Current Time = 14:46:46
90 Current Time = 15:55:50
Number of features: 1000
0 Current Time = 17:07:07
