Running job number  98
Start  98
End  99
outcome: 130838-0.0
Number of features: 5
0 Current Time = 01:33:39
10 Current Time = 01:34:20
20 Current Time = 01:35:00
30 Current Time = 01:35:41
40 Current Time = 01:36:22
50 Current Time = 01:37:02
60 Current Time = 01:37:43
70 Current Time = 01:38:24
80 Current Time = 01:39:05
90 Current Time = 01:39:46
Number of features: 50
0 Current Time = 01:40:27
10 Current Time = 01:42:37
20 Current Time = 01:44:49
30 Current Time = 01:47:01
40 Current Time = 01:49:11
50 Current Time = 01:51:20
60 Current Time = 01:53:28
70 Current Time = 01:55:46
80 Current Time = 01:57:52
90 Current Time = 01:59:58
Number of features: 100
0 Current Time = 02:02:08
10 Current Time = 02:06:01
20 Current Time = 02:09:56
30 Current Time = 02:13:56
40 Current Time = 02:17:52
50 Current Time = 02:21:46
60 Current Time = 02:25:40
70 Current Time = 02:29:34
80 Current Time = 02:33:26
90 Current Time = 02:37:20
Number of features: 500
0 Current Time = 02:41:22
10 Current Time = 03:02:08
20 Current Time = 03:22:29
30 Current Time = 03:43:14
40 Current Time = 04:03:21
50 Current Time = 04:23:49
60 Current Time = 04:44:29
70 Current Time = 05:05:45
80 Current Time = 05:26:30
90 Current Time = 05:47:39
Number of features: 1000
0 Current Time = 06:08:22
10 Current Time = 06:50:46
20 Current Time = 07:33:44
30 Current Time = 08:16:42
40 Current Time = 08:58:22
50 Current Time = 09:41:01
60 Current Time = 10:23:29
70 Current Time = 11:07:07
80 Current Time = 11:49:46
90 Current Time = 12:33:03
Number of features: 2923
Analyses complete. Current Time = 13:28:25
Results saved. All done. Current Time = 13:28:26
