Running job number  372
Start  372
End  373
outcome: 131648-0.0
Number of features: 5
0 Current Time = 02:10:01
10 Current Time = 02:10:53
20 Current Time = 02:11:43
30 Current Time = 02:12:34
40 Current Time = 02:13:25
50 Current Time = 02:14:19
60 Current Time = 02:15:11
70 Current Time = 02:16:02
80 Current Time = 02:16:55
90 Current Time = 02:17:49
Number of features: 50
0 Current Time = 02:18:41
10 Current Time = 02:21:51
20 Current Time = 02:25:06
30 Current Time = 02:28:23
40 Current Time = 02:31:39
50 Current Time = 02:34:53
60 Current Time = 02:38:07
70 Current Time = 02:41:21
80 Current Time = 02:44:38
90 Current Time = 02:47:51
Number of features: 100
0 Current Time = 02:51:05
10 Current Time = 02:57:24
20 Current Time = 03:03:43
30 Current Time = 03:10:06
40 Current Time = 03:16:21
50 Current Time = 03:22:41
60 Current Time = 03:28:51
70 Current Time = 03:35:09
80 Current Time = 03:41:19
90 Current Time = 03:47:20
Number of features: 500
0 Current Time = 03:53:16
10 Current Time = 04:23:00
20 Current Time = 04:53:13
30 Current Time = 05:23:16
40 Current Time = 05:53:28
50 Current Time = 06:23:53
60 Current Time = 06:53:54
70 Current Time = 07:24:06
80 Current Time = 07:54:20
90 Current Time = 08:24:25
Number of features: 1000
0 Current Time = 08:54:17
10 Current Time = 09:57:30
