Running job number  460
Start  460
End  461
outcome: 131906-0.0
Number of features: 5
0 Current Time = 02:33:00
10 Current Time = 02:33:41
20 Current Time = 02:34:23
30 Current Time = 02:35:05
40 Current Time = 02:35:47
50 Current Time = 02:36:27
60 Current Time = 02:37:07
70 Current Time = 02:37:47
80 Current Time = 02:38:28
90 Current Time = 02:39:09
Number of features: 50
0 Current Time = 02:39:50
10 Current Time = 02:42:34
20 Current Time = 02:45:16
30 Current Time = 02:48:12
40 Current Time = 02:50:59
50 Current Time = 02:53:56
60 Current Time = 02:56:41
70 Current Time = 02:59:24
80 Current Time = 03:02:10
90 Current Time = 03:04:49
Number of features: 100
0 Current Time = 03:07:43
10 Current Time = 03:13:12
20 Current Time = 03:18:29
30 Current Time = 03:23:44
40 Current Time = 03:28:40
50 Current Time = 03:33:43
60 Current Time = 03:38:35
70 Current Time = 03:43:28
80 Current Time = 03:48:24
90 Current Time = 03:53:21
Number of features: 500
0 Current Time = 03:58:12
10 Current Time = 04:23:15
20 Current Time = 04:47:57
30 Current Time = 05:11:35
40 Current Time = 05:34:57
50 Current Time = 05:58:31
60 Current Time = 06:21:55
70 Current Time = 06:45:18
80 Current Time = 07:08:50
90 Current Time = 07:32:11
Number of features: 1000
0 Current Time = 07:55:52
10 Current Time = 08:43:31
20 Current Time = 09:31:01
30 Current Time = 10:18:59
