Running job number  508
Start  508
End  509
outcome: 132034-0.0
Number of features: 5
0 Current Time = 02:35:16
10 Current Time = 02:36:08
20 Current Time = 02:37:01
30 Current Time = 02:37:54
40 Current Time = 02:38:44
50 Current Time = 02:39:35
60 Current Time = 02:40:27
70 Current Time = 02:41:18
80 Current Time = 02:42:09
90 Current Time = 02:42:59
Number of features: 50
0 Current Time = 02:43:54
10 Current Time = 02:47:14
20 Current Time = 02:50:33
30 Current Time = 02:53:46
40 Current Time = 02:56:57
50 Current Time = 03:00:08
60 Current Time = 03:03:25
70 Current Time = 03:06:36
80 Current Time = 03:09:56
90 Current Time = 03:13:07
Number of features: 100
0 Current Time = 03:16:17
10 Current Time = 03:22:28
20 Current Time = 03:28:44
30 Current Time = 03:34:53
40 Current Time = 03:40:57
50 Current Time = 03:47:04
60 Current Time = 03:52:56
70 Current Time = 03:58:47
80 Current Time = 04:04:46
90 Current Time = 04:10:33
Number of features: 500
0 Current Time = 04:16:24
10 Current Time = 04:44:59
20 Current Time = 05:11:58
30 Current Time = 05:38:11
40 Current Time = 06:02:44
50 Current Time = 06:27:18
60 Current Time = 06:52:07
70 Current Time = 07:16:21
80 Current Time = 07:41:02
90 Current Time = 08:05:24
Number of features: 1000
0 Current Time = 08:30:13
10 Current Time = 09:20:54
20 Current Time = 10:12:30
