Running job number  202
Start  202
End  203
outcome: 131208-0.0
Number of features: 5
0 Current Time = 01:49:04
10 Current Time = 01:49:51
20 Current Time = 01:50:39
30 Current Time = 01:51:26
40 Current Time = 01:52:14
50 Current Time = 01:53:01
60 Current Time = 01:53:48
70 Current Time = 01:54:37
80 Current Time = 01:55:24
90 Current Time = 01:56:12
Number of features: 50
0 Current Time = 01:57:00
10 Current Time = 01:59:44
20 Current Time = 02:02:27
30 Current Time = 02:05:11
40 Current Time = 02:07:54
50 Current Time = 02:10:40
60 Current Time = 02:13:22
70 Current Time = 02:16:08
80 Current Time = 02:18:51
90 Current Time = 02:21:37
Number of features: 100
0 Current Time = 02:24:26
10 Current Time = 02:29:58
20 Current Time = 02:35:23
30 Current Time = 02:40:50
40 Current Time = 02:46:20
50 Current Time = 02:51:48
60 Current Time = 02:57:12
70 Current Time = 03:02:39
80 Current Time = 03:08:02
90 Current Time = 03:13:28
Number of features: 500
0 Current Time = 03:18:58
10 Current Time = 03:46:16
20 Current Time = 04:13:05
30 Current Time = 04:40:29
40 Current Time = 05:07:59
50 Current Time = 05:34:56
60 Current Time = 06:01:51
70 Current Time = 06:29:14
80 Current Time = 06:56:00
90 Current Time = 07:22:59
Number of features: 1000
0 Current Time = 07:50:06
10 Current Time = 08:45:28
20 Current Time = 09:40:42
30 Current Time = 10:36:13
40 Current Time = 11:31:57
50 Current Time = 12:27:00
60 Current Time = 13:22:35
70 Current Time = 14:17:51
80 Current Time = 15:13:18
90 Current Time = 16:06:16
Number of features: 2923
Analyses complete. Current Time = 17:14:00
Results saved. All done. Current Time = 17:14:01
