Running job number  141
Start  141
End  142
outcome: 131046-0.0
Number of features: 5
0 Current Time = 01:48:04
10 Current Time = 01:48:34
20 Current Time = 01:49:04
30 Current Time = 01:49:33
40 Current Time = 01:50:02
50 Current Time = 01:50:31
60 Current Time = 01:51:00
70 Current Time = 01:51:29
80 Current Time = 01:51:58
90 Current Time = 01:52:28
Number of features: 50
0 Current Time = 01:52:57
10 Current Time = 01:54:47
20 Current Time = 01:56:36
30 Current Time = 01:58:25
40 Current Time = 02:00:15
50 Current Time = 02:02:04
60 Current Time = 02:03:55
70 Current Time = 02:05:49
80 Current Time = 02:07:40
90 Current Time = 02:09:30
Number of features: 100
0 Current Time = 02:11:19
10 Current Time = 02:14:58
20 Current Time = 02:18:36
30 Current Time = 02:22:17
40 Current Time = 02:25:59
50 Current Time = 02:29:38
60 Current Time = 02:33:17
70 Current Time = 02:36:57
80 Current Time = 02:40:37
90 Current Time = 02:44:16
Number of features: 500
0 Current Time = 02:47:56
10 Current Time = 03:07:29
20 Current Time = 03:26:59
30 Current Time = 03:46:28
40 Current Time = 04:05:52
50 Current Time = 04:25:18
60 Current Time = 04:44:54
70 Current Time = 05:04:23
80 Current Time = 05:23:53
90 Current Time = 05:43:25
Number of features: 1000
0 Current Time = 06:02:45
10 Current Time = 06:43:59
20 Current Time = 07:25:21
30 Current Time = 08:06:09
40 Current Time = 08:47:03
50 Current Time = 09:27:42
60 Current Time = 10:08:19
70 Current Time = 10:48:50
80 Current Time = 11:29:24
90 Current Time = 12:09:48
Number of features: 2923
Analyses complete. Current Time = 13:01:26
Results saved. All done. Current Time = 13:01:27
