Running job number  28
Start  28
End  29
outcome: 130212-0.0
Number of features: 5
0 Current Time = 01:32:18
10 Current Time = 01:32:48
20 Current Time = 01:33:18
30 Current Time = 01:33:48
40 Current Time = 01:34:19
50 Current Time = 01:34:49
60 Current Time = 01:35:19
70 Current Time = 01:35:49
80 Current Time = 01:36:20
90 Current Time = 01:36:49
Number of features: 50
0 Current Time = 01:37:20
10 Current Time = 01:39:10
20 Current Time = 01:41:04
30 Current Time = 01:42:58
40 Current Time = 01:44:51
50 Current Time = 01:46:47
60 Current Time = 01:48:43
70 Current Time = 01:50:39
80 Current Time = 01:52:34
90 Current Time = 01:54:29
Number of features: 100
0 Current Time = 01:56:24
10 Current Time = 02:00:03
20 Current Time = 02:03:42
30 Current Time = 02:07:24
40 Current Time = 02:11:06
50 Current Time = 02:14:51
60 Current Time = 02:18:33
70 Current Time = 02:22:16
80 Current Time = 02:25:59
90 Current Time = 02:29:39
Number of features: 500
0 Current Time = 02:33:18
10 Current Time = 02:51:39
20 Current Time = 03:10:03
30 Current Time = 03:28:43
40 Current Time = 03:47:07
50 Current Time = 04:05:35
60 Current Time = 04:23:57
70 Current Time = 04:42:23
80 Current Time = 05:01:01
90 Current Time = 05:19:32
Number of features: 1000
0 Current Time = 05:38:01
10 Current Time = 06:19:39
20 Current Time = 07:03:20
30 Current Time = 07:46:26
40 Current Time = 08:26:47
50 Current Time = 09:07:45
60 Current Time = 09:48:09
70 Current Time = 10:28:00
80 Current Time = 11:08:15
90 Current Time = 11:47:09
Number of features: 2923
Analyses complete. Current Time = 12:39:02
Results saved. All done. Current Time = 12:39:03
