Running job number  50
Start  50
End  51
outcome: 130638-0.0
Number of features: 5
0 Current Time = 01:33:24
10 Current Time = 01:33:54
20 Current Time = 01:34:23
30 Current Time = 01:34:53
40 Current Time = 01:35:22
50 Current Time = 01:35:52
60 Current Time = 01:36:22
70 Current Time = 01:36:51
80 Current Time = 01:37:20
90 Current Time = 01:37:49
Number of features: 50
0 Current Time = 01:38:18
10 Current Time = 01:40:01
20 Current Time = 01:41:46
30 Current Time = 01:43:32
40 Current Time = 01:45:19
50 Current Time = 01:47:06
60 Current Time = 01:48:51
70 Current Time = 01:50:39
80 Current Time = 01:52:25
90 Current Time = 01:54:11
Number of features: 100
0 Current Time = 01:55:58
10 Current Time = 01:59:27
20 Current Time = 02:03:01
30 Current Time = 02:06:35
40 Current Time = 02:10:08
50 Current Time = 02:13:39
60 Current Time = 02:17:09
70 Current Time = 02:20:44
80 Current Time = 02:24:16
90 Current Time = 02:27:49
Number of features: 500
0 Current Time = 02:31:22
10 Current Time = 02:49:46
20 Current Time = 03:08:03
30 Current Time = 03:26:20
40 Current Time = 03:44:52
50 Current Time = 04:03:41
60 Current Time = 04:22:24
70 Current Time = 04:41:19
80 Current Time = 04:59:54
90 Current Time = 05:18:47
Number of features: 1000
0 Current Time = 05:37:34
10 Current Time = 06:16:13
20 Current Time = 06:54:49
30 Current Time = 07:34:27
40 Current Time = 08:13:50
50 Current Time = 08:53:43
60 Current Time = 09:33:58
70 Current Time = 10:14:00
80 Current Time = 10:53:41
90 Current Time = 11:33:24
Number of features: 2923
Analyses complete. Current Time = 12:27:29
Results saved. All done. Current Time = 12:27:31
