Running job number  47
Start  47
End  48
outcome: 130626-0.0
Number of features: 5
0 Current Time = 01:32:11
10 Current Time = 01:32:45
20 Current Time = 01:33:18
30 Current Time = 01:33:52
40 Current Time = 01:34:25
50 Current Time = 01:34:58
60 Current Time = 01:35:32
70 Current Time = 01:36:06
80 Current Time = 01:36:40
90 Current Time = 01:37:13
Number of features: 50
0 Current Time = 01:37:49
10 Current Time = 01:39:51
20 Current Time = 01:41:54
30 Current Time = 01:43:57
40 Current Time = 01:45:58
50 Current Time = 01:47:58
60 Current Time = 01:50:01
70 Current Time = 01:52:04
80 Current Time = 01:54:07
90 Current Time = 01:56:08
Number of features: 100
0 Current Time = 01:58:10
10 Current Time = 02:02:40
20 Current Time = 02:07:08
30 Current Time = 02:11:35
40 Current Time = 02:15:58
50 Current Time = 02:20:20
60 Current Time = 02:24:44
70 Current Time = 02:29:08
80 Current Time = 02:33:18
90 Current Time = 02:37:33
Number of features: 500
0 Current Time = 02:41:57
10 Current Time = 03:03:53
20 Current Time = 03:25:34
30 Current Time = 03:47:35
40 Current Time = 04:08:21
50 Current Time = 04:28:19
60 Current Time = 04:48:37
70 Current Time = 05:08:32
80 Current Time = 05:28:34
90 Current Time = 05:48:45
Number of features: 1000
0 Current Time = 06:08:52
10 Current Time = 06:50:48
20 Current Time = 07:32:32
30 Current Time = 08:14:18
40 Current Time = 08:55:56
50 Current Time = 09:37:32
60 Current Time = 10:19:17
70 Current Time = 11:00:42
80 Current Time = 11:42:13
90 Current Time = 12:24:35
Number of features: 2923
Analyses complete. Current Time = 13:18:35
Results saved. All done. Current Time = 13:18:37
