Running job number  145
Start  145
End  146
outcome: 131054-0.0
Number of features: 5
0 Current Time = 23:09:55
10 Current Time = 23:10:34
20 Current Time = 23:11:12
30 Current Time = 23:11:50
40 Current Time = 23:12:28
50 Current Time = 23:13:06
60 Current Time = 23:13:44
70 Current Time = 23:14:23
80 Current Time = 23:15:02
90 Current Time = 23:15:39
Number of features: 50
0 Current Time = 23:16:18
10 Current Time = 23:18:44
20 Current Time = 23:21:09
30 Current Time = 23:23:36
40 Current Time = 23:26:03
50 Current Time = 23:28:22
60 Current Time = 23:30:38
70 Current Time = 23:32:57
80 Current Time = 23:35:17
90 Current Time = 23:37:42
Number of features: 100
0 Current Time = 23:40:08
10 Current Time = 23:45:01
20 Current Time = 23:49:56
30 Current Time = 23:54:37
40 Current Time = 23:59:22
50 Current Time = 00:04:15
60 Current Time = 00:08:58
70 Current Time = 00:13:45
80 Current Time = 00:18:33
90 Current Time = 00:23:09
Number of features: 500
0 Current Time = 00:27:55
10 Current Time = 00:52:23
20 Current Time = 01:16:08
30 Current Time = 01:39:34
40 Current Time = 02:03:28
50 Current Time = 02:27:34
60 Current Time = 02:52:25
70 Current Time = 03:17:12
80 Current Time = 03:41:35
90 Current Time = 04:04:47
Number of features: 1000
0 Current Time = 04:29:13
