Running job number  584
Start  584
End  585
outcome: 132256-0.0
Number of features: 5
0 Current Time = 02:43:58
10 Current Time = 02:44:34
20 Current Time = 02:45:12
30 Current Time = 02:45:48
40 Current Time = 02:46:25
50 Current Time = 02:47:01
60 Current Time = 02:47:37
70 Current Time = 02:48:13
80 Current Time = 02:48:49
90 Current Time = 02:49:24
Number of features: 50
0 Current Time = 02:49:59
10 Current Time = 02:52:27
20 Current Time = 02:54:49
30 Current Time = 02:57:18
40 Current Time = 02:59:42
50 Current Time = 03:02:16
60 Current Time = 03:04:44
70 Current Time = 03:07:09
80 Current Time = 03:09:38
90 Current Time = 03:12:05
Number of features: 100
0 Current Time = 03:14:30
10 Current Time = 03:19:23
20 Current Time = 03:24:07
30 Current Time = 03:28:52
40 Current Time = 03:33:44
50 Current Time = 03:38:42
60 Current Time = 03:43:23
70 Current Time = 03:48:09
80 Current Time = 03:52:57
90 Current Time = 03:57:44
Number of features: 500
0 Current Time = 04:02:33
10 Current Time = 04:27:13
20 Current Time = 04:52:17
30 Current Time = 05:17:02
40 Current Time = 05:41:24
50 Current Time = 06:05:40
60 Current Time = 06:27:48
70 Current Time = 06:49:48
80 Current Time = 07:10:55
90 Current Time = 07:31:51
Number of features: 1000
0 Current Time = 07:52:57
10 Current Time = 08:36:12
20 Current Time = 09:22:12
