Running job number  138
Start  138
End  139
outcome: 131036-0.0
Number of features: 5
0 Current Time = 01:48:04
10 Current Time = 01:48:57
20 Current Time = 01:49:47
30 Current Time = 01:50:38
40 Current Time = 01:51:27
50 Current Time = 01:52:17
60 Current Time = 01:53:07
70 Current Time = 01:53:59
80 Current Time = 01:54:49
90 Current Time = 01:55:39
Number of features: 50
0 Current Time = 01:56:29
10 Current Time = 01:59:12
20 Current Time = 02:01:51
30 Current Time = 02:04:34
40 Current Time = 02:07:18
50 Current Time = 02:09:56
60 Current Time = 02:12:36
70 Current Time = 02:15:19
80 Current Time = 02:17:59
90 Current Time = 02:20:42
Number of features: 100
0 Current Time = 02:23:24
10 Current Time = 02:28:43
20 Current Time = 02:33:51
30 Current Time = 02:39:00
40 Current Time = 02:44:06
50 Current Time = 02:49:19
60 Current Time = 02:54:28
70 Current Time = 02:59:43
80 Current Time = 03:04:50
90 Current Time = 03:09:57
Number of features: 500
0 Current Time = 03:15:08
10 Current Time = 03:41:58
20 Current Time = 04:08:40
30 Current Time = 04:35:11
40 Current Time = 05:00:49
50 Current Time = 05:27:16
60 Current Time = 05:54:04
70 Current Time = 06:21:14
80 Current Time = 06:47:35
90 Current Time = 07:14:47
Number of features: 1000
0 Current Time = 07:41:31
10 Current Time = 08:37:19
20 Current Time = 09:32:31
30 Current Time = 10:28:48
40 Current Time = 11:23:31
50 Current Time = 12:17:59
60 Current Time = 13:11:43
70 Current Time = 14:03:20
80 Current Time = 14:52:24
90 Current Time = 15:40:24
Number of features: 2923
Analyses complete. Current Time = 16:41:37
Results saved. All done. Current Time = 16:41:38
