Running job number  135
Start  135
End  136
outcome: 131028-0.0
Number of features: 5
0 Current Time = 01:48:04
10 Current Time = 01:48:34
20 Current Time = 01:49:02
30 Current Time = 01:49:31
40 Current Time = 01:50:01
50 Current Time = 01:50:29
60 Current Time = 01:50:58
70 Current Time = 01:51:26
80 Current Time = 01:51:55
90 Current Time = 01:52:24
Number of features: 50
0 Current Time = 01:52:53
10 Current Time = 01:54:39
20 Current Time = 01:56:24
30 Current Time = 01:58:11
40 Current Time = 01:59:58
50 Current Time = 02:01:45
60 Current Time = 02:03:30
70 Current Time = 02:05:19
80 Current Time = 02:07:10
90 Current Time = 02:08:55
Number of features: 100
0 Current Time = 02:10:41
10 Current Time = 02:14:17
20 Current Time = 02:17:45
30 Current Time = 02:21:19
40 Current Time = 02:24:53
50 Current Time = 02:28:29
60 Current Time = 02:32:03
70 Current Time = 02:35:38
80 Current Time = 02:39:13
90 Current Time = 02:42:47
Number of features: 500
0 Current Time = 02:46:23
10 Current Time = 03:05:36
20 Current Time = 03:24:50
30 Current Time = 03:44:03
40 Current Time = 04:03:17
50 Current Time = 04:22:20
60 Current Time = 04:41:36
70 Current Time = 05:00:44
80 Current Time = 05:19:58
90 Current Time = 05:39:11
Number of features: 1000
0 Current Time = 05:58:24
10 Current Time = 06:38:50
20 Current Time = 07:19:05
30 Current Time = 07:59:02
40 Current Time = 08:38:53
50 Current Time = 09:18:37
60 Current Time = 09:58:26
70 Current Time = 10:38:04
80 Current Time = 11:17:49
90 Current Time = 11:57:24
Number of features: 2923
Analyses complete. Current Time = 12:48:37
Results saved. All done. Current Time = 12:48:38
