Running job number  212
Start  212
End  213
outcome: 131234-0.0
Number of features: 5
0 Current Time = 01:49:15
10 Current Time = 01:49:59
20 Current Time = 01:50:40
30 Current Time = 01:51:20
40 Current Time = 01:51:58
50 Current Time = 01:52:36
60 Current Time = 01:53:15
70 Current Time = 01:53:53
80 Current Time = 01:54:30
90 Current Time = 01:55:07
Number of features: 50
0 Current Time = 01:55:43
10 Current Time = 01:58:06
20 Current Time = 02:00:18
30 Current Time = 02:02:29
40 Current Time = 02:04:39
50 Current Time = 02:06:52
60 Current Time = 02:09:05
70 Current Time = 02:11:15
80 Current Time = 02:13:25
90 Current Time = 02:15:35
Number of features: 100
0 Current Time = 02:17:45
10 Current Time = 02:22:04
20 Current Time = 02:26:25
30 Current Time = 02:30:42
40 Current Time = 02:35:02
50 Current Time = 02:39:24
60 Current Time = 02:43:45
70 Current Time = 02:48:06
80 Current Time = 02:52:22
90 Current Time = 02:56:40
Number of features: 500
0 Current Time = 03:01:02
10 Current Time = 03:22:39
20 Current Time = 03:44:18
30 Current Time = 04:05:54
40 Current Time = 04:27:32
50 Current Time = 04:49:17
60 Current Time = 05:10:54
70 Current Time = 05:32:31
80 Current Time = 05:54:12
90 Current Time = 06:16:01
Number of features: 1000
0 Current Time = 06:38:11
10 Current Time = 07:30:55
20 Current Time = 08:27:31
30 Current Time = 09:25:56
40 Current Time = 10:22:24
50 Current Time = 11:19:40
60 Current Time = 12:21:11
70 Current Time = 13:13:12
80 Current Time = 13:59:00
90 Current Time = 14:44:51
Number of features: 2923
Analyses complete. Current Time = 15:45:20
Results saved. All done. Current Time = 15:45:21
