Running job number  249
Start  249
End  250
outcome: 131342-0.0
Number of features: 5
0 Current Time = 01:08:11
10 Current Time = 01:09:04
20 Current Time = 01:09:57
30 Current Time = 01:10:50
40 Current Time = 01:11:41
50 Current Time = 01:12:34
60 Current Time = 01:13:28
70 Current Time = 01:14:21
80 Current Time = 01:15:14
90 Current Time = 01:16:06
Number of features: 50
0 Current Time = 01:17:01
10 Current Time = 01:19:55
20 Current Time = 01:22:50
30 Current Time = 01:25:42
40 Current Time = 01:28:37
50 Current Time = 01:31:27
60 Current Time = 01:34:21
70 Current Time = 01:37:20
80 Current Time = 01:40:12
90 Current Time = 01:43:06
Number of features: 100
0 Current Time = 01:46:02
10 Current Time = 01:51:31
20 Current Time = 01:57:06
30 Current Time = 02:02:40
40 Current Time = 02:08:13
50 Current Time = 02:13:51
60 Current Time = 02:19:23
70 Current Time = 02:25:03
80 Current Time = 02:30:40
90 Current Time = 02:36:14
Number of features: 500
0 Current Time = 02:41:59
10 Current Time = 03:10:13
20 Current Time = 03:39:01
30 Current Time = 04:07:30
40 Current Time = 04:36:13
50 Current Time = 05:04:17
60 Current Time = 05:32:31
70 Current Time = 05:59:57
80 Current Time = 06:27:01
90 Current Time = 06:54:21
Number of features: 1000
0 Current Time = 07:21:29
10 Current Time = 08:16:19
20 Current Time = 09:12:51
