Running job number  107
Start  107
End  108
outcome: 130874-0.0
Number of features: 5
0 Current Time = 01:47:42
10 Current Time = 01:48:11
20 Current Time = 01:48:40
30 Current Time = 01:49:08
40 Current Time = 01:49:37
50 Current Time = 01:50:05
60 Current Time = 01:50:36
70 Current Time = 01:51:04
80 Current Time = 01:51:34
90 Current Time = 01:52:02
Number of features: 50
0 Current Time = 01:52:31
10 Current Time = 01:54:22
20 Current Time = 01:56:13
30 Current Time = 01:58:04
40 Current Time = 01:59:52
50 Current Time = 02:01:42
60 Current Time = 02:03:33
70 Current Time = 02:05:24
80 Current Time = 02:07:15
90 Current Time = 02:09:00
Number of features: 100
0 Current Time = 02:10:52
10 Current Time = 02:14:30
20 Current Time = 02:18:09
30 Current Time = 02:21:49
40 Current Time = 02:25:25
50 Current Time = 02:29:03
60 Current Time = 02:32:41
70 Current Time = 02:36:17
80 Current Time = 02:39:56
90 Current Time = 02:43:31
Number of features: 500
0 Current Time = 02:47:08
10 Current Time = 03:06:31
20 Current Time = 03:25:59
30 Current Time = 03:45:29
40 Current Time = 04:04:48
50 Current Time = 04:24:42
60 Current Time = 04:44:37
70 Current Time = 05:04:37
80 Current Time = 05:24:21
90 Current Time = 05:43:56
Number of features: 1000
0 Current Time = 06:03:34
10 Current Time = 06:44:52
20 Current Time = 07:25:49
30 Current Time = 08:06:57
40 Current Time = 08:48:18
50 Current Time = 09:29:11
60 Current Time = 10:09:38
70 Current Time = 10:51:07
80 Current Time = 11:32:08
90 Current Time = 12:12:59
Number of features: 2923
Analyses complete. Current Time = 13:01:05
Results saved. All done. Current Time = 13:01:05
