Running job number  114
Start  114
End  115
outcome: 130898-0.0
Number of features: 5
0 Current Time = 01:48:11
10 Current Time = 01:48:57
20 Current Time = 01:49:44
30 Current Time = 01:50:33
40 Current Time = 01:51:20
50 Current Time = 01:52:07
60 Current Time = 01:52:54
70 Current Time = 01:53:42
80 Current Time = 01:54:29
90 Current Time = 01:55:17
Number of features: 50
0 Current Time = 01:56:04
10 Current Time = 02:00:01
20 Current Time = 02:03:50
30 Current Time = 02:07:30
40 Current Time = 02:10:59
50 Current Time = 02:14:07
60 Current Time = 02:17:05
70 Current Time = 02:20:16
80 Current Time = 02:23:51
90 Current Time = 02:27:21
Number of features: 100
0 Current Time = 02:30:57
10 Current Time = 02:38:21
20 Current Time = 02:44:31
30 Current Time = 02:51:31
40 Current Time = 02:58:36
50 Current Time = 03:05:38
60 Current Time = 03:12:27
70 Current Time = 03:19:25
80 Current Time = 03:26:21
90 Current Time = 03:33:33
Number of features: 500
0 Current Time = 03:40:14
10 Current Time = 04:20:37
20 Current Time = 04:56:00
30 Current Time = 05:33:52
40 Current Time = 06:11:19
50 Current Time = 06:48:22
60 Current Time = 07:15:57
70 Current Time = 07:39:26
80 Current Time = 08:01:47
90 Current Time = 08:24:22
Number of features: 1000
0 Current Time = 08:47:03
10 Current Time = 09:59:43
20 Current Time = 10:52:19
30 Current Time = 11:39:39
40 Current Time = 12:29:30
50 Current Time = 13:14:45
60 Current Time = 14:01:03
70 Current Time = 14:50:29
80 Current Time = 15:58:44
90 Current Time = 16:46:33
Number of features: 2923
