Running job number  150
Start  150
End  151
outcome: 131066-0.0
Number of features: 5
0 Current Time = 01:48:13
10 Current Time = 01:48:41
20 Current Time = 01:49:07
30 Current Time = 01:49:34
40 Current Time = 01:50:01
50 Current Time = 01:50:28
60 Current Time = 01:50:55
70 Current Time = 01:51:22
80 Current Time = 01:51:50
90 Current Time = 01:52:17
Number of features: 50
0 Current Time = 01:52:44
10 Current Time = 01:54:22
20 Current Time = 01:55:59
30 Current Time = 01:57:37
40 Current Time = 01:59:14
50 Current Time = 02:00:52
60 Current Time = 02:02:30
70 Current Time = 02:04:08
80 Current Time = 02:05:45
90 Current Time = 02:07:24
Number of features: 100
0 Current Time = 02:09:01
10 Current Time = 02:12:04
20 Current Time = 02:15:09
30 Current Time = 02:18:14
40 Current Time = 02:21:18
50 Current Time = 02:24:21
60 Current Time = 02:27:26
70 Current Time = 02:30:30
80 Current Time = 02:33:32
90 Current Time = 02:36:37
Number of features: 500
0 Current Time = 02:39:41
10 Current Time = 02:56:10
20 Current Time = 03:12:43
30 Current Time = 03:29:12
40 Current Time = 03:45:38
50 Current Time = 04:02:01
60 Current Time = 04:18:45
70 Current Time = 04:35:24
80 Current Time = 04:52:06
90 Current Time = 05:08:43
Number of features: 1000
0 Current Time = 05:25:34
10 Current Time = 05:59:59
20 Current Time = 06:34:30
30 Current Time = 07:08:55
40 Current Time = 07:43:13
50 Current Time = 08:17:52
60 Current Time = 08:52:14
70 Current Time = 09:26:24
80 Current Time = 10:00:41
90 Current Time = 10:35:21
Number of features: 2923
Analyses complete. Current Time = 11:19:52
Results saved. All done. Current Time = 11:19:53
