Running job number  509
Start  509
End  510
outcome: 132036-0.0
Number of features: 5
0 Current Time = 02:35:16
10 Current Time = 02:35:51
20 Current Time = 02:36:29
30 Current Time = 02:37:06
40 Current Time = 02:37:44
50 Current Time = 02:38:22
60 Current Time = 02:38:59
70 Current Time = 02:39:36
80 Current Time = 02:40:14
90 Current Time = 02:40:51
Number of features: 50
0 Current Time = 02:41:29
10 Current Time = 02:44:13
20 Current Time = 02:46:55
30 Current Time = 02:49:37
40 Current Time = 02:52:21
50 Current Time = 02:54:55
60 Current Time = 02:57:31
70 Current Time = 03:00:07
80 Current Time = 03:02:49
90 Current Time = 03:05:28
Number of features: 100
0 Current Time = 03:08:09
10 Current Time = 03:13:36
20 Current Time = 03:18:55
30 Current Time = 03:24:10
40 Current Time = 03:29:36
50 Current Time = 03:34:52
60 Current Time = 03:40:05
70 Current Time = 03:45:22
80 Current Time = 03:50:28
90 Current Time = 03:55:32
Number of features: 500
0 Current Time = 04:00:39
10 Current Time = 04:26:29
20 Current Time = 04:51:46
30 Current Time = 05:16:17
40 Current Time = 05:39:37
50 Current Time = 06:01:41
60 Current Time = 06:23:49
70 Current Time = 06:45:52
80 Current Time = 07:07:40
90 Current Time = 07:29:44
Number of features: 1000
0 Current Time = 07:51:16
10 Current Time = 08:37:13
20 Current Time = 09:23:05
30 Current Time = 10:10:28
