Running job number  167
Start  167
End  168
outcome: 131110-0.0
Number of features: 5
0 Current Time = 23:12:33
10 Current Time = 23:13:06
20 Current Time = 23:13:38
30 Current Time = 23:14:10
40 Current Time = 23:14:43
50 Current Time = 23:15:16
60 Current Time = 23:15:49
70 Current Time = 23:16:21
80 Current Time = 23:16:53
90 Current Time = 23:17:26
Number of features: 50
0 Current Time = 23:17:58
10 Current Time = 23:20:00
20 Current Time = 23:22:01
30 Current Time = 23:24:03
40 Current Time = 23:26:05
50 Current Time = 23:28:05
60 Current Time = 23:30:06
70 Current Time = 23:32:07
80 Current Time = 23:34:07
90 Current Time = 23:36:05
Number of features: 100
0 Current Time = 23:38:06
10 Current Time = 23:42:09
20 Current Time = 23:46:05
30 Current Time = 23:49:49
40 Current Time = 23:53:31
50 Current Time = 23:57:19
60 Current Time = 00:01:14
70 Current Time = 00:05:19
80 Current Time = 00:09:18
90 Current Time = 00:13:23
Number of features: 500
0 Current Time = 00:17:28
10 Current Time = 00:39:12
20 Current Time = 01:01:09
30 Current Time = 01:22:18
40 Current Time = 01:43:19
50 Current Time = 02:04:06
60 Current Time = 02:25:27
70 Current Time = 02:46:49
80 Current Time = 03:08:01
90 Current Time = 03:29:05
Number of features: 1000
0 Current Time = 03:49:53
10 Current Time = 04:33:52
