Running job number  58
Start  58
End  59
outcome: 130664-0.0
Number of features: 5
0 Current Time = 01:33:37
10 Current Time = 01:34:07
20 Current Time = 01:34:37
30 Current Time = 01:35:07
40 Current Time = 01:35:37
50 Current Time = 01:36:07
60 Current Time = 01:36:37
70 Current Time = 01:37:06
80 Current Time = 01:37:35
90 Current Time = 01:38:05
Number of features: 50
0 Current Time = 01:38:34
10 Current Time = 01:40:15
20 Current Time = 01:41:56
30 Current Time = 01:43:38
40 Current Time = 01:45:20
50 Current Time = 01:47:02
60 Current Time = 01:48:45
70 Current Time = 01:50:26
80 Current Time = 01:52:08
90 Current Time = 01:53:49
Number of features: 100
0 Current Time = 01:55:29
10 Current Time = 01:58:43
20 Current Time = 02:01:58
30 Current Time = 02:05:15
40 Current Time = 02:08:33
50 Current Time = 02:11:51
60 Current Time = 02:15:06
70 Current Time = 02:18:21
80 Current Time = 02:21:37
90 Current Time = 02:24:53
Number of features: 500
0 Current Time = 02:28:07
10 Current Time = 02:45:25
20 Current Time = 03:02:59
30 Current Time = 03:20:30
40 Current Time = 03:37:59
50 Current Time = 03:55:33
60 Current Time = 04:12:50
70 Current Time = 04:30:20
80 Current Time = 04:47:49
90 Current Time = 05:05:22
Number of features: 1000
0 Current Time = 05:22:34
10 Current Time = 05:58:48
20 Current Time = 06:35:01
30 Current Time = 07:11:19
40 Current Time = 07:47:42
50 Current Time = 08:23:34
60 Current Time = 08:59:33
70 Current Time = 09:35:29
80 Current Time = 10:11:21
90 Current Time = 10:47:17
Number of features: 2923
Analyses complete. Current Time = 11:34:04
Results saved. All done. Current Time = 11:34:05
