Running job number  136
Start  136
End  137
outcome: 131030-0.0
Number of features: 5
0 Current Time = 01:48:04
10 Current Time = 01:48:34
20 Current Time = 01:49:03
30 Current Time = 01:49:32
40 Current Time = 01:50:00
50 Current Time = 01:50:29
60 Current Time = 01:50:58
70 Current Time = 01:51:26
80 Current Time = 01:51:55
90 Current Time = 01:52:24
Number of features: 50
0 Current Time = 01:52:53
10 Current Time = 01:54:38
20 Current Time = 01:56:25
30 Current Time = 01:58:13
40 Current Time = 02:00:02
50 Current Time = 02:01:50
60 Current Time = 02:03:36
70 Current Time = 02:05:26
80 Current Time = 02:07:17
90 Current Time = 02:09:04
Number of features: 100
0 Current Time = 02:10:53
10 Current Time = 02:14:31
20 Current Time = 02:18:06
30 Current Time = 02:21:41
40 Current Time = 02:25:23
50 Current Time = 02:28:58
60 Current Time = 02:32:35
70 Current Time = 02:36:14
80 Current Time = 02:39:56
90 Current Time = 02:43:35
Number of features: 500
0 Current Time = 02:47:13
10 Current Time = 03:06:28
20 Current Time = 03:25:53
30 Current Time = 03:45:06
40 Current Time = 04:04:23
50 Current Time = 04:23:35
60 Current Time = 04:42:51
70 Current Time = 05:01:58
80 Current Time = 05:21:11
90 Current Time = 05:40:30
Number of features: 1000
0 Current Time = 05:59:36
10 Current Time = 06:40:27
20 Current Time = 07:21:27
30 Current Time = 08:01:56
40 Current Time = 08:42:33
50 Current Time = 09:22:48
60 Current Time = 10:02:59
70 Current Time = 10:43:16
80 Current Time = 11:23:26
90 Current Time = 12:03:42
Number of features: 2923
Analyses complete. Current Time = 12:55:31
Results saved. All done. Current Time = 12:55:32
