Running job number  108
Start  108
End  109
outcome: 130878-0.0
Number of features: 5
0 Current Time = 23:09:47
10 Current Time = 23:10:21
20 Current Time = 23:10:54
30 Current Time = 23:11:27
40 Current Time = 23:12:00
50 Current Time = 23:12:33
60 Current Time = 23:13:06
70 Current Time = 23:13:39
80 Current Time = 23:14:13
90 Current Time = 23:14:46
Number of features: 50
0 Current Time = 23:15:19
10 Current Time = 23:17:38
20 Current Time = 23:19:55
30 Current Time = 23:22:12
40 Current Time = 23:24:30
50 Current Time = 23:26:44
60 Current Time = 23:28:56
70 Current Time = 23:31:15
80 Current Time = 23:33:29
90 Current Time = 23:35:42
Number of features: 100
0 Current Time = 23:37:58
10 Current Time = 23:42:33
20 Current Time = 23:47:10
30 Current Time = 23:51:43
40 Current Time = 23:56:10
50 Current Time = 00:00:35
60 Current Time = 00:04:52
70 Current Time = 00:09:20
80 Current Time = 00:13:45
90 Current Time = 00:18:02
Number of features: 500
0 Current Time = 00:22:22
10 Current Time = 00:44:57
20 Current Time = 01:07:41
30 Current Time = 01:30:35
40 Current Time = 01:53:09
50 Current Time = 02:15:41
60 Current Time = 02:38:17
70 Current Time = 03:00:56
80 Current Time = 03:23:25
90 Current Time = 03:45:39
Number of features: 1000
0 Current Time = 04:07:36
10 Current Time = 04:54:20
