Running job number  442
Start  442
End  443
outcome: 131862-0.0
Number of features: 5
0 Current Time = 02:28:16
10 Current Time = 02:29:06
20 Current Time = 02:29:57
30 Current Time = 02:30:49
40 Current Time = 02:31:40
50 Current Time = 02:32:30
60 Current Time = 02:33:19
70 Current Time = 02:34:11
80 Current Time = 02:35:02
90 Current Time = 02:35:52
Number of features: 50
0 Current Time = 02:36:43
10 Current Time = 02:40:04
20 Current Time = 02:43:22
30 Current Time = 02:46:41
40 Current Time = 02:49:52
50 Current Time = 02:53:13
60 Current Time = 02:56:34
70 Current Time = 02:59:59
80 Current Time = 03:03:19
90 Current Time = 03:06:39
Number of features: 100
0 Current Time = 03:10:01
10 Current Time = 03:16:22
20 Current Time = 03:22:44
30 Current Time = 03:29:31
40 Current Time = 03:36:12
50 Current Time = 03:42:56
60 Current Time = 03:49:43
70 Current Time = 03:56:21
80 Current Time = 04:03:06
90 Current Time = 04:09:49
Number of features: 500
0 Current Time = 04:16:20
10 Current Time = 04:50:10
20 Current Time = 05:24:58
30 Current Time = 05:59:13
40 Current Time = 06:33:37
50 Current Time = 07:07:55
60 Current Time = 07:38:54
70 Current Time = 08:10:33
80 Current Time = 08:40:52
90 Current Time = 09:11:12
Number of features: 1000
0 Current Time = 09:41:23
