Running job number  78
Start  78
End  79
outcome: 130736-0.0
Number of features: 5
0 Current Time = 23:07:50
10 Current Time = 23:08:30
20 Current Time = 23:09:11
30 Current Time = 23:09:52
40 Current Time = 23:10:34
50 Current Time = 23:11:15
60 Current Time = 23:11:55
70 Current Time = 23:12:35
80 Current Time = 23:13:14
90 Current Time = 23:13:54
Number of features: 50
0 Current Time = 23:14:34
10 Current Time = 23:17:04
20 Current Time = 23:19:25
30 Current Time = 23:21:48
40 Current Time = 23:24:15
50 Current Time = 23:26:40
60 Current Time = 23:29:05
70 Current Time = 23:31:32
80 Current Time = 23:33:54
90 Current Time = 23:36:15
Number of features: 100
0 Current Time = 23:38:36
10 Current Time = 23:43:20
20 Current Time = 23:47:57
30 Current Time = 23:52:34
40 Current Time = 23:57:10
50 Current Time = 00:01:45
60 Current Time = 00:06:22
70 Current Time = 00:10:59
80 Current Time = 00:15:39
90 Current Time = 00:20:21
Number of features: 500
0 Current Time = 00:24:56
10 Current Time = 00:48:25
20 Current Time = 01:12:03
30 Current Time = 01:35:27
40 Current Time = 01:59:05
50 Current Time = 02:22:23
60 Current Time = 02:46:04
70 Current Time = 03:09:52
80 Current Time = 03:33:30
90 Current Time = 03:57:26
Number of features: 1000
0 Current Time = 04:21:08
