Running job number  544
Start  544
End  545
outcome: 132124-0.0
Number of features: 5
0 Current Time = 02:42:36
10 Current Time = 02:43:38
20 Current Time = 02:44:42
30 Current Time = 02:45:42
40 Current Time = 02:46:49
50 Current Time = 02:47:54
60 Current Time = 02:48:56
70 Current Time = 02:49:56
80 Current Time = 02:50:56
90 Current Time = 02:51:55
Number of features: 50
0 Current Time = 02:52:56
10 Current Time = 02:58:07
20 Current Time = 03:03:13
30 Current Time = 03:08:10
40 Current Time = 03:13:27
50 Current Time = 03:18:39
60 Current Time = 03:23:38
70 Current Time = 03:28:50
80 Current Time = 03:34:03
90 Current Time = 03:39:01
Number of features: 100
0 Current Time = 03:44:04
10 Current Time = 03:53:41
20 Current Time = 04:03:43
30 Current Time = 04:13:26
40 Current Time = 04:23:16
50 Current Time = 04:32:41
60 Current Time = 04:42:45
70 Current Time = 04:53:01
80 Current Time = 05:02:49
90 Current Time = 05:12:48
Number of features: 500
0 Current Time = 05:22:37
10 Current Time = 06:06:44
20 Current Time = 06:51:13
30 Current Time = 07:33:20
40 Current Time = 08:10:47
50 Current Time = 08:48:55
60 Current Time = 09:28:26
70 Current Time = 10:05:53
