Running job number  152
Start  152
End  153
outcome: 131072-0.0
Number of features: 5
0 Current Time = 01:48:13
10 Current Time = 01:48:44
20 Current Time = 01:49:15
30 Current Time = 01:49:46
40 Current Time = 01:50:17
50 Current Time = 01:50:49
60 Current Time = 01:51:21
70 Current Time = 01:51:52
80 Current Time = 01:52:24
90 Current Time = 01:52:56
Number of features: 50
0 Current Time = 01:53:27
10 Current Time = 01:55:21
20 Current Time = 01:57:16
30 Current Time = 01:59:11
40 Current Time = 02:01:06
50 Current Time = 02:03:00
60 Current Time = 02:04:55
70 Current Time = 02:06:50
80 Current Time = 02:08:43
90 Current Time = 02:10:38
Number of features: 100
0 Current Time = 02:12:29
10 Current Time = 02:16:10
20 Current Time = 02:19:48
30 Current Time = 02:23:29
40 Current Time = 02:27:07
50 Current Time = 02:30:40
60 Current Time = 02:34:13
70 Current Time = 02:37:49
80 Current Time = 02:41:21
90 Current Time = 02:45:02
Number of features: 500
0 Current Time = 02:48:40
10 Current Time = 03:08:18
20 Current Time = 03:27:44
30 Current Time = 03:47:08
40 Current Time = 04:06:35
50 Current Time = 04:26:09
60 Current Time = 04:45:38
70 Current Time = 05:05:10
80 Current Time = 05:25:01
90 Current Time = 05:44:13
Number of features: 1000
0 Current Time = 06:03:28
10 Current Time = 06:43:36
20 Current Time = 07:23:44
30 Current Time = 08:03:46
40 Current Time = 08:44:05
50 Current Time = 09:23:36
60 Current Time = 10:03:45
70 Current Time = 10:43:50
80 Current Time = 11:23:54
90 Current Time = 12:01:15
Number of features: 2923
Analyses complete. Current Time = 12:52:12
Results saved. All done. Current Time = 12:52:13
