Running job number  40
Start  40
End  41
outcome: 130336-0.0
Number of features: 5
0 Current Time = 01:32:11
10 Current Time = 01:32:55
20 Current Time = 01:33:40
30 Current Time = 01:34:23
40 Current Time = 01:35:04
50 Current Time = 01:35:48
60 Current Time = 01:36:32
70 Current Time = 01:37:16
80 Current Time = 01:37:59
90 Current Time = 01:38:40
Number of features: 50
0 Current Time = 01:39:26
10 Current Time = 01:42:32
20 Current Time = 01:45:36
30 Current Time = 01:48:34
40 Current Time = 01:51:25
50 Current Time = 01:54:18
60 Current Time = 01:57:10
70 Current Time = 02:00:01
80 Current Time = 02:02:51
90 Current Time = 02:05:38
Number of features: 100
0 Current Time = 02:08:26
10 Current Time = 02:14:20
20 Current Time = 02:20:18
30 Current Time = 02:26:15
40 Current Time = 02:32:07
50 Current Time = 02:37:52
60 Current Time = 02:43:37
70 Current Time = 02:49:28
80 Current Time = 02:55:09
90 Current Time = 03:00:52
Number of features: 500
0 Current Time = 03:06:32
10 Current Time = 03:35:22
20 Current Time = 04:04:46
30 Current Time = 04:32:22
40 Current Time = 04:59:50
50 Current Time = 05:27:39
60 Current Time = 05:55:01
70 Current Time = 06:22:31
80 Current Time = 06:50:06
90 Current Time = 07:17:10
Number of features: 1000
0 Current Time = 07:44:34
10 Current Time = 08:39:47
20 Current Time = 09:36:24
30 Current Time = 10:32:51
40 Current Time = 11:28:51
50 Current Time = 12:26:38
60 Current Time = 13:22:29
70 Current Time = 14:16:47
80 Current Time = 15:10:06
90 Current Time = 16:02:39
Number of features: 2923
Analyses complete. Current Time = 17:09:27
Results saved. All done. Current Time = 17:09:28
