Running job number  278
Start  278
End  279
outcome: 131410-0.0
Number of features: 5
0 Current Time = 23:19:14
10 Current Time = 23:19:48
20 Current Time = 23:20:22
30 Current Time = 23:20:57
40 Current Time = 23:21:31
50 Current Time = 23:22:05
60 Current Time = 23:22:39
70 Current Time = 23:23:14
80 Current Time = 23:23:48
90 Current Time = 23:24:22
Number of features: 50
0 Current Time = 23:24:57
10 Current Time = 23:27:13
20 Current Time = 23:29:28
30 Current Time = 23:31:41
40 Current Time = 23:33:54
50 Current Time = 23:36:07
60 Current Time = 23:38:19
70 Current Time = 23:40:34
80 Current Time = 23:42:48
90 Current Time = 23:45:03
Number of features: 100
0 Current Time = 23:47:16
10 Current Time = 23:51:42
20 Current Time = 23:56:07
30 Current Time = 00:00:30
40 Current Time = 00:04:50
50 Current Time = 00:09:12
60 Current Time = 00:13:32
70 Current Time = 00:17:59
80 Current Time = 00:22:26
90 Current Time = 00:26:53
Number of features: 500
0 Current Time = 00:31:15
10 Current Time = 00:53:02
20 Current Time = 01:15:54
30 Current Time = 01:38:28
40 Current Time = 02:00:48
50 Current Time = 02:23:43
60 Current Time = 02:46:52
70 Current Time = 03:10:39
80 Current Time = 03:34:46
90 Current Time = 04:00:42
Number of features: 1000
0 Current Time = 04:26:20
