Running job number  119
Start  119
End  120
outcome: 130910-0.0
Number of features: 5
0 Current Time = 01:47:59
10 Current Time = 01:49:26
20 Current Time = 01:50:55
30 Current Time = 01:52:22
40 Current Time = 01:53:50
50 Current Time = 01:55:20
60 Current Time = 01:56:48
70 Current Time = 01:58:15
80 Current Time = 01:59:44
90 Current Time = 02:01:12
Number of features: 50
0 Current Time = 02:02:41
10 Current Time = 02:09:50
20 Current Time = 02:16:53
30 Current Time = 02:23:59
40 Current Time = 02:31:12
50 Current Time = 02:38:30
60 Current Time = 02:45:24
70 Current Time = 02:52:31
80 Current Time = 02:59:37
90 Current Time = 03:06:49
Number of features: 100
0 Current Time = 03:14:07
10 Current Time = 03:27:50
20 Current Time = 03:41:43
30 Current Time = 03:55:29
40 Current Time = 04:09:34
50 Current Time = 04:23:28
60 Current Time = 04:37:07
70 Current Time = 04:50:50
80 Current Time = 05:04:38
90 Current Time = 05:18:33
Number of features: 500
0 Current Time = 05:32:21
10 Current Time = 06:42:50
20 Current Time = 07:53:27
30 Current Time = 09:03:24
40 Current Time = 10:14:47
50 Current Time = 11:25:36
60 Current Time = 12:34:59
70 Current Time = 13:44:12
80 Current Time = 14:54:19
90 Current Time = 16:03:45
Number of features: 1000
0 Current Time = 17:13:38
