Running job number  39
Start  39
End  40
outcome: 130320-0.0
Number of features: 5
0 Current Time = 01:32:11
10 Current Time = 01:32:43
20 Current Time = 01:33:14
30 Current Time = 01:33:46
40 Current Time = 01:34:17
50 Current Time = 01:34:49
60 Current Time = 01:35:20
70 Current Time = 01:35:51
80 Current Time = 01:36:22
90 Current Time = 01:36:53
Number of features: 50
0 Current Time = 01:37:24
10 Current Time = 01:39:22
20 Current Time = 01:41:20
30 Current Time = 01:43:16
40 Current Time = 01:45:14
50 Current Time = 01:47:10
60 Current Time = 01:49:08
70 Current Time = 01:51:04
80 Current Time = 01:53:01
90 Current Time = 01:54:58
Number of features: 100
0 Current Time = 01:56:55
10 Current Time = 02:01:14
20 Current Time = 02:05:32
30 Current Time = 02:09:48
40 Current Time = 02:14:05
50 Current Time = 02:18:22
60 Current Time = 02:22:39
70 Current Time = 02:26:59
80 Current Time = 02:31:14
90 Current Time = 02:35:15
Number of features: 500
0 Current Time = 02:39:31
10 Current Time = 03:01:24
20 Current Time = 03:22:24
30 Current Time = 03:44:18
40 Current Time = 04:05:12
50 Current Time = 04:25:06
60 Current Time = 04:45:03
70 Current Time = 05:04:59
80 Current Time = 05:24:55
90 Current Time = 05:44:58
Number of features: 1000
0 Current Time = 06:04:56
10 Current Time = 06:46:34
20 Current Time = 07:28:30
30 Current Time = 08:10:14
40 Current Time = 08:51:40
50 Current Time = 09:33:28
60 Current Time = 10:15:05
70 Current Time = 10:56:39
80 Current Time = 11:38:25
90 Current Time = 12:20:44
Number of features: 2923
Analyses complete. Current Time = 13:14:50
Results saved. All done. Current Time = 13:14:52
