Running job number  433
Start  433
End  434
outcome: 131832-0.0
Number of features: 5
0 Current Time = 02:24:14
10 Current Time = 02:24:48
20 Current Time = 02:25:21
30 Current Time = 02:25:53
40 Current Time = 02:26:26
50 Current Time = 02:26:59
60 Current Time = 02:27:33
70 Current Time = 02:28:06
80 Current Time = 02:28:39
90 Current Time = 02:29:14
Number of features: 50
0 Current Time = 02:29:48
10 Current Time = 02:32:04
20 Current Time = 02:34:17
30 Current Time = 02:36:29
40 Current Time = 02:38:41
50 Current Time = 02:40:45
60 Current Time = 02:42:50
70 Current Time = 02:44:59
80 Current Time = 02:47:01
90 Current Time = 02:49:14
Number of features: 100
0 Current Time = 02:51:27
10 Current Time = 02:55:52
20 Current Time = 03:00:16
30 Current Time = 03:04:47
40 Current Time = 03:09:11
50 Current Time = 03:13:38
60 Current Time = 03:18:05
70 Current Time = 03:22:33
80 Current Time = 03:27:06
90 Current Time = 03:31:27
Number of features: 500
0 Current Time = 03:35:53
10 Current Time = 03:59:13
20 Current Time = 04:22:59
30 Current Time = 04:46:29
40 Current Time = 05:10:18
50 Current Time = 05:34:09
60 Current Time = 05:57:23
70 Current Time = 06:19:42
80 Current Time = 06:41:19
90 Current Time = 07:02:47
Number of features: 1000
0 Current Time = 07:24:07
10 Current Time = 08:08:15
20 Current Time = 08:53:36
30 Current Time = 09:39:13
