Running job number  204
Start  204
End  205
outcome: 131212-0.0
Number of features: 5
0 Current Time = 01:49:04
10 Current Time = 01:49:43
20 Current Time = 01:50:21
30 Current Time = 01:51:00
40 Current Time = 01:51:38
50 Current Time = 01:52:17
60 Current Time = 01:52:56
70 Current Time = 01:53:35
80 Current Time = 01:54:13
90 Current Time = 01:54:51
Number of features: 50
0 Current Time = 01:55:30
10 Current Time = 01:57:58
20 Current Time = 02:00:26
30 Current Time = 02:02:53
40 Current Time = 02:05:20
50 Current Time = 02:07:45
60 Current Time = 02:10:12
70 Current Time = 02:12:44
80 Current Time = 02:15:12
90 Current Time = 02:17:38
Number of features: 100
0 Current Time = 02:20:03
10 Current Time = 02:25:00
20 Current Time = 02:30:01
30 Current Time = 02:34:56
40 Current Time = 02:39:47
50 Current Time = 02:44:41
60 Current Time = 02:49:40
70 Current Time = 02:54:35
80 Current Time = 02:59:24
90 Current Time = 03:04:18
Number of features: 500
0 Current Time = 03:09:12
10 Current Time = 03:34:06
20 Current Time = 03:58:55
30 Current Time = 04:23:40
40 Current Time = 04:48:34
50 Current Time = 05:12:48
60 Current Time = 05:37:29
70 Current Time = 06:02:34
80 Current Time = 06:27:02
90 Current Time = 06:51:31
Number of features: 1000
0 Current Time = 07:15:43
10 Current Time = 08:06:30
20 Current Time = 08:57:10
30 Current Time = 09:47:29
40 Current Time = 10:38:24
50 Current Time = 11:29:31
60 Current Time = 12:20:39
70 Current Time = 13:11:51
80 Current Time = 14:02:16
90 Current Time = 14:53:15
Number of features: 2923
Analyses complete. Current Time = 15:56:16
Results saved. All done. Current Time = 15:56:17
