Running job number  485
Start  485
End  486
outcome: 131972-0.0
Number of features: 5
0 Current Time = 02:32:29
10 Current Time = 02:33:19
20 Current Time = 02:34:11
30 Current Time = 02:35:00
40 Current Time = 02:35:50
50 Current Time = 02:36:41
60 Current Time = 02:37:30
70 Current Time = 02:38:19
80 Current Time = 02:39:08
90 Current Time = 02:39:58
Number of features: 50
0 Current Time = 02:40:47
10 Current Time = 02:44:14
20 Current Time = 02:47:31
30 Current Time = 02:50:48
40 Current Time = 02:54:05
50 Current Time = 02:57:21
60 Current Time = 03:00:32
70 Current Time = 03:03:44
80 Current Time = 03:06:51
90 Current Time = 03:10:04
Number of features: 100
0 Current Time = 03:13:21
10 Current Time = 03:20:04
20 Current Time = 03:26:53
30 Current Time = 03:33:26
40 Current Time = 03:40:02
50 Current Time = 03:46:39
60 Current Time = 03:53:14
70 Current Time = 03:59:52
80 Current Time = 04:06:17
90 Current Time = 04:12:42
Number of features: 500
0 Current Time = 04:19:06
10 Current Time = 04:50:38
20 Current Time = 05:22:41
30 Current Time = 05:54:52
40 Current Time = 06:25:02
50 Current Time = 06:54:47
60 Current Time = 07:25:05
70 Current Time = 07:54:51
80 Current Time = 08:25:03
90 Current Time = 08:55:28
Number of features: 1000
0 Current Time = 09:25:00
