Running job number  67
Start  67
End  68
outcome: 130702-0.0
Number of features: 5
0 Current Time = 23:07:57
10 Current Time = 23:08:30
20 Current Time = 23:09:04
30 Current Time = 23:09:36
40 Current Time = 23:10:09
50 Current Time = 23:10:41
60 Current Time = 23:11:13
70 Current Time = 23:11:45
80 Current Time = 23:12:16
90 Current Time = 23:12:48
Number of features: 50
0 Current Time = 23:13:20
10 Current Time = 23:15:24
20 Current Time = 23:17:31
30 Current Time = 23:19:38
40 Current Time = 23:21:45
50 Current Time = 23:23:54
60 Current Time = 23:25:58
70 Current Time = 23:28:04
80 Current Time = 23:30:10
90 Current Time = 23:32:15
Number of features: 100
0 Current Time = 23:34:21
10 Current Time = 23:38:57
20 Current Time = 23:43:44
30 Current Time = 23:48:28
40 Current Time = 23:53:15
50 Current Time = 23:58:10
60 Current Time = 00:02:54
70 Current Time = 00:07:51
80 Current Time = 00:12:45
90 Current Time = 00:17:34
Number of features: 500
0 Current Time = 00:22:20
10 Current Time = 00:46:31
20 Current Time = 01:11:17
30 Current Time = 01:36:51
40 Current Time = 02:02:06
50 Current Time = 02:27:07
60 Current Time = 02:52:06
70 Current Time = 03:17:14
80 Current Time = 03:42:14
90 Current Time = 04:07:11
Number of features: 1000
0 Current Time = 04:32:14
