Running job number  441
Start  441
End  442
outcome: 131860-0.0
Number of features: 5
0 Current Time = 02:28:13
10 Current Time = 02:28:58
20 Current Time = 02:29:41
30 Current Time = 02:30:26
40 Current Time = 02:31:12
50 Current Time = 02:31:54
60 Current Time = 02:32:33
70 Current Time = 02:33:10
80 Current Time = 02:33:53
90 Current Time = 02:34:35
Number of features: 50
0 Current Time = 02:35:18
10 Current Time = 02:38:10
20 Current Time = 02:41:01
30 Current Time = 02:44:04
40 Current Time = 02:46:56
50 Current Time = 02:49:48
60 Current Time = 02:52:50
70 Current Time = 02:55:51
80 Current Time = 02:58:48
90 Current Time = 03:01:53
Number of features: 100
0 Current Time = 03:04:44
10 Current Time = 03:10:31
20 Current Time = 03:16:12
30 Current Time = 03:21:48
40 Current Time = 03:28:36
50 Current Time = 03:35:27
60 Current Time = 03:42:17
70 Current Time = 03:49:09
80 Current Time = 03:55:56
90 Current Time = 04:02:49
Number of features: 500
0 Current Time = 04:09:49
10 Current Time = 04:44:25
20 Current Time = 05:19:30
30 Current Time = 05:54:21
40 Current Time = 06:29:20
50 Current Time = 07:04:09
60 Current Time = 07:35:34
70 Current Time = 08:07:06
80 Current Time = 08:35:56
90 Current Time = 09:04:30
Number of features: 1000
0 Current Time = 09:33:21
