Running job number  5
Start  5
End  6
outcome: 130020-0.0
Number of features: 5
0 Current Time = 23:04:55
10 Current Time = 23:05:32
20 Current Time = 23:06:08
30 Current Time = 23:06:45
40 Current Time = 23:07:21
50 Current Time = 23:07:59
60 Current Time = 23:08:37
70 Current Time = 23:09:13
80 Current Time = 23:09:50
90 Current Time = 23:10:27
Number of features: 50
0 Current Time = 23:11:04
10 Current Time = 23:13:21
20 Current Time = 23:15:35
30 Current Time = 23:17:51
40 Current Time = 23:20:05
50 Current Time = 23:22:19
60 Current Time = 23:24:35
70 Current Time = 23:26:52
80 Current Time = 23:29:07
90 Current Time = 23:31:19
Number of features: 100
0 Current Time = 23:33:34
10 Current Time = 23:38:01
20 Current Time = 23:42:24
30 Current Time = 23:46:52
40 Current Time = 23:51:15
50 Current Time = 23:55:35
60 Current Time = 23:59:54
70 Current Time = 00:04:20
80 Current Time = 00:08:40
90 Current Time = 00:13:00
Number of features: 500
0 Current Time = 00:17:04
10 Current Time = 00:36:28
20 Current Time = 00:57:26
30 Current Time = 01:18:55
40 Current Time = 01:40:58
50 Current Time = 02:02:53
60 Current Time = 02:24:50
70 Current Time = 02:46:46
80 Current Time = 03:08:59
90 Current Time = 03:30:53
Number of features: 1000
0 Current Time = 03:52:55
10 Current Time = 04:40:43
