Running job number  451
Start  451
End  452
outcome: 131882-0.0
Number of features: 5
0 Current Time = 02:30:15
10 Current Time = 02:30:51
20 Current Time = 02:31:29
30 Current Time = 02:32:06
40 Current Time = 02:32:42
50 Current Time = 02:33:20
60 Current Time = 02:33:55
70 Current Time = 02:34:30
80 Current Time = 02:35:07
90 Current Time = 02:35:44
Number of features: 50
0 Current Time = 02:36:21
10 Current Time = 02:38:40
20 Current Time = 02:41:04
30 Current Time = 02:43:27
40 Current Time = 02:45:49
50 Current Time = 02:48:20
60 Current Time = 02:50:51
70 Current Time = 02:53:20
80 Current Time = 02:55:43
90 Current Time = 02:58:04
Number of features: 100
0 Current Time = 03:00:30
10 Current Time = 03:05:18
20 Current Time = 03:10:16
30 Current Time = 03:14:59
40 Current Time = 03:19:44
50 Current Time = 03:24:27
60 Current Time = 03:29:05
70 Current Time = 03:33:46
80 Current Time = 03:38:23
90 Current Time = 03:42:50
Number of features: 500
0 Current Time = 03:47:21
10 Current Time = 04:10:45
20 Current Time = 04:36:09
30 Current Time = 05:00:39
40 Current Time = 05:25:12
50 Current Time = 05:49:49
60 Current Time = 06:13:52
70 Current Time = 06:35:30
80 Current Time = 06:57:02
90 Current Time = 07:18:38
Number of features: 1000
0 Current Time = 07:40:23
10 Current Time = 08:25:35
20 Current Time = 09:10:54
30 Current Time = 09:56:11
