Running job number  120
Start  120
End  121
outcome: 130912-0.0
Number of features: 5
0 Current Time = 21:33:06
10 Current Time = 21:33:34
20 Current Time = 21:34:03
30 Current Time = 21:34:32
40 Current Time = 21:35:01
50 Current Time = 21:35:30
60 Current Time = 21:35:59
70 Current Time = 21:36:28
80 Current Time = 21:36:57
90 Current Time = 21:37:26
Number of features: 50
0 Current Time = 21:37:55
10 Current Time = 21:39:49
20 Current Time = 21:41:42
30 Current Time = 21:43:36
40 Current Time = 21:45:27
50 Current Time = 21:47:18
60 Current Time = 21:49:09
70 Current Time = 21:51:01
80 Current Time = 21:52:52
90 Current Time = 21:54:42
Number of features: 100
0 Current Time = 21:56:33
10 Current Time = 22:00:23
20 Current Time = 22:04:13
30 Current Time = 22:08:06
40 Current Time = 22:12:06
50 Current Time = 22:16:06
60 Current Time = 22:20:04
70 Current Time = 22:24:03
80 Current Time = 22:28:07
90 Current Time = 22:32:12
Number of features: 500
0 Current Time = 22:36:15
10 Current Time = 22:58:30
20 Current Time = 23:20:08
30 Current Time = 23:41:07
40 Current Time = 00:01:09
50 Current Time = 00:21:13
60 Current Time = 00:40:43
70 Current Time = 00:59:26
80 Current Time = 01:18:06
90 Current Time = 01:37:04
Number of features: 1000
0 Current Time = 01:56:02
10 Current Time = 02:38:04
20 Current Time = 03:16:41
30 Current Time = 03:55:26
40 Current Time = 04:33:51
50 Current Time = 05:12:15
60 Current Time = 05:50:42
70 Current Time = 06:29:20
80 Current Time = 07:07:40
90 Current Time = 07:45:58
Number of features: 2923
Analyses complete. Current Time = 08:35:39
Results saved. All done. Current Time = 08:35:41
