Running job number  277
Start  277
End  278
outcome: 131408-0.0
Number of features: 5
0 Current Time = 01:54:52
10 Current Time = 01:55:29
20 Current Time = 01:56:08
30 Current Time = 01:56:45
40 Current Time = 01:57:24
50 Current Time = 01:58:03
60 Current Time = 01:58:42
70 Current Time = 01:59:21
80 Current Time = 02:00:00
90 Current Time = 02:00:38
Number of features: 50
0 Current Time = 02:01:17
10 Current Time = 02:04:14
20 Current Time = 02:07:14
30 Current Time = 02:10:07
40 Current Time = 02:12:56
50 Current Time = 02:15:45
60 Current Time = 02:18:41
70 Current Time = 02:21:46
80 Current Time = 02:24:51
90 Current Time = 02:27:57
Number of features: 100
0 Current Time = 02:30:50
10 Current Time = 02:36:18
20 Current Time = 02:41:57
30 Current Time = 02:47:47
40 Current Time = 02:53:37
50 Current Time = 02:59:13
60 Current Time = 03:04:39
70 Current Time = 03:10:35
80 Current Time = 03:16:29
90 Current Time = 03:22:07
Number of features: 500
0 Current Time = 03:27:45
10 Current Time = 03:57:47
20 Current Time = 04:27:43
30 Current Time = 04:58:20
40 Current Time = 05:29:14
50 Current Time = 06:00:31
60 Current Time = 06:31:33
70 Current Time = 07:02:18
80 Current Time = 07:33:37
90 Current Time = 08:04:40
Number of features: 1000
0 Current Time = 08:35:47
10 Current Time = 09:39:36
20 Current Time = 10:43:28
30 Current Time = 11:42:34
40 Current Time = 12:41:34
50 Current Time = 13:31:12
60 Current Time = 14:21:19
70 Current Time = 15:11:24
80 Current Time = 16:01:54
90 Current Time = 16:51:38
Number of features: 2923
