Running job number  583
Start  583
End  584
outcome: 132252-0.0
Number of features: 5
0 Current Time = 02:43:58
10 Current Time = 02:44:34
20 Current Time = 02:45:11
30 Current Time = 02:45:47
40 Current Time = 02:46:26
50 Current Time = 02:47:02
60 Current Time = 02:47:39
70 Current Time = 02:48:15
80 Current Time = 02:48:51
90 Current Time = 02:49:26
Number of features: 50
0 Current Time = 02:50:01
10 Current Time = 02:52:30
20 Current Time = 02:54:50
30 Current Time = 02:57:19
40 Current Time = 02:59:41
50 Current Time = 03:02:10
60 Current Time = 03:04:38
70 Current Time = 03:07:06
80 Current Time = 03:09:37
90 Current Time = 03:12:02
Number of features: 100
0 Current Time = 03:14:28
10 Current Time = 03:19:19
20 Current Time = 03:23:58
30 Current Time = 03:28:39
40 Current Time = 03:33:31
50 Current Time = 03:38:23
60 Current Time = 03:43:05
70 Current Time = 03:47:53
80 Current Time = 03:52:42
90 Current Time = 03:57:25
Number of features: 500
0 Current Time = 04:02:14
10 Current Time = 04:26:54
20 Current Time = 04:51:46
30 Current Time = 05:16:41
40 Current Time = 05:41:06
50 Current Time = 06:05:20
60 Current Time = 06:27:42
70 Current Time = 06:49:40
80 Current Time = 07:10:56
90 Current Time = 07:31:51
Number of features: 1000
0 Current Time = 07:52:53
10 Current Time = 08:36:32
20 Current Time = 09:22:22
30 Current Time = 10:10:32
