Running job number  350
Start  350
End  351
outcome: 131600-0.0
Number of features: 5
0 Current Time = 02:04:37
10 Current Time = 02:05:21
20 Current Time = 02:06:01
30 Current Time = 02:06:44
40 Current Time = 02:07:26
50 Current Time = 02:08:07
60 Current Time = 02:08:49
70 Current Time = 02:09:30
80 Current Time = 02:10:14
90 Current Time = 02:10:55
Number of features: 50
0 Current Time = 02:11:36
10 Current Time = 02:14:09
20 Current Time = 02:16:45
30 Current Time = 02:19:20
40 Current Time = 02:21:54
50 Current Time = 02:24:28
60 Current Time = 02:27:03
70 Current Time = 02:29:36
80 Current Time = 02:32:12
90 Current Time = 02:34:48
Number of features: 100
0 Current Time = 02:37:21
10 Current Time = 02:42:23
20 Current Time = 02:47:29
30 Current Time = 02:52:33
40 Current Time = 02:57:35
50 Current Time = 03:02:36
60 Current Time = 03:07:42
70 Current Time = 03:12:49
80 Current Time = 03:18:06
90 Current Time = 03:23:13
Number of features: 500
0 Current Time = 03:28:14
10 Current Time = 03:55:11
20 Current Time = 04:22:19
30 Current Time = 04:49:04
40 Current Time = 05:15:29
50 Current Time = 05:41:46
60 Current Time = 06:07:18
70 Current Time = 06:31:45
80 Current Time = 06:56:25
90 Current Time = 07:20:56
Number of features: 1000
0 Current Time = 07:44:50
10 Current Time = 08:38:55
20 Current Time = 09:34:33
