Running job number  585
Start  585
End  586
outcome: 132260-0.0
Number of features: 5
0 Current Time = 02:43:58
10 Current Time = 02:44:55
20 Current Time = 02:45:54
30 Current Time = 02:46:52
40 Current Time = 02:47:50
50 Current Time = 02:48:47
60 Current Time = 02:49:43
70 Current Time = 02:50:40
80 Current Time = 02:51:40
90 Current Time = 02:52:37
Number of features: 50
0 Current Time = 02:53:33
10 Current Time = 02:57:13
20 Current Time = 03:00:46
30 Current Time = 03:04:21
40 Current Time = 03:07:58
50 Current Time = 03:11:37
60 Current Time = 03:15:12
70 Current Time = 03:18:53
80 Current Time = 03:22:26
90 Current Time = 03:25:51
Number of features: 100
0 Current Time = 03:29:32
10 Current Time = 03:36:28
20 Current Time = 03:43:18
30 Current Time = 03:50:11
40 Current Time = 03:56:57
50 Current Time = 04:03:43
60 Current Time = 04:10:35
70 Current Time = 04:17:33
80 Current Time = 04:24:33
90 Current Time = 04:31:32
Number of features: 500
0 Current Time = 04:38:31
10 Current Time = 05:11:41
20 Current Time = 05:44:46
30 Current Time = 06:16:44
40 Current Time = 06:46:22
50 Current Time = 07:14:54
60 Current Time = 07:43:31
70 Current Time = 08:11:57
80 Current Time = 08:40:23
90 Current Time = 09:10:11
Number of features: 1000
0 Current Time = 09:41:18
