Running job number  133
Start  133
End  134
outcome: 131022-0.0
Number of features: 5
0 Current Time = 01:47:54
10 Current Time = 01:48:44
20 Current Time = 01:49:35
30 Current Time = 01:50:25
40 Current Time = 01:51:15
50 Current Time = 01:52:04
60 Current Time = 01:52:55
70 Current Time = 01:53:45
80 Current Time = 01:54:36
90 Current Time = 01:55:26
Number of features: 50
0 Current Time = 01:56:16
10 Current Time = 01:58:58
20 Current Time = 02:01:38
30 Current Time = 02:04:17
40 Current Time = 02:06:53
50 Current Time = 02:09:32
60 Current Time = 02:12:11
70 Current Time = 02:14:51
80 Current Time = 02:17:29
90 Current Time = 02:20:07
Number of features: 100
0 Current Time = 02:22:44
10 Current Time = 02:27:37
20 Current Time = 02:32:27
30 Current Time = 02:37:18
40 Current Time = 02:42:06
50 Current Time = 02:46:57
60 Current Time = 02:51:45
70 Current Time = 02:56:32
80 Current Time = 03:01:24
90 Current Time = 03:06:12
Number of features: 500
0 Current Time = 03:11:02
10 Current Time = 03:35:37
20 Current Time = 04:00:15
30 Current Time = 04:25:03
40 Current Time = 04:49:40
50 Current Time = 05:14:13
60 Current Time = 05:38:35
70 Current Time = 06:03:07
80 Current Time = 06:27:37
90 Current Time = 06:51:47
Number of features: 1000
0 Current Time = 07:16:26
10 Current Time = 08:06:24
20 Current Time = 08:56:53
30 Current Time = 09:47:25
40 Current Time = 10:38:06
50 Current Time = 11:27:48
60 Current Time = 12:17:07
70 Current Time = 13:06:46
80 Current Time = 13:56:12
90 Current Time = 14:46:14
Number of features: 2923
Analyses complete. Current Time = 15:51:05
Results saved. All done. Current Time = 15:51:06
