Running job number  272
Start  272
End  273
outcome: 131396-0.0
Number of features: 5
0 Current Time = 01:53:08
10 Current Time = 01:54:00
20 Current Time = 01:54:52
30 Current Time = 01:55:41
40 Current Time = 01:56:32
50 Current Time = 01:57:22
60 Current Time = 01:58:13
70 Current Time = 01:59:06
80 Current Time = 01:59:57
90 Current Time = 02:00:50
Number of features: 50
0 Current Time = 02:01:44
10 Current Time = 02:05:19
20 Current Time = 02:08:58
30 Current Time = 02:12:21
40 Current Time = 02:15:29
50 Current Time = 02:18:34
60 Current Time = 02:21:41
70 Current Time = 02:24:48
80 Current Time = 02:27:53
90 Current Time = 02:31:22
Number of features: 100
0 Current Time = 02:34:49
10 Current Time = 02:43:42
20 Current Time = 02:52:53
30 Current Time = 03:01:41
40 Current Time = 03:09:28
50 Current Time = 03:18:01
60 Current Time = 03:27:08
70 Current Time = 03:35:00
80 Current Time = 03:43:04
90 Current Time = 03:51:53
Number of features: 500
0 Current Time = 04:00:54
10 Current Time = 04:51:28
20 Current Time = 05:46:02
30 Current Time = 06:26:26
40 Current Time = 07:05:33
50 Current Time = 07:45:31
60 Current Time = 08:25:21
70 Current Time = 09:04:17
80 Current Time = 09:44:25
90 Current Time = 10:25:57
Number of features: 1000
0 Current Time = 11:24:38
10 Current Time = 13:29:23
20 Current Time = 15:15:00
30 Current Time = 17:12:33
