Running job number  194
Start  194
End  195
outcome: 131184-0.0
Number of features: 5
0 Current Time = 23:12:42
10 Current Time = 23:13:27
20 Current Time = 23:14:12
30 Current Time = 23:14:57
40 Current Time = 23:15:42
50 Current Time = 23:16:28
60 Current Time = 23:17:15
70 Current Time = 23:18:01
80 Current Time = 23:18:46
90 Current Time = 23:19:30
Number of features: 50
0 Current Time = 23:20:16
10 Current Time = 23:23:32
20 Current Time = 23:26:50
30 Current Time = 23:30:05
40 Current Time = 23:33:16
50 Current Time = 23:36:34
60 Current Time = 23:39:55
70 Current Time = 23:43:10
80 Current Time = 23:46:28
90 Current Time = 23:49:42
Number of features: 100
0 Current Time = 23:52:57
10 Current Time = 23:59:47
20 Current Time = 00:06:47
30 Current Time = 00:13:33
40 Current Time = 00:20:21
50 Current Time = 00:27:09
60 Current Time = 00:33:50
70 Current Time = 00:40:29
80 Current Time = 00:47:14
90 Current Time = 00:53:52
Number of features: 500
0 Current Time = 01:00:46
10 Current Time = 01:35:02
20 Current Time = 02:08:56
30 Current Time = 02:43:00
40 Current Time = 03:17:05
50 Current Time = 03:52:15
60 Current Time = 04:26:50
70 Current Time = 05:01:16
