Running job number  116
Start  116
End  117
outcome: 130904-0.0
Number of features: 5
0 Current Time = 01:47:55
10 Current Time = 01:48:57
20 Current Time = 01:49:58
30 Current Time = 01:50:59
40 Current Time = 01:51:59
50 Current Time = 01:53:00
60 Current Time = 01:54:01
70 Current Time = 01:55:02
80 Current Time = 01:56:01
90 Current Time = 01:57:01
Number of features: 50
0 Current Time = 01:58:03
10 Current Time = 02:03:17
20 Current Time = 02:08:43
30 Current Time = 02:14:10
40 Current Time = 02:19:38
50 Current Time = 02:24:56
60 Current Time = 02:30:16
70 Current Time = 02:35:39
80 Current Time = 02:41:04
90 Current Time = 02:46:27
Number of features: 100
0 Current Time = 02:51:56
10 Current Time = 03:02:13
20 Current Time = 03:12:42
30 Current Time = 03:22:56
40 Current Time = 03:33:01
50 Current Time = 03:43:20
60 Current Time = 03:53:24
70 Current Time = 04:03:33
80 Current Time = 04:13:52
90 Current Time = 04:24:07
Number of features: 500
0 Current Time = 04:34:25
10 Current Time = 05:26:30
20 Current Time = 06:17:57
30 Current Time = 07:09:24
40 Current Time = 08:01:20
50 Current Time = 08:53:35
60 Current Time = 09:45:38
70 Current Time = 10:37:41
80 Current Time = 11:29:27
90 Current Time = 12:21:03
Number of features: 1000
0 Current Time = 13:12:07
10 Current Time = 15:07:19
20 Current Time = 17:04:08
