Running job number  36
Start  36
End  37
outcome: 130254-0.0
Number of features: 5
0 Current Time = 01:32:17
10 Current Time = 01:32:45
20 Current Time = 01:33:13
30 Current Time = 01:33:42
40 Current Time = 01:34:10
50 Current Time = 01:34:39
60 Current Time = 01:35:08
70 Current Time = 01:35:36
80 Current Time = 01:36:04
90 Current Time = 01:36:32
Number of features: 50
0 Current Time = 01:37:00
10 Current Time = 01:38:41
20 Current Time = 01:40:20
30 Current Time = 01:41:58
40 Current Time = 01:43:36
50 Current Time = 01:45:13
60 Current Time = 01:46:52
70 Current Time = 01:48:31
80 Current Time = 01:50:08
90 Current Time = 01:51:47
Number of features: 100
0 Current Time = 01:53:25
10 Current Time = 01:56:38
20 Current Time = 01:59:51
30 Current Time = 02:03:06
40 Current Time = 02:06:19
50 Current Time = 02:09:38
60 Current Time = 02:12:52
70 Current Time = 02:16:04
80 Current Time = 02:19:19
90 Current Time = 02:22:34
Number of features: 500
0 Current Time = 02:25:47
10 Current Time = 02:43:36
20 Current Time = 03:01:24
30 Current Time = 03:19:24
40 Current Time = 03:37:29
50 Current Time = 03:55:29
60 Current Time = 04:13:23
70 Current Time = 04:31:15
80 Current Time = 04:49:13
90 Current Time = 05:07:01
Number of features: 1000
0 Current Time = 05:24:54
10 Current Time = 06:02:07
20 Current Time = 06:39:20
30 Current Time = 07:16:43
40 Current Time = 07:54:13
50 Current Time = 08:31:31
60 Current Time = 09:08:46
70 Current Time = 09:46:13
80 Current Time = 10:23:54
90 Current Time = 11:01:06
Number of features: 2923
Analyses complete. Current Time = 11:49:04
Results saved. All done. Current Time = 11:49:04
