Running job number  594
Start  594
End  595
outcome: 132468-0.0
Number of features: 5
0 Current Time = 02:47:03
10 Current Time = 02:47:39
20 Current Time = 02:48:13
30 Current Time = 02:48:49
40 Current Time = 02:49:25
50 Current Time = 02:50:00
60 Current Time = 02:50:36
70 Current Time = 02:51:11
80 Current Time = 02:51:46
90 Current Time = 02:52:21
Number of features: 50
0 Current Time = 02:52:56
10 Current Time = 02:55:16
20 Current Time = 02:57:34
30 Current Time = 02:59:55
40 Current Time = 03:02:17
50 Current Time = 03:04:34
60 Current Time = 03:06:51
70 Current Time = 03:09:12
80 Current Time = 03:11:34
90 Current Time = 03:13:53
Number of features: 100
0 Current Time = 03:16:12
10 Current Time = 03:20:53
20 Current Time = 03:25:34
30 Current Time = 03:30:11
40 Current Time = 03:34:46
50 Current Time = 03:39:24
60 Current Time = 03:44:07
70 Current Time = 03:48:54
80 Current Time = 03:53:36
90 Current Time = 03:58:18
Number of features: 500
0 Current Time = 04:03:00
10 Current Time = 04:27:56
20 Current Time = 04:52:53
30 Current Time = 05:18:10
40 Current Time = 05:42:28
50 Current Time = 06:06:43
60 Current Time = 06:29:55
70 Current Time = 06:52:41
80 Current Time = 07:15:39
90 Current Time = 07:38:19
Number of features: 1000
0 Current Time = 08:00:45
10 Current Time = 08:48:40
20 Current Time = 09:37:34
