Running job number  56
Start  56
End  57
outcome: 130658-0.0
Number of features: 5
0 Current Time = 01:33:37
10 Current Time = 01:34:13
20 Current Time = 01:34:50
30 Current Time = 01:35:26
40 Current Time = 01:36:02
50 Current Time = 01:36:41
60 Current Time = 01:37:18
70 Current Time = 01:37:55
80 Current Time = 01:38:32
90 Current Time = 01:39:09
Number of features: 50
0 Current Time = 01:39:47
10 Current Time = 01:42:04
20 Current Time = 01:44:19
30 Current Time = 01:46:34
40 Current Time = 01:48:50
50 Current Time = 01:51:10
60 Current Time = 01:53:25
70 Current Time = 01:55:39
80 Current Time = 01:57:53
90 Current Time = 02:00:09
Number of features: 100
0 Current Time = 02:02:27
10 Current Time = 02:06:43
20 Current Time = 02:11:01
30 Current Time = 02:15:16
40 Current Time = 02:19:32
50 Current Time = 02:23:50
60 Current Time = 02:28:03
70 Current Time = 02:32:15
80 Current Time = 02:36:37
90 Current Time = 02:40:54
Number of features: 500
0 Current Time = 02:45:14
10 Current Time = 03:07:17
20 Current Time = 03:29:35
30 Current Time = 03:51:31
40 Current Time = 04:13:20
50 Current Time = 04:35:47
60 Current Time = 04:57:35
70 Current Time = 05:19:10
80 Current Time = 05:40:53
90 Current Time = 06:03:23
Number of features: 1000
0 Current Time = 06:25:50
10 Current Time = 07:10:16
20 Current Time = 07:54:56
30 Current Time = 08:39:23
40 Current Time = 09:23:26
50 Current Time = 10:09:19
60 Current Time = 10:54:05
70 Current Time = 11:38:15
80 Current Time = 12:20:05
90 Current Time = 13:01:53
Number of features: 2923
Analyses complete. Current Time = 13:55:26
Results saved. All done. Current Time = 13:55:27
