Running job number  464
Start  464
End  465
outcome: 131916-0.0
Number of features: 5
0 Current Time = 02:32:29
10 Current Time = 02:33:25
20 Current Time = 02:34:21
30 Current Time = 02:35:17
40 Current Time = 02:36:13
50 Current Time = 02:37:08
60 Current Time = 02:38:04
70 Current Time = 02:38:59
80 Current Time = 02:39:52
90 Current Time = 02:40:46
Number of features: 50
0 Current Time = 02:41:41
10 Current Time = 02:45:01
20 Current Time = 02:48:20
30 Current Time = 02:51:42
40 Current Time = 02:54:57
50 Current Time = 02:58:20
60 Current Time = 03:01:40
70 Current Time = 03:05:07
80 Current Time = 03:08:26
90 Current Time = 03:11:45
Number of features: 100
0 Current Time = 03:15:10
10 Current Time = 03:21:55
20 Current Time = 03:28:33
30 Current Time = 03:35:18
40 Current Time = 03:41:51
50 Current Time = 03:48:35
60 Current Time = 03:55:10
70 Current Time = 04:01:50
80 Current Time = 04:08:23
90 Current Time = 04:15:01
Number of features: 500
0 Current Time = 04:21:41
10 Current Time = 04:55:29
20 Current Time = 05:28:47
30 Current Time = 06:02:10
40 Current Time = 06:35:36
50 Current Time = 07:08:51
60 Current Time = 07:42:32
70 Current Time = 08:16:16
80 Current Time = 08:48:54
90 Current Time = 09:21:45
Number of features: 1000
0 Current Time = 09:54:37
