Running job number  185
Start  185
End  186
outcome: 131158-0.0
Number of features: 5
0 Current Time = 23:12:45
10 Current Time = 23:13:18
20 Current Time = 23:13:51
30 Current Time = 23:14:24
40 Current Time = 23:14:58
50 Current Time = 23:15:32
60 Current Time = 23:16:06
70 Current Time = 23:16:39
80 Current Time = 23:17:12
90 Current Time = 23:17:45
Number of features: 50
0 Current Time = 23:18:18
10 Current Time = 23:20:25
20 Current Time = 23:22:31
30 Current Time = 23:24:36
40 Current Time = 23:26:45
50 Current Time = 23:28:51
60 Current Time = 23:30:56
70 Current Time = 23:33:03
80 Current Time = 23:35:07
90 Current Time = 23:37:11
Number of features: 100
0 Current Time = 23:39:16
10 Current Time = 23:43:23
20 Current Time = 23:47:41
30 Current Time = 23:52:10
40 Current Time = 23:56:45
50 Current Time = 00:01:17
60 Current Time = 00:06:01
70 Current Time = 00:10:49
80 Current Time = 00:15:39
90 Current Time = 00:20:30
Number of features: 500
0 Current Time = 00:25:13
10 Current Time = 00:49:25
20 Current Time = 01:13:55
30 Current Time = 01:38:16
40 Current Time = 02:02:32
50 Current Time = 02:26:38
60 Current Time = 02:50:37
70 Current Time = 03:14:59
80 Current Time = 03:38:59
90 Current Time = 04:03:24
Number of features: 1000
0 Current Time = 04:27:49
