Running job number  23
Start  23
End  24
outcome: 130194-0.0
Number of features: 5
0 Current Time = 01:32:37
10 Current Time = 01:33:08
20 Current Time = 01:33:39
30 Current Time = 01:34:09
40 Current Time = 01:34:39
50 Current Time = 01:35:10
60 Current Time = 01:35:40
70 Current Time = 01:36:11
80 Current Time = 01:36:42
90 Current Time = 01:37:12
Number of features: 50
0 Current Time = 01:37:43
10 Current Time = 01:39:47
20 Current Time = 01:41:52
30 Current Time = 01:44:00
40 Current Time = 01:45:57
50 Current Time = 01:47:48
60 Current Time = 01:49:38
70 Current Time = 01:51:31
80 Current Time = 01:53:22
90 Current Time = 01:55:13
Number of features: 100
0 Current Time = 01:57:05
10 Current Time = 02:01:14
20 Current Time = 02:05:22
30 Current Time = 02:09:29
40 Current Time = 02:13:35
50 Current Time = 02:17:41
60 Current Time = 02:21:47
70 Current Time = 02:25:55
80 Current Time = 02:30:02
90 Current Time = 02:34:08
Number of features: 500
0 Current Time = 02:38:17
10 Current Time = 02:59:53
20 Current Time = 03:21:30
30 Current Time = 03:43:17
40 Current Time = 04:05:08
50 Current Time = 04:27:13
60 Current Time = 04:50:04
70 Current Time = 05:13:06
80 Current Time = 05:35:32
90 Current Time = 05:58:29
Number of features: 1000
0 Current Time = 06:21:27
10 Current Time = 07:11:12
20 Current Time = 08:01:21
30 Current Time = 08:51:50
40 Current Time = 09:42:32
50 Current Time = 10:33:13
60 Current Time = 11:23:58
70 Current Time = 12:14:46
80 Current Time = 13:05:16
90 Current Time = 13:56:14
Number of features: 2923
Analyses complete. Current Time = 15:02:18
Results saved. All done. Current Time = 15:02:19
