Running job number  505
Start  505
End  506
outcome: 132022-0.0
Number of features: 5
0 Current Time = 02:35:22
10 Current Time = 02:36:06
20 Current Time = 02:36:48
30 Current Time = 02:37:30
40 Current Time = 02:38:13
50 Current Time = 02:38:56
60 Current Time = 02:39:39
70 Current Time = 02:40:18
80 Current Time = 02:40:59
90 Current Time = 02:41:38
Number of features: 50
0 Current Time = 02:42:22
10 Current Time = 02:45:06
20 Current Time = 02:47:43
30 Current Time = 02:50:33
40 Current Time = 02:53:23
50 Current Time = 02:56:08
60 Current Time = 02:58:57
70 Current Time = 03:01:50
80 Current Time = 03:04:35
90 Current Time = 03:07:20
Number of features: 100
0 Current Time = 03:10:11
10 Current Time = 03:15:47
20 Current Time = 03:21:18
30 Current Time = 03:26:49
40 Current Time = 03:32:16
50 Current Time = 03:37:49
60 Current Time = 03:43:30
70 Current Time = 03:49:08
80 Current Time = 03:54:41
90 Current Time = 04:00:13
Number of features: 500
0 Current Time = 04:05:55
10 Current Time = 04:34:16
20 Current Time = 05:02:26
30 Current Time = 05:31:00
40 Current Time = 05:58:34
50 Current Time = 06:25:22
60 Current Time = 06:51:33
70 Current Time = 07:17:28
80 Current Time = 07:43:05
90 Current Time = 08:08:53
Number of features: 1000
0 Current Time = 08:35:32
10 Current Time = 09:29:43
