Running job number  484
Start  484
End  485
outcome: 131970-0.0
Number of features: 5
0 Current Time = 02:32:29
10 Current Time = 02:33:07
20 Current Time = 02:33:45
30 Current Time = 02:34:23
40 Current Time = 02:35:00
50 Current Time = 02:35:37
60 Current Time = 02:36:15
70 Current Time = 02:36:52
80 Current Time = 02:37:29
90 Current Time = 02:38:06
Number of features: 50
0 Current Time = 02:38:45
10 Current Time = 02:41:21
20 Current Time = 02:44:01
30 Current Time = 02:46:25
40 Current Time = 02:48:47
50 Current Time = 02:51:11
60 Current Time = 02:53:39
70 Current Time = 02:56:06
80 Current Time = 02:58:32
90 Current Time = 03:00:52
Number of features: 100
0 Current Time = 03:03:13
10 Current Time = 03:08:22
20 Current Time = 03:13:14
30 Current Time = 03:18:07
40 Current Time = 03:23:12
50 Current Time = 03:28:15
60 Current Time = 03:33:02
70 Current Time = 03:37:48
80 Current Time = 03:42:44
90 Current Time = 03:47:47
Number of features: 500
0 Current Time = 03:52:40
10 Current Time = 04:16:47
20 Current Time = 04:40:47
30 Current Time = 05:04:55
40 Current Time = 05:29:14
50 Current Time = 05:53:02
60 Current Time = 06:16:10
70 Current Time = 06:38:48
80 Current Time = 07:01:37
90 Current Time = 07:24:04
Number of features: 1000
0 Current Time = 07:46:37
10 Current Time = 08:33:34
20 Current Time = 09:19:52
30 Current Time = 10:06:20
