Running job number  177
Start  177
End  178
outcome: 131136-0.0
Number of features: 5
0 Current Time = 01:49:25
10 Current Time = 01:50:23
20 Current Time = 01:51:21
30 Current Time = 01:52:15
40 Current Time = 01:53:13
50 Current Time = 01:54:10
60 Current Time = 01:55:09
70 Current Time = 01:56:07
80 Current Time = 01:57:05
90 Current Time = 01:58:02
Number of features: 50
0 Current Time = 01:59:02
10 Current Time = 02:02:40
20 Current Time = 02:06:14
30 Current Time = 02:09:47
40 Current Time = 02:13:20
50 Current Time = 02:16:50
60 Current Time = 02:20:24
70 Current Time = 02:23:57
80 Current Time = 02:27:32
90 Current Time = 02:31:06
Number of features: 100
0 Current Time = 02:34:34
10 Current Time = 02:41:34
20 Current Time = 02:48:33
30 Current Time = 02:55:17
40 Current Time = 03:02:15
50 Current Time = 03:09:06
60 Current Time = 03:15:41
70 Current Time = 03:22:41
80 Current Time = 03:29:38
90 Current Time = 03:36:36
Number of features: 500
0 Current Time = 03:43:36
10 Current Time = 04:17:39
20 Current Time = 04:52:00
30 Current Time = 05:26:16
40 Current Time = 06:00:38
50 Current Time = 06:35:07
60 Current Time = 07:08:34
70 Current Time = 07:42:10
80 Current Time = 08:15:57
90 Current Time = 08:53:18
Number of features: 1000
0 Current Time = 09:38:56
10 Current Time = 10:53:00
20 Current Time = 12:03:19
30 Current Time = 13:09:55
40 Current Time = 14:13:17
50 Current Time = 15:19:27
60 Current Time = 16:26:20
70 Current Time = 17:35:05
