Running job number  156
Start  156
End  157
outcome: 131080-0.0
Number of features: 5
0 Current Time = 23:12:28
10 Current Time = 23:13:02
20 Current Time = 23:13:36
30 Current Time = 23:14:09
40 Current Time = 23:14:42
50 Current Time = 23:15:17
60 Current Time = 23:15:52
70 Current Time = 23:16:26
80 Current Time = 23:17:02
90 Current Time = 23:17:36
Number of features: 50
0 Current Time = 23:18:13
10 Current Time = 23:20:25
20 Current Time = 23:22:35
30 Current Time = 23:24:47
40 Current Time = 23:26:57
50 Current Time = 23:29:02
60 Current Time = 23:31:07
70 Current Time = 23:33:12
80 Current Time = 23:35:17
90 Current Time = 23:37:27
Number of features: 100
0 Current Time = 23:39:38
10 Current Time = 23:43:56
20 Current Time = 23:48:12
30 Current Time = 23:52:26
40 Current Time = 23:56:38
50 Current Time = 00:00:53
60 Current Time = 00:05:10
70 Current Time = 00:09:26
80 Current Time = 00:13:39
90 Current Time = 00:17:51
Number of features: 500
0 Current Time = 00:21:57
10 Current Time = 00:43:34
20 Current Time = 01:05:16
30 Current Time = 01:25:51
40 Current Time = 01:46:34
50 Current Time = 02:07:50
60 Current Time = 02:28:48
70 Current Time = 02:50:42
80 Current Time = 03:12:25
90 Current Time = 03:34:15
Number of features: 1000
0 Current Time = 03:54:25
10 Current Time = 04:38:21
