Running job number  121
Start  121
End  122
outcome: 130914-0.0
Number of features: 5
0 Current Time = 23:09:50
10 Current Time = 23:10:22
20 Current Time = 23:10:53
30 Current Time = 23:11:25
40 Current Time = 23:11:58
50 Current Time = 23:12:30
60 Current Time = 23:13:03
70 Current Time = 23:13:35
80 Current Time = 23:14:07
90 Current Time = 23:14:40
Number of features: 50
0 Current Time = 23:15:12
10 Current Time = 23:17:15
20 Current Time = 23:19:19
30 Current Time = 23:21:23
40 Current Time = 23:23:27
50 Current Time = 23:25:32
60 Current Time = 23:27:35
70 Current Time = 23:29:38
80 Current Time = 23:31:43
90 Current Time = 23:33:48
Number of features: 100
0 Current Time = 23:35:51
10 Current Time = 23:39:58
20 Current Time = 23:44:00
30 Current Time = 23:48:06
40 Current Time = 23:52:09
50 Current Time = 23:56:11
60 Current Time = 00:00:20
70 Current Time = 00:04:31
80 Current Time = 00:08:42
90 Current Time = 00:12:50
Number of features: 500
0 Current Time = 00:17:07
10 Current Time = 00:39:21
20 Current Time = 01:01:36
30 Current Time = 01:24:47
40 Current Time = 01:48:08
50 Current Time = 02:11:36
60 Current Time = 02:34:19
70 Current Time = 02:56:46
80 Current Time = 03:19:37
90 Current Time = 03:42:41
Number of features: 1000
0 Current Time = 04:05:49
10 Current Time = 04:53:21
