Running job number  90
Start  90
End  91
outcome: 130818-0.0
Number of features: 5
0 Current Time = 01:33:35
10 Current Time = 01:34:03
20 Current Time = 01:34:33
30 Current Time = 01:35:02
40 Current Time = 01:35:31
50 Current Time = 01:36:00
60 Current Time = 01:36:28
70 Current Time = 01:36:57
80 Current Time = 01:37:25
90 Current Time = 01:37:54
Number of features: 50
0 Current Time = 01:38:23
10 Current Time = 01:40:10
20 Current Time = 01:41:59
30 Current Time = 01:43:47
40 Current Time = 01:45:34
50 Current Time = 01:47:22
60 Current Time = 01:49:09
70 Current Time = 01:50:58
80 Current Time = 01:52:46
90 Current Time = 01:54:34
Number of features: 100
0 Current Time = 01:56:27
10 Current Time = 02:00:01
20 Current Time = 02:03:31
30 Current Time = 02:06:57
40 Current Time = 02:10:23
50 Current Time = 02:13:53
60 Current Time = 02:17:24
70 Current Time = 02:20:50
80 Current Time = 02:24:18
90 Current Time = 02:27:45
Number of features: 500
0 Current Time = 02:31:14
10 Current Time = 02:50:25
20 Current Time = 03:09:37
30 Current Time = 03:28:37
40 Current Time = 03:47:54
50 Current Time = 04:07:00
60 Current Time = 04:26:33
70 Current Time = 04:46:07
80 Current Time = 05:05:42
90 Current Time = 05:25:15
Number of features: 1000
0 Current Time = 05:44:46
10 Current Time = 06:25:35
20 Current Time = 07:06:25
30 Current Time = 07:47:19
40 Current Time = 08:28:09
50 Current Time = 09:08:48
60 Current Time = 09:49:13
70 Current Time = 10:29:42
80 Current Time = 11:10:21
90 Current Time = 11:50:54
Number of features: 2923
Analyses complete. Current Time = 12:38:23
Results saved. All done. Current Time = 12:38:24
