Running job number  54
Start  54
End  55
outcome: 130648-0.0
Number of features: 5
0 Current Time = 19:25:41
10 Current Time = 19:26:36
20 Current Time = 19:27:31
30 Current Time = 19:28:26
40 Current Time = 19:29:19
50 Current Time = 19:30:13
60 Current Time = 19:31:07
70 Current Time = 19:32:01
80 Current Time = 19:32:56
90 Current Time = 19:33:50
Number of features: 50
0 Current Time = 19:34:43
10 Current Time = 19:38:34
20 Current Time = 19:42:21
30 Current Time = 19:46:04
40 Current Time = 19:49:49
50 Current Time = 19:53:37
60 Current Time = 19:57:18
70 Current Time = 20:01:16
80 Current Time = 20:05:02
90 Current Time = 20:08:44
Number of features: 100
0 Current Time = 20:12:33
10 Current Time = 20:20:12
20 Current Time = 20:27:35
30 Current Time = 20:35:09
40 Current Time = 20:42:43
50 Current Time = 20:50:24
60 Current Time = 20:58:04
70 Current Time = 21:05:57
80 Current Time = 21:13:34
90 Current Time = 21:21:11
Number of features: 500
0 Current Time = 21:28:48
10 Current Time = 22:07:59
20 Current Time = 22:47:09
30 Current Time = 23:25:38
40 Current Time = 00:02:29
50 Current Time = 00:38:55
60 Current Time = 01:15:19
70 Current Time = 01:53:06
80 Current Time = 02:31:01
90 Current Time = 03:07:52
Number of features: 1000
0 Current Time = 03:46:16
10 Current Time = 05:10:14
20 Current Time = 06:33:56
30 Current Time = 07:53:01
40 Current Time = 09:10:09
50 Current Time = 10:28:10
