Running job number  226
Start  226
End  227
outcome: 131276-0.0
Number of features: 5
0 Current Time = 23:14:36
10 Current Time = 23:15:11
20 Current Time = 23:15:49
30 Current Time = 23:16:25
40 Current Time = 23:17:01
50 Current Time = 23:17:38
60 Current Time = 23:18:15
70 Current Time = 23:18:50
80 Current Time = 23:19:26
90 Current Time = 23:20:03
Number of features: 50
0 Current Time = 23:20:40
10 Current Time = 23:22:45
20 Current Time = 23:24:47
30 Current Time = 23:26:50
40 Current Time = 23:28:55
50 Current Time = 23:30:59
60 Current Time = 23:33:01
70 Current Time = 23:35:04
80 Current Time = 23:37:07
90 Current Time = 23:39:12
Number of features: 100
0 Current Time = 23:41:15
10 Current Time = 23:45:02
20 Current Time = 23:48:47
30 Current Time = 23:52:31
40 Current Time = 23:56:17
50 Current Time = 00:00:04
60 Current Time = 00:03:52
70 Current Time = 00:07:42
80 Current Time = 00:11:29
90 Current Time = 00:15:15
Number of features: 500
0 Current Time = 00:19:02
10 Current Time = 00:39:22
20 Current Time = 00:59:24
30 Current Time = 01:19:45
40 Current Time = 01:39:56
50 Current Time = 01:59:46
60 Current Time = 02:19:48
70 Current Time = 02:39:38
80 Current Time = 02:59:49
90 Current Time = 03:19:39
Number of features: 1000
0 Current Time = 03:38:31
10 Current Time = 04:21:34
20 Current Time = 05:08:04
