Running job number  198
Start  198
End  199
outcome: 131196-0.0
Number of features: 5
0 Current Time = 01:49:04
10 Current Time = 01:49:37
20 Current Time = 01:50:09
30 Current Time = 01:50:42
40 Current Time = 01:51:14
50 Current Time = 01:51:46
60 Current Time = 01:52:19
70 Current Time = 01:52:51
80 Current Time = 01:53:24
90 Current Time = 01:53:58
Number of features: 50
0 Current Time = 01:54:33
10 Current Time = 01:56:44
20 Current Time = 01:58:54
30 Current Time = 02:01:03
40 Current Time = 02:03:12
50 Current Time = 02:05:21
60 Current Time = 02:07:31
70 Current Time = 02:09:41
80 Current Time = 02:11:51
90 Current Time = 02:14:01
Number of features: 100
0 Current Time = 02:16:12
10 Current Time = 02:20:29
20 Current Time = 02:24:48
30 Current Time = 02:29:10
40 Current Time = 02:33:26
50 Current Time = 02:37:41
60 Current Time = 02:41:56
70 Current Time = 02:46:11
80 Current Time = 02:50:25
90 Current Time = 02:54:44
Number of features: 500
0 Current Time = 02:59:01
10 Current Time = 03:21:00
20 Current Time = 03:43:03
30 Current Time = 04:05:09
40 Current Time = 04:27:10
50 Current Time = 04:49:11
60 Current Time = 05:11:22
70 Current Time = 05:33:31
80 Current Time = 05:55:28
90 Current Time = 06:17:31
Number of features: 1000
0 Current Time = 06:39:29
10 Current Time = 07:25:33
20 Current Time = 08:11:19
30 Current Time = 08:57:12
40 Current Time = 09:43:06
50 Current Time = 10:28:51
60 Current Time = 11:14:38
70 Current Time = 12:00:44
80 Current Time = 12:46:10
90 Current Time = 13:32:06
Number of features: 2923
Analyses complete. Current Time = 14:32:00
Results saved. All done. Current Time = 14:32:00
