Running job number  116
Start  116
End  117
outcome: 130904-0.0
Number of features: 5
0 Current Time = 23:09:45
10 Current Time = 23:10:24
20 Current Time = 23:11:02
30 Current Time = 23:11:39
40 Current Time = 23:12:16
50 Current Time = 23:12:56
60 Current Time = 23:13:36
70 Current Time = 23:14:14
80 Current Time = 23:14:51
90 Current Time = 23:15:28
Number of features: 50
0 Current Time = 23:16:06
10 Current Time = 23:18:31
20 Current Time = 23:21:00
30 Current Time = 23:23:31
40 Current Time = 23:25:55
50 Current Time = 23:28:20
60 Current Time = 23:30:41
70 Current Time = 23:33:05
80 Current Time = 23:35:29
90 Current Time = 23:37:52
Number of features: 100
0 Current Time = 23:40:16
10 Current Time = 23:44:54
20 Current Time = 23:49:38
30 Current Time = 23:54:13
40 Current Time = 23:58:45
50 Current Time = 00:03:17
60 Current Time = 00:07:49
70 Current Time = 00:12:18
80 Current Time = 00:16:51
90 Current Time = 00:21:27
Number of features: 500
0 Current Time = 00:25:54
10 Current Time = 00:49:25
20 Current Time = 01:13:56
30 Current Time = 01:38:19
40 Current Time = 02:02:53
50 Current Time = 02:27:07
60 Current Time = 02:51:21
70 Current Time = 03:16:28
80 Current Time = 03:42:10
90 Current Time = 04:07:34
Number of features: 1000
0 Current Time = 04:32:00
