Running job number  207
Start  207
End  208
outcome: 131220-0.0
Number of features: 5
0 Current Time = 01:49:04
10 Current Time = 01:49:35
20 Current Time = 01:50:05
30 Current Time = 01:50:36
40 Current Time = 01:51:07
50 Current Time = 01:51:38
60 Current Time = 01:52:08
70 Current Time = 01:52:39
80 Current Time = 01:53:10
90 Current Time = 01:53:41
Number of features: 50
0 Current Time = 01:54:12
10 Current Time = 01:56:12
20 Current Time = 01:58:13
30 Current Time = 02:00:15
40 Current Time = 02:02:15
50 Current Time = 02:04:16
60 Current Time = 02:06:18
70 Current Time = 02:08:20
80 Current Time = 02:10:21
90 Current Time = 02:12:22
Number of features: 100
0 Current Time = 02:14:24
10 Current Time = 02:18:26
20 Current Time = 02:22:31
30 Current Time = 02:26:46
40 Current Time = 02:30:59
50 Current Time = 02:35:06
60 Current Time = 02:39:15
70 Current Time = 02:43:27
80 Current Time = 02:47:39
90 Current Time = 02:51:50
Number of features: 500
0 Current Time = 02:56:00
10 Current Time = 03:17:26
20 Current Time = 03:39:06
30 Current Time = 04:00:40
40 Current Time = 04:22:12
50 Current Time = 04:43:43
60 Current Time = 05:05:23
70 Current Time = 05:26:58
80 Current Time = 05:48:31
90 Current Time = 06:10:11
Number of features: 1000
0 Current Time = 06:31:47
10 Current Time = 07:16:19
20 Current Time = 08:01:10
30 Current Time = 08:46:00
40 Current Time = 09:30:53
50 Current Time = 10:15:33
60 Current Time = 11:00:24
70 Current Time = 11:45:20
80 Current Time = 12:30:08
90 Current Time = 13:15:00
Number of features: 2923
Analyses complete. Current Time = 14:13:21
Results saved. All done. Current Time = 14:13:21
