Running job number  214
Start  214
End  215
outcome: 131240-0.0
Number of features: 5
0 Current Time = 01:49:15
10 Current Time = 01:49:53
20 Current Time = 01:50:30
30 Current Time = 01:51:05
40 Current Time = 01:51:38
50 Current Time = 01:52:10
60 Current Time = 01:52:43
70 Current Time = 01:53:17
80 Current Time = 01:53:49
90 Current Time = 01:54:22
Number of features: 50
0 Current Time = 01:54:54
10 Current Time = 01:57:05
20 Current Time = 01:59:13
30 Current Time = 02:01:13
40 Current Time = 02:03:12
50 Current Time = 02:05:13
60 Current Time = 02:07:15
70 Current Time = 02:09:18
80 Current Time = 02:11:19
90 Current Time = 02:13:19
Number of features: 100
0 Current Time = 02:15:20
10 Current Time = 02:19:21
20 Current Time = 02:23:26
30 Current Time = 02:27:31
40 Current Time = 02:31:31
50 Current Time = 02:35:33
60 Current Time = 02:39:38
70 Current Time = 02:43:44
80 Current Time = 02:47:47
90 Current Time = 02:51:48
Number of features: 500
0 Current Time = 02:55:50
10 Current Time = 03:16:59
20 Current Time = 03:38:09
30 Current Time = 03:59:25
40 Current Time = 04:20:45
50 Current Time = 04:42:02
60 Current Time = 05:03:21
70 Current Time = 05:24:29
80 Current Time = 05:45:45
90 Current Time = 06:07:09
Number of features: 1000
0 Current Time = 06:28:38
10 Current Time = 07:19:31
20 Current Time = 08:14:34
30 Current Time = 09:12:51
40 Current Time = 10:07:14
50 Current Time = 11:04:05
60 Current Time = 12:03:55
70 Current Time = 13:00:01
80 Current Time = 13:45:37
90 Current Time = 14:30:30
Number of features: 2923
Analyses complete. Current Time = 15:30:20
Results saved. All done. Current Time = 15:30:21
