Running job number  66
Start  66
End  67
outcome: 130700-0.0
Number of features: 5
0 Current Time = 01:33:22
10 Current Time = 01:33:56
20 Current Time = 01:34:29
30 Current Time = 01:35:01
40 Current Time = 01:35:34
50 Current Time = 01:36:07
60 Current Time = 01:36:39
70 Current Time = 01:37:12
80 Current Time = 01:37:45
90 Current Time = 01:38:18
Number of features: 50
0 Current Time = 01:38:50
10 Current Time = 01:40:56
20 Current Time = 01:43:04
30 Current Time = 01:45:07
40 Current Time = 01:47:17
50 Current Time = 01:49:28
60 Current Time = 01:51:33
70 Current Time = 01:53:42
80 Current Time = 01:55:51
90 Current Time = 01:57:53
Number of features: 100
0 Current Time = 01:59:56
10 Current Time = 02:04:00
20 Current Time = 02:08:09
30 Current Time = 02:12:18
40 Current Time = 02:16:33
50 Current Time = 02:20:48
60 Current Time = 02:24:53
70 Current Time = 02:29:09
80 Current Time = 02:33:22
90 Current Time = 02:37:27
Number of features: 500
0 Current Time = 02:41:35
10 Current Time = 03:04:04
20 Current Time = 03:26:56
30 Current Time = 03:48:50
40 Current Time = 04:12:26
50 Current Time = 04:35:45
60 Current Time = 04:58:12
70 Current Time = 05:20:35
80 Current Time = 05:42:33
90 Current Time = 06:04:47
Number of features: 1000
0 Current Time = 06:26:56
10 Current Time = 07:15:41
20 Current Time = 08:06:53
30 Current Time = 08:58:23
40 Current Time = 09:51:23
50 Current Time = 10:43:42
60 Current Time = 11:35:59
70 Current Time = 12:28:04
80 Current Time = 13:19:40
90 Current Time = 14:12:10
Number of features: 2923
Analyses complete. Current Time = 15:19:58
Results saved. All done. Current Time = 15:19:59
